#
# A fatal error has been detected by the Java Runtime Environment:
#
#  EXCEPTION_ACCESS_VIOLATION (0xc0000005) at pc=0x00007ff9470862d7, pid=27440, tid=23128
#
# JRE version: OpenJDK Runtime Environment (18.0.2.1+1) (build 18.0.2.1+1-1)
# Java VM: OpenJDK 64-Bit Server VM (18.0.2.1+1-1, mixed mode, sharing, tiered, compressed oops, compressed class ptrs, g1 gc, windows-amd64)
# Problematic frame:
# C  [glass.dll+0x262d7]
#
# No core dump will be written. Minidumps are not enabled by default on client versions of Windows
#
# If you would like to submit a bug report, please visit:
#   https://bugreport.java.com/bugreport/crash.jsp
#

---------------  S U M M A R Y ------------

Command Line: -javaagent:C:\Program Files\JetBrains\IntelliJ IDEA Community Edition 2022.2.2\lib\idea_rt.jar=63558:C:\Program Files\JetBrains\IntelliJ IDEA Community Edition 2022.2.2\bin -Dfile.encoding=UTF-8 -Dsun.stdout.encoding=UTF-8 -Dsun.stderr.encoding=UTF-8 --module-path=C:\Users\mikza\.m2\repository\org\openjfx\javafx-graphics\18.0.1\javafx-graphics-18.0.1-win.jar;E:\Учёба\Основы Программирования\2 семестр\Курсовая\Kursovaya\target\classes;C:\Users\mikza\.m2\repository\org\openjfx\javafx-base\18.0.1\javafx-base-18.0.1-win.jar;C:\Users\mikza\.m2\repository\mysql\mysql-connector-java\8.0.25\mysql-connector-java-8.0.25.jar;C:\Users\mikza\.m2\repository\org\openjfx\javafx-fxml\18.0.1\javafx-fxml-18.0.1-win.jar;C:\Users\mikza\.m2\repository\org\openjfx\javafx-controls\18.0.1\javafx-controls-18.0.1-win.jar -Djdk.module.main=com.example.kursovaya com.example.kursovaya/com.example.kursovaya.main

Host: 11th Gen Intel(R) Core(TM) i5-11400H @ 2.70GHz, 12 cores, 31G,  Windows 11 , 64 bit Build 22621 (10.0.22621.1778)
Time: Sat Jul  1 18:53:51 2023 RTZ 2 (s 11 , 64 bit Build 22621 (10.0.22621.1778) elapsed time: 3095.905603 seconds (0d 0h 51m 35s)

---------------  T H R E A D  ---------------

Current thread (0x000001f0ff1967f0):  VMThread "VM Thread" [stack: 0x0000001610d00000,0x0000001610e00000] [id=23128]

Stack: [0x0000001610d00000,0x0000001610e00000],  sp=0x0000001610dff040,  free space=1020k
Native frames: (J=compiled Java code, j=interpreted, Vv=VM code, C=native code)
C  [glass.dll+0x262d7]


siginfo: EXCEPTION_ACCESS_VIOLATION (0xc0000005), reading address 0x0000000000000000


Register to memory mapping:

RIP=0x00007ff9470862d7 glass.dll
RAX=0x0 is NULL
RBX=0x000001f0ff31fa68 is a global jni handle
RCX=0x000001f0ff1967f0 points into unknown readable memory: 0x00007ff90b02ea28 | 28 ea 02 0b f9 7f 00 00
RDX=0x0000001610dff040 points into unknown readable memory: 0x0000000000000000 | 00 00 00 00 00 00 00 00
RSP=0x0000001610dff040 points into unknown readable memory: 0x0000000000000000 | 00 00 00 00 00 00 00 00
RBP=0x000001f08e97fe78 points into unknown readable memory: 0x000030d3b024a0c4 | c4 a0 24 b0 d3 30 00 00
RSI=0x0000001610dff148 points into unknown readable memory: 0x0000001610dff130 | 30 f1 df 10 16 00 00 00
RDI=0x000001f08e97fe50 points into unknown readable memory: 0x0007cf47c0a7cd04 | 04 cd a7 c0 47 cf 07 00
R8 =0x0000000000010002 is an unknown value
R9 =0x000001f08e97fe50 points into unknown readable memory: 0x0007cf47c0a7cd04 | 04 cd a7 c0 47 cf 07 00
R10=0x85f13e9656da4870 is an unknown value
R11=0x0000001610dfefd0 points into unknown readable memory: 0x000001f08e97fe50 | 50 fe 97 8e f0 01 00 00
R12=0x00007ff947083bc4 glass.dll
R13=0x00007ff90b1f0c00 jvm.dll
R14=0x000030d3b024a0c4 is an unknown value
R15=0x000001f08e97fe50 points into unknown readable memory: 0x0007cf47c0a7cd04 | 04 cd a7 c0 47 cf 07 00


Registers:
RAX=0x0000000000000000, RBX=0x000001f0ff31fa68, RCX=0x000001f0ff1967f0, RDX=0x0000001610dff040
RSP=0x0000001610dff040, RBP=0x000001f08e97fe78, RSI=0x0000001610dff148, RDI=0x000001f08e97fe50
R8 =0x0000000000010002, R9 =0x000001f08e97fe50, R10=0x85f13e9656da4870, R11=0x0000001610dfefd0
R12=0x00007ff947083bc4, R13=0x00007ff90b1f0c00, R14=0x000030d3b024a0c4, R15=0x000001f08e97fe50
RIP=0x00007ff9470862d7, EFLAGS=0x0000000000010202

Top of Stack: (sp=0x0000001610dff040)
0x0000001610dff040:   0000000000000000 0000001610dff148
0x0000001610dff050:   00007ff90b1f0c00 00007ff947083bc4
0x0000001610dff060:   000001f08e97fe58 00007ff97d283a83
0x0000001610dff070:   000001f08e97fe50 000001f000000000
0x0000001610dff080:   000001f08e97fe78 0000001610dff148
0x0000001610dff090:   fffffffffffffffe 0000000000000000
0x0000001610dff0a0:   0000000000000001 00007ff947060000
0x0000001610dff0b0:   0000001610dff138 00007ff97d25006e
0x0000001610dff0c0:   0000000000000000 0000001610dff148
0x0000001610dff0d0:   0000001610dff430 0000000000000001
0x0000001610dff0e0:   0000000000000001 00007ff97d24da1d
0x0000001610dff0f0:   0000000000000000 00007ff9470833bd
0x0000001610dff100:   0000000000000000 0000001610dff138
0x0000001610dff110:   fffffffffffffffe 0000000000000001
0x0000001610dff120:   0000000000000000 00007ff947083a51
0x0000001610dff130:   00007ff947099f88 00007ff900000002 

Instructions: (pc=0x00007ff9470862d7)
0x00007ff9470861d7:   8b 4d 58 e8 2d cf ff ff 48 8b 4d 60 e8 24 cf ff
0x00007ff9470861e7:   ff 48 8b 95 80 00 00 00 48 8b 8d 18 01 00 00 e8
0x00007ff9470861f7:   16 c4 ff ff 33 d2 33 c9 e8 5c e1 ff ff 90 48 89
0x00007ff947086207:   54 24 10 55 48 83 ec 20 48 8b ea 48 b8 00 00 00
0x00007ff947086217:   00 00 00 00 00 48 83 c4 20 5d c3 cc 40 55 48 8b
0x00007ff947086227:   ea 48 8b 01 33 c9 81 38 05 00 00 c0 0f 94 c1 8b
0x00007ff947086237:   c1 5d c3 cc 40 55 48 83 ec 20 48 8b ea 8a 4d 40
0x00007ff947086247:   48 83 c4 20 5d e9 17 d3 ff ff cc 40 55 48 83 ec
0x00007ff947086257:   20 48 8b ea 8a 4d 20 e8 05 d3 ff ff 90 48 83 c4
0x00007ff947086267:   20 5d c3 cc 40 55 48 83 ec 20 48 8b ea 48 83 c4
0x00007ff947086277:   20 5d e9 66 d1 ff ff cc 40 55 48 83 ec 30 48 8b
0x00007ff947086287:   ea 48 8b 01 8b 10 48 89 4c 24 28 89 54 24 20 4c
0x00007ff947086297:   8d 0d 07 d6 ff ff 4c 8b 45 70 8b 55 68 48 8b 4d
0x00007ff9470862a7:   60 e8 a7 d0 ff ff 90 48 83 c4 30 5d c3 cc cc cc
0x00007ff9470862b7:   cc cc cc cc cc cc cc cc cc 40 53 48 83 ec 20 48
0x00007ff9470862c7:   8b 1d bb 36 01 00 48 85 db 74 16 e8 59 8b ff ff
0x00007ff9470862d7:   4c 8b 00 48 8b d3 48 8b c8 41 ff 90 b0 00 00 00
0x00007ff9470862e7:   90 48 83 c4 20 5b c3 cc cc 40 53 48 83 ec 20 48
0x00007ff9470862f7:   8b 1d 2b 38 01 00 48 85 db 74 57 b8 ff ff ff ff
0x00007ff947086307:   f0 0f c1 43 10 83 f8 01 75 3d 48 85 db 74 38 48
0x00007ff947086317:   8b 0b 48 85 c9 74 0d ff 15 84 0f 00 00 48 c7 03
0x00007ff947086327:   00 00 00 00 48 8b 4b 08 48 85 c9 74 0d e8 d3 cd
0x00007ff947086337:   ff ff 48 c7 43 08 00 00 00 00 ba 18 00 00 00 48
0x00007ff947086347:   8b cb e8 be cd ff ff 48 c7 05 cf 37 01 00 00 00
0x00007ff947086357:   00 00 48 83 c4 20 5b c3 cc 40 53 48 83 ec 20 48
0x00007ff947086367:   8b 1d 9b 37 01 00 48 85 db 74 57 b8 ff ff ff ff
0x00007ff947086377:   f0 0f c1 43 10 83 f8 01 75 3d 48 85 db 74 38 48
0x00007ff947086387:   8b 0b 48 85 c9 74 0d ff 15 14 0f 00 00 48 c7 03
0x00007ff947086397:   00 00 00 00 48 8b 4b 08 48 85 c9 74 0d e8 63 cd
0x00007ff9470863a7:   ff ff 48 c7 43 08 00 00 00 00 ba 18 00 00 00 48
0x00007ff9470863b7:   8b cb e8 4e cd ff ff 48 c7 05 3f 37 01 00 00 00
0x00007ff9470863c7:   00 00 48 83 c4 20 5b c3 cc 40 53 48 83 ec 20 48 


Stack slot to memory mapping:
stack at sp + 0 slots: 0x0 is NULL
stack at sp + 1 slots: 0x0000001610dff148 points into unknown readable memory: 0x0000001610dff130 | 30 f1 df 10 16 00 00 00
stack at sp + 2 slots: 0x00007ff90b1f0c00 jvm.dll
stack at sp + 3 slots: 0x00007ff947083bc4 glass.dll
stack at sp + 4 slots: 0x000001f08e97fe58 points into unknown readable memory: 0x000030d3b024a0c4 | c4 a0 24 b0 d3 30 00 00
stack at sp + 5 slots: 0x00007ff97d283a83 ucrtbase.dll
stack at sp + 6 slots: 0x000001f08e97fe50 points into unknown readable memory: 0x0007cf47c0a7cd04 | 04 cd a7 c0 47 cf 07 00
stack at sp + 7 slots: 0x000001f000000000 is an unknown value

VM_Operation (0x00000016105fee00): Exit, mode: safepoint, requested by thread 0x000001f093cfa730


---------------  P R O C E S S  ---------------

Threads class SMR info:
_java_thread_list=0x000001f09440f870, length=21, elements={
0x000001f0dd3e0b20, 0x000001f0ff31d780, 0x000001f0ff31e120, 0x000001f0ff339ba0,
0x000001f0ff33a540, 0x000001f0ff33e3e0, 0x000001f0ff3430c0, 0x000001f0ff34cac0,
0x000001f08e118070, 0x000001f08e208ac0, 0x000001f08e30d200, 0x000001f08e30d6c0,
0x000001f08e8b5f70, 0x000001f08e98b080, 0x000001f08e98dd70, 0x000001f08ec1e4a0,
0x000001f08ec1f670, 0x000001f093cfba70, 0x000001f093cfcdb0, 0x000001f093cfd280,
0x000001f093cfa730
}

Java Threads: ( => current thread )
  0x000001f0dd3e0b20 JavaThread "main" [_thread_blocked, id=21336, stack(0x0000001610700000,0x0000001610800000)]
  0x000001f0ff31d780 JavaThread "Reference Handler" daemon [_thread_blocked, id=28736, stack(0x0000001610e00000,0x0000001610f00000)]
  0x000001f0ff31e120 JavaThread "Finalizer" daemon [_thread_blocked, id=3796, stack(0x0000001610f00000,0x0000001611000000)]
  0x000001f0ff339ba0 JavaThread "Attach Listener" daemon [_thread_blocked, id=16472, stack(0x0000001611100000,0x0000001611200000)]
  0x000001f0ff33a540 JavaThread "Service Thread" daemon [_thread_blocked, id=8276, stack(0x0000001611200000,0x0000001611300000)]
  0x000001f0ff33e3e0 JavaThread "Monitor Deflation Thread" daemon [_thread_blocked, id=29000, stack(0x0000001611300000,0x0000001611400000)]
  0x000001f0ff3430c0 JavaThread "C2 CompilerThread0" daemon [_thread_blocked, id=3536, stack(0x0000001611400000,0x0000001611500000)]
  0x000001f0ff34cac0 JavaThread "C1 CompilerThread0" daemon [_thread_blocked, id=29800, stack(0x0000001611500000,0x0000001611600000)]
  0x000001f08e118070 JavaThread "Sweeper thread" daemon [_thread_blocked, id=14584, stack(0x0000001611600000,0x0000001611700000)]
  0x000001f08e208ac0 JavaThread "Common-Cleaner" daemon [_thread_blocked, id=3948, stack(0x0000001611700000,0x0000001611800000)]
  0x000001f08e30d200 JavaThread "Monitor Ctrl-Break" daemon [_thread_in_native, id=28952, stack(0x0000001611a00000,0x0000001611b00000)]
  0x000001f08e30d6c0 JavaThread "Notification Thread" daemon [_thread_blocked, id=25684, stack(0x0000001611b00000,0x0000001611c00000)]
  0x000001f08e8b5f70 JavaThread "QuantumRenderer-0" daemon [_thread_blocked, id=11652, stack(0x0000001611d00000,0x0000001611e00000)]
  0x000001f08e98b080 JavaThread "InvokeLaterDispatcher" daemon [_thread_blocked, id=29072, stack(0x0000001611e00000,0x0000001611f00000)]
  0x000001f08e98dd70 JavaThread "JavaFX Application Thread" [_thread_in_native, id=28752, stack(0x0000001611f00000,0x0000001612000000)]
  0x000001f08ec1e4a0 JavaThread "JavaFX-Launcher" [_thread_blocked, id=27260, stack(0x0000001612300000,0x0000001612400000)]
  0x000001f08ec1f670 JavaThread "Thread-2" daemon [_thread_in_native, id=28824, stack(0x0000001612200000,0x0000001612300000)]
  0x000001f093cfba70 JavaThread "Prism Font Disposer" daemon [_thread_blocked, id=29632, stack(0x0000001611800000,0x0000001611900000)]
  0x000001f093cfcdb0 JavaThread "Cleaner-0" daemon [_thread_blocked, id=13872, stack(0x0000001613000000,0x0000001613100000)]
  0x000001f093cfd280 JavaThread "mysql-cj-abandoned-connection-cleanup" daemon [_thread_blocked, id=30316, stack(0x0000001613100000,0x0000001613200000)]
  0x000001f093cfa730 JavaThread "SIGINT handler" daemon [_thread_blocked, id=19808, stack(0x0000001610500000,0x0000001610600000)]

Other Threads:
=>0x000001f0ff1967f0 VMThread "VM Thread" [stack: 0x0000001610d00000,0x0000001610e00000] [id=23128]
  0x000001f0dd490450 WorkerThread "GC Thread#0" [stack: 0x0000001610800000,0x0000001610900000] [id=27332]
  0x000001f08eb2d900 WorkerThread "GC Thread#1" [stack: 0x0000001612400000,0x0000001612500000] [id=3192]
  0x000001f08eb2e380 WorkerThread "GC Thread#2" [stack: 0x0000001612500000,0x0000001612600000] [id=5856]
  0x000001f08eb2dba0 WorkerThread "GC Thread#3" [stack: 0x0000001612600000,0x0000001612700000] [id=5612]
  0x000001f08eb2de40 WorkerThread "GC Thread#4" [stack: 0x0000001612700000,0x0000001612800000] [id=24248]
  0x000001f08ec5bf90 WorkerThread "GC Thread#5" [stack: 0x0000001612800000,0x0000001612900000] [id=6040]
  0x000001f08ec5ba50 WorkerThread "GC Thread#6" [stack: 0x0000001612900000,0x0000001612a00000] [id=12440]
  0x000001f08ec5e1b0 WorkerThread "GC Thread#7" [stack: 0x0000001612a00000,0x0000001612b00000] [id=30500]
  0x000001f08ec5ca10 WorkerThread "GC Thread#8" [stack: 0x0000001612b00000,0x0000001612c00000] [id=30276]
  0x000001f08ec5e990 WorkerThread "GC Thread#9" [stack: 0x0000001612c00000,0x0000001612d00000] [id=1816]
  0x000001f0ff174020 ConcurrentGCThread "G1 Main Marker" terminated
  0x000001f0ff174a10 WorkerThread "G1 Conc#0" [stack: 0x0000001610a00000,0x0000001610b00000] [id=13644]
  0x000001f0ff1ced40 ConcurrentGCThread "G1 Refine#0" terminated
  0x000001f0943fa860 ConcurrentGCThread "G1 Refine#1" terminated
  0x000001f0ff1d0500 ConcurrentGCThread "G1 Service" terminated

Threads with active compile tasks:

VM state: at safepoint (shutting down)

VM Mutex/Monitor currently owned by a thread:  ([mutex/lock_event])
[0x000001f0dd3dcf50] Threads_lock - owner thread: 0x000001f0ff1967f0
[0x000001f0dd3dcfe0] Heap_lock - owner thread: 0x000001f093cfa730

Heap address: 0x0000000603400000, size: 8140 MB, Compressed Oops mode: Zero based, Oop shift amount: 3

CDS archive(s) mapped at: [0x0000000800000000-0x0000000800ba0000-0x0000000800ba0000), size 12189696, SharedBaseAddress: 0x0000000800000000, ArchiveRelocationMode: 0.
Compressed class space mapped at: 0x0000000800c00000-0x0000000840c00000, reserved size: 1073741824
Narrow klass base: 0x0000000800000000, Narrow klass shift: 0, Narrow klass range: 0x100000000

GC Precious Log:
 CardTable entry size: 512
 Card Set container configuration: InlinePtr #cards 4 size 8 Array Of Cards #cards 32 size 80 Howl #buckets 8 coarsen threshold 7372 Howl Bitmap #cards 1024 size 144 coarsen threshold 921 Card regions per heap region 1 cards per card region 8192
 CPUs: 12 total, 12 available
 Memory: 32547M
 Large Page Support: Disabled
 NUMA Support: Disabled
 Compressed Oops: Enabled (Zero based)
 Heap Region Size: 4M
 Heap Min Capacity: 8M
 Heap Initial Capacity: 512M
 Heap Max Capacity: 8140M
 Pre-touch: Disabled
 Parallel Workers: 10
 Concurrent Workers: 3
 Concurrent Refinement Workers: 10
 Periodic GC: Disabled

Heap:
 garbage-first heap   total 524288K, used 18292K [0x0000000603400000, 0x0000000800000000)
  region size 4096K, 5 young (20480K), 2 survivors (8192K)
 Metaspace       used 18491K, committed 18752K, reserved 1114112K
  class space    used 2453K, committed 2560K, reserved 1048576K

Heap Regions: E=young(eden), S=young(survivor), O=old, HS=humongous(starts), HC=humongous(continues), CS=collection set, F=free, OA=open archive, CA=closed archive, TAMS=top-at-mark-start (previous, next)
|   0|0x0000000603400000, 0x00000006035dd200, 0x0000000603800000| 46%| O|  |TAMS 0x0000000603400000, 0x0000000603400000| Untracked 
|   1|0x0000000603800000, 0x0000000603800000, 0x0000000603c00000|  0%| F|  |TAMS 0x0000000603800000, 0x0000000603800000| Untracked 
|   2|0x0000000603c00000, 0x0000000603c00000, 0x0000000604000000|  0%| F|  |TAMS 0x0000000603c00000, 0x0000000603c00000| Untracked 
|   3|0x0000000604000000, 0x0000000604000000, 0x0000000604400000|  0%| F|  |TAMS 0x0000000604000000, 0x0000000604000000| Untracked 
|   4|0x0000000604400000, 0x0000000604400000, 0x0000000604800000|  0%| F|  |TAMS 0x0000000604400000, 0x0000000604400000| Untracked 
|   5|0x0000000604800000, 0x0000000604800000, 0x0000000604c00000|  0%| F|  |TAMS 0x0000000604800000, 0x0000000604800000| Untracked 
|   6|0x0000000604c00000, 0x0000000604c00000, 0x0000000605000000|  0%| F|  |TAMS 0x0000000604c00000, 0x0000000604c00000| Untracked 
|   7|0x0000000605000000, 0x0000000605000000, 0x0000000605400000|  0%| F|  |TAMS 0x0000000605000000, 0x0000000605000000| Untracked 
|   8|0x0000000605400000, 0x0000000605400000, 0x0000000605800000|  0%| F|  |TAMS 0x0000000605400000, 0x0000000605400000| Untracked 
|   9|0x0000000605800000, 0x0000000605800000, 0x0000000605c00000|  0%| F|  |TAMS 0x0000000605800000, 0x0000000605800000| Untracked 
|  10|0x0000000605c00000, 0x0000000605c00000, 0x0000000606000000|  0%| F|  |TAMS 0x0000000605c00000, 0x0000000605c00000| Untracked 
|  11|0x0000000606000000, 0x0000000606000000, 0x0000000606400000|  0%| F|  |TAMS 0x0000000606000000, 0x0000000606000000| Untracked 
|  12|0x0000000606400000, 0x0000000606400000, 0x0000000606800000|  0%| F|  |TAMS 0x0000000606400000, 0x0000000606400000| Untracked 
|  13|0x0000000606800000, 0x0000000606800000, 0x0000000606c00000|  0%| F|  |TAMS 0x0000000606800000, 0x0000000606800000| Untracked 
|  14|0x0000000606c00000, 0x0000000606c00000, 0x0000000607000000|  0%| F|  |TAMS 0x0000000606c00000, 0x0000000606c00000| Untracked 
|  15|0x0000000607000000, 0x0000000607000000, 0x0000000607400000|  0%| F|  |TAMS 0x0000000607000000, 0x0000000607000000| Untracked 
|  16|0x0000000607400000, 0x0000000607400000, 0x0000000607800000|  0%| F|  |TAMS 0x0000000607400000, 0x0000000607400000| Untracked 
|  17|0x0000000607800000, 0x0000000607800000, 0x0000000607c00000|  0%| F|  |TAMS 0x0000000607800000, 0x0000000607800000| Untracked 
|  18|0x0000000607c00000, 0x0000000607c00000, 0x0000000608000000|  0%| F|  |TAMS 0x0000000607c00000, 0x0000000607c00000| Untracked 
|  19|0x0000000608000000, 0x0000000608000000, 0x0000000608400000|  0%| F|  |TAMS 0x0000000608000000, 0x0000000608000000| Untracked 
|  20|0x0000000608400000, 0x0000000608400000, 0x0000000608800000|  0%| F|  |TAMS 0x0000000608400000, 0x0000000608400000| Untracked 
|  21|0x0000000608800000, 0x0000000608800000, 0x0000000608c00000|  0%| F|  |TAMS 0x0000000608800000, 0x0000000608800000| Untracked 
|  22|0x0000000608c00000, 0x0000000608c00000, 0x0000000609000000|  0%| F|  |TAMS 0x0000000608c00000, 0x0000000608c00000| Untracked 
|  23|0x0000000609000000, 0x0000000609000000, 0x0000000609400000|  0%| F|  |TAMS 0x0000000609000000, 0x0000000609000000| Untracked 
|  24|0x0000000609400000, 0x0000000609400000, 0x0000000609800000|  0%| F|  |TAMS 0x0000000609400000, 0x0000000609400000| Untracked 
|  25|0x0000000609800000, 0x0000000609800000, 0x0000000609c00000|  0%| F|  |TAMS 0x0000000609800000, 0x0000000609800000| Untracked 
|  26|0x0000000609c00000, 0x0000000609c00000, 0x000000060a000000|  0%| F|  |TAMS 0x0000000609c00000, 0x0000000609c00000| Untracked 
|  27|0x000000060a000000, 0x000000060a000000, 0x000000060a400000|  0%| F|  |TAMS 0x000000060a000000, 0x000000060a000000| Untracked 
|  28|0x000000060a400000, 0x000000060a400000, 0x000000060a800000|  0%| F|  |TAMS 0x000000060a400000, 0x000000060a400000| Untracked 
|  29|0x000000060a800000, 0x000000060a800000, 0x000000060ac00000|  0%| F|  |TAMS 0x000000060a800000, 0x000000060a800000| Untracked 
|  30|0x000000060ac00000, 0x000000060ac00000, 0x000000060b000000|  0%| F|  |TAMS 0x000000060ac00000, 0x000000060ac00000| Untracked 
|  31|0x000000060b000000, 0x000000060b000000, 0x000000060b400000|  0%| F|  |TAMS 0x000000060b000000, 0x000000060b000000| Untracked 
|  32|0x000000060b400000, 0x000000060b400000, 0x000000060b800000|  0%| F|  |TAMS 0x000000060b400000, 0x000000060b400000| Untracked 
|  33|0x000000060b800000, 0x000000060b800000, 0x000000060bc00000|  0%| F|  |TAMS 0x000000060b800000, 0x000000060b800000| Untracked 
|  34|0x000000060bc00000, 0x000000060bc00000, 0x000000060c000000|  0%| F|  |TAMS 0x000000060bc00000, 0x000000060bc00000| Untracked 
|  35|0x000000060c000000, 0x000000060c000000, 0x000000060c400000|  0%| F|  |TAMS 0x000000060c000000, 0x000000060c000000| Untracked 
|  36|0x000000060c400000, 0x000000060c400000, 0x000000060c800000|  0%| F|  |TAMS 0x000000060c400000, 0x000000060c400000| Untracked 
|  37|0x000000060c800000, 0x000000060c800000, 0x000000060cc00000|  0%| F|  |TAMS 0x000000060c800000, 0x000000060c800000| Untracked 
|  38|0x000000060cc00000, 0x000000060cc00000, 0x000000060d000000|  0%| F|  |TAMS 0x000000060cc00000, 0x000000060cc00000| Untracked 
|  39|0x000000060d000000, 0x000000060d000000, 0x000000060d400000|  0%| F|  |TAMS 0x000000060d000000, 0x000000060d000000| Untracked 
|  40|0x000000060d400000, 0x000000060d400000, 0x000000060d800000|  0%| F|  |TAMS 0x000000060d400000, 0x000000060d400000| Untracked 
|  41|0x000000060d800000, 0x000000060d800000, 0x000000060dc00000|  0%| F|  |TAMS 0x000000060d800000, 0x000000060d800000| Untracked 
|  42|0x000000060dc00000, 0x000000060dc00000, 0x000000060e000000|  0%| F|  |TAMS 0x000000060dc00000, 0x000000060dc00000| Untracked 
|  43|0x000000060e000000, 0x000000060e000000, 0x000000060e400000|  0%| F|  |TAMS 0x000000060e000000, 0x000000060e000000| Untracked 
|  44|0x000000060e400000, 0x000000060e400000, 0x000000060e800000|  0%| F|  |TAMS 0x000000060e400000, 0x000000060e400000| Untracked 
|  45|0x000000060e800000, 0x000000060e800000, 0x000000060ec00000|  0%| F|  |TAMS 0x000000060e800000, 0x000000060e800000| Untracked 
|  46|0x000000060ec00000, 0x000000060ec00000, 0x000000060f000000|  0%| F|  |TAMS 0x000000060ec00000, 0x000000060ec00000| Untracked 
|  47|0x000000060f000000, 0x000000060f000000, 0x000000060f400000|  0%| F|  |TAMS 0x000000060f000000, 0x000000060f000000| Untracked 
|  48|0x000000060f400000, 0x000000060f400000, 0x000000060f800000|  0%| F|  |TAMS 0x000000060f400000, 0x000000060f400000| Untracked 
|  49|0x000000060f800000, 0x000000060f800000, 0x000000060fc00000|  0%| F|  |TAMS 0x000000060f800000, 0x000000060f800000| Untracked 
|  50|0x000000060fc00000, 0x000000060fc00000, 0x0000000610000000|  0%| F|  |TAMS 0x000000060fc00000, 0x000000060fc00000| Untracked 
|  51|0x0000000610000000, 0x0000000610000000, 0x0000000610400000|  0%| F|  |TAMS 0x0000000610000000, 0x0000000610000000| Untracked 
|  52|0x0000000610400000, 0x0000000610400000, 0x0000000610800000|  0%| F|  |TAMS 0x0000000610400000, 0x0000000610400000| Untracked 
|  53|0x0000000610800000, 0x0000000610800000, 0x0000000610c00000|  0%| F|  |TAMS 0x0000000610800000, 0x0000000610800000| Untracked 
|  54|0x0000000610c00000, 0x0000000610c00000, 0x0000000611000000|  0%| F|  |TAMS 0x0000000610c00000, 0x0000000610c00000| Untracked 
|  55|0x0000000611000000, 0x0000000611000000, 0x0000000611400000|  0%| F|  |TAMS 0x0000000611000000, 0x0000000611000000| Untracked 
|  56|0x0000000611400000, 0x0000000611400000, 0x0000000611800000|  0%| F|  |TAMS 0x0000000611400000, 0x0000000611400000| Untracked 
|  57|0x0000000611800000, 0x0000000611800000, 0x0000000611c00000|  0%| F|  |TAMS 0x0000000611800000, 0x0000000611800000| Untracked 
|  58|0x0000000611c00000, 0x0000000611c00000, 0x0000000612000000|  0%| F|  |TAMS 0x0000000611c00000, 0x0000000611c00000| Untracked 
|  59|0x0000000612000000, 0x0000000612000000, 0x0000000612400000|  0%| F|  |TAMS 0x0000000612000000, 0x0000000612000000| Untracked 
|  60|0x0000000612400000, 0x0000000612400000, 0x0000000612800000|  0%| F|  |TAMS 0x0000000612400000, 0x0000000612400000| Untracked 
|  61|0x0000000612800000, 0x0000000612800000, 0x0000000612c00000|  0%| F|  |TAMS 0x0000000612800000, 0x0000000612800000| Untracked 
|  62|0x0000000612c00000, 0x0000000612c00000, 0x0000000613000000|  0%| F|  |TAMS 0x0000000612c00000, 0x0000000612c00000| Untracked 
|  63|0x0000000613000000, 0x0000000613000000, 0x0000000613400000|  0%| F|  |TAMS 0x0000000613000000, 0x0000000613000000| Untracked 
|  64|0x0000000613400000, 0x0000000613400000, 0x0000000613800000|  0%| F|  |TAMS 0x0000000613400000, 0x0000000613400000| Untracked 
|  65|0x0000000613800000, 0x0000000613800000, 0x0000000613c00000|  0%| F|  |TAMS 0x0000000613800000, 0x0000000613800000| Untracked 
|  66|0x0000000613c00000, 0x0000000613c00000, 0x0000000614000000|  0%| F|  |TAMS 0x0000000613c00000, 0x0000000613c00000| Untracked 
|  67|0x0000000614000000, 0x0000000614000000, 0x0000000614400000|  0%| F|  |TAMS 0x0000000614000000, 0x0000000614000000| Untracked 
|  68|0x0000000614400000, 0x0000000614400000, 0x0000000614800000|  0%| F|  |TAMS 0x0000000614400000, 0x0000000614400000| Untracked 
|  69|0x0000000614800000, 0x0000000614800000, 0x0000000614c00000|  0%| F|  |TAMS 0x0000000614800000, 0x0000000614800000| Untracked 
|  70|0x0000000614c00000, 0x0000000614c00000, 0x0000000615000000|  0%| F|  |TAMS 0x0000000614c00000, 0x0000000614c00000| Untracked 
|  71|0x0000000615000000, 0x0000000615000000, 0x0000000615400000|  0%| F|  |TAMS 0x0000000615000000, 0x0000000615000000| Untracked 
|  72|0x0000000615400000, 0x0000000615400000, 0x0000000615800000|  0%| F|  |TAMS 0x0000000615400000, 0x0000000615400000| Untracked 
|  73|0x0000000615800000, 0x0000000615800000, 0x0000000615c00000|  0%| F|  |TAMS 0x0000000615800000, 0x0000000615800000| Untracked 
|  74|0x0000000615c00000, 0x0000000615c00000, 0x0000000616000000|  0%| F|  |TAMS 0x0000000615c00000, 0x0000000615c00000| Untracked 
|  75|0x0000000616000000, 0x0000000616000000, 0x0000000616400000|  0%| F|  |TAMS 0x0000000616000000, 0x0000000616000000| Untracked 
|  76|0x0000000616400000, 0x0000000616400000, 0x0000000616800000|  0%| F|  |TAMS 0x0000000616400000, 0x0000000616400000| Untracked 
|  77|0x0000000616800000, 0x0000000616800000, 0x0000000616c00000|  0%| F|  |TAMS 0x0000000616800000, 0x0000000616800000| Untracked 
|  78|0x0000000616c00000, 0x0000000616c00000, 0x0000000617000000|  0%| F|  |TAMS 0x0000000616c00000, 0x0000000616c00000| Untracked 
|  79|0x0000000617000000, 0x0000000617000000, 0x0000000617400000|  0%| F|  |TAMS 0x0000000617000000, 0x0000000617000000| Untracked 
|  80|0x0000000617400000, 0x0000000617400000, 0x0000000617800000|  0%| F|  |TAMS 0x0000000617400000, 0x0000000617400000| Untracked 
|  81|0x0000000617800000, 0x0000000617800000, 0x0000000617c00000|  0%| F|  |TAMS 0x0000000617800000, 0x0000000617800000| Untracked 
|  82|0x0000000617c00000, 0x0000000617c00000, 0x0000000618000000|  0%| F|  |TAMS 0x0000000617c00000, 0x0000000617c00000| Untracked 
|  83|0x0000000618000000, 0x0000000618000000, 0x0000000618400000|  0%| F|  |TAMS 0x0000000618000000, 0x0000000618000000| Untracked 
|  84|0x0000000618400000, 0x0000000618400000, 0x0000000618800000|  0%| F|  |TAMS 0x0000000618400000, 0x0000000618400000| Untracked 
|  85|0x0000000618800000, 0x0000000618800000, 0x0000000618c00000|  0%| F|  |TAMS 0x0000000618800000, 0x0000000618800000| Untracked 
|  86|0x0000000618c00000, 0x0000000618c00000, 0x0000000619000000|  0%| F|  |TAMS 0x0000000618c00000, 0x0000000618c00000| Untracked 
|  87|0x0000000619000000, 0x0000000619000000, 0x0000000619400000|  0%| F|  |TAMS 0x0000000619000000, 0x0000000619000000| Untracked 
|  88|0x0000000619400000, 0x0000000619400000, 0x0000000619800000|  0%| F|  |TAMS 0x0000000619400000, 0x0000000619400000| Untracked 
|  89|0x0000000619800000, 0x0000000619800000, 0x0000000619c00000|  0%| F|  |TAMS 0x0000000619800000, 0x0000000619800000| Untracked 
|  90|0x0000000619c00000, 0x0000000619c00000, 0x000000061a000000|  0%| F|  |TAMS 0x0000000619c00000, 0x0000000619c00000| Untracked 
|  91|0x000000061a000000, 0x000000061a000000, 0x000000061a400000|  0%| F|  |TAMS 0x000000061a000000, 0x000000061a000000| Untracked 
|  92|0x000000061a400000, 0x000000061a400000, 0x000000061a800000|  0%| F|  |TAMS 0x000000061a400000, 0x000000061a400000| Untracked 
|  93|0x000000061a800000, 0x000000061a800000, 0x000000061ac00000|  0%| F|  |TAMS 0x000000061a800000, 0x000000061a800000| Untracked 
|  94|0x000000061ac00000, 0x000000061ac00000, 0x000000061b000000|  0%| F|  |TAMS 0x000000061ac00000, 0x000000061ac00000| Untracked 
|  95|0x000000061b000000, 0x000000061b000000, 0x000000061b400000|  0%| F|  |TAMS 0x000000061b000000, 0x000000061b000000| Untracked 
|  96|0x000000061b400000, 0x000000061b400000, 0x000000061b800000|  0%| F|  |TAMS 0x000000061b400000, 0x000000061b400000| Untracked 
|  97|0x000000061b800000, 0x000000061b800000, 0x000000061bc00000|  0%| F|  |TAMS 0x000000061b800000, 0x000000061b800000| Untracked 
|  98|0x000000061bc00000, 0x000000061bc00000, 0x000000061c000000|  0%| F|  |TAMS 0x000000061bc00000, 0x000000061bc00000| Untracked 
|  99|0x000000061c000000, 0x000000061c000000, 0x000000061c400000|  0%| F|  |TAMS 0x000000061c000000, 0x000000061c000000| Untracked 
| 100|0x000000061c400000, 0x000000061c400000, 0x000000061c800000|  0%| F|  |TAMS 0x000000061c400000, 0x000000061c400000| Untracked 
| 101|0x000000061c800000, 0x000000061c800000, 0x000000061cc00000|  0%| F|  |TAMS 0x000000061c800000, 0x000000061c800000| Untracked 
| 102|0x000000061cc00000, 0x000000061cc00000, 0x000000061d000000|  0%| F|  |TAMS 0x000000061cc00000, 0x000000061cc00000| Untracked 
| 103|0x000000061d000000, 0x000000061d000000, 0x000000061d400000|  0%| F|  |TAMS 0x000000061d000000, 0x000000061d000000| Untracked 
| 104|0x000000061d400000, 0x000000061d400000, 0x000000061d800000|  0%| F|  |TAMS 0x000000061d400000, 0x000000061d400000| Untracked 
| 105|0x000000061d800000, 0x000000061d800000, 0x000000061dc00000|  0%| F|  |TAMS 0x000000061d800000, 0x000000061d800000| Untracked 
| 106|0x000000061dc00000, 0x000000061dc00000, 0x000000061e000000|  0%| F|  |TAMS 0x000000061dc00000, 0x000000061dc00000| Untracked 
| 107|0x000000061e000000, 0x000000061e000000, 0x000000061e400000|  0%| F|  |TAMS 0x000000061e000000, 0x000000061e000000| Untracked 
| 108|0x000000061e400000, 0x000000061e400000, 0x000000061e800000|  0%| F|  |TAMS 0x000000061e400000, 0x000000061e400000| Untracked 
| 109|0x000000061e800000, 0x000000061e800000, 0x000000061ec00000|  0%| F|  |TAMS 0x000000061e800000, 0x000000061e800000| Untracked 
| 110|0x000000061ec00000, 0x000000061ec00000, 0x000000061f000000|  0%| F|  |TAMS 0x000000061ec00000, 0x000000061ec00000| Untracked 
| 111|0x000000061f000000, 0x000000061f000000, 0x000000061f400000|  0%| F|  |TAMS 0x000000061f000000, 0x000000061f000000| Untracked 
| 112|0x000000061f400000, 0x000000061f400000, 0x000000061f800000|  0%| F|  |TAMS 0x000000061f400000, 0x000000061f400000| Untracked 
| 113|0x000000061f800000, 0x000000061f800000, 0x000000061fc00000|  0%| F|  |TAMS 0x000000061f800000, 0x000000061f800000| Untracked 
| 114|0x000000061fc00000, 0x000000061fc00000, 0x0000000620000000|  0%| F|  |TAMS 0x000000061fc00000, 0x000000061fc00000| Untracked 
| 115|0x0000000620000000, 0x0000000620400000, 0x0000000620400000|100%| S|CS|TAMS 0x0000000620000000, 0x0000000620000000| Complete 
| 116|0x0000000620400000, 0x0000000620800000, 0x0000000620800000|100%| S|CS|TAMS 0x0000000620400000, 0x0000000620400000| Complete 
| 117|0x0000000620800000, 0x0000000620800000, 0x0000000620c00000|  0%| F|  |TAMS 0x0000000620800000, 0x0000000620800000| Untracked 
| 118|0x0000000620c00000, 0x0000000620c00000, 0x0000000621000000|  0%| F|  |TAMS 0x0000000620c00000, 0x0000000620c00000| Untracked 
| 119|0x0000000621000000, 0x0000000621000000, 0x0000000621400000|  0%| F|  |TAMS 0x0000000621000000, 0x0000000621000000| Untracked 
| 120|0x0000000621400000, 0x0000000621400000, 0x0000000621800000|  0%| F|  |TAMS 0x0000000621400000, 0x0000000621400000| Untracked 
| 121|0x0000000621800000, 0x0000000621800000, 0x0000000621c00000|  0%| F|  |TAMS 0x0000000621800000, 0x0000000621800000| Untracked 
| 122|0x0000000621c00000, 0x0000000621c00000, 0x0000000622000000|  0%| F|  |TAMS 0x0000000621c00000, 0x0000000621c00000| Untracked 
| 123|0x0000000622000000, 0x0000000622000000, 0x0000000622400000|  0%| F|  |TAMS 0x0000000622000000, 0x0000000622000000| Untracked 
| 124|0x0000000622400000, 0x0000000622400000, 0x0000000622800000|  0%| F|  |TAMS 0x0000000622400000, 0x0000000622400000| Untracked 
| 125|0x0000000622800000, 0x0000000622a92f10, 0x0000000622c00000| 64%| E|  |TAMS 0x0000000622800000, 0x0000000622800000| Complete 
| 126|0x0000000622c00000, 0x0000000623000000, 0x0000000623000000|100%| E|CS|TAMS 0x0000000622c00000, 0x0000000622c00000| Complete 
| 127|0x0000000623000000, 0x0000000623400000, 0x0000000623400000|100%| E|CS|TAMS 0x0000000623000000, 0x0000000623000000| Complete 

Card table byte_map: [0x000001f0f5260000,0x000001f0f6250000] _byte_map_base: 0x000001f0f2246000

Marking Bits (Prev, Next): (CMBitMap*) 0x000001f0dd490a50, (CMBitMap*) 0x000001f0dd490a90
 Prev Bits: [0x000001f0f7240000, 0x000001f0ff170000)
 Next Bits: [0x000001f080000000, 0x000001f087f30000)

Polling page: 0x000001f0db390000

Metaspace:

Usage:
  Non-class:     15.66 MB used.
      Class:      2.40 MB used.
       Both:     18.06 MB used.

Virtual space:
  Non-class space:       64.00 MB reserved,      15.81 MB ( 25%) committed,  1 nodes.
      Class space:        1.00 GB reserved,       2.50 MB ( <1%) committed,  1 nodes.
             Both:        1.06 GB reserved,      18.31 MB (  2%) committed. 

Chunk freelists:
   Non-Class:  3.97 MB
       Class:  1.50 MB
        Both:  5.47 MB

MaxMetaspaceSize: unlimited
CompressedClassSpaceSize: 1.00 GB
Initial GC threshold: 21.00 MB
Current GC threshold: 21.00 MB
CDS: on
MetaspaceReclaimPolicy: balanced
 - commit_granule_bytes: 65536.
 - commit_granule_words: 8192.
 - virtual_space_node_default_size: 8388608.
 - enlarge_chunks_in_place: 1.
 - new_chunks_are_fully_committed: 0.
 - uncommit_free_chunks: 1.
 - use_allocation_guard: 0.


Internal statistics:

num_allocs_failed_limit: 0.
num_arena_births: 316.
num_arena_deaths: 0.
num_vsnodes_births: 2.
num_vsnodes_deaths: 0.
num_space_committed: 293.
num_space_uncommitted: 0.
num_chunks_returned_to_freelist: 0.
num_chunks_taken_from_freelist: 874.
num_chunk_merges: 0.
num_chunk_splits: 616.
num_chunks_enlarged: 486.
num_inconsistent_stats: 0.

CodeHeap 'non-profiled nmethods': size=120000Kb used=1094Kb max_used=1094Kb free=118905Kb
 bounds [0x000001f0ec7e0000, 0x000001f0eca50000, 0x000001f0f3d10000]
CodeHeap 'profiled nmethods': size=120000Kb used=5374Kb max_used=5374Kb free=114625Kb
 bounds [0x000001f0e52b0000, 0x000001f0e57f0000, 0x000001f0ec7e0000]
CodeHeap 'non-nmethods': size=5760Kb used=1475Kb max_used=1493Kb free=4284Kb
 bounds [0x000001f0e4d10000, 0x000001f0e4f80000, 0x000001f0e52b0000]
 total_blobs=3745 nmethods=2920 adapters=737
 compilation: enabled
              stopped_count=0, restarted_count=0
 full_count=0

Compilation events (20 events):
Event: 381.832 Thread 0x000001f0ff34cac0 2911   !   3       jdk.internal.loader.BuiltinClassLoader::findResource (154 bytes)
Event: 381.833 Thread 0x000001f0ff34cac0 nmethod 2911 0x000001f0e57e9590 code [0x000001f0e57e9900, 0x000001f0e57eade8]
Event: 381.833 Thread 0x000001f0ff34cac0 2912       3       jdk.internal.loader.BuiltinClassLoader::findResourceOnClassPath (41 bytes)
Event: 381.833 Thread 0x000001f0ff34cac0 nmethod 2912 0x000001f0e57eb610 code [0x000001f0e57eb7e0, 0x000001f0e57ebbe8]
Event: 597.205 Thread 0x000001f0ff34cac0 2913       3       java.lang.ClassLoader::getResource (41 bytes)
Event: 597.206 Thread 0x000001f0ff34cac0 nmethod 2913 0x000001f0e57ebd10 code [0x000001f0e57ebf00, 0x000001f0e57ec518]
Event: 597.206 Thread 0x000001f0ff34cac0 2914   !   3       jdk.internal.loader.BuiltinClassLoader::findMiscResource (122 bytes)
Event: 597.206 Thread 0x000001f0ff34cac0 nmethod 2914 0x000001f0e57ec710 code [0x000001f0e57ec9c0, 0x000001f0e57edc08]
Event: 1022.888 Thread 0x000001f0ff34cac0 2915       3       jdk.internal.loader.URLClassPath::findResource (38 bytes)
Event: 1022.889 Thread 0x000001f0ff34cac0 nmethod 2915 0x000001f0e57ee090 code [0x000001f0e57ee260, 0x000001f0e57ee5b8]
Event: 1188.141 Thread 0x000001f0ff34cac0 2916       3       java.lang.Thread::getContextClassLoader (32 bytes)
Event: 1188.141 Thread 0x000001f0ff34cac0 nmethod 2916 0x000001f0e57ee710 code [0x000001f0e57ee8c0, 0x000001f0e57eeb38]
Event: 1283.313 Thread 0x000001f0ff34cac0 2917   !   3       com.mysql.cj.jdbc.AbandonedConnectionCleanupThread::checkThreadContextClassLoader (20 bytes)
Event: 1283.314 Thread 0x000001f0ff34cac0 nmethod 2917 0x000001f0e57eec10 code [0x000001f0e57eee20, 0x000001f0e57ef5f8]
Event: 2355.077 Thread 0x000001f0ff3430c0 2918       4       java.util.zip.ZipCoder::hash (36 bytes)
Event: 2355.080 Thread 0x000001f0ff3430c0 nmethod 2918 0x000001f0ec8ee690 code [0x000001f0ec8ee820, 0x000001f0ec8eeb58]
Event: 2570.371 Thread 0x000001f0ff3430c0 2919   !   4       java.util.zip.ZipFile::getEntry (59 bytes)
Event: 2570.384 Thread 0x000001f0ff3430c0 nmethod 2919 0x000001f0ec8eee10 code [0x000001f0ec8ef000, 0x000001f0ec8f01c8]
Event: 2585.387 Thread 0x000001f0ff3430c0 2920       4       java.util.jar.JarFile::getEntry (35 bytes)
Event: 2585.390 Thread 0x000001f0ff3430c0 nmethod 2920 0x000001f0ec8f0e90 code [0x000001f0ec8f1060, 0x000001f0ec8f1660]

GC Heap History (4 events):
Event: 0.491 GC heap before
{Heap before GC invocations=0 (full 0):
 garbage-first heap   total 524288K, used 24576K [0x0000000603400000, 0x0000000800000000)
  region size 4096K, 6 young (24576K), 0 survivors (0K)
 Metaspace       used 5738K, committed 5952K, reserved 1114112K
  class space    used 655K, committed 768K, reserved 1048576K
}
Event: 0.496 GC heap after
{Heap after GC invocations=1 (full 0):
 garbage-first heap   total 524288K, used 3260K [0x0000000603400000, 0x0000000800000000)
  region size 4096K, 1 young (4096K), 1 survivors (4096K)
 Metaspace       used 5738K, committed 5952K, reserved 1114112K
  class space    used 655K, committed 768K, reserved 1048576K
}
Event: 6.219 GC heap before
{Heap before GC invocations=1 (full 0):
 garbage-first heap   total 524288K, used 44220K [0x0000000603400000, 0x0000000800000000)
  region size 4096K, 11 young (45056K), 1 survivors (4096K)
 Metaspace       used 15661K, committed 16000K, reserved 1114112K
  class space    used 2162K, committed 2304K, reserved 1048576K
}
Event: 6.224 GC heap after
{Heap after GC invocations=2 (full 0):
 garbage-first heap   total 524288K, used 10100K [0x0000000603400000, 0x0000000800000000)
  region size 4096K, 2 young (8192K), 2 survivors (8192K)
 Metaspace       used 15661K, committed 16000K, reserved 1114112K
  class space    used 2162K, committed 2304K, reserved 1048576K
}

Deoptimization events (20 events):
Event: 6.235 Thread 0x000001f08e98dd70 DEOPT PACKING pc=0x000001f0e5501956 sp=0x0000001611ff7950
Event: 6.235 Thread 0x000001f08e98dd70 DEOPT UNPACKING pc=0x000001f0e4d66763 sp=0x0000001611ff6df0 mode 0
Event: 6.236 Thread 0x000001f08e98dd70 DEOPT PACKING pc=0x000001f0e5501956 sp=0x0000001611ff7950
Event: 6.236 Thread 0x000001f08e98dd70 DEOPT UNPACKING pc=0x000001f0e4d66763 sp=0x0000001611ff6df0 mode 0
Event: 6.236 Thread 0x000001f08e98dd70 DEOPT PACKING pc=0x000001f0e5501956 sp=0x0000001611ff7950
Event: 6.236 Thread 0x000001f08e98dd70 DEOPT UNPACKING pc=0x000001f0e4d66763 sp=0x0000001611ff6df0 mode 0
Event: 6.236 Thread 0x000001f08e98dd70 DEOPT PACKING pc=0x000001f0e5501956 sp=0x0000001611ff7950
Event: 6.236 Thread 0x000001f08e98dd70 DEOPT UNPACKING pc=0x000001f0e4d66763 sp=0x0000001611ff6df0 mode 0
Event: 6.239 Thread 0x000001f08e98dd70 Uncommon trap: trap_request=0xffffff45 fr.pc=0x000001f0ec8ba81c relative=0x00000000000000fc
Event: 6.239 Thread 0x000001f08e98dd70 Uncommon trap: reason=unstable_if action=reinterpret pc=0x000001f0ec8ba81c method=java.lang.ThreadLocal$ThreadLocalMap.getEntry(Ljava/lang/ThreadLocal;)Ljava/lang/ThreadLocal$ThreadLocalMap$Entry; @ 21 c2
Event: 6.239 Thread 0x000001f08e98dd70 DEOPT PACKING pc=0x000001f0ec8ba81c sp=0x0000001611ff9070
Event: 6.239 Thread 0x000001f08e98dd70 DEOPT UNPACKING pc=0x000001f0e4d65c23 sp=0x0000001611ff8f88 mode 2
Event: 6.426 Thread 0x000001f08e98dd70 Uncommon trap: trap_request=0xffffff45 fr.pc=0x000001f0ec82bad8 relative=0x0000000000000718
Event: 6.426 Thread 0x000001f08e98dd70 Uncommon trap: reason=unstable_if action=reinterpret pc=0x000001f0ec82bad8 method=java.lang.AbstractStringBuilder.append(Ljava/lang/String;)Ljava/lang/AbstractStringBuilder; @ 1 c2
Event: 6.426 Thread 0x000001f08e98dd70 DEOPT PACKING pc=0x000001f0ec82bad8 sp=0x0000001611ffa560
Event: 6.426 Thread 0x000001f08e98dd70 DEOPT UNPACKING pc=0x000001f0e4d65c23 sp=0x0000001611ffa4e0 mode 2
Event: 6.426 Thread 0x000001f08e98dd70 Uncommon trap: trap_request=0xffffff45 fr.pc=0x000001f0ec8349d4 relative=0x0000000000000714
Event: 6.426 Thread 0x000001f08e98dd70 Uncommon trap: reason=unstable_if action=reinterpret pc=0x000001f0ec8349d4 method=java.lang.AbstractStringBuilder.append(Ljava/lang/String;)Ljava/lang/AbstractStringBuilder; @ 1 c2
Event: 6.426 Thread 0x000001f08e98dd70 DEOPT PACKING pc=0x000001f0ec8349d4 sp=0x0000001611ffa4f0
Event: 6.426 Thread 0x000001f08e98dd70 DEOPT UNPACKING pc=0x000001f0e4d65c23 sp=0x0000001611ffa4d8 mode 2

Classes loaded (20 events):
Event: 6.560 Loading class java/security/KeyManagementException
Event: 6.560 Loading class java/security/KeyException
Event: 6.560 Loading class java/security/KeyException done
Event: 6.560 Loading class java/security/KeyManagementException done
Event: 6.560 Loading class javax/net/ssl/TrustManager
Event: 6.560 Loading class javax/net/ssl/TrustManager done
Event: 6.560 Loading class javax/net/ssl/SSLSocket
Event: 6.560 Loading class javax/net/ssl/SSLSocket done
Event: 6.561 Loading class javax/crypto/NoSuchPaddingException
Event: 6.561 Loading class javax/crypto/NoSuchPaddingException done
Event: 6.561 Loading class java/security/InvalidKeyException
Event: 6.561 Loading class java/security/InvalidKeyException done
Event: 6.561 Loading class javax/crypto/IllegalBlockSizeException
Event: 6.561 Loading class javax/crypto/IllegalBlockSizeException done
Event: 6.561 Loading class javax/crypto/BadPaddingException
Event: 6.561 Loading class javax/crypto/BadPaddingException done
Event: 6.561 Loading class java/security/Key
Event: 6.561 Loading class java/security/Key done
Event: 3095.393 Loading class jdk/internal/misc/Signal$1
Event: 3095.393 Loading class jdk/internal/misc/Signal$1 done

Classes unloaded (0 events):
No events

Classes redefined (0 events):
No events

Internal exceptions (20 events):
Event: 0.741 Thread 0x000001f08e98dd70 Implicit null exception at 0x000001f0ec7fcc0f to 0x000001f0ec7fcc89
Event: 0.830 Thread 0x000001f08e98dd70 Exception <a 'java/lang/ClassNotFoundException'{0x0000000621f57f30}: com/sun/javafx/scene/control/skin/resources/controls> (0x0000000621f57f30) 
thrown [s\open\src\hotspot\share\prims\jni.cpp, line 535]
Event: 0.831 Thread 0x000001f08e98dd70 Exception <a 'java/lang/ClassNotFoundException'{0x0000000621f65ed0}: com/sun/javafx/scene/control/skin/resources/controls_ru> (0x0000000621f65ed0) 
thrown [s\open\src\hotspot\share\prims\jni.cpp, line 535]
Event: 0.831 Thread 0x000001f08e98dd70 Exception <a 'java/lang/ClassNotFoundException'{0x0000000621f66e68}: com/sun/javafx/scene/control/skin/resources/controls_ru_RU> (0x0000000621f66e68) 
thrown [s\open\src\hotspot\share\prims\jni.cpp, line 535]
Event: 0.859 Thread 0x000001f08e98dd70 Exception <a 'java/lang/NoSuchMethodError'{0x0000000621523788}: 'void java.lang.invoke.DirectMethodHandle$Holder.invokeSpecial(java.lang.Object, java.lang.Object, java.lang.Object, java.lang.Object, java.lang.Object, java.lang.Object)'> (0x0000000621523788) 
thrown [s\open\src\hotspot\share\interpreter\linkResolver.cpp, line 759]
Event: 0.861 Thread 0x000001f08e98dd70 Exception <a 'java/lang/NoSuchMethodError'{0x0000000621544590}: 'java.lang.Object java.lang.invoke.DirectMethodHandle$Holder.invokeInterface(java.lang.Object, java.lang.Object, java.lang.Object)'> (0x0000000621544590) 
thrown [s\open\src\hotspot\share\interpreter\linkResolver.cpp, line 759]
Event: 0.861 Thread 0x000001f08e98dd70 Exception <a 'java/lang/IncompatibleClassChangeError'{0x0000000621547f10}: Found class java.lang.Object, but interface was expected> (0x0000000621547f10) 
thrown [s\open\src\hotspot\share\interpreter\linkResolver.cpp, line 826]
Event: 0.909 Thread 0x000001f08e98dd70 Exception <a 'java/lang/NoSuchMethodError'{0x00000006211cfae8}: 'int java.lang.invoke.DirectMethodHandle$Holder.invokeSpecial(java.lang.Object, java.lang.Object, int)'> (0x00000006211cfae8) 
thrown [s\open\src\hotspot\share\interpreter\linkResolver.cpp, line 759]
Event: 0.916 Thread 0x000001f08e98dd70 Exception <a 'java/lang/NoSuchMethodError'{0x0000000621209d38}: 'java.lang.Object java.lang.invoke.DirectMethodHandle$Holder.newInvokeSpecial(java.lang.Object, java.lang.Object, int)'> (0x0000000621209d38) 
thrown [s\open\src\hotspot\share\interpreter\linkResolver.cpp, line 759]
Event: 0.938 Thread 0x000001f08e8b5f70 Exception <a 'java/lang/NoSuchMethodError'{0x00000006212d6328}: 'int java.lang.invoke.DirectMethodHandle$Holder.invokeStaticInit(java.lang.Object, java.lang.Object)'> (0x00000006212d6328) 
thrown [s\open\src\hotspot\share\interpreter\linkResolver.cpp, line 759]
Event: 0.943 Thread 0x000001f08e98dd70 Exception <a 'java/lang/NoSuchMethodError'{0x00000006213186b8}: 'long java.lang.invoke.DirectMethodHandle$Holder.invokeStatic(java.lang.Object, java.lang.Object, java.lang.Object)'> (0x00000006213186b8) 
thrown [s\open\src\hotspot\share\interpreter\linkResolver.cpp, line 759]
Event: 0.944 Thread 0x000001f08e98dd70 Exception <a 'java/lang/NoSuchMethodError'{0x000000062131be58}: 'long java.lang.invoke.DirectMethodHandle$Holder.invokeStaticInit(java.lang.Object, java.lang.Object, java.lang.Object)'> (0x000000062131be58) 
thrown [s\open\src\hotspot\share\interpreter\linkResolver.cpp, line 759]
Event: 0.945 Thread 0x000001f08e98dd70 Exception <a 'java/lang/NoSuchMethodError'{0x00000006213a9b98}: 'java.lang.Object java.lang.invoke.DirectMethodHandle$Holder.newInvokeSpecial(java.lang.Object, java.lang.Object, long)'> (0x00000006213a9b98) 
thrown [s\open\src\hotspot\share\interpreter\linkResolver.cpp, line 759]
Event: 0.945 Thread 0x000001f08e98dd70 Exception <a 'java/lang/NoSuchMethodError'{0x00000006213ad710}: 'java.lang.Object java.lang.invoke.Invokers$Holder.linkToTargetMethod(java.lang.Object, long, java.lang.Object)'> (0x00000006213ad710) 
thrown [s\open\src\hotspot\share\interpreter\linkResolver.cpp, line 759]
Event: 6.218 Thread 0x000001f08e98dd70 Exception <a 'sun/nio/fs/WindowsException'{0x0000000620bdbaf8}> (0x0000000620bdbaf8) 
thrown [s\open\src\hotspot\share\prims\jni.cpp, line 516]
Event: 6.239 Thread 0x000001f08e98dd70 Implicit null exception at 0x000001f0ec8ba783 to 0x000001f0ec8ba800
Event: 6.241 Thread 0x000001f08e98dd70 Exception <a 'java/lang/NoSuchMethodError'{0x00000006231c6bf0}: 'java.lang.Object java.lang.invoke.DirectMethodHandle$Holder.invokeVirtual(java.lang.Object, java.lang.Object, java.lang.Object)'> (0x00000006231c6bf0) 
thrown [s\open\src\hotspot\share\interpreter\linkResolver.cpp, line 759]
Event: 6.273 Thread 0x000001f08e98dd70 Exception <a 'sun/nio/fs/WindowsException'{0x0000000622d23f00}> (0x0000000622d23f00) 
thrown [s\open\src\hotspot\share\prims\jni.cpp, line 516]
Event: 6.426 Thread 0x000001f08e98dd70 Implicit null exception at 0x000001f0ec82b3f2 to 0x000001f0ec82bac0
Event: 6.426 Thread 0x000001f08e98dd70 Implicit null exception at 0x000001f0ec8342f2 to 0x000001f0ec8349bc

VM Operations (20 events):
Event: 6.212 Executing VM operation: Cleanup done
Event: 6.216 Executing VM operation: HandshakeAllThreads
Event: 6.216 Executing VM operation: HandshakeAllThreads done
Event: 6.219 Executing VM operation: G1CollectForAllocation
Event: 6.224 Executing VM operation: G1CollectForAllocation done
Event: 6.226 Executing VM operation: HandshakeAllThreads
Event: 6.226 Executing VM operation: HandshakeAllThreads done
Event: 6.226 Executing VM operation: HandshakeAllThreads
Event: 6.226 Executing VM operation: HandshakeAllThreads done
Event: 6.277 Executing VM operation: HandshakeAllThreads
Event: 6.278 Executing VM operation: HandshakeAllThreads done
Event: 6.336 Executing VM operation: HandshakeAllThreads
Event: 6.336 Executing VM operation: HandshakeAllThreads done
Event: 7.336 Executing VM operation: Cleanup
Event: 7.337 Executing VM operation: Cleanup done
Event: 602.368 Executing VM operation: Cleanup
Event: 602.368 Executing VM operation: Cleanup done
Event: 2591.271 Executing VM operation: Cleanup
Event: 2591.271 Executing VM operation: Cleanup done
Event: 3095.398 Executing VM operation: Exit

Events (20 events):
Event: 0.395 Thread 0x000001f08e98dd70 Thread added: 0x000001f08e98dd70
Event: 0.405 Thread 0x000001f08e253270 Thread exited: 0x000001f08e253270
Event: 0.457 Thread 0x000001f08ec1e4a0 Thread added: 0x000001f08ec1e4a0
Event: 0.460 Thread 0x000001f08ec1f670 Thread added: 0x000001f08ec1f670
Event: 0.473 Loaded shared library C:\Users\mikza\.jdks\openjdk-18.0.2.1\bin\jimage.dll
Event: 0.588 Loaded shared library C:\Users\mikza\.openjfx\cache\18.0.1+2\javafx_font.dll
Event: 0.813 Thread 0x000001f08e275780 Thread exited: 0x000001f08e275780
Event: 0.868 Thread 0x000001f093cfba70 Thread added: 0x000001f093cfba70
Event: 0.952 Thread 0x000001f093cfcdb0 Thread added: 0x000001f093cfcdb0
Event: 1.002 Thread 0x000001f093fef0a0 Thread added: 0x000001f093fef0a0
Event: 1.164 Thread 0x000001f093fef0a0 Thread exited: 0x000001f093fef0a0
Event: 6.218 Thread 0x000001f093cfd280 Thread added: 0x000001f093cfd280
Event: 6.237 Thread 0x000001f0944affc0 Thread added: 0x000001f0944affc0
Event: 6.561 Thread 0x000001f0944affc0 Thread exited: 0x000001f0944affc0
Event: 3095.394 Thread 0x000001f093cfa730 Thread added: 0x000001f093cfa730
Event: 3095.396 Thread 0x000001f093cfd750 Thread added: 0x000001f093cfd750
Event: 3095.397 Thread 0x000001f093cf9d90 Thread added: 0x000001f093cf9d90
Event: 3095.397 Thread 0x000001f093cf9d90 Thread exited: 0x000001f093cf9d90
Event: 3095.397 Thread 0x000001f093cfd750 Thread exited: 0x000001f093cfd750
Event: 3095.398 Thread 0x000001f0ff339200 Thread exited: 0x000001f0ff339200


Dynamic libraries:
0x00007ff699d50000 - 0x00007ff699d5e000 	C:\Users\mikza\.jdks\openjdk-18.0.2.1\bin\java.exe
0x00007ff97fa30000 - 0x00007ff97fc44000 	C:\WINDOWS\SYSTEM32\ntdll.dll
0x00007ff97eb00000 - 0x00007ff97ebc2000 	C:\WINDOWS\System32\KERNEL32.DLL
0x00007ff97ce80000 - 0x00007ff97d223000 	C:\WINDOWS\System32\KERNELBASE.dll
0x00007ff97d230000 - 0x00007ff97d341000 	C:\WINDOWS\System32\ucrtbase.dll
0x00007ff967230000 - 0x00007ff96724a000 	C:\Users\mikza\.jdks\openjdk-18.0.2.1\bin\VCRUNTIME140.dll
0x00007ff967250000 - 0x00007ff967267000 	C:\Users\mikza\.jdks\openjdk-18.0.2.1\bin\jli.dll
0x00007ff97e370000 - 0x00007ff97e51b000 	C:\WINDOWS\System32\USER32.dll
0x00007ff966200000 - 0x00007ff96648e000 	C:\WINDOWS\WinSxS\amd64_microsoft.windows.common-controls_6595b64144ccf1df_6.0.22621.1635_none_270f70857386168e\COMCTL32.dll
0x00007ff97d470000 - 0x00007ff97d496000 	C:\WINDOWS\System32\win32u.dll
0x00007ff97e530000 - 0x00007ff97e5d7000 	C:\WINDOWS\System32\msvcrt.dll
0x00007ff97e5e0000 - 0x00007ff97e609000 	C:\WINDOWS\System32\GDI32.dll
0x00007ff97d350000 - 0x00007ff97d469000 	C:\WINDOWS\System32\gdi32full.dll
0x00007ff97d680000 - 0x00007ff97d71a000 	C:\WINDOWS\System32\msvcp_win.dll
0x00007ff97f980000 - 0x00007ff97f9b1000 	C:\WINDOWS\System32\IMM32.DLL
0x00007ff967220000 - 0x00007ff96722c000 	C:\Users\mikza\.jdks\openjdk-18.0.2.1\bin\vcruntime140_1.dll
0x00007ff962f30000 - 0x00007ff962fbd000 	C:\Users\mikza\.jdks\openjdk-18.0.2.1\bin\msvcp140.dll
0x00007ff90a680000 - 0x00007ff90b291000 	C:\Users\mikza\.jdks\openjdk-18.0.2.1\bin\server\jvm.dll
0x00007ff97e7d0000 - 0x00007ff97e87e000 	C:\WINDOWS\System32\ADVAPI32.dll
0x00007ff97d7e0000 - 0x00007ff97d884000 	C:\WINDOWS\System32\sechost.dll
0x00007ff97f060000 - 0x00007ff97f177000 	C:\WINDOWS\System32\RPCRT4.dll
0x00007ff97e520000 - 0x00007ff97e528000 	C:\WINDOWS\System32\PSAPI.DLL
0x00007ff977f40000 - 0x00007ff977f49000 	C:\WINDOWS\SYSTEM32\WSOCK32.dll
0x00007ff973880000 - 0x00007ff9738b4000 	C:\WINDOWS\SYSTEM32\WINMM.dll
0x00007ff9743e0000 - 0x00007ff9743ea000 	C:\WINDOWS\SYSTEM32\VERSION.dll
0x00007ff97ea80000 - 0x00007ff97eaf1000 	C:\WINDOWS\System32\WS2_32.dll
0x00007ff97bf00000 - 0x00007ff97bf18000 	C:\WINDOWS\SYSTEM32\kernel.appcore.dll
0x00007ff967210000 - 0x00007ff96721a000 	C:\Users\mikza\.jdks\openjdk-18.0.2.1\bin\jimage.dll
0x00007ff97a1b0000 - 0x00007ff97a3de000 	C:\WINDOWS\SYSTEM32\DBGHELP.DLL
0x00007ff97ec50000 - 0x00007ff97efd9000 	C:\WINDOWS\System32\combase.dll
0x00007ff97f730000 - 0x00007ff97f807000 	C:\WINDOWS\System32\OLEAUT32.dll
0x00007ff958ff0000 - 0x00007ff959022000 	C:\WINDOWS\SYSTEM32\dbgcore.DLL
0x00007ff97ce00000 - 0x00007ff97ce7b000 	C:\WINDOWS\System32\bcryptPrimitives.dll
0x00007ff977fa0000 - 0x00007ff977fae000 	C:\Users\mikza\.jdks\openjdk-18.0.2.1\bin\instrument.dll
0x00007ff9671e0000 - 0x00007ff967205000 	C:\Users\mikza\.jdks\openjdk-18.0.2.1\bin\java.dll
0x00007ff95c490000 - 0x00007ff95c566000 	C:\Users\mikza\.jdks\openjdk-18.0.2.1\bin\jsvml.dll
0x00007ff97db70000 - 0x00007ff97e36a000 	C:\WINDOWS\System32\SHELL32.dll
0x00007ff97adc0000 - 0x00007ff97b68e000 	C:\WINDOWS\SYSTEM32\windows.storage.dll
0x00007ff97ac70000 - 0x00007ff97adae000 	C:\WINDOWS\SYSTEM32\wintypes.dll
0x00007ff97f880000 - 0x00007ff97f971000 	C:\WINDOWS\System32\SHCORE.dll
0x00007ff97e880000 - 0x00007ff97e8de000 	C:\WINDOWS\System32\shlwapi.dll
0x00007ff97cd30000 - 0x00007ff97cd51000 	C:\WINDOWS\SYSTEM32\profapi.dll
0x00007ff95d340000 - 0x00007ff95d353000 	C:\Users\mikza\.jdks\openjdk-18.0.2.1\bin\net.dll
0x00007ff976760000 - 0x00007ff976897000 	C:\WINDOWS\SYSTEM32\WINHTTP.dll
0x00007ff97c360000 - 0x00007ff97c3c9000 	C:\WINDOWS\system32\mswsock.dll
0x00007ff95c470000 - 0x00007ff95c486000 	C:\Users\mikza\.jdks\openjdk-18.0.2.1\bin\nio.dll
0x00007ff95c450000 - 0x00007ff95c468000 	C:\Users\mikza\.jdks\openjdk-18.0.2.1\bin\zip.dll
0x00007ff965570000 - 0x00007ff96558a000 	C:\Program Files\JetBrains\IntelliJ IDEA Community Edition 2022.2.2\bin\breakgen64.dll
0x000001f089f50000 - 0x000001f089f53000 	C:\Users\mikza\.openjfx\cache\18.0.1+2\api-ms-win-core-console-l1-1-0.dll
0x000001f089f60000 - 0x000001f089f63000 	C:\Users\mikza\.openjfx\cache\18.0.1+2\api-ms-win-core-console-l1-2-0.dll
0x000001f089f70000 - 0x000001f089f73000 	C:\Users\mikza\.openjfx\cache\18.0.1+2\api-ms-win-core-datetime-l1-1-0.dll
0x000001f089f80000 - 0x000001f089f83000 	C:\Users\mikza\.openjfx\cache\18.0.1+2\api-ms-win-core-debug-l1-1-0.dll
0x000001f089f90000 - 0x000001f089f93000 	C:\Users\mikza\.openjfx\cache\18.0.1+2\api-ms-win-core-errorhandling-l1-1-0.dll
0x000001f089fa0000 - 0x000001f089fa4000 	C:\Users\mikza\.openjfx\cache\18.0.1+2\api-ms-win-core-file-l1-1-0.dll
0x000001f089fb0000 - 0x000001f089fb3000 	C:\Users\mikza\.openjfx\cache\18.0.1+2\api-ms-win-core-file-l1-2-0.dll
0x000001f089fc0000 - 0x000001f089fc3000 	C:\Users\mikza\.openjfx\cache\18.0.1+2\api-ms-win-core-file-l2-1-0.dll
0x000001f089fd0000 - 0x000001f089fd3000 	C:\Users\mikza\.openjfx\cache\18.0.1+2\api-ms-win-core-handle-l1-1-0.dll
0x000001f089fe0000 - 0x000001f089fe3000 	C:\Users\mikza\.openjfx\cache\18.0.1+2\api-ms-win-core-heap-l1-1-0.dll
0x000001f089ff0000 - 0x000001f089ff3000 	C:\Users\mikza\.openjfx\cache\18.0.1+2\api-ms-win-core-interlocked-l1-1-0.dll
0x000001f08ed10000 - 0x000001f08ed13000 	C:\Users\mikza\.openjfx\cache\18.0.1+2\api-ms-win-core-libraryloader-l1-1-0.dll
0x000001f08ed20000 - 0x000001f08ed23000 	C:\Users\mikza\.openjfx\cache\18.0.1+2\api-ms-win-core-localization-l1-2-0.dll
0x000001f08ed30000 - 0x000001f08ed33000 	C:\Users\mikza\.openjfx\cache\18.0.1+2\api-ms-win-core-memory-l1-1-0.dll
0x000001f08ed40000 - 0x000001f08ed43000 	C:\Users\mikza\.openjfx\cache\18.0.1+2\api-ms-win-core-namedpipe-l1-1-0.dll
0x000001f08ed50000 - 0x000001f08ed53000 	C:\Users\mikza\.openjfx\cache\18.0.1+2\api-ms-win-core-processenvironment-l1-1-0.dll
0x000001f08ed60000 - 0x000001f08ed63000 	C:\Users\mikza\.openjfx\cache\18.0.1+2\api-ms-win-core-processthreads-l1-1-0.dll
0x000001f08ed70000 - 0x000001f08ed73000 	C:\Users\mikza\.openjfx\cache\18.0.1+2\api-ms-win-core-processthreads-l1-1-1.dll
0x000001f08ed80000 - 0x000001f08ed83000 	C:\Users\mikza\.openjfx\cache\18.0.1+2\api-ms-win-core-profile-l1-1-0.dll
0x000001f08ed90000 - 0x000001f08ed93000 	C:\Users\mikza\.openjfx\cache\18.0.1+2\api-ms-win-core-rtlsupport-l1-1-0.dll
0x000001f08eda0000 - 0x000001f08eda3000 	C:\Users\mikza\.openjfx\cache\18.0.1+2\api-ms-win-core-string-l1-1-0.dll
0x000001f08edb0000 - 0x000001f08edb3000 	C:\Users\mikza\.openjfx\cache\18.0.1+2\api-ms-win-core-synch-l1-1-0.dll
0x000001f08edc0000 - 0x000001f08edc3000 	C:\Users\mikza\.openjfx\cache\18.0.1+2\api-ms-win-core-synch-l1-2-0.dll
0x000001f08edd0000 - 0x000001f08edd3000 	C:\Users\mikza\.openjfx\cache\18.0.1+2\api-ms-win-core-sysinfo-l1-1-0.dll
0x000001f08ede0000 - 0x000001f08ede3000 	C:\Users\mikza\.openjfx\cache\18.0.1+2\api-ms-win-core-timezone-l1-1-0.dll
0x000001f08edf0000 - 0x000001f08edf3000 	C:\Users\mikza\.openjfx\cache\18.0.1+2\api-ms-win-core-util-l1-1-0.dll
0x000001f08ee00000 - 0x000001f08ee03000 	C:\Users\mikza\.openjfx\cache\18.0.1+2\api-ms-win-crt-conio-l1-1-0.dll
0x000001f08ee10000 - 0x000001f08ee14000 	C:\Users\mikza\.openjfx\cache\18.0.1+2\api-ms-win-crt-convert-l1-1-0.dll
0x000001f08ee20000 - 0x000001f08ee23000 	C:\Users\mikza\.openjfx\cache\18.0.1+2\api-ms-win-crt-environment-l1-1-0.dll
0x000001f08ee30000 - 0x000001f08ee33000 	C:\Users\mikza\.openjfx\cache\18.0.1+2\api-ms-win-crt-filesystem-l1-1-0.dll
0x000001f08ee40000 - 0x000001f08ee43000 	C:\Users\mikza\.openjfx\cache\18.0.1+2\api-ms-win-crt-heap-l1-1-0.dll
0x000001f08ee50000 - 0x000001f08ee53000 	C:\Users\mikza\.openjfx\cache\18.0.1+2\api-ms-win-crt-locale-l1-1-0.dll
0x000001f08ee60000 - 0x000001f08ee65000 	C:\Users\mikza\.openjfx\cache\18.0.1+2\api-ms-win-crt-math-l1-1-0.dll
0x000001f08ee70000 - 0x000001f08ee75000 	C:\Users\mikza\.openjfx\cache\18.0.1+2\api-ms-win-crt-multibyte-l1-1-0.dll
0x000001f08ee80000 - 0x000001f08ee90000 	C:\Users\mikza\.openjfx\cache\18.0.1+2\api-ms-win-crt-private-l1-1-0.dll
0x000001f08ee90000 - 0x000001f08ee93000 	C:\Users\mikza\.openjfx\cache\18.0.1+2\api-ms-win-crt-process-l1-1-0.dll
0x000001f08eea0000 - 0x000001f08eea4000 	C:\Users\mikza\.openjfx\cache\18.0.1+2\api-ms-win-crt-runtime-l1-1-0.dll
0x000001f08eeb0000 - 0x000001f08eeb4000 	C:\Users\mikza\.openjfx\cache\18.0.1+2\api-ms-win-crt-stdio-l1-1-0.dll
0x000001f08eec0000 - 0x000001f08eec4000 	C:\Users\mikza\.openjfx\cache\18.0.1+2\api-ms-win-crt-string-l1-1-0.dll
0x000001f08eed0000 - 0x000001f08eed3000 	C:\Users\mikza\.openjfx\cache\18.0.1+2\api-ms-win-crt-time-l1-1-0.dll
0x000001f08eee0000 - 0x000001f08eee3000 	C:\Users\mikza\.openjfx\cache\18.0.1+2\api-ms-win-crt-utility-l1-1-0.dll
0x00007ff947390000 - 0x00007ff94748c000 	C:\Users\mikza\.openjfx\cache\18.0.1+2\ucrtbase.dll
0x00007ff950e90000 - 0x00007ff950eaa000 	C:\Users\mikza\.openjfx\cache\18.0.1+2\vcruntime140.dll
0x00007ff968610000 - 0x00007ff96861c000 	C:\Users\mikza\.openjfx\cache\18.0.1+2\vcruntime140_1.dll
0x00007ff924070000 - 0x00007ff9240fd000 	C:\Users\mikza\.openjfx\cache\18.0.1+2\msvcp140.dll
0x00007ff94ee90000 - 0x00007ff94eebc000 	C:\Users\mikza\.openjfx\cache\18.0.1+2\prism_d3d.dll
0x00007ff965130000 - 0x00007ff9652d9000 	C:\WINDOWS\system32\d3d9.dll
0x00007ff97a510000 - 0x00007ff97a53b000 	C:\WINDOWS\SYSTEM32\dwmapi.dll
0x00007ff97a170000 - 0x00007ff97a1a8000 	C:\WINDOWS\SYSTEM32\dxcore.dll
0x00007ff979f80000 - 0x00007ff97a02b000 	C:\WINDOWS\system32\uxtheme.dll
0x00007ff906750000 - 0x00007ff9068bc000 	C:\WINDOWS\System32\DriverStore\FileRepository\iigd_dch.inf_amd64_5802b1615520e41c\igdumdim64.dll
0x00007ff97e8e0000 - 0x00007ff97ea7c000 	C:\WINDOWS\System32\ole32.dll
0x00007ff8fb7d0000 - 0x00007ff8ff3d6000 	C:\WINDOWS\System32\DriverStore\FileRepository\iigd_dch.inf_amd64_5802b1615520e41c\igd9dxva64.dll
0x00007ff97f180000 - 0x00007ff97f5f4000 	C:\WINDOWS\System32\SETUPAPI.dll
0x00007ff97caf0000 - 0x00007ff97cb3e000 	C:\WINDOWS\SYSTEM32\cfgmgr32.dll
0x00007ff96fd40000 - 0x00007ff970107000 	C:\WINDOWS\System32\DriverStore\FileRepository\iigd_dch.inf_amd64_5802b1615520e41c\igdgmm64.dll
0x00007ff976b80000 - 0x00007ff976bc8000 	C:\WINDOWS\SYSTEM32\directxdatabasehelper.dll
0x00007ff947060000 - 0x00007ff9470a2000 	C:\Users\mikza\.openjfx\cache\18.0.1+2\glass.dll
0x00007ff97e630000 - 0x00007ff97e727000 	C:\WINDOWS\System32\COMDLG32.dll
0x00007ff96f960000 - 0x00007ff96f983000 	C:\Program Files (x86)\Yandex\Punto Switcher\PSHook64.dll
0x00007ff97f600000 - 0x00007ff97f727000 	C:\WINDOWS\System32\MSCTF.dll
0x00007ff9271f0000 - 0x00007ff927217000 	C:\WINDOWS\System32\DriverStore\FileRepository\iigd_dch.inf_amd64_5802b1615520e41c\igdinfo64.dll
0x00007ff968690000 - 0x00007ff96bca1000 	C:\WINDOWS\System32\DriverStore\FileRepository\iigd_dch.inf_amd64_5802b1615520e41c\igc64.dll
0x00007ff94d770000 - 0x00007ff94d784000 	C:\Users\mikza\.openjfx\cache\18.0.1+2\javafx_font.dll
0x00007ff978900000 - 0x00007ff978b67000 	C:\WINDOWS\SYSTEM32\dwrite.dll
0x00007ff97dac0000 - 0x00007ff97db70000 	C:\WINDOWS\System32\clbcatq.dll
0x00007ff978360000 - 0x00007ff978510000 	C:\WINDOWS\SYSTEM32\WindowsCodecs.dll
0x00007ff94f330000 - 0x00007ff94f38e000 	C:\WINDOWS\system32\dataexchange.dll
0x00007ff973ab0000 - 0x00007ff973d1e000 	C:\WINDOWS\system32\twinapi.appcore.dll
0x00007ff96f990000 - 0x00007ff96f9c2000 	C:\Program Files\Common Files\Microsoft Shared\Ink\rtscom.dll
0x00007ff9647e0000 - 0x00007ff96490d000 	C:\WINDOWS\SYSTEM32\textinputframework.dll
0x00007ff979a20000 - 0x00007ff979b53000 	C:\WINDOWS\SYSTEM32\CoreMessaging.dll
0x00007ff9756b0000 - 0x00007ff975a1c000 	C:\WINDOWS\SYSTEM32\CoreUIComponents.dll
0x00007ff97c660000 - 0x00007ff97c66c000 	C:\WINDOWS\SYSTEM32\CRYPTBASE.DLL
0x00007ff97b9d0000 - 0x00007ff97bac3000 	C:\WINDOWS\SYSTEM32\DNSAPI.dll
0x00007ff97b9a0000 - 0x00007ff97b9cd000 	C:\WINDOWS\SYSTEM32\IPHLPAPI.DLL
0x00007ff97e730000 - 0x00007ff97e739000 	C:\WINDOWS\System32\NSI.dll
0x00007ff976040000 - 0x00007ff97604a000 	C:\Windows\System32\rasadhlp.dll
0x00007ff974350000 - 0x00007ff9743d4000 	C:\WINDOWS\System32\fwpuclnt.dll

dbghelp: loaded successfully - version: 4.0.5 - missing functions: none
symbol engine: initialized successfully - sym options: 0x614 - pdb path: .;C:\Users\mikza\.jdks\openjdk-18.0.2.1\bin;C:\WINDOWS\SYSTEM32;C:\WINDOWS\WinSxS\amd64_microsoft.windows.common-controls_6595b64144ccf1df_6.0.22621.1635_none_270f70857386168e;C:\Users\mikza\.jdks\openjdk-18.0.2.1\bin\server;C:\Program Files\JetBrains\IntelliJ IDEA Community Edition 2022.2.2\bin;C:\Users\mikza\.openjfx\cache\18.0.1+2;C:\WINDOWS\System32\DriverStore\FileRepository\iigd_dch.inf_amd64_5802b1615520e41c;C:\Program Files (x86)\Yandex\Punto Switcher;C:\Program Files\Common Files\Microsoft Shared\Ink

VM Arguments:
jvm_args: -javaagent:C:\Program Files\JetBrains\IntelliJ IDEA Community Edition 2022.2.2\lib\idea_rt.jar=63558:C:\Program Files\JetBrains\IntelliJ IDEA Community Edition 2022.2.2\bin -Dfile.encoding=UTF-8 -Dsun.stdout.encoding=UTF-8 -Dsun.stderr.encoding=UTF-8 --module-path=C:\Users\mikza\.m2\repository\org\openjfx\javafx-graphics\18.0.1\javafx-graphics-18.0.1-win.jar;E:\Учёба\Основы Программирования\2 семестр\Курсовая\Kursovaya\target\classes;C:\Users\mikza\.m2\repository\org\openjfx\javafx-base\18.0.1\javafx-base-18.0.1-win.jar;C:\Users\mikza\.m2\repository\mysql\mysql-connector-java\8.0.25\mysql-connector-java-8.0.25.jar;C:\Users\mikza\.m2\repository\org\openjfx\javafx-fxml\18.0.1\javafx-fxml-18.0.1-win.jar;C:\Users\mikza\.m2\repository\org\openjfx\javafx-controls\18.0.1\javafx-controls-18.0.1-win.jar -Djdk.module.main=com.example.kursovaya 
java_command: com.example.kursovaya/com.example.kursovaya.main
java_class_path (initial): C:\Users\mikza\.m2\repository\org\openjfx\javafx-controls\18.0.1\javafx-controls-18.0.1.jar;C:\Users\mikza\.m2\repository\org\openjfx\javafx-graphics\18.0.1\javafx-graphics-18.0.1.jar;C:\Users\mikza\.m2\repository\org\openjfx\javafx-base\18.0.1\javafx-base-18.0.1.jar;C:\Users\mikza\.m2\repository\org\openjfx\javafx-fxml\18.0.1\javafx-fxml-18.0.1.jar;C:\Users\mikza\.m2\repository\com\google\protobuf\protobuf-java\3.11.4\protobuf-java-3.11.4.jar
Launcher Type: SUN_STANDARD

[Global flags]
     intx CICompilerCount                          = 4                                         {product} {ergonomic}
     uint ConcGCThreads                            = 3                                         {product} {ergonomic}
     uint G1ConcRefinementThreads                  = 10                                        {product} {ergonomic}
   size_t G1HeapRegionSize                         = 4194304                                   {product} {ergonomic}
    uintx GCDrainStackTargetSize                   = 64                                        {product} {ergonomic}
   size_t InitialHeapSize                          = 536870912                                 {product} {ergonomic}
   size_t MarkStackSize                            = 4194304                                   {product} {ergonomic}
   size_t MaxHeapSize                              = 8535408640                                {product} {ergonomic}
   size_t MaxNewSize                               = 5121245184                                {product} {ergonomic}
   size_t MinHeapDeltaBytes                        = 4194304                                   {product} {ergonomic}
   size_t MinHeapSize                              = 8388608                                   {product} {ergonomic}
    uintx NonNMethodCodeHeapSize                   = 5839372                                {pd product} {ergonomic}
    uintx NonProfiledCodeHeapSize                  = 122909434                              {pd product} {ergonomic}
    uintx ProfiledCodeHeapSize                     = 122909434                              {pd product} {ergonomic}
    uintx ReservedCodeCacheSize                    = 251658240                              {pd product} {ergonomic}
     bool SegmentedCodeCache                       = true                                      {product} {ergonomic}
   size_t SoftMaxHeapSize                          = 8535408640                             {manageable} {ergonomic}
     bool UseCompressedClassPointers               = true                           {product lp64_product} {ergonomic}
     bool UseCompressedOops                        = true                           {product lp64_product} {ergonomic}
     bool UseG1GC                                  = true                                      {product} {ergonomic}
     bool UseLargePagesIndividualAllocation        = false                                  {pd product} {ergonomic}

Logging:
Log output configuration:
 #0: stdout all=off uptime,level,tags foldmultilines=false
 #1: stderr all=off uptime,level,tags foldmultilines=false

Environment Variables:
PATH=C:\Program Files\Common Files\Oracle\Java\javapath;C:\Program Files (x86)\Common Files\Oracle\Java\javapath;C:\Windows\system32;C:\Windows;C:\Windows\System32\Wbem;C:\Windows\System32\WindowsPowerShell\v1.0\;C:\Windows\System32\OpenSSH\;C:\Program Files (x86)\NVIDIA Corporation\PhysX\Common;C:\Program Files\NVIDIA Corporation\NVIDIA NvDLISR;C:\WINDOWS\system32;C:\WINDOWS;C:\WINDOWS\System32\Wbem;C:\WINDOWS\System32\WindowsPowerShell\v1.0\;C:\WINDOWS\System32\OpenSSH\;C:\Program Files (x86)\dotnet\;C:\Program Files\Docker\Docker\resources\bin;C:\Program Files\Git\cmd;C:\Users\mikza\AppData\Local\Programs\Python\Python310\Scripts\;C:\Users\mikza\AppData\Local\Programs\Python\Python310\;C:\Users\mikza\AppData\Local\Microsoft\WindowsApps;;C:\Program Files\JetBrains\PyCharm Community Edition 2022.2.1\bin;;C:\Program Files\JetBrains\IntelliJ IDEA Community Edition 2022.2.2\bin;
USERNAME=mikza
OS=Windows_NT
PROCESSOR_IDENTIFIER=Intel64 Family 6 Model 141 Stepping 1, GenuineIntel



---------------  S Y S T E M  ---------------

OS:
 Windows 11 , 64 bit Build 22621 (10.0.22621.1778)
OS uptime: 4 days 20:42 hours
Hyper-V role detected

CPU: total 12 (initial active 12) (6 cores per cpu, 2 threads per core) family 6 model 141 stepping 1 microcode 0x3c, cx8, cmov, fxsr, ht, mmx, 3dnowpref, sse, sse2, sse3, ssse3, sse4.1, sse4.2, popcnt, lzcnt, tsc, tscinvbit, avx, avx2, aes, erms, clmul, bmi1, bmi2, adx, avx512f, avx512dq, avx512cd, avx512bw, avx512vl, sha, fma, vzeroupper, avx512_vpopcntdq, avx512_vpclmulqdq, avx512_vaes, avx512_vnni, clflush, clflushopt, clwb, avx512_vbmi2, avx512_vbmi, hv

Memory: 4k page, system-wide physical 32547M (18610M free)
TotalPageFile size 37411M (AvailPageFile size 17262M)
current process WorkingSet (physical memory assigned to process): 179M, peak: 184M
current process commit charge ("private bytes"): 688M, peak: 697M

vm_info: OpenJDK 64-Bit Server VM (18.0.2.1+1-1) for windows-amd64 JRE (18.0.2.1+1-1), built on Aug 16 2022 01:44:29 by "mach5one" with MS VC++ 16.8 / 16.9 (VS2019)

END.
