#
# A fatal error has been detected by the Java Runtime Environment:
#
#  EXCEPTION_ACCESS_VIOLATION (0xc0000005) at pc=0x00007fffb4ba62d7, pid=24868, tid=9336
#
# JRE version: OpenJDK Runtime Environment (18.0.2.1+1) (build 18.0.2.1+1-1)
# Java VM: OpenJDK 64-Bit Server VM (18.0.2.1+1-1, mixed mode, sharing, tiered, compressed oops, compressed class ptrs, g1 gc, windows-amd64)
# Problematic frame:
# C  [glass.dll+0x262d7]
#
# No core dump will be written. Minidumps are not enabled by default on client versions of Windows
#
# If you would like to submit a bug report, please visit:
#   https://bugreport.java.com/bugreport/crash.jsp
#

---------------  S U M M A R Y ------------

Command Line: -javaagent:C:\Program Files\JetBrains\IntelliJ IDEA Community Edition 2022.2.2\lib\idea_rt.jar=54808:C:\Program Files\JetBrains\IntelliJ IDEA Community Edition 2022.2.2\bin -Dfile.encoding=UTF-8 -Dsun.stdout.encoding=UTF-8 -Dsun.stderr.encoding=UTF-8 --module-path=E:\Учёба\#Основы Программирования\2 семестр\Курсовая\Kursovaya\target\classes;C:\Users\mikza\.m2\repository\org\openjfx\javafx-controls\18.0.1\javafx-controls-18.0.1-win.jar;C:\Users\mikza\.m2\repository\org\openjfx\javafx-graphics\18.0.1\javafx-graphics-18.0.1-win.jar;C:\Users\mikza\.m2\repository\org\openjfx\javafx-fxml\18.0.1\javafx-fxml-18.0.1-win.jar;C:\Users\mikza\.m2\repository\org\openjfx\javafx-base\18.0.1\javafx-base-18.0.1-win.jar;C:\Users\mikza\.m2\repository\mysql\mysql-connector-java\8.0.25\mysql-connector-java-8.0.25.jar -Djdk.module.main=com.example.kursovaya com.example.kursovaya/com.example.kursovaya.start

Host: 11th Gen Intel(R) Core(TM) i5-11400H @ 2.70GHz, 12 cores, 31G,  Windows 11 , 64 bit Build 22621 (10.0.22621.2215)
Time: Sun Sep 24 22:12:52 2023 RTZ 2 (s 11 , 64 bit Build 22621 (10.0.22621.2215) elapsed time: 114.319559 seconds (0d 0h 1m 54s)

---------------  T H R E A D  ---------------

Current thread (0x0000019bfae507c0):  VMThread "VM Thread" [stack: 0x0000004baad00000,0x0000004baae00000] [id=9336]

Stack: [0x0000004baad00000,0x0000004baae00000],  sp=0x0000004baadfee00,  free space=1019k
Native frames: (J=compiled Java code, j=interpreted, Vv=VM code, C=native code)
C  [glass.dll+0x262d7]


siginfo: EXCEPTION_ACCESS_VIOLATION (0xc0000005), reading address 0x0000000000000000


Register to memory mapping:

RIP=0x00007fffb4ba62d7 glass.dll
RAX=0x0 is NULL
RBX=0x0000019bfafec2e8 is a global jni handle
RCX=0x0000019bfae507c0 points into unknown readable memory: 0x00007fff7931ea28 | 28 ea 31 79 ff 7f 00 00
RDX=0x0000004baadfee00 points into unknown readable memory: 0x0000000000000000 | 00 00 00 00 00 00 00 00
RSP=0x0000004baadfee00 points into unknown readable memory: 0x0000000000000000 | 00 00 00 00 00 00 00 00
RBP=0x0000019bfe5e1108 points into unknown readable memory: 0x0000c5112f4ca11d | 1d a1 4c 2f 11 c5 00 00
RSI=0x0000004baadfef08 points into unknown readable memory: 0x0000004baadfeef0 | f0 ee df aa 4b 00 00 00
RDI=0x0000019bfe5e10e0 points into unknown readable memory: 0xf69783caaf4caee2 | e2 ae 4c af ca 83 97 f6
R8 =0x0000000000010002 is an unknown value
R9 =0x0000019bfe5e10e0 points into unknown readable memory: 0xf69783caaf4caee2 | e2 ae 4c af ca 83 97 f6
R10=0x85f13e9656da4870 is an unknown value
R11=0x0000004baadfed90 points into unknown readable memory: 0x0000019bfe5e10e0 | e0 10 5e fe 9b 01 00 00
R12=0x00007fffb4ba3bc4 glass.dll
R13=0x00007fff794e0c00 jvm.dll
R14=0x0000c5112f4ca11d is an unknown value
R15=0x0000019bfe5e10e0 points into unknown readable memory: 0xf69783caaf4caee2 | e2 ae 4c af ca 83 97 f6


Registers:
RAX=0x0000000000000000, RBX=0x0000019bfafec2e8, RCX=0x0000019bfae507c0, RDX=0x0000004baadfee00
RSP=0x0000004baadfee00, RBP=0x0000019bfe5e1108, RSI=0x0000004baadfef08, RDI=0x0000019bfe5e10e0
R8 =0x0000000000010002, R9 =0x0000019bfe5e10e0, R10=0x85f13e9656da4870, R11=0x0000004baadfed90
R12=0x00007fffb4ba3bc4, R13=0x00007fff794e0c00, R14=0x0000c5112f4ca11d, R15=0x0000019bfe5e10e0
RIP=0x00007fffb4ba62d7, EFLAGS=0x0000000000010202

Top of Stack: (sp=0x0000004baadfee00)
0x0000004baadfee00:   0000000000000000 0000004baadfef08
0x0000004baadfee10:   00007fff794e0c00 00007fffb4ba3bc4
0x0000004baadfee20:   0000019bfe5e10e8 00007ffff57c3a83
0x0000004baadfee30:   0000019bfe5e10e0 0000019b00000000
0x0000004baadfee40:   0000019bfe5e1108 0000004baadfef08
0x0000004baadfee50:   fffffffffffffffe 0000000000000000
0x0000004baadfee60:   0000000000000001 00007fffb4b80000
0x0000004baadfee70:   0000004baadfeef8 00007ffff579006e
0x0000004baadfee80:   0000000000000000 0000004baadfef08
0x0000004baadfee90:   0000004baadff1f0 0000000000000001
0x0000004baadfeea0:   0000000000000001 00007ffff578da1d
0x0000004baadfeeb0:   0000000000000000 00007fffb4ba33bd
0x0000004baadfeec0:   0000000000000000 0000004baadfeef8
0x0000004baadfeed0:   fffffffffffffffe 0000004baadff100
0x0000004baadfeee0:   0000000000000000 00007fffb4ba3a51
0x0000004baadfeef0:   00007fffb4bb9f88 00007fff00000002 

Instructions: (pc=0x00007fffb4ba62d7)
0x00007fffb4ba61d7:   8b 4d 58 e8 2d cf ff ff 48 8b 4d 60 e8 24 cf ff
0x00007fffb4ba61e7:   ff 48 8b 95 80 00 00 00 48 8b 8d 18 01 00 00 e8
0x00007fffb4ba61f7:   16 c4 ff ff 33 d2 33 c9 e8 5c e1 ff ff 90 48 89
0x00007fffb4ba6207:   54 24 10 55 48 83 ec 20 48 8b ea 48 b8 00 00 00
0x00007fffb4ba6217:   00 00 00 00 00 48 83 c4 20 5d c3 cc 40 55 48 8b
0x00007fffb4ba6227:   ea 48 8b 01 33 c9 81 38 05 00 00 c0 0f 94 c1 8b
0x00007fffb4ba6237:   c1 5d c3 cc 40 55 48 83 ec 20 48 8b ea 8a 4d 40
0x00007fffb4ba6247:   48 83 c4 20 5d e9 17 d3 ff ff cc 40 55 48 83 ec
0x00007fffb4ba6257:   20 48 8b ea 8a 4d 20 e8 05 d3 ff ff 90 48 83 c4
0x00007fffb4ba6267:   20 5d c3 cc 40 55 48 83 ec 20 48 8b ea 48 83 c4
0x00007fffb4ba6277:   20 5d e9 66 d1 ff ff cc 40 55 48 83 ec 30 48 8b
0x00007fffb4ba6287:   ea 48 8b 01 8b 10 48 89 4c 24 28 89 54 24 20 4c
0x00007fffb4ba6297:   8d 0d 07 d6 ff ff 4c 8b 45 70 8b 55 68 48 8b 4d
0x00007fffb4ba62a7:   60 e8 a7 d0 ff ff 90 48 83 c4 30 5d c3 cc cc cc
0x00007fffb4ba62b7:   cc cc cc cc cc cc cc cc cc 40 53 48 83 ec 20 48
0x00007fffb4ba62c7:   8b 1d bb 36 01 00 48 85 db 74 16 e8 59 8b ff ff
0x00007fffb4ba62d7:   4c 8b 00 48 8b d3 48 8b c8 41 ff 90 b0 00 00 00
0x00007fffb4ba62e7:   90 48 83 c4 20 5b c3 cc cc 40 53 48 83 ec 20 48
0x00007fffb4ba62f7:   8b 1d 2b 38 01 00 48 85 db 74 57 b8 ff ff ff ff
0x00007fffb4ba6307:   f0 0f c1 43 10 83 f8 01 75 3d 48 85 db 74 38 48
0x00007fffb4ba6317:   8b 0b 48 85 c9 74 0d ff 15 84 0f 00 00 48 c7 03
0x00007fffb4ba6327:   00 00 00 00 48 8b 4b 08 48 85 c9 74 0d e8 d3 cd
0x00007fffb4ba6337:   ff ff 48 c7 43 08 00 00 00 00 ba 18 00 00 00 48
0x00007fffb4ba6347:   8b cb e8 be cd ff ff 48 c7 05 cf 37 01 00 00 00
0x00007fffb4ba6357:   00 00 48 83 c4 20 5b c3 cc 40 53 48 83 ec 20 48
0x00007fffb4ba6367:   8b 1d 9b 37 01 00 48 85 db 74 57 b8 ff ff ff ff
0x00007fffb4ba6377:   f0 0f c1 43 10 83 f8 01 75 3d 48 85 db 74 38 48
0x00007fffb4ba6387:   8b 0b 48 85 c9 74 0d ff 15 14 0f 00 00 48 c7 03
0x00007fffb4ba6397:   00 00 00 00 48 8b 4b 08 48 85 c9 74 0d e8 63 cd
0x00007fffb4ba63a7:   ff ff 48 c7 43 08 00 00 00 00 ba 18 00 00 00 48
0x00007fffb4ba63b7:   8b cb e8 4e cd ff ff 48 c7 05 3f 37 01 00 00 00
0x00007fffb4ba63c7:   00 00 48 83 c4 20 5b c3 cc 40 53 48 83 ec 20 48 


Stack slot to memory mapping:
stack at sp + 0 slots: 0x0 is NULL
stack at sp + 1 slots: 0x0000004baadfef08 points into unknown readable memory: 0x0000004baadfeef0 | f0 ee df aa 4b 00 00 00
stack at sp + 2 slots: 0x00007fff794e0c00 jvm.dll
stack at sp + 3 slots: 0x00007fffb4ba3bc4 glass.dll
stack at sp + 4 slots: 0x0000019bfe5e10e8 points into unknown readable memory: 0x0000c5112f4ca11d | 1d a1 4c 2f 11 c5 00 00
stack at sp + 5 slots: 0x00007ffff57c3a83 ucrtbase.dll
stack at sp + 6 slots: 0x0000019bfe5e10e0 points into unknown readable memory: 0xf69783caaf4caee2 | e2 ae 4c af ca 83 97 f6
stack at sp + 7 slots: 0x0000019b00000000 is an unknown value

VM_Operation (0x0000004baa4ff410): Exit, mode: safepoint, requested by thread 0x0000019b882481b0


---------------  P R O C E S S  ---------------

Threads class SMR info:
_java_thread_list=0x0000019bfe5d7910, length=21, elements={
0x0000019bd11850d0, 0x0000019bfafde050, 0x0000019bfafde9f0, 0x0000019bfaffa690,
0x0000019bfaffb030, 0x0000019bfaffeed0, 0x0000019bfaffffb0, 0x0000019bfb0099b0,
0x0000019bfb02d670, 0x0000019bfafc6c00, 0x0000019bfdffe2d0, 0x0000019bfe0713c0,
0x0000019bfdfb9250, 0x0000019bfe5eb2a0, 0x0000019bfe5f0940, 0x0000019b8801fbb0,
0x0000019bfe606390, 0x0000019b88248680, 0x0000019b8824a360, 0x0000019b88249e90,
0x0000019b882481b0
}

Java Threads: ( => current thread )
  0x0000019bd11850d0 JavaThread "main" [_thread_blocked, id=22832, stack(0x0000004baa700000,0x0000004baa800000)]
  0x0000019bfafde050 JavaThread "Reference Handler" daemon [_thread_blocked, id=10392, stack(0x0000004baae00000,0x0000004baaf00000)]
  0x0000019bfafde9f0 JavaThread "Finalizer" daemon [_thread_blocked, id=30368, stack(0x0000004baaf00000,0x0000004bab000000)]
  0x0000019bfaffa690 JavaThread "Attach Listener" daemon [_thread_blocked, id=13960, stack(0x0000004bab100000,0x0000004bab200000)]
  0x0000019bfaffb030 JavaThread "Service Thread" daemon [_thread_blocked, id=5740, stack(0x0000004bab200000,0x0000004bab300000)]
  0x0000019bfaffeed0 JavaThread "Monitor Deflation Thread" daemon [_thread_blocked, id=28516, stack(0x0000004bab300000,0x0000004bab400000)]
  0x0000019bfaffffb0 JavaThread "C2 CompilerThread0" daemon [_thread_blocked, id=16728, stack(0x0000004bab400000,0x0000004bab500000)]
  0x0000019bfb0099b0 JavaThread "C1 CompilerThread0" daemon [_thread_blocked, id=29340, stack(0x0000004bab500000,0x0000004bab600000)]
  0x0000019bfb02d670 JavaThread "Sweeper thread" daemon [_thread_blocked, id=18676, stack(0x0000004bab600000,0x0000004bab700000)]
  0x0000019bfafc6c00 JavaThread "Common-Cleaner" daemon [_thread_blocked, id=25248, stack(0x0000004bab700000,0x0000004bab800000)]
  0x0000019bfdffe2d0 JavaThread "Monitor Ctrl-Break" daemon [_thread_in_native, id=15176, stack(0x0000004baba00000,0x0000004babb00000)]
  0x0000019bfe0713c0 JavaThread "Notification Thread" daemon [_thread_blocked, id=17008, stack(0x0000004babb00000,0x0000004babc00000)]
  0x0000019bfdfb9250 JavaThread "QuantumRenderer-0" daemon [_thread_blocked, id=24428, stack(0x0000004babd00000,0x0000004babe00000)]
  0x0000019bfe5eb2a0 JavaThread "InvokeLaterDispatcher" daemon [_thread_blocked, id=30308, stack(0x0000004babe00000,0x0000004babf00000)]
  0x0000019bfe5f0940 JavaThread "JavaFX Application Thread" [_thread_in_native, id=6972, stack(0x0000004babf00000,0x0000004bac000000)]
  0x0000019b8801fbb0 JavaThread "Thread-2" daemon [_thread_in_native, id=6812, stack(0x0000004bac300000,0x0000004bac400000)]
  0x0000019bfe606390 JavaThread "JavaFX-Launcher" [_thread_blocked, id=21556, stack(0x0000004bac400000,0x0000004bac500000)]
  0x0000019b88248680 JavaThread "Prism Font Disposer" daemon [_thread_blocked, id=29964, stack(0x0000004bad100000,0x0000004bad200000)]
  0x0000019b8824a360 JavaThread "Cleaner-0" daemon [_thread_blocked, id=2608, stack(0x0000004bad200000,0x0000004bad300000)]
  0x0000019b88249e90 JavaThread "mysql-cj-abandoned-connection-cleanup" daemon [_thread_blocked, id=26264, stack(0x0000004bab800000,0x0000004bab900000)]
  0x0000019b882481b0 JavaThread "SIGINT handler" daemon [_thread_blocked, id=7880, stack(0x0000004baa400000,0x0000004baa500000)]

Other Threads:
=>0x0000019bfae507c0 VMThread "VM Thread" [stack: 0x0000004baad00000,0x0000004baae00000] [id=9336]
  0x0000019bd1230930 WorkerThread "GC Thread#0" [stack: 0x0000004baa800000,0x0000004baa900000] [id=14000]
  0x0000019bfe785830 WorkerThread "GC Thread#1" [stack: 0x0000004bac500000,0x0000004bac600000] [id=22416]
  0x0000019bfe7862b0 WorkerThread "GC Thread#2" [stack: 0x0000004bac600000,0x0000004bac700000] [id=20540]
  0x0000019bfe785ad0 WorkerThread "GC Thread#3" [stack: 0x0000004bac700000,0x0000004bac800000] [id=24392]
  0x0000019bfe785d70 WorkerThread "GC Thread#4" [stack: 0x0000004bac800000,0x0000004bac900000] [id=23636]
  0x0000019b88176c30 WorkerThread "GC Thread#5" [stack: 0x0000004bac900000,0x0000004baca00000] [id=22612]
  0x0000019b881761b0 WorkerThread "GC Thread#6" [stack: 0x0000004baca00000,0x0000004bacb00000] [id=19900]
  0x0000019b881751f0 WorkerThread "GC Thread#7" [stack: 0x0000004bacb00000,0x0000004bacc00000] [id=17304]
  0x0000019b881776b0 WorkerThread "GC Thread#8" [stack: 0x0000004bacc00000,0x0000004bacd00000] [id=9912]
  0x0000019b88178bb0 WorkerThread "GC Thread#9" [stack: 0x0000004bacd00000,0x0000004bace00000] [id=20380]
  0x0000019bfae34020 ConcurrentGCThread "G1 Main Marker" terminated
  0x0000019bfae34a10 WorkerThread "G1 Conc#0" [stack: 0x0000004baaa00000,0x0000004baab00000] [id=15948]
  0x0000019bfae8dee0 ConcurrentGCThread "G1 Refine#0" terminated
  0x0000019b88573040 ConcurrentGCThread "G1 Refine#1" terminated
  0x0000019b884941f0 ConcurrentGCThread "G1 Refine#2" terminated
  0x0000019bfae8f800 ConcurrentGCThread "G1 Service" terminated

Threads with active compile tasks:

VM state: at safepoint (shutting down)

VM Mutex/Monitor currently owned by a thread:  ([mutex/lock_event])
[0x0000019bd1182d60] Threads_lock - owner thread: 0x0000019bfae507c0
[0x0000019bd1183a50] Heap_lock - owner thread: 0x0000019b882481b0

Heap address: 0x0000000603400000, size: 8140 MB, Compressed Oops mode: Zero based, Oop shift amount: 3

CDS archive(s) mapped at: [0x0000000800000000-0x0000000800ba0000-0x0000000800ba0000), size 12189696, SharedBaseAddress: 0x0000000800000000, ArchiveRelocationMode: 0.
Compressed class space mapped at: 0x0000000800c00000-0x0000000840c00000, reserved size: 1073741824
Narrow klass base: 0x0000000800000000, Narrow klass shift: 0, Narrow klass range: 0x100000000

GC Precious Log:
 CardTable entry size: 512
 Card Set container configuration: InlinePtr #cards 4 size 8 Array Of Cards #cards 32 size 80 Howl #buckets 8 coarsen threshold 7372 Howl Bitmap #cards 1024 size 144 coarsen threshold 921 Card regions per heap region 1 cards per card region 8192
 CPUs: 12 total, 12 available
 Memory: 32547M
 Large Page Support: Disabled
 NUMA Support: Disabled
 Compressed Oops: Enabled (Zero based)
 Heap Region Size: 4M
 Heap Min Capacity: 8M
 Heap Initial Capacity: 512M
 Heap Max Capacity: 8140M
 Pre-touch: Disabled
 Parallel Workers: 10
 Concurrent Workers: 3
 Concurrent Refinement Workers: 10
 Periodic GC: Disabled

Heap:
 garbage-first heap   total 524288K, used 22677K [0x0000000603400000, 0x0000000800000000)
  region size 4096K, 6 young (24576K), 2 survivors (8192K)
 Metaspace       used 18871K, committed 19200K, reserved 1114112K
  class space    used 2491K, committed 2624K, reserved 1048576K

Heap Regions: E=young(eden), S=young(survivor), O=old, HS=humongous(starts), HC=humongous(continues), CS=collection set, F=free, OA=open archive, CA=closed archive, TAMS=top-at-mark-start (previous, next)
|   0|0x0000000603400000, 0x0000000603625400, 0x0000000603800000| 53%| O|  |TAMS 0x0000000603400000, 0x0000000603400000| Untracked 
|   1|0x0000000603800000, 0x0000000603800000, 0x0000000603c00000|  0%| F|  |TAMS 0x0000000603800000, 0x0000000603800000| Untracked 
|   2|0x0000000603c00000, 0x0000000603c00000, 0x0000000604000000|  0%| F|  |TAMS 0x0000000603c00000, 0x0000000603c00000| Untracked 
|   3|0x0000000604000000, 0x0000000604000000, 0x0000000604400000|  0%| F|  |TAMS 0x0000000604000000, 0x0000000604000000| Untracked 
|   4|0x0000000604400000, 0x0000000604400000, 0x0000000604800000|  0%| F|  |TAMS 0x0000000604400000, 0x0000000604400000| Untracked 
|   5|0x0000000604800000, 0x0000000604800000, 0x0000000604c00000|  0%| F|  |TAMS 0x0000000604800000, 0x0000000604800000| Untracked 
|   6|0x0000000604c00000, 0x0000000604c00000, 0x0000000605000000|  0%| F|  |TAMS 0x0000000604c00000, 0x0000000604c00000| Untracked 
|   7|0x0000000605000000, 0x0000000605000000, 0x0000000605400000|  0%| F|  |TAMS 0x0000000605000000, 0x0000000605000000| Untracked 
|   8|0x0000000605400000, 0x0000000605400000, 0x0000000605800000|  0%| F|  |TAMS 0x0000000605400000, 0x0000000605400000| Untracked 
|   9|0x0000000605800000, 0x0000000605800000, 0x0000000605c00000|  0%| F|  |TAMS 0x0000000605800000, 0x0000000605800000| Untracked 
|  10|0x0000000605c00000, 0x0000000605c00000, 0x0000000606000000|  0%| F|  |TAMS 0x0000000605c00000, 0x0000000605c00000| Untracked 
|  11|0x0000000606000000, 0x0000000606000000, 0x0000000606400000|  0%| F|  |TAMS 0x0000000606000000, 0x0000000606000000| Untracked 
|  12|0x0000000606400000, 0x0000000606400000, 0x0000000606800000|  0%| F|  |TAMS 0x0000000606400000, 0x0000000606400000| Untracked 
|  13|0x0000000606800000, 0x0000000606800000, 0x0000000606c00000|  0%| F|  |TAMS 0x0000000606800000, 0x0000000606800000| Untracked 
|  14|0x0000000606c00000, 0x0000000606c00000, 0x0000000607000000|  0%| F|  |TAMS 0x0000000606c00000, 0x0000000606c00000| Untracked 
|  15|0x0000000607000000, 0x0000000607000000, 0x0000000607400000|  0%| F|  |TAMS 0x0000000607000000, 0x0000000607000000| Untracked 
|  16|0x0000000607400000, 0x0000000607400000, 0x0000000607800000|  0%| F|  |TAMS 0x0000000607400000, 0x0000000607400000| Untracked 
|  17|0x0000000607800000, 0x0000000607800000, 0x0000000607c00000|  0%| F|  |TAMS 0x0000000607800000, 0x0000000607800000| Untracked 
|  18|0x0000000607c00000, 0x0000000607c00000, 0x0000000608000000|  0%| F|  |TAMS 0x0000000607c00000, 0x0000000607c00000| Untracked 
|  19|0x0000000608000000, 0x0000000608000000, 0x0000000608400000|  0%| F|  |TAMS 0x0000000608000000, 0x0000000608000000| Untracked 
|  20|0x0000000608400000, 0x0000000608400000, 0x0000000608800000|  0%| F|  |TAMS 0x0000000608400000, 0x0000000608400000| Untracked 
|  21|0x0000000608800000, 0x0000000608800000, 0x0000000608c00000|  0%| F|  |TAMS 0x0000000608800000, 0x0000000608800000| Untracked 
|  22|0x0000000608c00000, 0x0000000608c00000, 0x0000000609000000|  0%| F|  |TAMS 0x0000000608c00000, 0x0000000608c00000| Untracked 
|  23|0x0000000609000000, 0x0000000609000000, 0x0000000609400000|  0%| F|  |TAMS 0x0000000609000000, 0x0000000609000000| Untracked 
|  24|0x0000000609400000, 0x0000000609400000, 0x0000000609800000|  0%| F|  |TAMS 0x0000000609400000, 0x0000000609400000| Untracked 
|  25|0x0000000609800000, 0x0000000609800000, 0x0000000609c00000|  0%| F|  |TAMS 0x0000000609800000, 0x0000000609800000| Untracked 
|  26|0x0000000609c00000, 0x0000000609c00000, 0x000000060a000000|  0%| F|  |TAMS 0x0000000609c00000, 0x0000000609c00000| Untracked 
|  27|0x000000060a000000, 0x000000060a000000, 0x000000060a400000|  0%| F|  |TAMS 0x000000060a000000, 0x000000060a000000| Untracked 
|  28|0x000000060a400000, 0x000000060a400000, 0x000000060a800000|  0%| F|  |TAMS 0x000000060a400000, 0x000000060a400000| Untracked 
|  29|0x000000060a800000, 0x000000060a800000, 0x000000060ac00000|  0%| F|  |TAMS 0x000000060a800000, 0x000000060a800000| Untracked 
|  30|0x000000060ac00000, 0x000000060ac00000, 0x000000060b000000|  0%| F|  |TAMS 0x000000060ac00000, 0x000000060ac00000| Untracked 
|  31|0x000000060b000000, 0x000000060b000000, 0x000000060b400000|  0%| F|  |TAMS 0x000000060b000000, 0x000000060b000000| Untracked 
|  32|0x000000060b400000, 0x000000060b400000, 0x000000060b800000|  0%| F|  |TAMS 0x000000060b400000, 0x000000060b400000| Untracked 
|  33|0x000000060b800000, 0x000000060b800000, 0x000000060bc00000|  0%| F|  |TAMS 0x000000060b800000, 0x000000060b800000| Untracked 
|  34|0x000000060bc00000, 0x000000060bc00000, 0x000000060c000000|  0%| F|  |TAMS 0x000000060bc00000, 0x000000060bc00000| Untracked 
|  35|0x000000060c000000, 0x000000060c000000, 0x000000060c400000|  0%| F|  |TAMS 0x000000060c000000, 0x000000060c000000| Untracked 
|  36|0x000000060c400000, 0x000000060c400000, 0x000000060c800000|  0%| F|  |TAMS 0x000000060c400000, 0x000000060c400000| Untracked 
|  37|0x000000060c800000, 0x000000060c800000, 0x000000060cc00000|  0%| F|  |TAMS 0x000000060c800000, 0x000000060c800000| Untracked 
|  38|0x000000060cc00000, 0x000000060cc00000, 0x000000060d000000|  0%| F|  |TAMS 0x000000060cc00000, 0x000000060cc00000| Untracked 
|  39|0x000000060d000000, 0x000000060d000000, 0x000000060d400000|  0%| F|  |TAMS 0x000000060d000000, 0x000000060d000000| Untracked 
|  40|0x000000060d400000, 0x000000060d400000, 0x000000060d800000|  0%| F|  |TAMS 0x000000060d400000, 0x000000060d400000| Untracked 
|  41|0x000000060d800000, 0x000000060d800000, 0x000000060dc00000|  0%| F|  |TAMS 0x000000060d800000, 0x000000060d800000| Untracked 
|  42|0x000000060dc00000, 0x000000060dc00000, 0x000000060e000000|  0%| F|  |TAMS 0x000000060dc00000, 0x000000060dc00000| Untracked 
|  43|0x000000060e000000, 0x000000060e000000, 0x000000060e400000|  0%| F|  |TAMS 0x000000060e000000, 0x000000060e000000| Untracked 
|  44|0x000000060e400000, 0x000000060e400000, 0x000000060e800000|  0%| F|  |TAMS 0x000000060e400000, 0x000000060e400000| Untracked 
|  45|0x000000060e800000, 0x000000060e800000, 0x000000060ec00000|  0%| F|  |TAMS 0x000000060e800000, 0x000000060e800000| Untracked 
|  46|0x000000060ec00000, 0x000000060ec00000, 0x000000060f000000|  0%| F|  |TAMS 0x000000060ec00000, 0x000000060ec00000| Untracked 
|  47|0x000000060f000000, 0x000000060f000000, 0x000000060f400000|  0%| F|  |TAMS 0x000000060f000000, 0x000000060f000000| Untracked 
|  48|0x000000060f400000, 0x000000060f400000, 0x000000060f800000|  0%| F|  |TAMS 0x000000060f400000, 0x000000060f400000| Untracked 
|  49|0x000000060f800000, 0x000000060f800000, 0x000000060fc00000|  0%| F|  |TAMS 0x000000060f800000, 0x000000060f800000| Untracked 
|  50|0x000000060fc00000, 0x000000060fc00000, 0x0000000610000000|  0%| F|  |TAMS 0x000000060fc00000, 0x000000060fc00000| Untracked 
|  51|0x0000000610000000, 0x0000000610000000, 0x0000000610400000|  0%| F|  |TAMS 0x0000000610000000, 0x0000000610000000| Untracked 
|  52|0x0000000610400000, 0x0000000610400000, 0x0000000610800000|  0%| F|  |TAMS 0x0000000610400000, 0x0000000610400000| Untracked 
|  53|0x0000000610800000, 0x0000000610800000, 0x0000000610c00000|  0%| F|  |TAMS 0x0000000610800000, 0x0000000610800000| Untracked 
|  54|0x0000000610c00000, 0x0000000610c00000, 0x0000000611000000|  0%| F|  |TAMS 0x0000000610c00000, 0x0000000610c00000| Untracked 
|  55|0x0000000611000000, 0x0000000611000000, 0x0000000611400000|  0%| F|  |TAMS 0x0000000611000000, 0x0000000611000000| Untracked 
|  56|0x0000000611400000, 0x0000000611400000, 0x0000000611800000|  0%| F|  |TAMS 0x0000000611400000, 0x0000000611400000| Untracked 
|  57|0x0000000611800000, 0x0000000611800000, 0x0000000611c00000|  0%| F|  |TAMS 0x0000000611800000, 0x0000000611800000| Untracked 
|  58|0x0000000611c00000, 0x0000000611c00000, 0x0000000612000000|  0%| F|  |TAMS 0x0000000611c00000, 0x0000000611c00000| Untracked 
|  59|0x0000000612000000, 0x0000000612000000, 0x0000000612400000|  0%| F|  |TAMS 0x0000000612000000, 0x0000000612000000| Untracked 
|  60|0x0000000612400000, 0x0000000612400000, 0x0000000612800000|  0%| F|  |TAMS 0x0000000612400000, 0x0000000612400000| Untracked 
|  61|0x0000000612800000, 0x0000000612800000, 0x0000000612c00000|  0%| F|  |TAMS 0x0000000612800000, 0x0000000612800000| Untracked 
|  62|0x0000000612c00000, 0x0000000612c00000, 0x0000000613000000|  0%| F|  |TAMS 0x0000000612c00000, 0x0000000612c00000| Untracked 
|  63|0x0000000613000000, 0x0000000613000000, 0x0000000613400000|  0%| F|  |TAMS 0x0000000613000000, 0x0000000613000000| Untracked 
|  64|0x0000000613400000, 0x0000000613400000, 0x0000000613800000|  0%| F|  |TAMS 0x0000000613400000, 0x0000000613400000| Untracked 
|  65|0x0000000613800000, 0x0000000613800000, 0x0000000613c00000|  0%| F|  |TAMS 0x0000000613800000, 0x0000000613800000| Untracked 
|  66|0x0000000613c00000, 0x0000000613c00000, 0x0000000614000000|  0%| F|  |TAMS 0x0000000613c00000, 0x0000000613c00000| Untracked 
|  67|0x0000000614000000, 0x0000000614000000, 0x0000000614400000|  0%| F|  |TAMS 0x0000000614000000, 0x0000000614000000| Untracked 
|  68|0x0000000614400000, 0x0000000614400000, 0x0000000614800000|  0%| F|  |TAMS 0x0000000614400000, 0x0000000614400000| Untracked 
|  69|0x0000000614800000, 0x0000000614800000, 0x0000000614c00000|  0%| F|  |TAMS 0x0000000614800000, 0x0000000614800000| Untracked 
|  70|0x0000000614c00000, 0x0000000614c00000, 0x0000000615000000|  0%| F|  |TAMS 0x0000000614c00000, 0x0000000614c00000| Untracked 
|  71|0x0000000615000000, 0x0000000615000000, 0x0000000615400000|  0%| F|  |TAMS 0x0000000615000000, 0x0000000615000000| Untracked 
|  72|0x0000000615400000, 0x0000000615400000, 0x0000000615800000|  0%| F|  |TAMS 0x0000000615400000, 0x0000000615400000| Untracked 
|  73|0x0000000615800000, 0x0000000615800000, 0x0000000615c00000|  0%| F|  |TAMS 0x0000000615800000, 0x0000000615800000| Untracked 
|  74|0x0000000615c00000, 0x0000000615c00000, 0x0000000616000000|  0%| F|  |TAMS 0x0000000615c00000, 0x0000000615c00000| Untracked 
|  75|0x0000000616000000, 0x0000000616000000, 0x0000000616400000|  0%| F|  |TAMS 0x0000000616000000, 0x0000000616000000| Untracked 
|  76|0x0000000616400000, 0x0000000616400000, 0x0000000616800000|  0%| F|  |TAMS 0x0000000616400000, 0x0000000616400000| Untracked 
|  77|0x0000000616800000, 0x0000000616800000, 0x0000000616c00000|  0%| F|  |TAMS 0x0000000616800000, 0x0000000616800000| Untracked 
|  78|0x0000000616c00000, 0x0000000616c00000, 0x0000000617000000|  0%| F|  |TAMS 0x0000000616c00000, 0x0000000616c00000| Untracked 
|  79|0x0000000617000000, 0x0000000617000000, 0x0000000617400000|  0%| F|  |TAMS 0x0000000617000000, 0x0000000617000000| Untracked 
|  80|0x0000000617400000, 0x0000000617400000, 0x0000000617800000|  0%| F|  |TAMS 0x0000000617400000, 0x0000000617400000| Untracked 
|  81|0x0000000617800000, 0x0000000617800000, 0x0000000617c00000|  0%| F|  |TAMS 0x0000000617800000, 0x0000000617800000| Untracked 
|  82|0x0000000617c00000, 0x0000000617c00000, 0x0000000618000000|  0%| F|  |TAMS 0x0000000617c00000, 0x0000000617c00000| Untracked 
|  83|0x0000000618000000, 0x0000000618000000, 0x0000000618400000|  0%| F|  |TAMS 0x0000000618000000, 0x0000000618000000| Untracked 
|  84|0x0000000618400000, 0x0000000618400000, 0x0000000618800000|  0%| F|  |TAMS 0x0000000618400000, 0x0000000618400000| Untracked 
|  85|0x0000000618800000, 0x0000000618800000, 0x0000000618c00000|  0%| F|  |TAMS 0x0000000618800000, 0x0000000618800000| Untracked 
|  86|0x0000000618c00000, 0x0000000618c00000, 0x0000000619000000|  0%| F|  |TAMS 0x0000000618c00000, 0x0000000618c00000| Untracked 
|  87|0x0000000619000000, 0x0000000619000000, 0x0000000619400000|  0%| F|  |TAMS 0x0000000619000000, 0x0000000619000000| Untracked 
|  88|0x0000000619400000, 0x0000000619400000, 0x0000000619800000|  0%| F|  |TAMS 0x0000000619400000, 0x0000000619400000| Untracked 
|  89|0x0000000619800000, 0x0000000619800000, 0x0000000619c00000|  0%| F|  |TAMS 0x0000000619800000, 0x0000000619800000| Untracked 
|  90|0x0000000619c00000, 0x0000000619c00000, 0x000000061a000000|  0%| F|  |TAMS 0x0000000619c00000, 0x0000000619c00000| Untracked 
|  91|0x000000061a000000, 0x000000061a000000, 0x000000061a400000|  0%| F|  |TAMS 0x000000061a000000, 0x000000061a000000| Untracked 
|  92|0x000000061a400000, 0x000000061a400000, 0x000000061a800000|  0%| F|  |TAMS 0x000000061a400000, 0x000000061a400000| Untracked 
|  93|0x000000061a800000, 0x000000061a800000, 0x000000061ac00000|  0%| F|  |TAMS 0x000000061a800000, 0x000000061a800000| Untracked 
|  94|0x000000061ac00000, 0x000000061ac00000, 0x000000061b000000|  0%| F|  |TAMS 0x000000061ac00000, 0x000000061ac00000| Untracked 
|  95|0x000000061b000000, 0x000000061b000000, 0x000000061b400000|  0%| F|  |TAMS 0x000000061b000000, 0x000000061b000000| Untracked 
|  96|0x000000061b400000, 0x000000061b400000, 0x000000061b800000|  0%| F|  |TAMS 0x000000061b400000, 0x000000061b400000| Untracked 
|  97|0x000000061b800000, 0x000000061b800000, 0x000000061bc00000|  0%| F|  |TAMS 0x000000061b800000, 0x000000061b800000| Untracked 
|  98|0x000000061bc00000, 0x000000061bc00000, 0x000000061c000000|  0%| F|  |TAMS 0x000000061bc00000, 0x000000061bc00000| Untracked 
|  99|0x000000061c000000, 0x000000061c000000, 0x000000061c400000|  0%| F|  |TAMS 0x000000061c000000, 0x000000061c000000| Untracked 
| 100|0x000000061c400000, 0x000000061c400000, 0x000000061c800000|  0%| F|  |TAMS 0x000000061c400000, 0x000000061c400000| Untracked 
| 101|0x000000061c800000, 0x000000061c800000, 0x000000061cc00000|  0%| F|  |TAMS 0x000000061c800000, 0x000000061c800000| Untracked 
| 102|0x000000061cc00000, 0x000000061cc00000, 0x000000061d000000|  0%| F|  |TAMS 0x000000061cc00000, 0x000000061cc00000| Untracked 
| 103|0x000000061d000000, 0x000000061d000000, 0x000000061d400000|  0%| F|  |TAMS 0x000000061d000000, 0x000000061d000000| Untracked 
| 104|0x000000061d400000, 0x000000061d400000, 0x000000061d800000|  0%| F|  |TAMS 0x000000061d400000, 0x000000061d400000| Untracked 
| 105|0x000000061d800000, 0x000000061d800000, 0x000000061dc00000|  0%| F|  |TAMS 0x000000061d800000, 0x000000061d800000| Untracked 
| 106|0x000000061dc00000, 0x000000061dc00000, 0x000000061e000000|  0%| F|  |TAMS 0x000000061dc00000, 0x000000061dc00000| Untracked 
| 107|0x000000061e000000, 0x000000061e000000, 0x000000061e400000|  0%| F|  |TAMS 0x000000061e000000, 0x000000061e000000| Untracked 
| 108|0x000000061e400000, 0x000000061e400000, 0x000000061e800000|  0%| F|  |TAMS 0x000000061e400000, 0x000000061e400000| Untracked 
| 109|0x000000061e800000, 0x000000061e800000, 0x000000061ec00000|  0%| F|  |TAMS 0x000000061e800000, 0x000000061e800000| Untracked 
| 110|0x000000061ec00000, 0x000000061ec00000, 0x000000061f000000|  0%| F|  |TAMS 0x000000061ec00000, 0x000000061ec00000| Untracked 
| 111|0x000000061f000000, 0x000000061f000000, 0x000000061f400000|  0%| F|  |TAMS 0x000000061f000000, 0x000000061f000000| Untracked 
| 112|0x000000061f400000, 0x000000061f400000, 0x000000061f800000|  0%| F|  |TAMS 0x000000061f400000, 0x000000061f400000| Untracked 
| 113|0x000000061f800000, 0x000000061f800000, 0x000000061fc00000|  0%| F|  |TAMS 0x000000061f800000, 0x000000061f800000| Untracked 
| 114|0x000000061fc00000, 0x000000061fc00000, 0x0000000620000000|  0%| F|  |TAMS 0x000000061fc00000, 0x000000061fc00000| Untracked 
| 115|0x0000000620000000, 0x0000000620400000, 0x0000000620400000|100%| S|CS|TAMS 0x0000000620000000, 0x0000000620000000| Complete 
| 116|0x0000000620400000, 0x0000000620800000, 0x0000000620800000|100%| S|CS|TAMS 0x0000000620400000, 0x0000000620400000| Complete 
| 117|0x0000000620800000, 0x0000000620800000, 0x0000000620c00000|  0%| F|  |TAMS 0x0000000620800000, 0x0000000620800000| Untracked 
| 118|0x0000000620c00000, 0x0000000620c00000, 0x0000000621000000|  0%| F|  |TAMS 0x0000000620c00000, 0x0000000620c00000| Untracked 
| 119|0x0000000621000000, 0x0000000621000000, 0x0000000621400000|  0%| F|  |TAMS 0x0000000621000000, 0x0000000621000000| Untracked 
| 120|0x0000000621400000, 0x0000000621400000, 0x0000000621800000|  0%| F|  |TAMS 0x0000000621400000, 0x0000000621400000| Untracked 
| 121|0x0000000621800000, 0x0000000621800000, 0x0000000621c00000|  0%| F|  |TAMS 0x0000000621800000, 0x0000000621800000| Untracked 
| 122|0x0000000621c00000, 0x0000000621c00000, 0x0000000622000000|  0%| F|  |TAMS 0x0000000621c00000, 0x0000000621c00000| Untracked 
| 123|0x0000000622000000, 0x0000000622000000, 0x0000000622400000|  0%| F|  |TAMS 0x0000000622000000, 0x0000000622000000| Untracked 
| 124|0x0000000622400000, 0x0000000622459440, 0x0000000622800000|  8%| E|  |TAMS 0x0000000622400000, 0x0000000622400000| Complete 
| 125|0x0000000622800000, 0x0000000622c00000, 0x0000000622c00000|100%| E|CS|TAMS 0x0000000622800000, 0x0000000622800000| Complete 
| 126|0x0000000622c00000, 0x0000000623000000, 0x0000000623000000|100%| E|CS|TAMS 0x0000000622c00000, 0x0000000622c00000| Complete 
| 127|0x0000000623000000, 0x0000000623400000, 0x0000000623400000|100%| E|CS|TAMS 0x0000000623000000, 0x0000000623000000| Complete 

Card table byte_map: [0x0000019be8ff0000,0x0000019be9fe0000] _byte_map_base: 0x0000019be5fd6000

Marking Bits (Prev, Next): (CMBitMap*) 0x0000019bd1230f30, (CMBitMap*) 0x0000019bd1230f70
 Prev Bits: [0x0000019beafd0000, 0x0000019bf2f00000)
 Next Bits: [0x0000019bf2f00000, 0x0000019bfae30000)

Polling page: 0x0000019bcf0d0000

Metaspace:

Usage:
  Non-class:     16.00 MB used.
      Class:      2.43 MB used.
       Both:     18.43 MB used.

Virtual space:
  Non-class space:       64.00 MB reserved,      16.19 MB ( 25%) committed,  1 nodes.
      Class space:        1.00 GB reserved,       2.56 MB ( <1%) committed,  1 nodes.
             Both:        1.06 GB reserved,      18.75 MB (  2%) committed. 

Chunk freelists:
   Non-Class:  3.59 MB
       Class:  1.47 MB
        Both:  5.06 MB

MaxMetaspaceSize: unlimited
CompressedClassSpaceSize: 1.00 GB
Initial GC threshold: 21.00 MB
Current GC threshold: 21.00 MB
CDS: on
MetaspaceReclaimPolicy: balanced
 - commit_granule_bytes: 65536.
 - commit_granule_words: 8192.
 - virtual_space_node_default_size: 8388608.
 - enlarge_chunks_in_place: 1.
 - new_chunks_are_fully_committed: 0.
 - uncommit_free_chunks: 1.
 - use_allocation_guard: 0.


Internal statistics:

num_allocs_failed_limit: 0.
num_arena_births: 332.
num_arena_deaths: 0.
num_vsnodes_births: 2.
num_vsnodes_deaths: 0.
num_space_committed: 300.
num_space_uncommitted: 0.
num_chunks_returned_to_freelist: 0.
num_chunks_taken_from_freelist: 916.
num_chunk_merges: 0.
num_chunk_splits: 643.
num_chunks_enlarged: 502.
num_inconsistent_stats: 0.

CodeHeap 'non-profiled nmethods': size=120000Kb used=1129Kb max_used=1129Kb free=118870Kb
 bounds [0x0000019be0580000, 0x0000019be07f0000, 0x0000019be7ab0000]
CodeHeap 'profiled nmethods': size=120000Kb used=5739Kb max_used=5739Kb free=114260Kb
 bounds [0x0000019bd9050000, 0x0000019bd95f0000, 0x0000019be0580000]
CodeHeap 'non-nmethods': size=5760Kb used=1485Kb max_used=1507Kb free=4274Kb
 bounds [0x0000019bd8ab0000, 0x0000019bd8d20000, 0x0000019bd9050000]
 total_blobs=3938 nmethods=3099 adapters=749
 compilation: enabled
              stopped_count=0, restarted_count=0
 full_count=0

Compilation events (20 events):
Event: 5.535 Thread 0x0000019bfb0099b0 3091       3       com.sun.prism.impl.ps.BaseShaderGraphics::setPaint (47 bytes)
Event: 5.536 Thread 0x0000019bfb0099b0 nmethod 3091 0x0000019bd95e5f10 code [0x0000019bd95e60e0, 0x0000019bd95e6568]
Event: 5.536 Thread 0x0000019bfb0099b0 3092       3       com.sun.prism.impl.BaseGraphics::setPaint (10 bytes)
Event: 5.536 Thread 0x0000019bfb0099b0 nmethod 3092 0x0000019bd95e6710 code [0x0000019bd95e68c0, 0x0000019bd95e6a48]
Event: 6.078 Thread 0x0000019bfb0099b0 3093       3       com.sun.javafx.scene.input.PickResultChooser::computePoint (55 bytes)
Event: 6.078 Thread 0x0000019bfb0099b0 nmethod 3093 0x0000019bd95e6b10 code [0x0000019bd95e6cc0, 0x0000019bd95e6f78]
Event: 6.078 Thread 0x0000019bfb0099b0 3094       3       com.sun.javafx.scene.input.PickResultChooser::offer (13 bytes)
Event: 6.078 Thread 0x0000019bfb0099b0 nmethod 3094 0x0000019bd95e7110 code [0x0000019bd95e72c0, 0x0000019bd95e7428]
Event: 70.432 Thread 0x0000019bfb0099b0 3095  s!   3       jdk.internal.loader.URLClassPath::getLoader (194 bytes)
Event: 70.433 Thread 0x0000019bfb0099b0 nmethod 3095 0x0000019bd95e7510 code [0x0000019bd95e7800, 0x0000019bd95e8a98]
Event: 85.665 Thread 0x0000019bfaffffb0 3096       4       com.sun.javafx.tk.quantum.QuantumToolkit::postPulse (133 bytes)
Event: 85.666 Thread 0x0000019bfaffffb0 nmethod 3096 0x0000019be0699b10 code [0x0000019be0699ca0, 0x0000019be0699e68]
Event: 86.409 Thread 0x0000019bfaffffb0 3097       4       com.sun.javafx.tk.quantum.QuantumToolkit$$Lambda$102/0x0000000800c398c0::run (8 bytes)
Event: 86.411 Thread 0x0000019bfaffffb0 nmethod 3097 0x0000019be069a090 code [0x0000019be069a240, 0x0000019be069a478]
Event: 90.476 Thread 0x0000019bfb0099b0 3098   !   3       jdk.internal.loader.URLClassPath$JarLoader::ensureOpen (36 bytes)
Event: 90.476 Thread 0x0000019bfb0099b0 nmethod 3098 0x0000019bd95e9210 code [0x0000019bd95e93e0, 0x0000019bd95e98d8]
Event: 100.481 Thread 0x0000019bfb0099b0 3099   !   3       jdk.internal.loader.URLClassPath$JarLoader::getResource (65 bytes)
Event: 100.482 Thread 0x0000019bfb0099b0 nmethod 3099 0x0000019bd95e9a90 code [0x0000019bd95e9ce0, 0x0000019bd95ea768]
Event: 113.800 Thread 0x0000019bfb0099b0 3100       3       java.lang.StringBuilder::append (8 bytes)
Event: 113.800 Thread 0x0000019bfb0099b0 nmethod 3100 0x0000019bd95eaa90 code [0x0000019bd95eac20, 0x0000019bd95ead68]

GC Heap History (4 events):
Event: 0.432 GC heap before
{Heap before GC invocations=0 (full 0):
 garbage-first heap   total 524288K, used 20480K [0x0000000603400000, 0x0000000800000000)
  region size 4096K, 6 young (24576K), 0 survivors (0K)
 Metaspace       used 5235K, committed 5440K, reserved 1114112K
  class space    used 607K, committed 704K, reserved 1048576K
}
Event: 0.437 GC heap after
{Heap after GC invocations=1 (full 0):
 garbage-first heap   total 524288K, used 3064K [0x0000000603400000, 0x0000000800000000)
  region size 4096K, 1 young (4096K), 1 survivors (4096K)
 Metaspace       used 5235K, committed 5440K, reserved 1114112K
  class space    used 607K, committed 704K, reserved 1048576K
}
Event: 1.995 GC heap before
{Heap before GC invocations=1 (full 0):
 garbage-first heap   total 524288K, used 44024K [0x0000000603400000, 0x0000000800000000)
  region size 4096K, 11 young (45056K), 1 survivors (4096K)
 Metaspace       used 15234K, committed 15552K, reserved 1114112K
  class space    used 2176K, committed 2304K, reserved 1048576K
}
Event: 2.000 GC heap after
{Heap after GC invocations=2 (full 0):
 garbage-first heap   total 524288K, used 10389K [0x0000000603400000, 0x0000000800000000)
  region size 4096K, 2 young (8192K), 2 survivors (8192K)
 Metaspace       used 15234K, committed 15552K, reserved 1114112K
  class space    used 2176K, committed 2304K, reserved 1048576K
}

Deoptimization events (20 events):
Event: 5.355 Thread 0x0000019bfe5f0940 DEOPT PACKING pc=0x0000019bd9285fd6 sp=0x0000004babff6b50
Event: 5.355 Thread 0x0000019bfe5f0940 DEOPT UNPACKING pc=0x0000019bd8b06763 sp=0x0000004babff5ff0 mode 0
Event: 5.356 Thread 0x0000019bfe5f0940 DEOPT PACKING pc=0x0000019bd9285fd6 sp=0x0000004babff6b50
Event: 5.356 Thread 0x0000019bfe5f0940 DEOPT UNPACKING pc=0x0000019bd8b06763 sp=0x0000004babff5ff0 mode 0
Event: 5.356 Thread 0x0000019bfe5f0940 DEOPT PACKING pc=0x0000019bd9285fd6 sp=0x0000004babff6b50
Event: 5.356 Thread 0x0000019bfe5f0940 DEOPT UNPACKING pc=0x0000019bd8b06763 sp=0x0000004babff5ff0 mode 0
Event: 5.356 Thread 0x0000019bfe5f0940 DEOPT PACKING pc=0x0000019bd9285fd6 sp=0x0000004babff6b50
Event: 5.356 Thread 0x0000019bfe5f0940 DEOPT UNPACKING pc=0x0000019bd8b06763 sp=0x0000004babff5ff0 mode 0
Event: 5.420 Thread 0x0000019bfe5f0940 Uncommon trap: trap_request=0xffffff45 fr.pc=0x0000019be05b8bc0 relative=0x00000000000000a0
Event: 5.420 Thread 0x0000019bfe5f0940 Uncommon trap: reason=unstable_if action=reinterpret pc=0x0000019be05b8bc0 method=jdk.internal.misc.Unsafe.convEndian(ZI)I @ 4 c2
Event: 5.420 Thread 0x0000019bfe5f0940 DEOPT PACKING pc=0x0000019be05b8bc0 sp=0x0000004babff9200
Event: 5.420 Thread 0x0000019bfe5f0940 DEOPT UNPACKING pc=0x0000019bd8b05c23 sp=0x0000004babff9098 mode 2
Event: 5.471 Thread 0x0000019bfe5f0940 Uncommon trap: trap_request=0xffffff45 fr.pc=0x0000019be05cd0dc relative=0x000000000000071c
Event: 5.471 Thread 0x0000019bfe5f0940 Uncommon trap: reason=unstable_if action=reinterpret pc=0x0000019be05cd0dc method=java.lang.AbstractStringBuilder.append(Ljava/lang/String;)Ljava/lang/AbstractStringBuilder; @ 1 c2
Event: 5.471 Thread 0x0000019bfe5f0940 DEOPT PACKING pc=0x0000019be05cd0dc sp=0x0000004babff9760
Event: 5.471 Thread 0x0000019bfe5f0940 DEOPT UNPACKING pc=0x0000019bd8b05c23 sp=0x0000004babff96e0 mode 2
Event: 5.471 Thread 0x0000019bfe5f0940 Uncommon trap: trap_request=0xffffff45 fr.pc=0x0000019be05d60d8 relative=0x0000000000000718
Event: 5.471 Thread 0x0000019bfe5f0940 Uncommon trap: reason=unstable_if action=reinterpret pc=0x0000019be05d60d8 method=java.lang.AbstractStringBuilder.append(Ljava/lang/String;)Ljava/lang/AbstractStringBuilder; @ 1 c2
Event: 5.471 Thread 0x0000019bfe5f0940 DEOPT PACKING pc=0x0000019be05d60d8 sp=0x0000004babff96f0
Event: 5.471 Thread 0x0000019bfe5f0940 DEOPT UNPACKING pc=0x0000019bd8b05c23 sp=0x0000004babff96d8 mode 2

Classes loaded (20 events):
Event: 5.445 Loading class sun/nio/cs/MS1250
Event: 5.446 Loading class sun/nio/cs/MS1250 done
Event: 5.446 Loading class sun/nio/cs/MS1256
Event: 5.446 Loading class sun/nio/cs/MS1256 done
Event: 5.446 Loading class sun/nio/cs/MS1257
Event: 5.446 Loading class sun/nio/cs/MS1257 done
Event: 5.448 Loading class sun/nio/cs/UTF_32
Event: 5.448 Loading class sun/nio/cs/UTF_32 done
Event: 5.489 Loading class java/util/TimerTask
Event: 5.489 Loading class java/util/TimerTask done
Event: 5.490 Loading class java/lang/StringIndexOutOfBoundsException
Event: 5.490 Loading class java/lang/StringIndexOutOfBoundsException done
Event: 5.490 Loading class java/util/RegularEnumSet$EnumSetIterator
Event: 5.491 Loading class java/util/RegularEnumSet$EnumSetIterator done
Event: 5.492 Loading class java/time/OffsetTime
Event: 5.492 Loading class java/time/OffsetTime done
Event: 5.492 Loading class java/time/OffsetDateTime
Event: 5.493 Loading class java/time/OffsetDateTime done
Event: 113.800 Loading class jdk/internal/misc/Signal$1
Event: 113.800 Loading class jdk/internal/misc/Signal$1 done

Classes unloaded (0 events):
No events

Classes redefined (0 events):
No events

Internal exceptions (20 events):
Event: 0.758 Thread 0x0000019bfe5f0940 Exception <a 'java/lang/ClassNotFoundException'{0x0000000621f5d278}: com/sun/javafx/scene/control/skin/resources/controls_ru> (0x0000000621f5d278) 
thrown [s\open\src\hotspot\share\prims\jni.cpp, line 535]
Event: 0.758 Thread 0x0000019bfe5f0940 Exception <a 'java/lang/ClassNotFoundException'{0x0000000621f5e210}: com/sun/javafx/scene/control/skin/resources/controls_ru_RU> (0x0000000621f5e210) 
thrown [s\open\src\hotspot\share\prims\jni.cpp, line 535]
Event: 0.783 Thread 0x0000019bfe5f0940 Exception <a 'java/lang/NoSuchMethodError'{0x0000000621582d60}: 'void java.lang.invoke.DirectMethodHandle$Holder.invokeSpecial(java.lang.Object, java.lang.Object, java.lang.Object, java.lang.Object, java.lang.Object, java.lang.Object)'> (0x0000000621582d60) 
thrown [s\open\src\hotspot\share\interpreter\linkResolver.cpp, line 759]
Event: 0.784 Thread 0x0000019bfe5f0940 Exception <a 'java/lang/NoSuchMethodError'{0x00000006215a3b68}: 'java.lang.Object java.lang.invoke.DirectMethodHandle$Holder.invokeInterface(java.lang.Object, java.lang.Object, java.lang.Object)'> (0x00000006215a3b68) 
thrown [s\open\src\hotspot\share\interpreter\linkResolver.cpp, line 759]
Event: 0.784 Thread 0x0000019bfe5f0940 Exception <a 'java/lang/IncompatibleClassChangeError'{0x00000006215a74e8}: Found class java.lang.Object, but interface was expected> (0x00000006215a74e8) 
thrown [s\open\src\hotspot\share\interpreter\linkResolver.cpp, line 826]
Event: 0.838 Thread 0x0000019bfe5f0940 Exception <a 'java/lang/NoSuchMethodError'{0x000000062122eac8}: 'int java.lang.invoke.DirectMethodHandle$Holder.invokeSpecial(java.lang.Object, java.lang.Object, int)'> (0x000000062122eac8) 
thrown [s\open\src\hotspot\share\interpreter\linkResolver.cpp, line 759]
Event: 0.845 Thread 0x0000019bfe5f0940 Exception <a 'java/lang/NoSuchMethodError'{0x00000006212686c8}: 'java.lang.Object java.lang.invoke.DirectMethodHandle$Holder.newInvokeSpecial(java.lang.Object, java.lang.Object, int)'> (0x00000006212686c8) 
thrown [s\open\src\hotspot\share\interpreter\linkResolver.cpp, line 759]
Event: 0.863 Thread 0x0000019bfdfb9250 Exception <a 'java/lang/NoSuchMethodError'{0x00000006213370a8}: 'int java.lang.invoke.DirectMethodHandle$Holder.invokeStaticInit(java.lang.Object, java.lang.Object)'> (0x00000006213370a8) 
thrown [s\open\src\hotspot\share\interpreter\linkResolver.cpp, line 759]
Event: 0.871 Thread 0x0000019bfe5f0940 Exception <a 'java/lang/NoSuchMethodError'{0x0000000621375c20}: 'long java.lang.invoke.DirectMethodHandle$Holder.invokeStatic(java.lang.Object, java.lang.Object, java.lang.Object)'> (0x0000000621375c20) 
thrown [s\open\src\hotspot\share\interpreter\linkResolver.cpp, line 759]
Event: 0.871 Thread 0x0000019bfe5f0940 Exception <a 'java/lang/NoSuchMethodError'{0x00000006213793c0}: 'long java.lang.invoke.DirectMethodHandle$Holder.invokeStaticInit(java.lang.Object, java.lang.Object, java.lang.Object)'> (0x00000006213793c0) 
thrown [s\open\src\hotspot\share\interpreter\linkResolver.cpp, line 759]
Event: 0.873 Thread 0x0000019bfe5f0940 Exception <a 'java/lang/NoSuchMethodError'{0x0000000620c3b260}: 'java.lang.Object java.lang.invoke.DirectMethodHandle$Holder.newInvokeSpecial(java.lang.Object, java.lang.Object, long)'> (0x0000000620c3b260) 
thrown [s\open\src\hotspot\share\interpreter\linkResolver.cpp, line 759]
Event: 0.873 Thread 0x0000019bfe5f0940 Exception <a 'java/lang/NoSuchMethodError'{0x0000000620c3edd8}: 'java.lang.Object java.lang.invoke.Invokers$Holder.linkToTargetMethod(java.lang.Object, long, java.lang.Object)'> (0x0000000620c3edd8) 
thrown [s\open\src\hotspot\share\interpreter\linkResolver.cpp, line 759]
Event: 2.891 Thread 0x0000019bfe5f0940 Exception <a 'java/lang/NoSuchMethodError'{0x00000006231201a0}: 'java.lang.Object java.lang.invoke.DirectMethodHandle$Holder.newInvokeSpecial(java.lang.Object, java.lang.Object, int, int, int, int, int, java.lang.Object)'> (0x00000006231201a0) 
thrown [s\open\src\hotspot\share\interpreter\linkResolver.cpp, line 759]
Event: 2.892 Thread 0x0000019bfe5f0940 Exception <a 'java/lang/NoSuchMethodError'{0x00000006231f26e8}: 'java.lang.Object java.lang.invoke.DirectMethodHandle$Holder.newInvokeSpecial(java.lang.Object, java.lang.Object, java.lang.Object, int, int, int, int, int)'> (0x00000006231f26e8) 
thrown [s\open\src\hotspot\share\interpreter\linkResolver.cpp, line 759]
Event: 2.892 Thread 0x0000019bfe5f0940 Exception <a 'java/lang/NoSuchMethodError'{0x00000006231fa4a0}: 'java.lang.Object java.lang.invoke.Invokers$Holder.linkToTargetMethod(java.lang.Object, java.lang.Object, int, int, int, int, int, java.lang.Object)'> (0x00000006231fa4a0) 
thrown [s\open\src\hotspot\share\interpreter\linkResolver.cpp, line 759]
Event: 5.341 Thread 0x0000019bfe5f0940 Exception <a 'sun/nio/fs/WindowsException'{0x000000062333eb98}> (0x000000062333eb98) 
thrown [s\open\src\hotspot\share\prims\jni.cpp, line 516]
Event: 5.359 Thread 0x0000019bfe5f0940 Exception <a 'java/lang/NoSuchMethodError'{0x0000000622c82b48}: 'java.lang.Object java.lang.invoke.DirectMethodHandle$Holder.invokeVirtual(java.lang.Object, java.lang.Object, java.lang.Object)'> (0x0000000622c82b48) 
thrown [s\open\src\hotspot\share\interpreter\linkResolver.cpp, line 759]
Event: 5.392 Thread 0x0000019bfe5f0940 Exception <a 'sun/nio/fs/WindowsException'{0x0000000622fde9f0}> (0x0000000622fde9f0) 
thrown [s\open\src\hotspot\share\prims\jni.cpp, line 516]
Event: 5.471 Thread 0x0000019bfe5f0940 Implicit null exception at 0x0000019be05cc9f2 to 0x0000019be05cd0c4
Event: 5.471 Thread 0x0000019bfe5f0940 Implicit null exception at 0x0000019be05d59f2 to 0x0000019be05d60c0

VM Operations (20 events):
Event: 3.254 Executing VM operation: ICBufferFull done
Event: 4.254 Executing VM operation: Cleanup
Event: 4.254 Executing VM operation: Cleanup done
Event: 5.254 Executing VM operation: Cleanup
Event: 5.254 Executing VM operation: Cleanup done
Event: 5.340 Executing VM operation: HandshakeAllThreads
Event: 5.340 Executing VM operation: HandshakeAllThreads done
Event: 5.343 Executing VM operation: HandshakeAllThreads
Event: 5.343 Executing VM operation: HandshakeAllThreads done
Event: 5.343 Executing VM operation: HandshakeAllThreads
Event: 5.343 Executing VM operation: HandshakeAllThreads done
Event: 5.401 Executing VM operation: HandshakeAllThreads
Event: 5.401 Executing VM operation: HandshakeAllThreads done
Event: 5.420 Executing VM operation: HandshakeAllThreads
Event: 5.420 Executing VM operation: HandshakeAllThreads done
Event: 5.426 Executing VM operation: HandshakeAllThreads
Event: 5.429 Executing VM operation: HandshakeAllThreads done
Event: 6.429 Executing VM operation: Cleanup
Event: 6.430 Executing VM operation: Cleanup done
Event: 113.804 Executing VM operation: Exit

Events (20 events):
Event: 0.406 Thread 0x0000019bfe606390 Thread added: 0x0000019bfe606390
Event: 0.422 Loaded shared library C:\Users\mikza\.jdks\openjdk-18.0.2.1\bin\jimage.dll
Event: 0.530 Loaded shared library C:\Users\mikza\.openjfx\cache\18.0.1+2\javafx_font.dll
Event: 0.791 Thread 0x0000019b88248680 Thread added: 0x0000019b88248680
Event: 0.878 Thread 0x0000019b8824a360 Thread added: 0x0000019b8824a360
Event: 1.047 Thread 0x0000019bfdd4a280 Thread exited: 0x0000019bfdd4a280
Event: 1.113 Thread 0x0000019bfdd49d80 Thread exited: 0x0000019bfdd49d80
Event: 1.954 Thread 0x0000019b88414ef0 Thread added: 0x0000019b88414ef0
Event: 2.118 Thread 0x0000019b88414ef0 Thread exited: 0x0000019b88414ef0
Event: 5.341 Thread 0x0000019b88249e90 Thread added: 0x0000019b88249e90
Event: 5.426 Thread 0x0000019b888a07c0 Thread added: 0x0000019b888a07c0
Event: 5.427 Thread 0x0000019bfdf66b60 Thread added: 0x0000019bfdf66b60
Event: 6.078 Thread 0x0000019bfdf66b60 Thread exited: 0x0000019bfdf66b60
Event: 11.078 Thread 0x0000019b888a07c0 Thread exited: 0x0000019b888a07c0
Event: 113.801 Thread 0x0000019b882481b0 Thread added: 0x0000019b882481b0
Event: 113.802 Thread 0x0000019b8824a830 Thread added: 0x0000019b8824a830
Event: 113.803 Thread 0x0000019b8824ad00 Thread added: 0x0000019b8824ad00
Event: 113.803 Thread 0x0000019b8824ad00 Thread exited: 0x0000019b8824ad00
Event: 113.803 Thread 0x0000019b8824a830 Thread exited: 0x0000019b8824a830
Event: 113.804 Thread 0x0000019bfaff97d0 Thread exited: 0x0000019bfaff97d0


Dynamic libraries:
0x00007ff6adc30000 - 0x00007ff6adc3e000 	C:\Users\mikza\.jdks\openjdk-18.0.2.1\bin\java.exe
0x00007ffff7d90000 - 0x00007ffff7fa4000 	C:\WINDOWS\SYSTEM32\ntdll.dll
0x00007ffff60a0000 - 0x00007ffff6164000 	C:\WINDOWS\System32\KERNEL32.DLL
0x00007ffff5190000 - 0x00007ffff5534000 	C:\WINDOWS\System32\KERNELBASE.dll
0x00007ffff5770000 - 0x00007ffff5881000 	C:\WINDOWS\System32\ucrtbase.dll
0x00007ffff00c0000 - 0x00007ffff00da000 	C:\Users\mikza\.jdks\openjdk-18.0.2.1\bin\VCRUNTIME140.dll
0x00007fffef110000 - 0x00007fffef127000 	C:\Users\mikza\.jdks\openjdk-18.0.2.1\bin\jli.dll
0x00007ffff5ec0000 - 0x00007ffff606e000 	C:\WINDOWS\System32\USER32.dll
0x00007fffdc610000 - 0x00007fffdc8a3000 	C:\WINDOWS\WinSxS\amd64_microsoft.windows.common-controls_6595b64144ccf1df_6.0.22621.2215_none_270d72677387dfc3\COMCTL32.dll
0x00007ffff5ac0000 - 0x00007ffff5ae6000 	C:\WINDOWS\System32\win32u.dll
0x00007ffff6e50000 - 0x00007ffff6ef7000 	C:\WINDOWS\System32\msvcrt.dll
0x00007ffff6070000 - 0x00007ffff6099000 	C:\WINDOWS\System32\GDI32.dll
0x00007ffff5930000 - 0x00007ffff5a48000 	C:\WINDOWS\System32\gdi32full.dll
0x00007ffff5890000 - 0x00007ffff592a000 	C:\WINDOWS\System32\msvcp_win.dll
0x00007ffff5af0000 - 0x00007ffff5b21000 	C:\WINDOWS\System32\IMM32.DLL
0x00007ffff0120000 - 0x00007ffff012c000 	C:\Users\mikza\.jdks\openjdk-18.0.2.1\bin\vcruntime140_1.dll
0x00007fffdf120000 - 0x00007fffdf1ad000 	C:\Users\mikza\.jdks\openjdk-18.0.2.1\bin\msvcp140.dll
0x00007fff78970000 - 0x00007fff79581000 	C:\Users\mikza\.jdks\openjdk-18.0.2.1\bin\server\jvm.dll
0x00007ffff6f00000 - 0x00007ffff6fb0000 	C:\WINDOWS\System32\ADVAPI32.dll
0x00007ffff6fb0000 - 0x00007ffff7056000 	C:\WINDOWS\System32\sechost.dll
0x00007ffff5da0000 - 0x00007ffff5eb7000 	C:\WINDOWS\System32\RPCRT4.dll
0x00007ffff5d90000 - 0x00007ffff5d98000 	C:\WINDOWS\System32\PSAPI.DLL
0x00007fffe9400000 - 0x00007fffe9434000 	C:\WINDOWS\SYSTEM32\WINMM.dll
0x00007fffe9600000 - 0x00007fffe9609000 	C:\WINDOWS\SYSTEM32\WSOCK32.dll
0x00007fffecb40000 - 0x00007fffecb4a000 	C:\WINDOWS\SYSTEM32\VERSION.dll
0x00007ffff5d10000 - 0x00007ffff5d81000 	C:\WINDOWS\System32\WS2_32.dll
0x00007ffff41c0000 - 0x00007ffff41d8000 	C:\WINDOWS\SYSTEM32\kernel.appcore.dll
0x00007ffff00b0000 - 0x00007ffff00ba000 	C:\Users\mikza\.jdks\openjdk-18.0.2.1\bin\jimage.dll
0x00007ffff2580000 - 0x00007ffff27ae000 	C:\WINDOWS\SYSTEM32\DBGHELP.DLL
0x00007ffff7180000 - 0x00007ffff750a000 	C:\WINDOWS\System32\combase.dll
0x00007ffff5b30000 - 0x00007ffff5c07000 	C:\WINDOWS\System32\OLEAUT32.dll
0x00007fffd72e0000 - 0x00007fffd7312000 	C:\WINDOWS\SYSTEM32\dbgcore.DLL
0x00007ffff5110000 - 0x00007ffff518a000 	C:\WINDOWS\System32\bcryptPrimitives.dll
0x00007fffdefc0000 - 0x00007fffdefce000 	C:\Users\mikza\.jdks\openjdk-18.0.2.1\bin\instrument.dll
0x00007fffec440000 - 0x00007fffec465000 	C:\Users\mikza\.jdks\openjdk-18.0.2.1\bin\java.dll
0x00007fffbdb50000 - 0x00007fffbdc26000 	C:\Users\mikza\.jdks\openjdk-18.0.2.1\bin\jsvml.dll
0x00007ffff6310000 - 0x00007ffff6b33000 	C:\WINDOWS\System32\SHELL32.dll
0x00007ffff3050000 - 0x00007ffff393a000 	C:\WINDOWS\SYSTEM32\windows.storage.dll
0x00007ffff2f10000 - 0x00007ffff304e000 	C:\WINDOWS\SYSTEM32\wintypes.dll
0x00007ffff5c10000 - 0x00007ffff5d03000 	C:\WINDOWS\System32\SHCORE.dll
0x00007ffff7510000 - 0x00007ffff756e000 	C:\WINDOWS\System32\shlwapi.dll
0x00007ffff5040000 - 0x00007ffff5066000 	C:\WINDOWS\SYSTEM32\profapi.dll
0x00007fffe9530000 - 0x00007fffe9543000 	C:\Users\mikza\.jdks\openjdk-18.0.2.1\bin\net.dll
0x00007fffed020000 - 0x00007fffed157000 	C:\WINDOWS\SYSTEM32\WINHTTP.dll
0x00007ffff4680000 - 0x00007ffff46e9000 	C:\WINDOWS\system32\mswsock.dll
0x00007fffe9510000 - 0x00007fffe9526000 	C:\Users\mikza\.jdks\openjdk-18.0.2.1\bin\nio.dll
0x00007fffe64a0000 - 0x00007fffe64b8000 	C:\Users\mikza\.jdks\openjdk-18.0.2.1\bin\zip.dll
0x00007fffde840000 - 0x00007fffde85a000 	C:\Program Files\JetBrains\IntelliJ IDEA Community Edition 2022.2.2\bin\breakgen64.dll
0x0000019bd10b0000 - 0x0000019bd10b3000 	C:\Users\mikza\.openjfx\cache\18.0.1+2\api-ms-win-core-console-l1-1-0.dll
0x0000019bd10c0000 - 0x0000019bd10c3000 	C:\Users\mikza\.openjfx\cache\18.0.1+2\api-ms-win-core-console-l1-2-0.dll
0x0000019bd10d0000 - 0x0000019bd10d3000 	C:\Users\mikza\.openjfx\cache\18.0.1+2\api-ms-win-core-datetime-l1-1-0.dll
0x0000019bd10e0000 - 0x0000019bd10e3000 	C:\Users\mikza\.openjfx\cache\18.0.1+2\api-ms-win-core-debug-l1-1-0.dll
0x0000019bd10f0000 - 0x0000019bd10f3000 	C:\Users\mikza\.openjfx\cache\18.0.1+2\api-ms-win-core-errorhandling-l1-1-0.dll
0x0000019bd1100000 - 0x0000019bd1104000 	C:\Users\mikza\.openjfx\cache\18.0.1+2\api-ms-win-core-file-l1-1-0.dll
0x0000019bd1110000 - 0x0000019bd1113000 	C:\Users\mikza\.openjfx\cache\18.0.1+2\api-ms-win-core-file-l1-2-0.dll
0x0000019bd1120000 - 0x0000019bd1123000 	C:\Users\mikza\.openjfx\cache\18.0.1+2\api-ms-win-core-file-l2-1-0.dll
0x0000019bd1130000 - 0x0000019bd1133000 	C:\Users\mikza\.openjfx\cache\18.0.1+2\api-ms-win-core-handle-l1-1-0.dll
0x0000019bfe7e0000 - 0x0000019bfe7e3000 	C:\Users\mikza\.openjfx\cache\18.0.1+2\api-ms-win-core-heap-l1-1-0.dll
0x0000019bfe7f0000 - 0x0000019bfe7f3000 	C:\Users\mikza\.openjfx\cache\18.0.1+2\api-ms-win-core-interlocked-l1-1-0.dll
0x0000019bfe800000 - 0x0000019bfe803000 	C:\Users\mikza\.openjfx\cache\18.0.1+2\api-ms-win-core-libraryloader-l1-1-0.dll
0x0000019bfe810000 - 0x0000019bfe813000 	C:\Users\mikza\.openjfx\cache\18.0.1+2\api-ms-win-core-localization-l1-2-0.dll
0x0000019bfe820000 - 0x0000019bfe823000 	C:\Users\mikza\.openjfx\cache\18.0.1+2\api-ms-win-core-memory-l1-1-0.dll
0x0000019bfe830000 - 0x0000019bfe833000 	C:\Users\mikza\.openjfx\cache\18.0.1+2\api-ms-win-core-namedpipe-l1-1-0.dll
0x0000019bfe840000 - 0x0000019bfe843000 	C:\Users\mikza\.openjfx\cache\18.0.1+2\api-ms-win-core-processenvironment-l1-1-0.dll
0x0000019bfe850000 - 0x0000019bfe853000 	C:\Users\mikza\.openjfx\cache\18.0.1+2\api-ms-win-core-processthreads-l1-1-0.dll
0x0000019bfe860000 - 0x0000019bfe863000 	C:\Users\mikza\.openjfx\cache\18.0.1+2\api-ms-win-core-processthreads-l1-1-1.dll
0x0000019bfe870000 - 0x0000019bfe873000 	C:\Users\mikza\.openjfx\cache\18.0.1+2\api-ms-win-core-profile-l1-1-0.dll
0x0000019bfe880000 - 0x0000019bfe883000 	C:\Users\mikza\.openjfx\cache\18.0.1+2\api-ms-win-core-rtlsupport-l1-1-0.dll
0x0000019bfe890000 - 0x0000019bfe893000 	C:\Users\mikza\.openjfx\cache\18.0.1+2\api-ms-win-core-string-l1-1-0.dll
0x0000019bfe8a0000 - 0x0000019bfe8a3000 	C:\Users\mikza\.openjfx\cache\18.0.1+2\api-ms-win-core-synch-l1-1-0.dll
0x0000019bfe8b0000 - 0x0000019bfe8b3000 	C:\Users\mikza\.openjfx\cache\18.0.1+2\api-ms-win-core-synch-l1-2-0.dll
0x0000019bfe8c0000 - 0x0000019bfe8c3000 	C:\Users\mikza\.openjfx\cache\18.0.1+2\api-ms-win-core-sysinfo-l1-1-0.dll
0x0000019bfe8d0000 - 0x0000019bfe8d3000 	C:\Users\mikza\.openjfx\cache\18.0.1+2\api-ms-win-core-timezone-l1-1-0.dll
0x0000019bfe8e0000 - 0x0000019bfe8e3000 	C:\Users\mikza\.openjfx\cache\18.0.1+2\api-ms-win-core-util-l1-1-0.dll
0x0000019bfe8f0000 - 0x0000019bfe8f3000 	C:\Users\mikza\.openjfx\cache\18.0.1+2\api-ms-win-crt-conio-l1-1-0.dll
0x0000019bfe900000 - 0x0000019bfe904000 	C:\Users\mikza\.openjfx\cache\18.0.1+2\api-ms-win-crt-convert-l1-1-0.dll
0x0000019bfe910000 - 0x0000019bfe913000 	C:\Users\mikza\.openjfx\cache\18.0.1+2\api-ms-win-crt-environment-l1-1-0.dll
0x0000019bfe920000 - 0x0000019bfe923000 	C:\Users\mikza\.openjfx\cache\18.0.1+2\api-ms-win-crt-filesystem-l1-1-0.dll
0x0000019bfe930000 - 0x0000019bfe933000 	C:\Users\mikza\.openjfx\cache\18.0.1+2\api-ms-win-crt-heap-l1-1-0.dll
0x0000019bfe940000 - 0x0000019bfe943000 	C:\Users\mikza\.openjfx\cache\18.0.1+2\api-ms-win-crt-locale-l1-1-0.dll
0x0000019bfe950000 - 0x0000019bfe955000 	C:\Users\mikza\.openjfx\cache\18.0.1+2\api-ms-win-crt-math-l1-1-0.dll
0x0000019bfe960000 - 0x0000019bfe965000 	C:\Users\mikza\.openjfx\cache\18.0.1+2\api-ms-win-crt-multibyte-l1-1-0.dll
0x0000019bfe970000 - 0x0000019bfe980000 	C:\Users\mikza\.openjfx\cache\18.0.1+2\api-ms-win-crt-private-l1-1-0.dll
0x0000019bfe980000 - 0x0000019bfe983000 	C:\Users\mikza\.openjfx\cache\18.0.1+2\api-ms-win-crt-process-l1-1-0.dll
0x0000019bfe990000 - 0x0000019bfe994000 	C:\Users\mikza\.openjfx\cache\18.0.1+2\api-ms-win-crt-runtime-l1-1-0.dll
0x0000019bfe9a0000 - 0x0000019bfe9a4000 	C:\Users\mikza\.openjfx\cache\18.0.1+2\api-ms-win-crt-stdio-l1-1-0.dll
0x0000019bfe9b0000 - 0x0000019bfe9b4000 	C:\Users\mikza\.openjfx\cache\18.0.1+2\api-ms-win-crt-string-l1-1-0.dll
0x0000019bfe9c0000 - 0x0000019bfe9c3000 	C:\Users\mikza\.openjfx\cache\18.0.1+2\api-ms-win-crt-time-l1-1-0.dll
0x0000019bfe9d0000 - 0x0000019bfe9d3000 	C:\Users\mikza\.openjfx\cache\18.0.1+2\api-ms-win-crt-utility-l1-1-0.dll
0x00007fff9d000000 - 0x00007fff9d0fc000 	C:\Users\mikza\.openjfx\cache\18.0.1+2\ucrtbase.dll
0x00007fffde820000 - 0x00007fffde83a000 	C:\Users\mikza\.openjfx\cache\18.0.1+2\vcruntime140.dll
0x00007fffd9c20000 - 0x00007fffd9c2c000 	C:\Users\mikza\.openjfx\cache\18.0.1+2\vcruntime140_1.dll
0x00007fffb1ba0000 - 0x00007fffb1c2d000 	C:\Users\mikza\.openjfx\cache\18.0.1+2\msvcp140.dll
0x00007fffbf510000 - 0x00007fffbf53c000 	C:\Users\mikza\.openjfx\cache\18.0.1+2\prism_d3d.dll
0x00007fffe6dd0000 - 0x00007fffe6f79000 	C:\WINDOWS\system32\d3d9.dll
0x00007ffff27c0000 - 0x00007ffff27eb000 	C:\WINDOWS\SYSTEM32\dwmapi.dll
0x00007ffff2440000 - 0x00007ffff2478000 	C:\WINDOWS\SYSTEM32\dxcore.dll
0x00007ffff2290000 - 0x00007ffff233b000 	C:\WINDOWS\system32\uxtheme.dll
0x00007fffbbae0000 - 0x00007fffbbc4c000 	C:\WINDOWS\System32\DriverStore\FileRepository\iigd_dch.inf_amd64_5802b1615520e41c\igdumdim64.dll
0x00007ffff6b40000 - 0x00007ffff6cde000 	C:\WINDOWS\System32\ole32.dll
0x00007fff51af0000 - 0x00007fff556f6000 	C:\WINDOWS\System32\DriverStore\FileRepository\iigd_dch.inf_amd64_5802b1615520e41c\igd9dxva64.dll
0x00007ffff7580000 - 0x00007ffff79f4000 	C:\WINDOWS\System32\SETUPAPI.dll
0x00007ffff4e00000 - 0x00007ffff4e4e000 	C:\WINDOWS\SYSTEM32\cfgmgr32.dll
0x00007fffe9030000 - 0x00007fffe93f7000 	C:\WINDOWS\System32\DriverStore\FileRepository\iigd_dch.inf_amd64_5802b1615520e41c\igdgmm64.dll
0x00007fffef390000 - 0x00007fffef3da000 	C:\WINDOWS\SYSTEM32\directxdatabasehelper.dll
0x00007fffb4b80000 - 0x00007fffb4bc2000 	C:\Users\mikza\.openjfx\cache\18.0.1+2\glass.dll
0x00007ffff7060000 - 0x00007ffff7159000 	C:\WINDOWS\System32\COMDLG32.dll
0x00007ffff6ce0000 - 0x00007ffff6e29000 	C:\WINDOWS\System32\MSCTF.dll
0x00007fffa62d0000 - 0x00007fffa62f7000 	C:\WINDOWS\System32\DriverStore\FileRepository\iigd_dch.inf_amd64_5802b1615520e41c\igdinfo64.dll
0x00007fffe1d80000 - 0x00007fffe5391000 	C:\WINDOWS\System32\DriverStore\FileRepository\iigd_dch.inf_amd64_5802b1615520e41c\igc64.dll
0x00007fffbd8e0000 - 0x00007fffbd8f4000 	C:\Users\mikza\.openjfx\cache\18.0.1+2\javafx_font.dll
0x00007ffff0bd0000 - 0x00007ffff0e37000 	C:\WINDOWS\SYSTEM32\dwrite.dll
0x00007ffff6190000 - 0x00007ffff6240000 	C:\WINDOWS\System32\clbcatq.dll
0x00007ffff0a20000 - 0x00007ffff0bd0000 	C:\WINDOWS\SYSTEM32\WindowsCodecs.dll
0x00007fffd7f40000 - 0x00007fffd7f9e000 	C:\WINDOWS\system32\dataexchange.dll
0x00007fffebb10000 - 0x00007fffebd92000 	C:\WINDOWS\system32\twinapi.appcore.dll
0x00007fffb5d60000 - 0x00007fffb5d92000 	C:\Program Files\Common Files\Microsoft Shared\Ink\rtscom.dll
0x00007fffdb1a0000 - 0x00007fffdb2e4000 	C:\WINDOWS\SYSTEM32\textinputframework.dll
0x00007ffff1cf0000 - 0x00007ffff1e23000 	C:\WINDOWS\SYSTEM32\CoreMessaging.dll
0x00007fffee9f0000 - 0x00007fffeed5c000 	C:\WINDOWS\SYSTEM32\CoreUIComponents.dll
0x00007ffff4980000 - 0x00007ffff498c000 	C:\WINDOWS\SYSTEM32\CRYPTBASE.DLL
0x00007ffff3c80000 - 0x00007ffff3d72000 	C:\WINDOWS\SYSTEM32\DNSAPI.dll
0x00007ffff3c10000 - 0x00007ffff3c3d000 	C:\WINDOWS\SYSTEM32\IPHLPAPI.DLL
0x00007ffff6e40000 - 0x00007ffff6e49000 	C:\WINDOWS\System32\NSI.dll
0x00007fffe5de0000 - 0x00007fffe5dea000 	C:\Windows\System32\rasadhlp.dll
0x00007fffec2c0000 - 0x00007fffec344000 	C:\WINDOWS\System32\fwpuclnt.dll

dbghelp: loaded successfully - version: 4.0.5 - missing functions: none
symbol engine: initialized successfully - sym options: 0x614 - pdb path: .;C:\Users\mikza\.jdks\openjdk-18.0.2.1\bin;C:\WINDOWS\SYSTEM32;C:\WINDOWS\WinSxS\amd64_microsoft.windows.common-controls_6595b64144ccf1df_6.0.22621.2215_none_270d72677387dfc3;C:\Users\mikza\.jdks\openjdk-18.0.2.1\bin\server;C:\Program Files\JetBrains\IntelliJ IDEA Community Edition 2022.2.2\bin;C:\Users\mikza\.openjfx\cache\18.0.1+2;C:\WINDOWS\System32\DriverStore\FileRepository\iigd_dch.inf_amd64_5802b1615520e41c;C:\Program Files\Common Files\Microsoft Shared\Ink

VM Arguments:
jvm_args: -javaagent:C:\Program Files\JetBrains\IntelliJ IDEA Community Edition 2022.2.2\lib\idea_rt.jar=54808:C:\Program Files\JetBrains\IntelliJ IDEA Community Edition 2022.2.2\bin -Dfile.encoding=UTF-8 -Dsun.stdout.encoding=UTF-8 -Dsun.stderr.encoding=UTF-8 --module-path=E:\Учёба\#Основы Программирования\2 семестр\Курсовая\Kursovaya\target\classes;C:\Users\mikza\.m2\repository\org\openjfx\javafx-controls\18.0.1\javafx-controls-18.0.1-win.jar;C:\Users\mikza\.m2\repository\org\openjfx\javafx-graphics\18.0.1\javafx-graphics-18.0.1-win.jar;C:\Users\mikza\.m2\repository\org\openjfx\javafx-fxml\18.0.1\javafx-fxml-18.0.1-win.jar;C:\Users\mikza\.m2\repository\org\openjfx\javafx-base\18.0.1\javafx-base-18.0.1-win.jar;C:\Users\mikza\.m2\repository\mysql\mysql-connector-java\8.0.25\mysql-connector-java-8.0.25.jar -Djdk.module.main=com.example.kursovaya 
java_command: com.example.kursovaya/com.example.kursovaya.start
java_class_path (initial): C:\Users\mikza\.m2\repository\com\google\protobuf\protobuf-java\3.11.4\protobuf-java-3.11.4.jar;C:\Users\mikza\.m2\repository\org\openjfx\javafx-controls\18.0.1\javafx-controls-18.0.1.jar;C:\Users\mikza\.m2\repository\org\openjfx\javafx-graphics\18.0.1\javafx-graphics-18.0.1.jar;C:\Users\mikza\.m2\repository\org\openjfx\javafx-base\18.0.1\javafx-base-18.0.1.jar;C:\Users\mikza\.m2\repository\org\openjfx\javafx-fxml\18.0.1\javafx-fxml-18.0.1.jar
Launcher Type: SUN_STANDARD

[Global flags]
     intx CICompilerCount                          = 4                                         {product} {ergonomic}
     uint ConcGCThreads                            = 3                                         {product} {ergonomic}
     uint G1ConcRefinementThreads                  = 10                                        {product} {ergonomic}
   size_t G1HeapRegionSize                         = 4194304                                   {product} {ergonomic}
    uintx GCDrainStackTargetSize                   = 64                                        {product} {ergonomic}
   size_t InitialHeapSize                          = 536870912                                 {product} {ergonomic}
   size_t MarkStackSize                            = 4194304                                   {product} {ergonomic}
   size_t MaxHeapSize                              = 8535408640                                {product} {ergonomic}
   size_t MaxNewSize                               = 5121245184                                {product} {ergonomic}
   size_t MinHeapDeltaBytes                        = 4194304                                   {product} {ergonomic}
   size_t MinHeapSize                              = 8388608                                   {product} {ergonomic}
    uintx NonNMethodCodeHeapSize                   = 5839372                                {pd product} {ergonomic}
    uintx NonProfiledCodeHeapSize                  = 122909434                              {pd product} {ergonomic}
    uintx ProfiledCodeHeapSize                     = 122909434                              {pd product} {ergonomic}
    uintx ReservedCodeCacheSize                    = 251658240                              {pd product} {ergonomic}
     bool SegmentedCodeCache                       = true                                      {product} {ergonomic}
   size_t SoftMaxHeapSize                          = 8535408640                             {manageable} {ergonomic}
     bool UseCompressedClassPointers               = true                           {product lp64_product} {ergonomic}
     bool UseCompressedOops                        = true                           {product lp64_product} {ergonomic}
     bool UseG1GC                                  = true                                      {product} {ergonomic}
     bool UseLargePagesIndividualAllocation        = false                                  {pd product} {ergonomic}

Logging:
Log output configuration:
 #0: stdout all=off uptime,level,tags foldmultilines=false
 #1: stderr all=off uptime,level,tags foldmultilines=false

Environment Variables:
PATH=C:\Program Files\Common Files\Oracle\Java\javapath;C:\Program Files (x86)\Common Files\Oracle\Java\javapath;C:\Windows\system32;C:\Windows;C:\Windows\System32\Wbem;C:\Windows\System32\WindowsPowerShell\v1.0\;C:\Windows\System32\OpenSSH\;C:\Program Files (x86)\NVIDIA Corporation\PhysX\Common;C:\Program Files\NVIDIA Corporation\NVIDIA NvDLISR;C:\WINDOWS\system32;C:\WINDOWS;C:\WINDOWS\System32\Wbem;C:\WINDOWS\System32\WindowsPowerShell\v1.0\;C:\WINDOWS\System32\OpenSSH\;C:\Program Files (x86)\dotnet\;C:\Program Files\Docker\Docker\resources\bin;C:\Program Files\Git\cmd;C:\Users\mikza\AppData\Local\Programs\Python\Python310\Scripts\;C:\Users\mikza\AppData\Local\Programs\Python\Python310\;C:\Users\mikza\AppData\Local\Microsoft\WindowsApps;C:\Program Files\JetBrains\PyCharm Community Edition 2022.2.1\bin;;C:\Program Files\JetBrains\IntelliJ IDEA Community Edition 2022.2.2\bin;;C:\Users\mikza\AppData\Local\Programs\Microsoft VS Code\bin;C:\Users\mikza\AppData\Local\GitHubDesktop\bin
USERNAME=mikza
OS=Windows_NT
PROCESSOR_IDENTIFIER=Intel64 Family 6 Model 141 Stepping 1, GenuineIntel



---------------  S Y S T E M  ---------------

OS:
 Windows 11 , 64 bit Build 22621 (10.0.22621.2215)
OS uptime: 5 days 23:50 hours
Hyper-V role detected

CPU: total 12 (initial active 12) (6 cores per cpu, 2 threads per core) family 6 model 141 stepping 1 microcode 0x3c, cx8, cmov, fxsr, ht, mmx, 3dnowpref, sse, sse2, sse3, ssse3, sse4.1, sse4.2, popcnt, lzcnt, tsc, tscinvbit, avx, avx2, aes, erms, clmul, bmi1, bmi2, adx, avx512f, avx512dq, avx512cd, avx512bw, avx512vl, sha, fma, vzeroupper, avx512_vpopcntdq, avx512_vpclmulqdq, avx512_vaes, avx512_vnni, clflush, clflushopt, clwb, avx512_vbmi2, avx512_vbmi, hv

Memory: 4k page, system-wide physical 32547M (16362M free)
TotalPageFile size 37411M (AvailPageFile size 14204M)
current process WorkingSet (physical memory assigned to process): 181M, peak: 191M
current process commit charge ("private bytes"): 694M, peak: 703M

vm_info: OpenJDK 64-Bit Server VM (18.0.2.1+1-1) for windows-amd64 JRE (18.0.2.1+1-1), built on Aug 16 2022 01:44:29 by "mach5one" with MS VC++ 16.8 / 16.9 (VS2019)

END.
