#
# A fatal error has been detected by the Java Runtime Environment:
#
#  EXCEPTION_ACCESS_VIOLATION (0xc0000005) at pc=0x00007ff9474362d7, pid=5432, tid=16504
#
# JRE version: OpenJDK Runtime Environment (18.0.2.1+1) (build 18.0.2.1+1-1)
# Java VM: OpenJDK 64-Bit Server VM (18.0.2.1+1-1, mixed mode, sharing, tiered, compressed oops, compressed class ptrs, g1 gc, windows-amd64)
# Problematic frame:
# C  [glass.dll+0x262d7]
#
# No core dump will be written. Minidumps are not enabled by default on client versions of Windows
#
# If you would like to submit a bug report, please visit:
#   https://bugreport.java.com/bugreport/crash.jsp
#

---------------  S U M M A R Y ------------

Command Line: -javaagent:C:\Program Files\JetBrains\IntelliJ IDEA Community Edition 2022.2.2\lib\idea_rt.jar=60792:C:\Program Files\JetBrains\IntelliJ IDEA Community Edition 2022.2.2\bin -Dfile.encoding=UTF-8 -Dsun.stdout.encoding=UTF-8 -Dsun.stderr.encoding=UTF-8 --module-path=E:\Учёба\Основы Программирования\2 семестр\Курсовая\Kursovaya\target\classes;C:\Users\mikza\.m2\repository\org\openjfx\javafx-graphics\18.0.1\javafx-graphics-18.0.1-win.jar;C:\Users\mikza\.m2\repository\org\openjfx\javafx-base\18.0.1\javafx-base-18.0.1-win.jar;C:\Users\mikza\.m2\repository\org\openjfx\javafx-fxml\18.0.1\javafx-fxml-18.0.1-win.jar;C:\Users\mikza\.m2\repository\org\openjfx\javafx-controls\18.0.1\javafx-controls-18.0.1-win.jar;C:\Users\mikza\.m2\repository\mysql\mysql-connector-java\8.0.25\mysql-connector-java-8.0.25.jar -Djdk.module.main=com.example.kursovaya com.example.kursovaya/com.example.kursovaya.main

Host: 11th Gen Intel(R) Core(TM) i5-11400H @ 2.70GHz, 12 cores, 31G,  Windows 11 , 64 bit Build 22621 (10.0.22621.1778)
Time: Sat Jul  1 17:48:08 2023 RTZ 2 (s 11 , 64 bit Build 22621 (10.0.22621.1778) elapsed time: 108.460888 seconds (0d 0h 1m 48s)

---------------  T H R E A D  ---------------

Current thread (0x000001607aa399e0):  VMThread "VM Thread" [stack: 0x0000001bf4500000,0x0000001bf4600000] [id=16504]

Stack: [0x0000001bf4500000,0x0000001bf4600000],  sp=0x0000001bf45ff480,  free space=1021k
Native frames: (J=compiled Java code, j=interpreted, Vv=VM code, C=native code)
C  [glass.dll+0x262d7]


siginfo: EXCEPTION_ACCESS_VIOLATION (0xc0000005), reading address 0x0000000000000000


Register to memory mapping:

RIP=0x00007ff9474362d7 glass.dll
RAX=0x0 is NULL
RBX=0x000001607abc3968 is a global jni handle
RCX=0x000001607aa399e0 points into unknown readable memory: 0x00007ff90b02ea28 | 28 ea 02 0b f9 7f 00 00
RDX=0x0000001bf45ff480 points into unknown readable memory: 0x0000000000000000 | 00 00 00 00 00 00 00 00
RSP=0x0000001bf45ff480 points into unknown readable memory: 0x0000000000000000 | 00 00 00 00 00 00 00 00
RBP=0x000001607abb6c48 points into unknown readable memory: 0x00000b418a83c53a | 3a c5 83 8a 41 0b 00 00
RSI=0x0000001bf45ff588 points into unknown readable memory: 0x0000001bf45ff570 | 70 f5 5f f4 1b 00 00 00
RDI=0x000001607abb6c20 points into unknown readable memory: 0x70000abe6f9ec9e1 | e1 c9 9e 6f be 0a 00 70
R8 =0x0000000000010002 is an unknown value
R9 =0x000001607abb6c20 points into unknown readable memory: 0x70000abe6f9ec9e1 | e1 c9 9e 6f be 0a 00 70
R10=0x85f13e9656da4870 is an unknown value
R11=0x0000001bf45ff410 points into unknown readable memory: 0x000001607abb6c20 | 20 6c bb 7a 60 01 00 00
R12=0x00007ff947433bc4 glass.dll
R13=0x00007ff90b1f0c00 jvm.dll
R14=0x00000b418a83c53a is an unknown value
R15=0x000001607abb6c20 points into unknown readable memory: 0x70000abe6f9ec9e1 | e1 c9 9e 6f be 0a 00 70


Registers:
RAX=0x0000000000000000, RBX=0x000001607abc3968, RCX=0x000001607aa399e0, RDX=0x0000001bf45ff480
RSP=0x0000001bf45ff480, RBP=0x000001607abb6c48, RSI=0x0000001bf45ff588, RDI=0x000001607abb6c20
R8 =0x0000000000010002, R9 =0x000001607abb6c20, R10=0x85f13e9656da4870, R11=0x0000001bf45ff410
R12=0x00007ff947433bc4, R13=0x00007ff90b1f0c00, R14=0x00000b418a83c53a, R15=0x000001607abb6c20
RIP=0x00007ff9474362d7, EFLAGS=0x0000000000010206

Top of Stack: (sp=0x0000001bf45ff480)
0x0000001bf45ff480:   0000000000000000 0000001bf45ff588
0x0000001bf45ff490:   00007ff90b1f0c00 00007ff947433bc4
0x0000001bf45ff4a0:   000001607abb6c28 00007ff97d283a83
0x0000001bf45ff4b0:   000001607abb6c20 0000016000000000
0x0000001bf45ff4c0:   000001607abb6c48 0000001bf45ff588
0x0000001bf45ff4d0:   fffffffffffffffe 0000000000000000
0x0000001bf45ff4e0:   0000000000000001 00007ff947410000
0x0000001bf45ff4f0:   0000001bf45ff578 00007ff97d25006e
0x0000001bf45ff500:   0000000000000000 0000001bf45ff588
0x0000001bf45ff510:   0000001bf45ff870 0000000000000001
0x0000001bf45ff520:   0000000000000001 00007ff97d24da1d
0x0000001bf45ff530:   0000000000000000 00007ff9474333bd
0x0000001bf45ff540:   0000000000000000 0000001bf45ff578
0x0000001bf45ff550:   fffffffffffffffe 0000000000000001
0x0000001bf45ff560:   0000000000000000 00007ff947433a51
0x0000001bf45ff570:   00007ff947449f88 00007ff900000002 

Instructions: (pc=0x00007ff9474362d7)
0x00007ff9474361d7:   8b 4d 58 e8 2d cf ff ff 48 8b 4d 60 e8 24 cf ff
0x00007ff9474361e7:   ff 48 8b 95 80 00 00 00 48 8b 8d 18 01 00 00 e8
0x00007ff9474361f7:   16 c4 ff ff 33 d2 33 c9 e8 5c e1 ff ff 90 48 89
0x00007ff947436207:   54 24 10 55 48 83 ec 20 48 8b ea 48 b8 00 00 00
0x00007ff947436217:   00 00 00 00 00 48 83 c4 20 5d c3 cc 40 55 48 8b
0x00007ff947436227:   ea 48 8b 01 33 c9 81 38 05 00 00 c0 0f 94 c1 8b
0x00007ff947436237:   c1 5d c3 cc 40 55 48 83 ec 20 48 8b ea 8a 4d 40
0x00007ff947436247:   48 83 c4 20 5d e9 17 d3 ff ff cc 40 55 48 83 ec
0x00007ff947436257:   20 48 8b ea 8a 4d 20 e8 05 d3 ff ff 90 48 83 c4
0x00007ff947436267:   20 5d c3 cc 40 55 48 83 ec 20 48 8b ea 48 83 c4
0x00007ff947436277:   20 5d e9 66 d1 ff ff cc 40 55 48 83 ec 30 48 8b
0x00007ff947436287:   ea 48 8b 01 8b 10 48 89 4c 24 28 89 54 24 20 4c
0x00007ff947436297:   8d 0d 07 d6 ff ff 4c 8b 45 70 8b 55 68 48 8b 4d
0x00007ff9474362a7:   60 e8 a7 d0 ff ff 90 48 83 c4 30 5d c3 cc cc cc
0x00007ff9474362b7:   cc cc cc cc cc cc cc cc cc 40 53 48 83 ec 20 48
0x00007ff9474362c7:   8b 1d bb 36 01 00 48 85 db 74 16 e8 59 8b ff ff
0x00007ff9474362d7:   4c 8b 00 48 8b d3 48 8b c8 41 ff 90 b0 00 00 00
0x00007ff9474362e7:   90 48 83 c4 20 5b c3 cc cc 40 53 48 83 ec 20 48
0x00007ff9474362f7:   8b 1d 2b 38 01 00 48 85 db 74 57 b8 ff ff ff ff
0x00007ff947436307:   f0 0f c1 43 10 83 f8 01 75 3d 48 85 db 74 38 48
0x00007ff947436317:   8b 0b 48 85 c9 74 0d ff 15 84 0f 00 00 48 c7 03
0x00007ff947436327:   00 00 00 00 48 8b 4b 08 48 85 c9 74 0d e8 d3 cd
0x00007ff947436337:   ff ff 48 c7 43 08 00 00 00 00 ba 18 00 00 00 48
0x00007ff947436347:   8b cb e8 be cd ff ff 48 c7 05 cf 37 01 00 00 00
0x00007ff947436357:   00 00 48 83 c4 20 5b c3 cc 40 53 48 83 ec 20 48
0x00007ff947436367:   8b 1d 9b 37 01 00 48 85 db 74 57 b8 ff ff ff ff
0x00007ff947436377:   f0 0f c1 43 10 83 f8 01 75 3d 48 85 db 74 38 48
0x00007ff947436387:   8b 0b 48 85 c9 74 0d ff 15 14 0f 00 00 48 c7 03
0x00007ff947436397:   00 00 00 00 48 8b 4b 08 48 85 c9 74 0d e8 63 cd
0x00007ff9474363a7:   ff ff 48 c7 43 08 00 00 00 00 ba 18 00 00 00 48
0x00007ff9474363b7:   8b cb e8 4e cd ff ff 48 c7 05 3f 37 01 00 00 00
0x00007ff9474363c7:   00 00 48 83 c4 20 5b c3 cc 40 53 48 83 ec 20 48 


Stack slot to memory mapping:
stack at sp + 0 slots: 0x0 is NULL
stack at sp + 1 slots: 0x0000001bf45ff588 points into unknown readable memory: 0x0000001bf45ff570 | 70 f5 5f f4 1b 00 00 00
stack at sp + 2 slots: 0x00007ff90b1f0c00 jvm.dll
stack at sp + 3 slots: 0x00007ff947433bc4 glass.dll
stack at sp + 4 slots: 0x000001607abb6c28 points into unknown readable memory: 0x00000b418a83c53a | 3a c5 83 8a 41 0b 00 00
stack at sp + 5 slots: 0x00007ff97d283a83 ucrtbase.dll
stack at sp + 6 slots: 0x000001607abb6c20 points into unknown readable memory: 0x70000abe6f9ec9e1 | e1 c9 9e 6f be 0a 00 70
stack at sp + 7 slots: 0x0000016000000000 points into unknown readable memory: 0x0000000000000006 | 06 00 00 00 00 00 00 00

VM_Operation (0x0000001bf3cfefb0): Exit, mode: safepoint, requested by thread 0x0000016028c04ba0


---------------  P R O C E S S  ---------------

Threads class SMR info:
_java_thread_list=0x00000160239c4440, length=21, elements={
0x000001606fbb0400, 0x000001607abbb810, 0x000001607abbc1b0, 0x000001607abd7100,
0x000001607abd7aa0, 0x000001607abd8440, 0x000001607abdc2e0, 0x000001607abddfc0,
0x000001607abe89c0, 0x0000016023010060, 0x000001607aba6df0, 0x00000160233af3e0,
0x00000160233af8a0, 0x00000160238237a0, 0x000001602395c7c0, 0x00000160239624c0,
0x0000016028a3dcf0, 0x00000160239c2940, 0x0000016028c02ec0, 0x0000016028c046d0,
0x0000016028c04ba0
}

Java Threads: ( => current thread )
  0x000001606fbb0400 JavaThread "main" [_thread_blocked, id=25960, stack(0x0000001bf3f00000,0x0000001bf4000000)]
  0x000001607abbb810 JavaThread "Reference Handler" daemon [_thread_blocked, id=23324, stack(0x0000001bf4600000,0x0000001bf4700000)]
  0x000001607abbc1b0 JavaThread "Finalizer" daemon [_thread_blocked, id=6336, stack(0x0000001bf4700000,0x0000001bf4800000)]
  0x000001607abd7100 JavaThread "Signal Dispatcher" daemon [_thread_blocked, id=19488, stack(0x0000001bf4800000,0x0000001bf4900000)]
  0x000001607abd7aa0 JavaThread "Attach Listener" daemon [_thread_blocked, id=29376, stack(0x0000001bf4900000,0x0000001bf4a00000)]
  0x000001607abd8440 JavaThread "Service Thread" daemon [_thread_blocked, id=29600, stack(0x0000001bf4a00000,0x0000001bf4b00000)]
  0x000001607abdc2e0 JavaThread "Monitor Deflation Thread" daemon [_thread_blocked, id=20712, stack(0x0000001bf4b00000,0x0000001bf4c00000)]
  0x000001607abddfc0 JavaThread "C2 CompilerThread0" daemon [_thread_blocked, id=1344, stack(0x0000001bf4c00000,0x0000001bf4d00000)]
  0x000001607abe89c0 JavaThread "C1 CompilerThread0" daemon [_thread_blocked, id=29144, stack(0x0000001bf4d00000,0x0000001bf4e00000)]
  0x0000016023010060 JavaThread "Sweeper thread" daemon [_thread_blocked, id=19664, stack(0x0000001bf4e00000,0x0000001bf4f00000)]
  0x000001607aba6df0 JavaThread "Common-Cleaner" daemon [_thread_blocked, id=28268, stack(0x0000001bf4f00000,0x0000001bf5000000)]
  0x00000160233af3e0 JavaThread "Monitor Ctrl-Break" daemon [_thread_in_native, id=27864, stack(0x0000001bf5200000,0x0000001bf5300000)]
  0x00000160233af8a0 JavaThread "Notification Thread" daemon [_thread_blocked, id=22940, stack(0x0000001bf5300000,0x0000001bf5400000)]
  0x00000160238237a0 JavaThread "QuantumRenderer-0" daemon [_thread_blocked, id=30672, stack(0x0000001bf5500000,0x0000001bf5600000)]
  0x000001602395c7c0 JavaThread "InvokeLaterDispatcher" daemon [_thread_blocked, id=29908, stack(0x0000001bf5600000,0x0000001bf5700000)]
  0x00000160239624c0 JavaThread "JavaFX Application Thread" [_thread_in_native, id=18364, stack(0x0000001bf5700000,0x0000001bf5800000)]
  0x0000016028a3dcf0 JavaThread "JavaFX-Launcher" [_thread_blocked, id=29936, stack(0x0000001bf5c00000,0x0000001bf5d00000)]
  0x00000160239c2940 JavaThread "Thread-2" daemon [_thread_in_native, id=11208, stack(0x0000001bf5b00000,0x0000001bf5c00000)]
  0x0000016028c02ec0 JavaThread "Prism Font Disposer" daemon [_thread_blocked, id=17468, stack(0x0000001bf6900000,0x0000001bf6a00000)]
  0x0000016028c046d0 JavaThread "Cleaner-0" daemon [_thread_blocked, id=904, stack(0x0000001bf6a00000,0x0000001bf6b00000)]
  0x0000016028c04ba0 JavaThread "SIGINT handler" daemon [_thread_blocked, id=30692, stack(0x0000001bf3c00000,0x0000001bf3d00000)]

Other Threads:
=>0x000001607aa399e0 VMThread "VM Thread" [stack: 0x0000001bf4500000,0x0000001bf4600000] [id=16504]
  0x000001606fc60db0 WorkerThread "GC Thread#0" [stack: 0x0000001bf4000000,0x0000001bf4100000] [id=4456]
  0x0000016023bc6a10 WorkerThread "GC Thread#1" [stack: 0x0000001bf5d00000,0x0000001bf5e00000] [id=28720]
  0x0000016023bc79d0 WorkerThread "GC Thread#2" [stack: 0x0000001bf5e00000,0x0000001bf5f00000] [id=29892]
  0x0000016023bc7c70 WorkerThread "GC Thread#3" [stack: 0x0000001bf5f00000,0x0000001bf6000000] [id=28072]
  0x0000016023bc6230 WorkerThread "GC Thread#4" [stack: 0x0000001bf6000000,0x0000001bf6100000] [id=25096]
  0x0000016028c51630 WorkerThread "GC Thread#5" [stack: 0x0000001bf6100000,0x0000001bf6200000] [id=13420]
  0x0000016028c54030 WorkerThread "GC Thread#6" [stack: 0x0000001bf6200000,0x0000001bf6300000] [id=12848]
  0x0000016028c542d0 WorkerThread "GC Thread#7" [stack: 0x0000001bf6300000,0x0000001bf6400000] [id=7008]
  0x0000016028c50e50 WorkerThread "GC Thread#8" [stack: 0x0000001bf6400000,0x0000001bf6500000] [id=10952]
  0x0000016028c50bb0 WorkerThread "GC Thread#9" [stack: 0x0000001bf6500000,0x0000001bf6600000] [id=30704]
  0x000001607aa14020 ConcurrentGCThread "G1 Main Marker" terminated
  0x000001606fc6ed00 WorkerThread "G1 Conc#0" [stack: 0x0000001bf4200000,0x0000001bf4300000] [id=2176]
  0x000001607aa6f750 ConcurrentGCThread "G1 Refine#0" terminated
  0x000001607aa70f10 ConcurrentGCThread "G1 Service" terminated

Threads with active compile tasks:

VM state: at safepoint (shutting down)

VM Mutex/Monitor currently owned by a thread:  ([mutex/lock_event])
[0x000001606fbac560] Threads_lock - owner thread: 0x000001607aa399e0
[0x000001606fbac5f0] Heap_lock - owner thread: 0x0000016028c04ba0

Heap address: 0x0000000603400000, size: 8140 MB, Compressed Oops mode: Zero based, Oop shift amount: 3

CDS archive(s) mapped at: [0x0000000800000000-0x0000000800ba0000-0x0000000800ba0000), size 12189696, SharedBaseAddress: 0x0000000800000000, ArchiveRelocationMode: 0.
Compressed class space mapped at: 0x0000000800c00000-0x0000000840c00000, reserved size: 1073741824
Narrow klass base: 0x0000000800000000, Narrow klass shift: 0, Narrow klass range: 0x100000000

GC Precious Log:
 CardTable entry size: 512
 Card Set container configuration: InlinePtr #cards 4 size 8 Array Of Cards #cards 32 size 80 Howl #buckets 8 coarsen threshold 7372 Howl Bitmap #cards 1024 size 144 coarsen threshold 921 Card regions per heap region 1 cards per card region 8192
 CPUs: 12 total, 12 available
 Memory: 32547M
 Large Page Support: Disabled
 NUMA Support: Disabled
 Compressed Oops: Enabled (Zero based)
 Heap Region Size: 4M
 Heap Min Capacity: 8M
 Heap Initial Capacity: 512M
 Heap Max Capacity: 8140M
 Pre-touch: Disabled
 Parallel Workers: 10
 Concurrent Workers: 3
 Concurrent Refinement Workers: 10
 Periodic GC: Disabled

Heap:
 garbage-first heap   total 524288K, used 9310K [0x0000000603400000, 0x0000000800000000)
  region size 4096K, 3 young (12288K), 2 survivors (8192K)
 Metaspace       used 15789K, committed 16128K, reserved 1114112K
  class space    used 2146K, committed 2304K, reserved 1048576K

Heap Regions: E=young(eden), S=young(survivor), O=old, HS=humongous(starts), HC=humongous(continues), CS=collection set, F=free, OA=open archive, CA=closed archive, TAMS=top-at-mark-start (previous, next)
|   0|0x0000000603400000, 0x0000000603517a00, 0x0000000603800000| 27%| O|  |TAMS 0x0000000603400000, 0x0000000603400000| Untracked 
|   1|0x0000000603800000, 0x0000000603800000, 0x0000000603c00000|  0%| F|  |TAMS 0x0000000603800000, 0x0000000603800000| Untracked 
|   2|0x0000000603c00000, 0x0000000603c00000, 0x0000000604000000|  0%| F|  |TAMS 0x0000000603c00000, 0x0000000603c00000| Untracked 
|   3|0x0000000604000000, 0x0000000604000000, 0x0000000604400000|  0%| F|  |TAMS 0x0000000604000000, 0x0000000604000000| Untracked 
|   4|0x0000000604400000, 0x0000000604400000, 0x0000000604800000|  0%| F|  |TAMS 0x0000000604400000, 0x0000000604400000| Untracked 
|   5|0x0000000604800000, 0x0000000604800000, 0x0000000604c00000|  0%| F|  |TAMS 0x0000000604800000, 0x0000000604800000| Untracked 
|   6|0x0000000604c00000, 0x0000000604c00000, 0x0000000605000000|  0%| F|  |TAMS 0x0000000604c00000, 0x0000000604c00000| Untracked 
|   7|0x0000000605000000, 0x0000000605000000, 0x0000000605400000|  0%| F|  |TAMS 0x0000000605000000, 0x0000000605000000| Untracked 
|   8|0x0000000605400000, 0x0000000605400000, 0x0000000605800000|  0%| F|  |TAMS 0x0000000605400000, 0x0000000605400000| Untracked 
|   9|0x0000000605800000, 0x0000000605800000, 0x0000000605c00000|  0%| F|  |TAMS 0x0000000605800000, 0x0000000605800000| Untracked 
|  10|0x0000000605c00000, 0x0000000605c00000, 0x0000000606000000|  0%| F|  |TAMS 0x0000000605c00000, 0x0000000605c00000| Untracked 
|  11|0x0000000606000000, 0x0000000606000000, 0x0000000606400000|  0%| F|  |TAMS 0x0000000606000000, 0x0000000606000000| Untracked 
|  12|0x0000000606400000, 0x0000000606400000, 0x0000000606800000|  0%| F|  |TAMS 0x0000000606400000, 0x0000000606400000| Untracked 
|  13|0x0000000606800000, 0x0000000606800000, 0x0000000606c00000|  0%| F|  |TAMS 0x0000000606800000, 0x0000000606800000| Untracked 
|  14|0x0000000606c00000, 0x0000000606c00000, 0x0000000607000000|  0%| F|  |TAMS 0x0000000606c00000, 0x0000000606c00000| Untracked 
|  15|0x0000000607000000, 0x0000000607000000, 0x0000000607400000|  0%| F|  |TAMS 0x0000000607000000, 0x0000000607000000| Untracked 
|  16|0x0000000607400000, 0x0000000607400000, 0x0000000607800000|  0%| F|  |TAMS 0x0000000607400000, 0x0000000607400000| Untracked 
|  17|0x0000000607800000, 0x0000000607800000, 0x0000000607c00000|  0%| F|  |TAMS 0x0000000607800000, 0x0000000607800000| Untracked 
|  18|0x0000000607c00000, 0x0000000607c00000, 0x0000000608000000|  0%| F|  |TAMS 0x0000000607c00000, 0x0000000607c00000| Untracked 
|  19|0x0000000608000000, 0x0000000608000000, 0x0000000608400000|  0%| F|  |TAMS 0x0000000608000000, 0x0000000608000000| Untracked 
|  20|0x0000000608400000, 0x0000000608400000, 0x0000000608800000|  0%| F|  |TAMS 0x0000000608400000, 0x0000000608400000| Untracked 
|  21|0x0000000608800000, 0x0000000608800000, 0x0000000608c00000|  0%| F|  |TAMS 0x0000000608800000, 0x0000000608800000| Untracked 
|  22|0x0000000608c00000, 0x0000000608c00000, 0x0000000609000000|  0%| F|  |TAMS 0x0000000608c00000, 0x0000000608c00000| Untracked 
|  23|0x0000000609000000, 0x0000000609000000, 0x0000000609400000|  0%| F|  |TAMS 0x0000000609000000, 0x0000000609000000| Untracked 
|  24|0x0000000609400000, 0x0000000609400000, 0x0000000609800000|  0%| F|  |TAMS 0x0000000609400000, 0x0000000609400000| Untracked 
|  25|0x0000000609800000, 0x0000000609800000, 0x0000000609c00000|  0%| F|  |TAMS 0x0000000609800000, 0x0000000609800000| Untracked 
|  26|0x0000000609c00000, 0x0000000609c00000, 0x000000060a000000|  0%| F|  |TAMS 0x0000000609c00000, 0x0000000609c00000| Untracked 
|  27|0x000000060a000000, 0x000000060a000000, 0x000000060a400000|  0%| F|  |TAMS 0x000000060a000000, 0x000000060a000000| Untracked 
|  28|0x000000060a400000, 0x000000060a400000, 0x000000060a800000|  0%| F|  |TAMS 0x000000060a400000, 0x000000060a400000| Untracked 
|  29|0x000000060a800000, 0x000000060a800000, 0x000000060ac00000|  0%| F|  |TAMS 0x000000060a800000, 0x000000060a800000| Untracked 
|  30|0x000000060ac00000, 0x000000060ac00000, 0x000000060b000000|  0%| F|  |TAMS 0x000000060ac00000, 0x000000060ac00000| Untracked 
|  31|0x000000060b000000, 0x000000060b000000, 0x000000060b400000|  0%| F|  |TAMS 0x000000060b000000, 0x000000060b000000| Untracked 
|  32|0x000000060b400000, 0x000000060b400000, 0x000000060b800000|  0%| F|  |TAMS 0x000000060b400000, 0x000000060b400000| Untracked 
|  33|0x000000060b800000, 0x000000060b800000, 0x000000060bc00000|  0%| F|  |TAMS 0x000000060b800000, 0x000000060b800000| Untracked 
|  34|0x000000060bc00000, 0x000000060bc00000, 0x000000060c000000|  0%| F|  |TAMS 0x000000060bc00000, 0x000000060bc00000| Untracked 
|  35|0x000000060c000000, 0x000000060c000000, 0x000000060c400000|  0%| F|  |TAMS 0x000000060c000000, 0x000000060c000000| Untracked 
|  36|0x000000060c400000, 0x000000060c400000, 0x000000060c800000|  0%| F|  |TAMS 0x000000060c400000, 0x000000060c400000| Untracked 
|  37|0x000000060c800000, 0x000000060c800000, 0x000000060cc00000|  0%| F|  |TAMS 0x000000060c800000, 0x000000060c800000| Untracked 
|  38|0x000000060cc00000, 0x000000060cc00000, 0x000000060d000000|  0%| F|  |TAMS 0x000000060cc00000, 0x000000060cc00000| Untracked 
|  39|0x000000060d000000, 0x000000060d000000, 0x000000060d400000|  0%| F|  |TAMS 0x000000060d000000, 0x000000060d000000| Untracked 
|  40|0x000000060d400000, 0x000000060d400000, 0x000000060d800000|  0%| F|  |TAMS 0x000000060d400000, 0x000000060d400000| Untracked 
|  41|0x000000060d800000, 0x000000060d800000, 0x000000060dc00000|  0%| F|  |TAMS 0x000000060d800000, 0x000000060d800000| Untracked 
|  42|0x000000060dc00000, 0x000000060dc00000, 0x000000060e000000|  0%| F|  |TAMS 0x000000060dc00000, 0x000000060dc00000| Untracked 
|  43|0x000000060e000000, 0x000000060e000000, 0x000000060e400000|  0%| F|  |TAMS 0x000000060e000000, 0x000000060e000000| Untracked 
|  44|0x000000060e400000, 0x000000060e400000, 0x000000060e800000|  0%| F|  |TAMS 0x000000060e400000, 0x000000060e400000| Untracked 
|  45|0x000000060e800000, 0x000000060e800000, 0x000000060ec00000|  0%| F|  |TAMS 0x000000060e800000, 0x000000060e800000| Untracked 
|  46|0x000000060ec00000, 0x000000060ec00000, 0x000000060f000000|  0%| F|  |TAMS 0x000000060ec00000, 0x000000060ec00000| Untracked 
|  47|0x000000060f000000, 0x000000060f000000, 0x000000060f400000|  0%| F|  |TAMS 0x000000060f000000, 0x000000060f000000| Untracked 
|  48|0x000000060f400000, 0x000000060f400000, 0x000000060f800000|  0%| F|  |TAMS 0x000000060f400000, 0x000000060f400000| Untracked 
|  49|0x000000060f800000, 0x000000060f800000, 0x000000060fc00000|  0%| F|  |TAMS 0x000000060f800000, 0x000000060f800000| Untracked 
|  50|0x000000060fc00000, 0x000000060fc00000, 0x0000000610000000|  0%| F|  |TAMS 0x000000060fc00000, 0x000000060fc00000| Untracked 
|  51|0x0000000610000000, 0x0000000610000000, 0x0000000610400000|  0%| F|  |TAMS 0x0000000610000000, 0x0000000610000000| Untracked 
|  52|0x0000000610400000, 0x0000000610400000, 0x0000000610800000|  0%| F|  |TAMS 0x0000000610400000, 0x0000000610400000| Untracked 
|  53|0x0000000610800000, 0x0000000610800000, 0x0000000610c00000|  0%| F|  |TAMS 0x0000000610800000, 0x0000000610800000| Untracked 
|  54|0x0000000610c00000, 0x0000000610c00000, 0x0000000611000000|  0%| F|  |TAMS 0x0000000610c00000, 0x0000000610c00000| Untracked 
|  55|0x0000000611000000, 0x0000000611000000, 0x0000000611400000|  0%| F|  |TAMS 0x0000000611000000, 0x0000000611000000| Untracked 
|  56|0x0000000611400000, 0x0000000611400000, 0x0000000611800000|  0%| F|  |TAMS 0x0000000611400000, 0x0000000611400000| Untracked 
|  57|0x0000000611800000, 0x0000000611800000, 0x0000000611c00000|  0%| F|  |TAMS 0x0000000611800000, 0x0000000611800000| Untracked 
|  58|0x0000000611c00000, 0x0000000611c00000, 0x0000000612000000|  0%| F|  |TAMS 0x0000000611c00000, 0x0000000611c00000| Untracked 
|  59|0x0000000612000000, 0x0000000612000000, 0x0000000612400000|  0%| F|  |TAMS 0x0000000612000000, 0x0000000612000000| Untracked 
|  60|0x0000000612400000, 0x0000000612400000, 0x0000000612800000|  0%| F|  |TAMS 0x0000000612400000, 0x0000000612400000| Untracked 
|  61|0x0000000612800000, 0x0000000612800000, 0x0000000612c00000|  0%| F|  |TAMS 0x0000000612800000, 0x0000000612800000| Untracked 
|  62|0x0000000612c00000, 0x0000000612c00000, 0x0000000613000000|  0%| F|  |TAMS 0x0000000612c00000, 0x0000000612c00000| Untracked 
|  63|0x0000000613000000, 0x0000000613000000, 0x0000000613400000|  0%| F|  |TAMS 0x0000000613000000, 0x0000000613000000| Untracked 
|  64|0x0000000613400000, 0x0000000613400000, 0x0000000613800000|  0%| F|  |TAMS 0x0000000613400000, 0x0000000613400000| Untracked 
|  65|0x0000000613800000, 0x0000000613800000, 0x0000000613c00000|  0%| F|  |TAMS 0x0000000613800000, 0x0000000613800000| Untracked 
|  66|0x0000000613c00000, 0x0000000613c00000, 0x0000000614000000|  0%| F|  |TAMS 0x0000000613c00000, 0x0000000613c00000| Untracked 
|  67|0x0000000614000000, 0x0000000614000000, 0x0000000614400000|  0%| F|  |TAMS 0x0000000614000000, 0x0000000614000000| Untracked 
|  68|0x0000000614400000, 0x0000000614400000, 0x0000000614800000|  0%| F|  |TAMS 0x0000000614400000, 0x0000000614400000| Untracked 
|  69|0x0000000614800000, 0x0000000614800000, 0x0000000614c00000|  0%| F|  |TAMS 0x0000000614800000, 0x0000000614800000| Untracked 
|  70|0x0000000614c00000, 0x0000000614c00000, 0x0000000615000000|  0%| F|  |TAMS 0x0000000614c00000, 0x0000000614c00000| Untracked 
|  71|0x0000000615000000, 0x0000000615000000, 0x0000000615400000|  0%| F|  |TAMS 0x0000000615000000, 0x0000000615000000| Untracked 
|  72|0x0000000615400000, 0x0000000615400000, 0x0000000615800000|  0%| F|  |TAMS 0x0000000615400000, 0x0000000615400000| Untracked 
|  73|0x0000000615800000, 0x0000000615800000, 0x0000000615c00000|  0%| F|  |TAMS 0x0000000615800000, 0x0000000615800000| Untracked 
|  74|0x0000000615c00000, 0x0000000615c00000, 0x0000000616000000|  0%| F|  |TAMS 0x0000000615c00000, 0x0000000615c00000| Untracked 
|  75|0x0000000616000000, 0x0000000616000000, 0x0000000616400000|  0%| F|  |TAMS 0x0000000616000000, 0x0000000616000000| Untracked 
|  76|0x0000000616400000, 0x0000000616400000, 0x0000000616800000|  0%| F|  |TAMS 0x0000000616400000, 0x0000000616400000| Untracked 
|  77|0x0000000616800000, 0x0000000616800000, 0x0000000616c00000|  0%| F|  |TAMS 0x0000000616800000, 0x0000000616800000| Untracked 
|  78|0x0000000616c00000, 0x0000000616c00000, 0x0000000617000000|  0%| F|  |TAMS 0x0000000616c00000, 0x0000000616c00000| Untracked 
|  79|0x0000000617000000, 0x0000000617000000, 0x0000000617400000|  0%| F|  |TAMS 0x0000000617000000, 0x0000000617000000| Untracked 
|  80|0x0000000617400000, 0x0000000617400000, 0x0000000617800000|  0%| F|  |TAMS 0x0000000617400000, 0x0000000617400000| Untracked 
|  81|0x0000000617800000, 0x0000000617800000, 0x0000000617c00000|  0%| F|  |TAMS 0x0000000617800000, 0x0000000617800000| Untracked 
|  82|0x0000000617c00000, 0x0000000617c00000, 0x0000000618000000|  0%| F|  |TAMS 0x0000000617c00000, 0x0000000617c00000| Untracked 
|  83|0x0000000618000000, 0x0000000618000000, 0x0000000618400000|  0%| F|  |TAMS 0x0000000618000000, 0x0000000618000000| Untracked 
|  84|0x0000000618400000, 0x0000000618400000, 0x0000000618800000|  0%| F|  |TAMS 0x0000000618400000, 0x0000000618400000| Untracked 
|  85|0x0000000618800000, 0x0000000618800000, 0x0000000618c00000|  0%| F|  |TAMS 0x0000000618800000, 0x0000000618800000| Untracked 
|  86|0x0000000618c00000, 0x0000000618c00000, 0x0000000619000000|  0%| F|  |TAMS 0x0000000618c00000, 0x0000000618c00000| Untracked 
|  87|0x0000000619000000, 0x0000000619000000, 0x0000000619400000|  0%| F|  |TAMS 0x0000000619000000, 0x0000000619000000| Untracked 
|  88|0x0000000619400000, 0x0000000619400000, 0x0000000619800000|  0%| F|  |TAMS 0x0000000619400000, 0x0000000619400000| Untracked 
|  89|0x0000000619800000, 0x0000000619800000, 0x0000000619c00000|  0%| F|  |TAMS 0x0000000619800000, 0x0000000619800000| Untracked 
|  90|0x0000000619c00000, 0x0000000619c00000, 0x000000061a000000|  0%| F|  |TAMS 0x0000000619c00000, 0x0000000619c00000| Untracked 
|  91|0x000000061a000000, 0x000000061a000000, 0x000000061a400000|  0%| F|  |TAMS 0x000000061a000000, 0x000000061a000000| Untracked 
|  92|0x000000061a400000, 0x000000061a400000, 0x000000061a800000|  0%| F|  |TAMS 0x000000061a400000, 0x000000061a400000| Untracked 
|  93|0x000000061a800000, 0x000000061a800000, 0x000000061ac00000|  0%| F|  |TAMS 0x000000061a800000, 0x000000061a800000| Untracked 
|  94|0x000000061ac00000, 0x000000061ac00000, 0x000000061b000000|  0%| F|  |TAMS 0x000000061ac00000, 0x000000061ac00000| Untracked 
|  95|0x000000061b000000, 0x000000061b000000, 0x000000061b400000|  0%| F|  |TAMS 0x000000061b000000, 0x000000061b000000| Untracked 
|  96|0x000000061b400000, 0x000000061b400000, 0x000000061b800000|  0%| F|  |TAMS 0x000000061b400000, 0x000000061b400000| Untracked 
|  97|0x000000061b800000, 0x000000061b800000, 0x000000061bc00000|  0%| F|  |TAMS 0x000000061b800000, 0x000000061b800000| Untracked 
|  98|0x000000061bc00000, 0x000000061bc00000, 0x000000061c000000|  0%| F|  |TAMS 0x000000061bc00000, 0x000000061bc00000| Untracked 
|  99|0x000000061c000000, 0x000000061c000000, 0x000000061c400000|  0%| F|  |TAMS 0x000000061c000000, 0x000000061c000000| Untracked 
| 100|0x000000061c400000, 0x000000061c400000, 0x000000061c800000|  0%| F|  |TAMS 0x000000061c400000, 0x000000061c400000| Untracked 
| 101|0x000000061c800000, 0x000000061c800000, 0x000000061cc00000|  0%| F|  |TAMS 0x000000061c800000, 0x000000061c800000| Untracked 
| 102|0x000000061cc00000, 0x000000061cc00000, 0x000000061d000000|  0%| F|  |TAMS 0x000000061cc00000, 0x000000061cc00000| Untracked 
| 103|0x000000061d000000, 0x000000061d000000, 0x000000061d400000|  0%| F|  |TAMS 0x000000061d000000, 0x000000061d000000| Untracked 
| 104|0x000000061d400000, 0x000000061d400000, 0x000000061d800000|  0%| F|  |TAMS 0x000000061d400000, 0x000000061d400000| Untracked 
| 105|0x000000061d800000, 0x000000061d800000, 0x000000061dc00000|  0%| F|  |TAMS 0x000000061d800000, 0x000000061d800000| Untracked 
| 106|0x000000061dc00000, 0x000000061dc00000, 0x000000061e000000|  0%| F|  |TAMS 0x000000061dc00000, 0x000000061dc00000| Untracked 
| 107|0x000000061e000000, 0x000000061e000000, 0x000000061e400000|  0%| F|  |TAMS 0x000000061e000000, 0x000000061e000000| Untracked 
| 108|0x000000061e400000, 0x000000061e400000, 0x000000061e800000|  0%| F|  |TAMS 0x000000061e400000, 0x000000061e400000| Untracked 
| 109|0x000000061e800000, 0x000000061e800000, 0x000000061ec00000|  0%| F|  |TAMS 0x000000061e800000, 0x000000061e800000| Untracked 
| 110|0x000000061ec00000, 0x000000061ec00000, 0x000000061f000000|  0%| F|  |TAMS 0x000000061ec00000, 0x000000061ec00000| Untracked 
| 111|0x000000061f000000, 0x000000061f000000, 0x000000061f400000|  0%| F|  |TAMS 0x000000061f000000, 0x000000061f000000| Untracked 
| 112|0x000000061f400000, 0x000000061f400000, 0x000000061f800000|  0%| F|  |TAMS 0x000000061f400000, 0x000000061f400000| Untracked 
| 113|0x000000061f800000, 0x000000061f800000, 0x000000061fc00000|  0%| F|  |TAMS 0x000000061f800000, 0x000000061f800000| Untracked 
| 114|0x000000061fc00000, 0x000000061fc00000, 0x0000000620000000|  0%| F|  |TAMS 0x000000061fc00000, 0x000000061fc00000| Untracked 
| 115|0x0000000620000000, 0x0000000620400000, 0x0000000620400000|100%| S|CS|TAMS 0x0000000620000000, 0x0000000620000000| Complete 
| 116|0x0000000620400000, 0x0000000620800000, 0x0000000620800000|100%| S|CS|TAMS 0x0000000620400000, 0x0000000620400000| Complete 
| 117|0x0000000620800000, 0x0000000620800000, 0x0000000620c00000|  0%| F|  |TAMS 0x0000000620800000, 0x0000000620800000| Untracked 
| 118|0x0000000620c00000, 0x0000000620c00000, 0x0000000621000000|  0%| F|  |TAMS 0x0000000620c00000, 0x0000000620c00000| Untracked 
| 119|0x0000000621000000, 0x0000000621000000, 0x0000000621400000|  0%| F|  |TAMS 0x0000000621000000, 0x0000000621000000| Untracked 
| 120|0x0000000621400000, 0x0000000621400000, 0x0000000621800000|  0%| F|  |TAMS 0x0000000621400000, 0x0000000621400000| Untracked 
| 121|0x0000000621800000, 0x0000000621800000, 0x0000000621c00000|  0%| F|  |TAMS 0x0000000621800000, 0x0000000621800000| Untracked 
| 122|0x0000000621c00000, 0x0000000621c00000, 0x0000000622000000|  0%| F|  |TAMS 0x0000000621c00000, 0x0000000621c00000| Untracked 
| 123|0x0000000622000000, 0x0000000622000000, 0x0000000622400000|  0%| F|  |TAMS 0x0000000622000000, 0x0000000622000000| Untracked 
| 124|0x0000000622400000, 0x0000000622400000, 0x0000000622800000|  0%| F|  |TAMS 0x0000000622400000, 0x0000000622400000| Untracked 
| 125|0x0000000622800000, 0x0000000622800000, 0x0000000622c00000|  0%| F|  |TAMS 0x0000000622800000, 0x0000000622800000| Untracked 
| 126|0x0000000622c00000, 0x0000000622c00000, 0x0000000623000000|  0%| F|  |TAMS 0x0000000622c00000, 0x0000000622c00000| Untracked 
| 127|0x0000000623000000, 0x00000006233f59e0, 0x0000000623400000| 98%| E|  |TAMS 0x0000000623000000, 0x0000000623000000| Complete 

Card table byte_map: [0x0000016078a30000,0x0000016079a20000] _byte_map_base: 0x0000016075a16000

Marking Bits (Prev, Next): (CMBitMap*) 0x000001606fc613b0, (CMBitMap*) 0x000001606fc613f0
 Prev Bits: [0x000001600f000000, 0x0000016016f30000)
 Next Bits: [0x0000016016f30000, 0x000001601ee60000)

Polling page: 0x000001606db40000

Metaspace:

Usage:
  Non-class:     13.32 MB used.
      Class:      2.10 MB used.
       Both:     15.42 MB used.

Virtual space:
  Non-class space:       64.00 MB reserved,      13.50 MB ( 21%) committed,  1 nodes.
      Class space:        1.00 GB reserved,       2.25 MB ( <1%) committed,  1 nodes.
             Both:        1.06 GB reserved,      15.75 MB (  1%) committed. 

Chunk freelists:
   Non-Class:  1.79 MB
       Class:  1.73 MB
        Both:  3.52 MB

MaxMetaspaceSize: unlimited
CompressedClassSpaceSize: 1.00 GB
Initial GC threshold: 21.00 MB
Current GC threshold: 21.00 MB
CDS: on
MetaspaceReclaimPolicy: balanced
 - commit_granule_bytes: 65536.
 - commit_granule_words: 8192.
 - virtual_space_node_default_size: 8388608.
 - enlarge_chunks_in_place: 1.
 - new_chunks_are_fully_committed: 0.
 - uncommit_free_chunks: 1.
 - use_allocation_guard: 0.


Internal statistics:

num_allocs_failed_limit: 0.
num_arena_births: 326.
num_arena_deaths: 0.
num_vsnodes_births: 2.
num_vsnodes_deaths: 0.
num_space_committed: 252.
num_space_uncommitted: 0.
num_chunks_returned_to_freelist: 0.
num_chunks_taken_from_freelist: 815.
num_chunk_merges: 0.
num_chunk_splits: 559.
num_chunks_enlarged: 429.
num_inconsistent_stats: 0.

CodeHeap 'non-profiled nmethods': size=120000Kb used=1092Kb max_used=1092Kb free=118907Kb
 bounds [0x0000016007ad0000, 0x0000016007d40000, 0x000001600f000000]
CodeHeap 'profiled nmethods': size=120000Kb used=5581Kb max_used=5581Kb free=114418Kb
 bounds [0x00000160005a0000, 0x0000016000b20000, 0x0000016007ad0000]
CodeHeap 'non-nmethods': size=5760Kb used=1448Kb max_used=1478Kb free=4311Kb
 bounds [0x0000016000000000, 0x0000016000270000, 0x00000160005a0000]
 total_blobs=3716 nmethods=2929 adapters=699
 compilation: enabled
              stopped_count=0, restarted_count=0
 full_count=0

Compilation events (20 events):
Event: 15.570 Thread 0x000001607abe89c0 2919       3       javafx.scene.control.Labeled::isMnemonicParsing (19 bytes)
Event: 15.570 Thread 0x000001607abe89c0 nmethod 2919 0x0000016000b0fa90 code [0x0000016000b0fc40, 0x0000016000b0ffc8]
Event: 17.222 Thread 0x000001607abe89c0 2920       3       com.sun.javafx.geom.transform.AffineBase::deltaTransform (204 bytes)
Event: 17.223 Thread 0x000001607abe89c0 nmethod 2920 0x0000016000b10110 code [0x0000016000b10300, 0x0000016000b10928]
Event: 17.223 Thread 0x000001607abe89c0 2921       3       com.sun.javafx.geom.Vec3d::normalize (38 bytes)
Event: 17.223 Thread 0x000001607abe89c0 nmethod 2921 0x0000016000b10b90 code [0x0000016000b10d60, 0x0000016000b10ee8]
Event: 17.223 Thread 0x000001607abe89c0 2922       3       com.sun.javafx.scene.input.PickResultChooser::toPickResult (41 bytes)
Event: 17.223 Thread 0x000001607abe89c0 nmethod 2922 0x0000016000b10f90 code [0x0000016000b11140, 0x0000016000b113a8]
Event: 17.223 Thread 0x000001607abe89c0 2923       3       javafx.scene.input.PickResult::<init> (50 bytes)
Event: 17.223 Thread 0x000001607abe89c0 nmethod 2923 0x0000016000b11490 code [0x0000016000b11640, 0x0000016000b11958]
Event: 17.225 Thread 0x000001607abe89c0 2924   !   3       com.sun.javafx.event.EventQueue::fire (66 bytes)
Event: 17.225 Thread 0x000001607abe89c0 nmethod 2924 0x0000016000b11a10 code [0x0000016000b11c40, 0x0000016000b124a8]
Event: 17.298 Thread 0x000001607abddfc0 2925       4       java.util.EnumMap$EnumMapIterator::hasNext (64 bytes)
Event: 17.300 Thread 0x000001607abddfc0 nmethod 2925 0x0000016007bdf310 code [0x0000016007bdf4a0, 0x0000016007bdf5f8]
Event: 19.203 Thread 0x000001607abe89c0 2927  s    3       com.sun.javafx.tk.quantum.QuantumToolkit::pauseTimer (93 bytes)
Event: 19.203 Thread 0x000001607abe89c0 nmethod 2927 0x0000016000b12890 code [0x0000016000b12ac0, 0x0000016000b13298]
Event: 85.459 Thread 0x000001607abddfc0 2928       4       com.sun.javafx.tk.quantum.QuantumToolkit::postPulse (133 bytes)
Event: 85.461 Thread 0x000001607abddfc0 nmethod 2928 0x0000016007bdfb10 code [0x0000016007bdfce0, 0x0000016007be0328]
Event: 86.425 Thread 0x000001607abddfc0 2929       4       com.sun.javafx.tk.quantum.QuantumToolkit$$Lambda$102/0x0000000800c398c0::run (8 bytes)
Event: 86.428 Thread 0x000001607abddfc0 nmethod 2929 0x0000016007be0710 code [0x0000016007be08e0, 0x0000016007be0f70]

GC Heap History (4 events):
Event: 0.444 GC heap before
{Heap before GC invocations=0 (full 0):
 garbage-first heap   total 524288K, used 20480K [0x0000000603400000, 0x0000000800000000)
  region size 4096K, 6 young (24576K), 0 survivors (0K)
 Metaspace       used 5124K, committed 5312K, reserved 1114112K
  class space    used 595K, committed 704K, reserved 1048576K
}
Event: 0.449 GC heap after
{Heap after GC invocations=1 (full 0):
 garbage-first heap   total 524288K, used 2962K [0x0000000603400000, 0x0000000800000000)
  region size 4096K, 1 young (4096K), 1 survivors (4096K)
 Metaspace       used 5124K, committed 5312K, reserved 1114112K
  class space    used 595K, committed 704K, reserved 1048576K
}
Event: 14.008 GC heap before
{Heap before GC invocations=1 (full 0):
 garbage-first heap   total 524288K, used 43922K [0x0000000603400000, 0x0000000800000000)
  region size 4096K, 11 young (45056K), 1 survivors (4096K)
 Metaspace       used 15617K, committed 15872K, reserved 1114112K
  class space    used 2139K, committed 2240K, reserved 1048576K
}
Event: 14.013 GC heap after
{Heap after GC invocations=2 (full 0):
 garbage-first heap   total 524288K, used 9310K [0x0000000603400000, 0x0000000800000000)
  region size 4096K, 2 young (8192K), 2 survivors (8192K)
 Metaspace       used 15617K, committed 15872K, reserved 1114112K
  class space    used 2139K, committed 2240K, reserved 1048576K
}

Deoptimization events (20 events):
Event: 0.869 Thread 0x00000160239624c0 DEOPT PACKING pc=0x0000016007b3f6d4 sp=0x0000001bf57fc5e0
Event: 0.869 Thread 0x00000160239624c0 DEOPT UNPACKING pc=0x0000016000055c23 sp=0x0000001bf57fc598 mode 2
Event: 1.018 Thread 0x000001607abd7aa0 Uncommon trap: trap_request=0xffffff45 fr.pc=0x0000016007b322ac relative=0x0000000000000d0c
Event: 1.018 Thread 0x000001607abd7aa0 Uncommon trap: reason=unstable_if action=reinterpret pc=0x0000016007b322ac method=java.util.concurrent.ConcurrentHashMap.putVal(Ljava/lang/Object;Ljava/lang/Object;Z)Ljava/lang/Object; @ 148 c2
Event: 1.018 Thread 0x000001607abd7aa0 DEOPT PACKING pc=0x0000016007b322ac sp=0x0000001bf49fe4d0
Event: 1.018 Thread 0x000001607abd7aa0 DEOPT UNPACKING pc=0x0000016000055c23 sp=0x0000001bf49fe450 mode 2
Event: 1.748 Thread 0x00000160238237a0 DEOPT PACKING pc=0x00000160008bebcc sp=0x0000001bf55fdd60
Event: 1.748 Thread 0x00000160238237a0 DEOPT UNPACKING pc=0x0000016000056763 sp=0x0000001bf55fd1b8 mode 0
Event: 1.748 Thread 0x00000160238237a0 DEOPT PACKING pc=0x00000160008bebcc sp=0x0000001bf55fdd60
Event: 1.748 Thread 0x00000160238237a0 DEOPT UNPACKING pc=0x0000016000056763 sp=0x0000001bf55fd1b8 mode 0
Event: 1.748 Thread 0x00000160238237a0 DEOPT PACKING pc=0x00000160008bebcc sp=0x0000001bf55fdd60
Event: 1.748 Thread 0x00000160238237a0 DEOPT UNPACKING pc=0x0000016000056763 sp=0x0000001bf55fd1b8 mode 0
Event: 1.749 Thread 0x00000160238237a0 DEOPT PACKING pc=0x00000160008bebcc sp=0x0000001bf55fe050
Event: 1.749 Thread 0x00000160238237a0 DEOPT UNPACKING pc=0x0000016000056763 sp=0x0000001bf55fd4a8 mode 0
Event: 9.556 Thread 0x00000160238237a0 DEOPT PACKING pc=0x00000160009bda83 sp=0x0000001bf55fdff0
Event: 9.556 Thread 0x00000160238237a0 DEOPT UNPACKING pc=0x0000016000056763 sp=0x0000001bf55fd410 mode 0
Event: 10.677 Thread 0x00000160238237a0 DEOPT PACKING pc=0x00000160008ff342 sp=0x0000001bf55fdfb0
Event: 10.677 Thread 0x00000160238237a0 DEOPT UNPACKING pc=0x0000016000056763 sp=0x0000001bf55fd440 mode 0
Event: 13.300 Thread 0x00000160238237a0 DEOPT PACKING pc=0x0000016000a3744a sp=0x0000001bf55fd100
Event: 13.300 Thread 0x00000160238237a0 DEOPT UNPACKING pc=0x0000016000056763 sp=0x0000001bf55fc538 mode 0

Classes loaded (20 events):
Event: 1.019 Loading class sun/util/resources/cldr/TimeZoneNames
Event: 1.019 Loading class sun/util/resources/TimeZoneNamesBundle
Event: 1.019 Loading class sun/util/resources/OpenListResourceBundle
Event: 1.019 Loading class sun/util/resources/OpenListResourceBundle done
Event: 1.019 Loading class sun/util/resources/TimeZoneNamesBundle done
Event: 1.019 Loading class sun/util/resources/cldr/TimeZoneNames done
Event: 1.019 Loading class sun/util/resources/cldr/TimeZoneNames_en
Event: 1.020 Loading class sun/util/resources/cldr/TimeZoneNames_en done
Event: 1.020 Loading class sun/util/resources/cldr/TimeZoneNames_en_US
Event: 1.020 Loading class sun/util/resources/cldr/TimeZoneNames_en_US done
Event: 1.021 Loading class sun/util/cldr/CLDRBaseLocaleDataMetaInfo$TZCanonicalIDMapHolder
Event: 1.021 Loading class sun/util/cldr/CLDRBaseLocaleDataMetaInfo$TZCanonicalIDMapHolder done
Event: 1.022 Loading class sun/util/resources/TimeZoneNames
Event: 1.022 Loading class sun/util/resources/TimeZoneNames done
Event: 1.022 Loading class sun/util/resources/TimeZoneNames_en
Event: 1.022 Loading class sun/util/resources/TimeZoneNames_en done
Event: 1.734 Loading class java/io/UnsupportedEncodingException
Event: 1.734 Loading class java/io/UnsupportedEncodingException done
Event: 107.940 Loading class jdk/internal/misc/Signal$1
Event: 107.940 Loading class jdk/internal/misc/Signal$1 done

Classes unloaded (0 events):
No events

Classes redefined (0 events):
No events

Internal exceptions (20 events):
Event: 0.659 Thread 0x00000160239624c0 Exception <a 'java/lang/NoSuchMethodError'{0x0000000622774510}: 'int java.lang.invoke.DirectMethodHandle$Holder.invokeSpecial(java.lang.Object, java.lang.Object, java.lang.Object, int)'> (0x0000000622774510) 
thrown [s\open\src\hotspot\share\interpreter\linkResolver.cpp, line 759]
Event: 0.660 Thread 0x00000160239624c0 Exception <a 'java/lang/NoSuchMethodError'{0x000000062277f2a0}: 'void java.lang.invoke.DelegatingMethodHandle$Holder.reinvoke_L(java.lang.Object, java.lang.Object, int)'> (0x000000062277f2a0) 
thrown [s\open\src\hotspot\share\interpreter\linkResolver.cpp, line 759]
Event: 0.660 Thread 0x00000160239624c0 Exception <a 'java/lang/NoSuchMethodError'{0x00000006227865c8}: 'int java.lang.invoke.DirectMethodHandle$Holder.invokeSpecial(java.lang.Object, java.lang.Object, java.lang.Object)'> (0x00000006227865c8) 
thrown [s\open\src\hotspot\share\interpreter\linkResolver.cpp, line 759]
Event: 0.697 Thread 0x00000160239624c0 Implicit null exception at 0x0000016007b3ea32 to 0x0000016007b3ee78
Event: 0.781 Thread 0x00000160239624c0 Exception <a 'java/lang/ClassNotFoundException'{0x0000000621f722a0}: com/sun/javafx/scene/control/skin/resources/controls> (0x0000000621f722a0) 
thrown [s\open\src\hotspot\share\prims\jni.cpp, line 535]
Event: 0.781 Thread 0x00000160239624c0 Exception <a 'java/lang/ClassNotFoundException'{0x0000000621f80240}: com/sun/javafx/scene/control/skin/resources/controls_ru> (0x0000000621f80240) 
thrown [s\open\src\hotspot\share\prims\jni.cpp, line 535]
Event: 0.781 Thread 0x00000160239624c0 Exception <a 'java/lang/ClassNotFoundException'{0x0000000621f811d8}: com/sun/javafx/scene/control/skin/resources/controls_ru_RU> (0x0000000621f811d8) 
thrown [s\open\src\hotspot\share\prims\jni.cpp, line 535]
Event: 0.807 Thread 0x00000160239624c0 Exception <a 'java/lang/NoSuchMethodError'{0x00000006215a4970}: 'void java.lang.invoke.DirectMethodHandle$Holder.invokeSpecial(java.lang.Object, java.lang.Object, java.lang.Object, java.lang.Object, java.lang.Object, java.lang.Object)'> (0x00000006215a4970) 
thrown [s\open\src\hotspot\share\interpreter\linkResolver.cpp, line 759]
Event: 0.810 Thread 0x00000160239624c0 Exception <a 'java/lang/NoSuchMethodError'{0x00000006215c5778}: 'java.lang.Object java.lang.invoke.DirectMethodHandle$Holder.invokeInterface(java.lang.Object, java.lang.Object, java.lang.Object)'> (0x00000006215c5778) 
thrown [s\open\src\hotspot\share\interpreter\linkResolver.cpp, line 759]
Event: 0.810 Thread 0x00000160239624c0 Exception <a 'java/lang/IncompatibleClassChangeError'{0x00000006215c90f8}: Found class java.lang.Object, but interface was expected> (0x00000006215c90f8) 
thrown [s\open\src\hotspot\share\interpreter\linkResolver.cpp, line 826]
Event: 0.872 Thread 0x00000160239624c0 Exception <a 'java/lang/NoSuchMethodError'{0x0000000621251ee0}: 'int java.lang.invoke.DirectMethodHandle$Holder.invokeSpecial(java.lang.Object, java.lang.Object, int)'> (0x0000000621251ee0) 
thrown [s\open\src\hotspot\share\interpreter\linkResolver.cpp, line 759]
Event: 0.879 Thread 0x00000160239624c0 Exception <a 'java/lang/NoSuchMethodError'{0x000000062128bad0}: 'java.lang.Object java.lang.invoke.DirectMethodHandle$Holder.newInvokeSpecial(java.lang.Object, java.lang.Object, int)'> (0x000000062128bad0) 
thrown [s\open\src\hotspot\share\interpreter\linkResolver.cpp, line 759]
Event: 0.899 Thread 0x00000160238237a0 Exception <a 'java/lang/NoSuchMethodError'{0x000000062134ae98}: 'int java.lang.invoke.DirectMethodHandle$Holder.invokeStaticInit(java.lang.Object, java.lang.Object)'> (0x000000062134ae98) 
thrown [s\open\src\hotspot\share\interpreter\linkResolver.cpp, line 759]
Event: 0.905 Thread 0x00000160239624c0 Exception <a 'java/lang/NoSuchMethodError'{0x0000000621398ae0}: 'long java.lang.invoke.DirectMethodHandle$Holder.invokeStatic(java.lang.Object, java.lang.Object, java.lang.Object)'> (0x0000000621398ae0) 
thrown [s\open\src\hotspot\share\interpreter\linkResolver.cpp, line 759]
Event: 0.905 Thread 0x00000160239624c0 Exception <a 'java/lang/NoSuchMethodError'{0x000000062139c280}: 'long java.lang.invoke.DirectMethodHandle$Holder.invokeStaticInit(java.lang.Object, java.lang.Object, java.lang.Object)'> (0x000000062139c280) 
thrown [s\open\src\hotspot\share\interpreter\linkResolver.cpp, line 759]
Event: 0.907 Thread 0x00000160239624c0 Exception <a 'java/lang/NoSuchMethodError'{0x0000000620c11598}: 'java.lang.Object java.lang.invoke.DirectMethodHandle$Holder.newInvokeSpecial(java.lang.Object, java.lang.Object, long)'> (0x0000000620c11598) 
thrown [s\open\src\hotspot\share\interpreter\linkResolver.cpp, line 759]
Event: 0.907 Thread 0x00000160239624c0 Exception <a 'java/lang/NoSuchMethodError'{0x0000000620c15110}: 'java.lang.Object java.lang.invoke.Invokers$Holder.linkToTargetMethod(java.lang.Object, long, java.lang.Object)'> (0x0000000620c15110) 
thrown [s\open\src\hotspot\share\interpreter\linkResolver.cpp, line 759]
Event: 15.426 Thread 0x00000160239624c0 Exception <a 'java/lang/NoSuchMethodError'{0x0000000623181e68}: 'java.lang.Object java.lang.invoke.DirectMethodHandle$Holder.newInvokeSpecial(java.lang.Object, java.lang.Object, int, int, int, int, int, java.lang.Object)'> (0x0000000623181e68) 
thrown [s\open\src\hotspot\share\interpreter\linkResolver.cpp, line 759]
Event: 15.427 Thread 0x00000160239624c0 Exception <a 'java/lang/NoSuchMethodError'{0x0000000623195398}: 'java.lang.Object java.lang.invoke.DirectMethodHandle$Holder.newInvokeSpecial(java.lang.Object, java.lang.Object, java.lang.Object, int, int, int, int, int)'> (0x0000000623195398) 
thrown [s\open\src\hotspot\share\interpreter\linkResolver.cpp, line 759]
Event: 15.427 Thread 0x00000160239624c0 Exception <a 'java/lang/NoSuchMethodError'{0x000000062319d150}: 'java.lang.Object java.lang.invoke.Invokers$Holder.linkToTargetMethod(java.lang.Object, java.lang.Object, int, int, int, int, int, java.lang.Object)'> (0x000000062319d150) 
thrown [s\open\src\hotspot\share\interpreter\linkResolver.cpp, line 759]

VM Operations (20 events):
Event: 7.864 Executing VM operation: Cleanup done
Event: 8.864 Executing VM operation: Cleanup
Event: 8.865 Executing VM operation: Cleanup done
Event: 9.865 Executing VM operation: Cleanup
Event: 9.865 Executing VM operation: Cleanup done
Event: 11.866 Executing VM operation: Cleanup
Event: 11.866 Executing VM operation: Cleanup done
Event: 12.867 Executing VM operation: Cleanup
Event: 12.867 Executing VM operation: Cleanup done
Event: 13.868 Executing VM operation: Cleanup
Event: 13.868 Executing VM operation: Cleanup done
Event: 14.008 Executing VM operation: G1CollectForAllocation
Event: 14.013 Executing VM operation: G1CollectForAllocation done
Event: 15.014 Executing VM operation: Cleanup
Event: 15.014 Executing VM operation: Cleanup done
Event: 17.015 Executing VM operation: Cleanup
Event: 17.015 Executing VM operation: Cleanup done
Event: 18.015 Executing VM operation: Cleanup
Event: 18.015 Executing VM operation: Cleanup done
Event: 107.944 Executing VM operation: Exit

Events (20 events):
Event: 0.291 Loaded shared library C:\Users\mikza\.openjfx\cache\18.0.1+2\vcruntime140_1.dll
Event: 0.296 Loaded shared library C:\Users\mikza\.openjfx\cache\18.0.1+2\msvcp140.dll
Event: 0.314 Thread 0x00000160238237a0 Thread added: 0x00000160238237a0
Event: 0.320 Loaded shared library C:\Users\mikza\.openjfx\cache\18.0.1+2\prism_d3d.dll
Event: 0.353 Loaded shared library C:\Users\mikza\.openjfx\cache\18.0.1+2\glass.dll
Event: 0.355 Thread 0x000001602395c7c0 Thread added: 0x000001602395c7c0
Event: 0.358 Thread 0x00000160239624c0 Thread added: 0x00000160239624c0
Event: 0.417 Thread 0x0000016028a3dcf0 Thread added: 0x0000016028a3dcf0
Event: 0.418 Thread 0x00000160239c2940 Thread added: 0x00000160239c2940
Event: 0.434 Loaded shared library C:\Users\mikza\.jdks\openjdk-18.0.2.1\bin\jimage.dll
Event: 0.542 Loaded shared library C:\Users\mikza\.openjfx\cache\18.0.1+2\javafx_font.dll
Event: 0.818 Thread 0x0000016028c02ec0 Thread added: 0x0000016028c02ec0
Event: 0.915 Thread 0x0000016028c046d0 Thread added: 0x0000016028c046d0
Event: 1.202 Thread 0x00000160231a7f40 Thread exited: 0x00000160231a7f40
Event: 1.298 Thread 0x000001602316e770 Thread exited: 0x000001602316e770
Event: 107.941 Thread 0x0000016028c04ba0 Thread added: 0x0000016028c04ba0
Event: 107.943 Thread 0x0000016028c02050 Thread added: 0x0000016028c02050
Event: 107.943 Thread 0x0000016028c03390 Thread added: 0x0000016028c03390
Event: 107.944 Thread 0x0000016028c03390 Thread exited: 0x0000016028c03390
Event: 107.944 Thread 0x0000016028c02050 Thread exited: 0x0000016028c02050


Dynamic libraries:
0x00007ff699d50000 - 0x00007ff699d5e000 	C:\Users\mikza\.jdks\openjdk-18.0.2.1\bin\java.exe
0x00007ff97fa30000 - 0x00007ff97fc44000 	C:\WINDOWS\SYSTEM32\ntdll.dll
0x00007ff97eb00000 - 0x00007ff97ebc2000 	C:\WINDOWS\System32\KERNEL32.DLL
0x00007ff97ce80000 - 0x00007ff97d223000 	C:\WINDOWS\System32\KERNELBASE.dll
0x00007ff97d230000 - 0x00007ff97d341000 	C:\WINDOWS\System32\ucrtbase.dll
0x00007ff967230000 - 0x00007ff96724a000 	C:\Users\mikza\.jdks\openjdk-18.0.2.1\bin\VCRUNTIME140.dll
0x00007ff967250000 - 0x00007ff967267000 	C:\Users\mikza\.jdks\openjdk-18.0.2.1\bin\jli.dll
0x00007ff97e370000 - 0x00007ff97e51b000 	C:\WINDOWS\System32\USER32.dll
0x00007ff966200000 - 0x00007ff96648e000 	C:\WINDOWS\WinSxS\amd64_microsoft.windows.common-controls_6595b64144ccf1df_6.0.22621.1635_none_270f70857386168e\COMCTL32.dll
0x00007ff97d470000 - 0x00007ff97d496000 	C:\WINDOWS\System32\win32u.dll
0x00007ff97e530000 - 0x00007ff97e5d7000 	C:\WINDOWS\System32\msvcrt.dll
0x00007ff97e5e0000 - 0x00007ff97e609000 	C:\WINDOWS\System32\GDI32.dll
0x00007ff97d350000 - 0x00007ff97d469000 	C:\WINDOWS\System32\gdi32full.dll
0x00007ff97d680000 - 0x00007ff97d71a000 	C:\WINDOWS\System32\msvcp_win.dll
0x00007ff97f980000 - 0x00007ff97f9b1000 	C:\WINDOWS\System32\IMM32.DLL
0x00007ff967220000 - 0x00007ff96722c000 	C:\Users\mikza\.jdks\openjdk-18.0.2.1\bin\vcruntime140_1.dll
0x00007ff962f30000 - 0x00007ff962fbd000 	C:\Users\mikza\.jdks\openjdk-18.0.2.1\bin\msvcp140.dll
0x00007ff90a680000 - 0x00007ff90b291000 	C:\Users\mikza\.jdks\openjdk-18.0.2.1\bin\server\jvm.dll
0x00007ff97e7d0000 - 0x00007ff97e87e000 	C:\WINDOWS\System32\ADVAPI32.dll
0x00007ff97d7e0000 - 0x00007ff97d884000 	C:\WINDOWS\System32\sechost.dll
0x00007ff97f060000 - 0x00007ff97f177000 	C:\WINDOWS\System32\RPCRT4.dll
0x00007ff97e520000 - 0x00007ff97e528000 	C:\WINDOWS\System32\PSAPI.DLL
0x00007ff977f40000 - 0x00007ff977f49000 	C:\WINDOWS\SYSTEM32\WSOCK32.dll
0x00007ff973880000 - 0x00007ff9738b4000 	C:\WINDOWS\SYSTEM32\WINMM.dll
0x00007ff9743e0000 - 0x00007ff9743ea000 	C:\WINDOWS\SYSTEM32\VERSION.dll
0x00007ff97ea80000 - 0x00007ff97eaf1000 	C:\WINDOWS\System32\WS2_32.dll
0x00007ff97bf00000 - 0x00007ff97bf18000 	C:\WINDOWS\SYSTEM32\kernel.appcore.dll
0x00007ff967210000 - 0x00007ff96721a000 	C:\Users\mikza\.jdks\openjdk-18.0.2.1\bin\jimage.dll
0x00007ff97a1b0000 - 0x00007ff97a3de000 	C:\WINDOWS\SYSTEM32\DBGHELP.DLL
0x00007ff97ec50000 - 0x00007ff97efd9000 	C:\WINDOWS\System32\combase.dll
0x00007ff97f730000 - 0x00007ff97f807000 	C:\WINDOWS\System32\OLEAUT32.dll
0x00007ff958ff0000 - 0x00007ff959022000 	C:\WINDOWS\SYSTEM32\dbgcore.DLL
0x00007ff97ce00000 - 0x00007ff97ce7b000 	C:\WINDOWS\System32\bcryptPrimitives.dll
0x00007ff977fa0000 - 0x00007ff977fae000 	C:\Users\mikza\.jdks\openjdk-18.0.2.1\bin\instrument.dll
0x00007ff9671e0000 - 0x00007ff967205000 	C:\Users\mikza\.jdks\openjdk-18.0.2.1\bin\java.dll
0x00007ff95c490000 - 0x00007ff95c566000 	C:\Users\mikza\.jdks\openjdk-18.0.2.1\bin\jsvml.dll
0x00007ff97db70000 - 0x00007ff97e36a000 	C:\WINDOWS\System32\SHELL32.dll
0x00007ff97adc0000 - 0x00007ff97b68e000 	C:\WINDOWS\SYSTEM32\windows.storage.dll
0x00007ff97ac70000 - 0x00007ff97adae000 	C:\WINDOWS\SYSTEM32\wintypes.dll
0x00007ff97f880000 - 0x00007ff97f971000 	C:\WINDOWS\System32\SHCORE.dll
0x00007ff97e880000 - 0x00007ff97e8de000 	C:\WINDOWS\System32\shlwapi.dll
0x00007ff97cd30000 - 0x00007ff97cd51000 	C:\WINDOWS\SYSTEM32\profapi.dll
0x00007ff95d340000 - 0x00007ff95d353000 	C:\Users\mikza\.jdks\openjdk-18.0.2.1\bin\net.dll
0x00007ff976760000 - 0x00007ff976897000 	C:\WINDOWS\SYSTEM32\WINHTTP.dll
0x00007ff97c360000 - 0x00007ff97c3c9000 	C:\WINDOWS\system32\mswsock.dll
0x00007ff95c470000 - 0x00007ff95c486000 	C:\Users\mikza\.jdks\openjdk-18.0.2.1\bin\nio.dll
0x00007ff95c450000 - 0x00007ff95c468000 	C:\Users\mikza\.jdks\openjdk-18.0.2.1\bin\zip.dll
0x00007ff950e90000 - 0x00007ff950eaa000 	C:\Program Files\JetBrains\IntelliJ IDEA Community Edition 2022.2.2\bin\breakgen64.dll
0x000001601ef90000 - 0x000001601ef93000 	C:\Users\mikza\.openjfx\cache\18.0.1+2\api-ms-win-core-console-l1-1-0.dll
0x000001601efa0000 - 0x000001601efa3000 	C:\Users\mikza\.openjfx\cache\18.0.1+2\api-ms-win-core-console-l1-2-0.dll
0x000001601efb0000 - 0x000001601efb3000 	C:\Users\mikza\.openjfx\cache\18.0.1+2\api-ms-win-core-datetime-l1-1-0.dll
0x000001601efc0000 - 0x000001601efc3000 	C:\Users\mikza\.openjfx\cache\18.0.1+2\api-ms-win-core-debug-l1-1-0.dll
0x000001601efd0000 - 0x000001601efd3000 	C:\Users\mikza\.openjfx\cache\18.0.1+2\api-ms-win-core-errorhandling-l1-1-0.dll
0x000001601efe0000 - 0x000001601efe4000 	C:\Users\mikza\.openjfx\cache\18.0.1+2\api-ms-win-core-file-l1-1-0.dll
0x000001601eff0000 - 0x000001601eff3000 	C:\Users\mikza\.openjfx\cache\18.0.1+2\api-ms-win-core-file-l1-2-0.dll
0x0000016023c00000 - 0x0000016023c03000 	C:\Users\mikza\.openjfx\cache\18.0.1+2\api-ms-win-core-file-l2-1-0.dll
0x0000016023c10000 - 0x0000016023c13000 	C:\Users\mikza\.openjfx\cache\18.0.1+2\api-ms-win-core-handle-l1-1-0.dll
0x0000016023c20000 - 0x0000016023c23000 	C:\Users\mikza\.openjfx\cache\18.0.1+2\api-ms-win-core-heap-l1-1-0.dll
0x0000016023c30000 - 0x0000016023c33000 	C:\Users\mikza\.openjfx\cache\18.0.1+2\api-ms-win-core-interlocked-l1-1-0.dll
0x0000016023c40000 - 0x0000016023c43000 	C:\Users\mikza\.openjfx\cache\18.0.1+2\api-ms-win-core-libraryloader-l1-1-0.dll
0x0000016023c50000 - 0x0000016023c53000 	C:\Users\mikza\.openjfx\cache\18.0.1+2\api-ms-win-core-localization-l1-2-0.dll
0x0000016023c60000 - 0x0000016023c63000 	C:\Users\mikza\.openjfx\cache\18.0.1+2\api-ms-win-core-memory-l1-1-0.dll
0x0000016023c70000 - 0x0000016023c73000 	C:\Users\mikza\.openjfx\cache\18.0.1+2\api-ms-win-core-namedpipe-l1-1-0.dll
0x0000016023c80000 - 0x0000016023c83000 	C:\Users\mikza\.openjfx\cache\18.0.1+2\api-ms-win-core-processenvironment-l1-1-0.dll
0x0000016023c90000 - 0x0000016023c93000 	C:\Users\mikza\.openjfx\cache\18.0.1+2\api-ms-win-core-processthreads-l1-1-0.dll
0x0000016023ca0000 - 0x0000016023ca3000 	C:\Users\mikza\.openjfx\cache\18.0.1+2\api-ms-win-core-processthreads-l1-1-1.dll
0x0000016023cb0000 - 0x0000016023cb3000 	C:\Users\mikza\.openjfx\cache\18.0.1+2\api-ms-win-core-profile-l1-1-0.dll
0x0000016023cc0000 - 0x0000016023cc3000 	C:\Users\mikza\.openjfx\cache\18.0.1+2\api-ms-win-core-rtlsupport-l1-1-0.dll
0x0000016023cd0000 - 0x0000016023cd3000 	C:\Users\mikza\.openjfx\cache\18.0.1+2\api-ms-win-core-string-l1-1-0.dll
0x0000016023ce0000 - 0x0000016023ce3000 	C:\Users\mikza\.openjfx\cache\18.0.1+2\api-ms-win-core-synch-l1-1-0.dll
0x0000016023cf0000 - 0x0000016023cf3000 	C:\Users\mikza\.openjfx\cache\18.0.1+2\api-ms-win-core-synch-l1-2-0.dll
0x0000016023d00000 - 0x0000016023d03000 	C:\Users\mikza\.openjfx\cache\18.0.1+2\api-ms-win-core-sysinfo-l1-1-0.dll
0x0000016023d10000 - 0x0000016023d13000 	C:\Users\mikza\.openjfx\cache\18.0.1+2\api-ms-win-core-timezone-l1-1-0.dll
0x0000016023d20000 - 0x0000016023d23000 	C:\Users\mikza\.openjfx\cache\18.0.1+2\api-ms-win-core-util-l1-1-0.dll
0x0000016023d30000 - 0x0000016023d33000 	C:\Users\mikza\.openjfx\cache\18.0.1+2\api-ms-win-crt-conio-l1-1-0.dll
0x0000016023d40000 - 0x0000016023d44000 	C:\Users\mikza\.openjfx\cache\18.0.1+2\api-ms-win-crt-convert-l1-1-0.dll
0x0000016023d50000 - 0x0000016023d53000 	C:\Users\mikza\.openjfx\cache\18.0.1+2\api-ms-win-crt-environment-l1-1-0.dll
0x0000016023d60000 - 0x0000016023d63000 	C:\Users\mikza\.openjfx\cache\18.0.1+2\api-ms-win-crt-filesystem-l1-1-0.dll
0x0000016023d70000 - 0x0000016023d73000 	C:\Users\mikza\.openjfx\cache\18.0.1+2\api-ms-win-crt-heap-l1-1-0.dll
0x0000016023d80000 - 0x0000016023d83000 	C:\Users\mikza\.openjfx\cache\18.0.1+2\api-ms-win-crt-locale-l1-1-0.dll
0x0000016023d90000 - 0x0000016023d95000 	C:\Users\mikza\.openjfx\cache\18.0.1+2\api-ms-win-crt-math-l1-1-0.dll
0x0000016023da0000 - 0x0000016023da5000 	C:\Users\mikza\.openjfx\cache\18.0.1+2\api-ms-win-crt-multibyte-l1-1-0.dll
0x0000016023db0000 - 0x0000016023dc0000 	C:\Users\mikza\.openjfx\cache\18.0.1+2\api-ms-win-crt-private-l1-1-0.dll
0x0000016023dc0000 - 0x0000016023dc3000 	C:\Users\mikza\.openjfx\cache\18.0.1+2\api-ms-win-crt-process-l1-1-0.dll
0x0000016023dd0000 - 0x0000016023dd4000 	C:\Users\mikza\.openjfx\cache\18.0.1+2\api-ms-win-crt-runtime-l1-1-0.dll
0x0000016023de0000 - 0x0000016023de4000 	C:\Users\mikza\.openjfx\cache\18.0.1+2\api-ms-win-crt-stdio-l1-1-0.dll
0x0000016023df0000 - 0x0000016023df4000 	C:\Users\mikza\.openjfx\cache\18.0.1+2\api-ms-win-crt-string-l1-1-0.dll
0x0000016023e00000 - 0x0000016023e03000 	C:\Users\mikza\.openjfx\cache\18.0.1+2\api-ms-win-crt-time-l1-1-0.dll
0x0000016023e10000 - 0x0000016023e13000 	C:\Users\mikza\.openjfx\cache\18.0.1+2\api-ms-win-crt-utility-l1-1-0.dll
0x00007ff9474f0000 - 0x00007ff9475ec000 	C:\Users\mikza\.openjfx\cache\18.0.1+2\ucrtbase.dll
0x00007ff94eea0000 - 0x00007ff94eeba000 	C:\Users\mikza\.openjfx\cache\18.0.1+2\vcruntime140.dll
0x00007ff967890000 - 0x00007ff96789c000 	C:\Users\mikza\.openjfx\cache\18.0.1+2\vcruntime140_1.dll
0x00007ff947460000 - 0x00007ff9474ed000 	C:\Users\mikza\.openjfx\cache\18.0.1+2\msvcp140.dll
0x00007ff94d760000 - 0x00007ff94d78c000 	C:\Users\mikza\.openjfx\cache\18.0.1+2\prism_d3d.dll
0x00007ff965130000 - 0x00007ff9652d9000 	C:\WINDOWS\system32\d3d9.dll
0x00007ff97a510000 - 0x00007ff97a53b000 	C:\WINDOWS\SYSTEM32\dwmapi.dll
0x00007ff97a170000 - 0x00007ff97a1a8000 	C:\WINDOWS\SYSTEM32\dxcore.dll
0x00007ff979f80000 - 0x00007ff97a02b000 	C:\WINDOWS\system32\uxtheme.dll
0x00007ff906750000 - 0x00007ff9068bc000 	C:\WINDOWS\System32\DriverStore\FileRepository\iigd_dch.inf_amd64_5802b1615520e41c\igdumdim64.dll
0x00007ff97e8e0000 - 0x00007ff97ea7c000 	C:\WINDOWS\System32\ole32.dll
0x00007ff8fb7d0000 - 0x00007ff8ff3d6000 	C:\WINDOWS\System32\DriverStore\FileRepository\iigd_dch.inf_amd64_5802b1615520e41c\igd9dxva64.dll
0x00007ff97f180000 - 0x00007ff97f5f4000 	C:\WINDOWS\System32\SETUPAPI.dll
0x00007ff97caf0000 - 0x00007ff97cb3e000 	C:\WINDOWS\SYSTEM32\cfgmgr32.dll
0x00007ff96fd40000 - 0x00007ff970107000 	C:\WINDOWS\System32\DriverStore\FileRepository\iigd_dch.inf_amd64_5802b1615520e41c\igdgmm64.dll
0x00007ff976b80000 - 0x00007ff976bc8000 	C:\WINDOWS\SYSTEM32\directxdatabasehelper.dll
0x00007ff947410000 - 0x00007ff947452000 	C:\Users\mikza\.openjfx\cache\18.0.1+2\glass.dll
0x00007ff97e630000 - 0x00007ff97e727000 	C:\WINDOWS\System32\COMDLG32.dll
0x00007ff96f960000 - 0x00007ff96f983000 	C:\Program Files (x86)\Yandex\Punto Switcher\PSHook64.dll
0x00007ff97f600000 - 0x00007ff97f727000 	C:\WINDOWS\System32\MSCTF.dll
0x00007ff9271f0000 - 0x00007ff927217000 	C:\WINDOWS\System32\DriverStore\FileRepository\iigd_dch.inf_amd64_5802b1615520e41c\igdinfo64.dll
0x00007ff968690000 - 0x00007ff96bca1000 	C:\WINDOWS\System32\DriverStore\FileRepository\iigd_dch.inf_amd64_5802b1615520e41c\igc64.dll
0x00007ff949ab0000 - 0x00007ff949ac4000 	C:\Users\mikza\.openjfx\cache\18.0.1+2\javafx_font.dll
0x00007ff978900000 - 0x00007ff978b67000 	C:\WINDOWS\SYSTEM32\dwrite.dll
0x00007ff97dac0000 - 0x00007ff97db70000 	C:\WINDOWS\System32\clbcatq.dll
0x00007ff978360000 - 0x00007ff978510000 	C:\WINDOWS\SYSTEM32\WindowsCodecs.dll
0x00007ff94f330000 - 0x00007ff94f38e000 	C:\WINDOWS\system32\dataexchange.dll
0x00007ff973ab0000 - 0x00007ff973d1e000 	C:\WINDOWS\system32\twinapi.appcore.dll
0x00007ff96f990000 - 0x00007ff96f9c2000 	C:\Program Files\Common Files\Microsoft Shared\Ink\rtscom.dll
0x00007ff9647e0000 - 0x00007ff96490d000 	C:\WINDOWS\SYSTEM32\textinputframework.dll
0x00007ff979a20000 - 0x00007ff979b53000 	C:\WINDOWS\SYSTEM32\CoreMessaging.dll
0x00007ff9756b0000 - 0x00007ff975a1c000 	C:\WINDOWS\SYSTEM32\CoreUIComponents.dll
0x00007ff97c660000 - 0x00007ff97c66c000 	C:\WINDOWS\SYSTEM32\CRYPTBASE.DLL

dbghelp: loaded successfully - version: 4.0.5 - missing functions: none
symbol engine: initialized successfully - sym options: 0x614 - pdb path: .;C:\Users\mikza\.jdks\openjdk-18.0.2.1\bin;C:\WINDOWS\SYSTEM32;C:\WINDOWS\WinSxS\amd64_microsoft.windows.common-controls_6595b64144ccf1df_6.0.22621.1635_none_270f70857386168e;C:\Users\mikza\.jdks\openjdk-18.0.2.1\bin\server;C:\Program Files\JetBrains\IntelliJ IDEA Community Edition 2022.2.2\bin;C:\Users\mikza\.openjfx\cache\18.0.1+2;C:\WINDOWS\System32\DriverStore\FileRepository\iigd_dch.inf_amd64_5802b1615520e41c;C:\Program Files (x86)\Yandex\Punto Switcher;C:\Program Files\Common Files\Microsoft Shared\Ink

VM Arguments:
jvm_args: -javaagent:C:\Program Files\JetBrains\IntelliJ IDEA Community Edition 2022.2.2\lib\idea_rt.jar=60792:C:\Program Files\JetBrains\IntelliJ IDEA Community Edition 2022.2.2\bin -Dfile.encoding=UTF-8 -Dsun.stdout.encoding=UTF-8 -Dsun.stderr.encoding=UTF-8 --module-path=E:\Учёба\Основы Программирования\2 семестр\Курсовая\Kursovaya\target\classes;C:\Users\mikza\.m2\repository\org\openjfx\javafx-graphics\18.0.1\javafx-graphics-18.0.1-win.jar;C:\Users\mikza\.m2\repository\org\openjfx\javafx-base\18.0.1\javafx-base-18.0.1-win.jar;C:\Users\mikza\.m2\repository\org\openjfx\javafx-fxml\18.0.1\javafx-fxml-18.0.1-win.jar;C:\Users\mikza\.m2\repository\org\openjfx\javafx-controls\18.0.1\javafx-controls-18.0.1-win.jar;C:\Users\mikza\.m2\repository\mysql\mysql-connector-java\8.0.25\mysql-connector-java-8.0.25.jar -Djdk.module.main=com.example.kursovaya 
java_command: com.example.kursovaya/com.example.kursovaya.main
java_class_path (initial): C:\Users\mikza\.m2\repository\org\openjfx\javafx-controls\18.0.1\javafx-controls-18.0.1.jar;C:\Users\mikza\.m2\repository\org\openjfx\javafx-graphics\18.0.1\javafx-graphics-18.0.1.jar;C:\Users\mikza\.m2\repository\org\openjfx\javafx-base\18.0.1\javafx-base-18.0.1.jar;C:\Users\mikza\.m2\repository\org\openjfx\javafx-fxml\18.0.1\javafx-fxml-18.0.1.jar;C:\Users\mikza\.m2\repository\com\google\protobuf\protobuf-java\3.11.4\protobuf-java-3.11.4.jar
Launcher Type: SUN_STANDARD

[Global flags]
     intx CICompilerCount                          = 4                                         {product} {ergonomic}
     uint ConcGCThreads                            = 3                                         {product} {ergonomic}
     uint G1ConcRefinementThreads                  = 10                                        {product} {ergonomic}
   size_t G1HeapRegionSize                         = 4194304                                   {product} {ergonomic}
    uintx GCDrainStackTargetSize                   = 64                                        {product} {ergonomic}
   size_t InitialHeapSize                          = 536870912                                 {product} {ergonomic}
   size_t MarkStackSize                            = 4194304                                   {product} {ergonomic}
   size_t MaxHeapSize                              = 8535408640                                {product} {ergonomic}
   size_t MaxNewSize                               = 5121245184                                {product} {ergonomic}
   size_t MinHeapDeltaBytes                        = 4194304                                   {product} {ergonomic}
   size_t MinHeapSize                              = 8388608                                   {product} {ergonomic}
    uintx NonNMethodCodeHeapSize                   = 5839372                                {pd product} {ergonomic}
    uintx NonProfiledCodeHeapSize                  = 122909434                              {pd product} {ergonomic}
    uintx ProfiledCodeHeapSize                     = 122909434                              {pd product} {ergonomic}
    uintx ReservedCodeCacheSize                    = 251658240                              {pd product} {ergonomic}
     bool SegmentedCodeCache                       = true                                      {product} {ergonomic}
   size_t SoftMaxHeapSize                          = 8535408640                             {manageable} {ergonomic}
     bool UseCompressedClassPointers               = true                           {product lp64_product} {ergonomic}
     bool UseCompressedOops                        = true                           {product lp64_product} {ergonomic}
     bool UseG1GC                                  = true                                      {product} {ergonomic}
     bool UseLargePagesIndividualAllocation        = false                                  {pd product} {ergonomic}

Logging:
Log output configuration:
 #0: stdout all=off uptime,level,tags foldmultilines=false
 #1: stderr all=off uptime,level,tags foldmultilines=false

Environment Variables:
PATH=C:\Program Files\Common Files\Oracle\Java\javapath;C:\Program Files (x86)\Common Files\Oracle\Java\javapath;C:\Windows\system32;C:\Windows;C:\Windows\System32\Wbem;C:\Windows\System32\WindowsPowerShell\v1.0\;C:\Windows\System32\OpenSSH\;C:\Program Files (x86)\NVIDIA Corporation\PhysX\Common;C:\Program Files\NVIDIA Corporation\NVIDIA NvDLISR;C:\WINDOWS\system32;C:\WINDOWS;C:\WINDOWS\System32\Wbem;C:\WINDOWS\System32\WindowsPowerShell\v1.0\;C:\WINDOWS\System32\OpenSSH\;C:\Program Files (x86)\dotnet\;C:\Program Files\Docker\Docker\resources\bin;C:\Program Files\Git\cmd;C:\Users\mikza\AppData\Local\Programs\Python\Python310\Scripts\;C:\Users\mikza\AppData\Local\Programs\Python\Python310\;C:\Users\mikza\AppData\Local\Microsoft\WindowsApps;;C:\Program Files\JetBrains\PyCharm Community Edition 2022.2.1\bin;;C:\Program Files\JetBrains\IntelliJ IDEA Community Edition 2022.2.2\bin;
USERNAME=mikza
OS=Windows_NT
PROCESSOR_IDENTIFIER=Intel64 Family 6 Model 141 Stepping 1, GenuineIntel



---------------  S Y S T E M  ---------------

OS:
 Windows 11 , 64 bit Build 22621 (10.0.22621.1778)
OS uptime: 4 days 19:36 hours
Hyper-V role detected

CPU: total 12 (initial active 12) (6 cores per cpu, 2 threads per core) family 6 model 141 stepping 1 microcode 0x3c, cx8, cmov, fxsr, ht, mmx, 3dnowpref, sse, sse2, sse3, ssse3, sse4.1, sse4.2, popcnt, lzcnt, tsc, tscinvbit, avx, avx2, aes, erms, clmul, bmi1, bmi2, adx, avx512f, avx512dq, avx512cd, avx512bw, avx512vl, sha, fma, vzeroupper, avx512_vpopcntdq, avx512_vpclmulqdq, avx512_vaes, avx512_vnni, clflush, clflushopt, clwb, avx512_vbmi2, avx512_vbmi, hv

Memory: 4k page, system-wide physical 32547M (17600M free)
TotalPageFile size 37411M (AvailPageFile size 17785M)
current process WorkingSet (physical memory assigned to process): 173M, peak: 181M
current process commit charge ("private bytes"): 687M, peak: 696M

vm_info: OpenJDK 64-Bit Server VM (18.0.2.1+1-1) for windows-amd64 JRE (18.0.2.1+1-1), built on Aug 16 2022 01:44:29 by "mach5one" with MS VC++ 16.8 / 16.9 (VS2019)

END.
