#
# A fatal error has been detected by the Java Runtime Environment:
#
#  EXCEPTION_ACCESS_VIOLATION (0xc0000005) at pc=0x00007fffb6e862d7, pid=17872, tid=1524
#
# JRE version: OpenJDK Runtime Environment (18.0.2.1+1) (build 18.0.2.1+1-1)
# Java VM: OpenJDK 64-Bit Server VM (18.0.2.1+1-1, mixed mode, sharing, tiered, compressed oops, compressed class ptrs, g1 gc, windows-amd64)
# Problematic frame:
# C  [glass.dll+0x262d7]
#
# No core dump will be written. Minidumps are not enabled by default on client versions of Windows
#
# If you would like to submit a bug report, please visit:
#   https://bugreport.java.com/bugreport/crash.jsp
#

---------------  S U M M A R Y ------------

Command Line: -javaagent:C:\Program Files\JetBrains\IntelliJ IDEA Community Edition 2022.2.2\lib\idea_rt.jar=63666:C:\Program Files\JetBrains\IntelliJ IDEA Community Edition 2022.2.2\bin -Dfile.encoding=UTF-8 -Dsun.stdout.encoding=UTF-8 -Dsun.stderr.encoding=UTF-8 --module-path=C:\Users\mikza\.m2\repository\org\openjfx\javafx-graphics\18.0.1\javafx-graphics-18.0.1-win.jar;C:\Users\mikza\.m2\repository\org\openjfx\javafx-base\18.0.1\javafx-base-18.0.1-win.jar;C:\Users\mikza\.m2\repository\org\openjfx\javafx-fxml\18.0.1\javafx-fxml-18.0.1-win.jar;E:\Учёба\#Основы Программирования\2 семестр\Курсовая\Kursovaya\target\classes;C:\Users\mikza\.m2\repository\mysql\mysql-connector-java\8.0.25\mysql-connector-java-8.0.25.jar;C:\Users\mikza\.m2\repository\org\openjfx\javafx-controls\18.0.1\javafx-controls-18.0.1-win.jar -Djdk.module.main=com.example.kursovaya com.example.kursovaya/com.example.kursovaya.main

Host: 11th Gen Intel(R) Core(TM) i5-11400H @ 2.70GHz, 12 cores, 31G,  Windows 11 , 64 bit Build 22621 (10.0.22621.2215)
Time: Sat Sep 23 10:18:38 2023 RTZ 2 (s 11 , 64 bit Build 22621 (10.0.22621.2215) elapsed time: 41.155362 seconds (0d 0h 0m 41s)

---------------  T H R E A D  ---------------

Current thread (0x0000027b7e288fe0):  VMThread "VM Thread" [stack: 0x000000c742e00000,0x000000c742f00000] [id=1524]

Stack: [0x000000c742e00000,0x000000c742f00000],  sp=0x000000c742efee20,  free space=1019k
Native frames: (J=compiled Java code, j=interpreted, Vv=VM code, C=native code)
C  [glass.dll+0x262d7]


siginfo: EXCEPTION_ACCESS_VIOLATION (0xc0000005), reading address 0x0000000000000000


Register to memory mapping:

RIP=0x00007fffb6e862d7 glass.dll
RAX=0x0 is NULL
RBX=0x0000027b7e29ec28 is a global jni handle
RCX=0x0000027b7e288fe0 points into unknown readable memory: 0x00007fff761cea28 | 28 ea 1c 76 ff 7f 00 00
RDX=0x000000c742efee20 points into unknown readable memory: 0x0000000000000000 | 00 00 00 00 00 00 00 00
RSP=0x000000c742efee20 points into unknown readable memory: 0x0000000000000000 | 00 00 00 00 00 00 00 00
RBP=0x0000027b2d0e1968 points into unknown readable memory: 0x0000441c1b71db37 | 37 db 71 1b 1c 44 00 00
RSI=0x000000c742efef28 points into unknown readable memory: 0x000000c742efef10 | 10 ef ef 42 c7 00 00 00
RDI=0x0000027b2d0e1940 points into unknown readable memory: 0x6e004423e4aaaf2c | 2c af aa e4 23 44 00 6e
R8 =0x0000000000010002 is an unknown value
R9 =0x0000027b2d0e1940 points into unknown readable memory: 0x6e004423e4aaaf2c | 2c af aa e4 23 44 00 6e
R10=0x85f13e9656da4870 is an unknown value
R11=0x000000c742efedb0 points into unknown readable memory: 0x0000027b2d0e1940 | 40 19 0e 2d 7b 02 00 00
R12=0x00007fffb6e83bc4 glass.dll
R13=0x00007fff76390c00 jvm.dll
R14=0x0000441c1b71db37 is an unknown value
R15=0x0000027b2d0e1940 points into unknown readable memory: 0x6e004423e4aaaf2c | 2c af aa e4 23 44 00 6e


Registers:
RAX=0x0000000000000000, RBX=0x0000027b7e29ec28, RCX=0x0000027b7e288fe0, RDX=0x000000c742efee20
RSP=0x000000c742efee20, RBP=0x0000027b2d0e1968, RSI=0x000000c742efef28, RDI=0x0000027b2d0e1940
R8 =0x0000000000010002, R9 =0x0000027b2d0e1940, R10=0x85f13e9656da4870, R11=0x000000c742efedb0
R12=0x00007fffb6e83bc4, R13=0x00007fff76390c00, R14=0x0000441c1b71db37, R15=0x0000027b2d0e1940
RIP=0x00007fffb6e862d7, EFLAGS=0x0000000000010206

Top of Stack: (sp=0x000000c742efee20)
0x000000c742efee20:   0000000000000000 000000c742efef28
0x000000c742efee30:   00007fff76390c00 00007fffb6e83bc4
0x000000c742efee40:   0000027b2d0e1948 00007ffff57c3a83
0x000000c742efee50:   0000027b2d0e1940 0000027b00000000
0x000000c742efee60:   0000027b2d0e1968 000000c742efef28
0x000000c742efee70:   fffffffffffffffe 0000000000000000
0x000000c742efee80:   0000000000000001 00007fffb6e60000
0x000000c742efee90:   000000c742efef18 00007ffff579006e
0x000000c742efeea0:   0000000000000000 000000c742efef28
0x000000c742efeeb0:   000000c742eff210 0000000000000001
0x000000c742efeec0:   0000000000000001 00007ffff578da1d
0x000000c742efeed0:   0000000000000000 00007fffb6e833bd
0x000000c742efeee0:   0000000000000000 000000c742efef18
0x000000c742efeef0:   fffffffffffffffe 000000c742eff200
0x000000c742efef00:   0000000000000000 00007fffb6e83a51
0x000000c742efef10:   00007fffb6e99f88 00007fff00000002 

Instructions: (pc=0x00007fffb6e862d7)
0x00007fffb6e861d7:   8b 4d 58 e8 2d cf ff ff 48 8b 4d 60 e8 24 cf ff
0x00007fffb6e861e7:   ff 48 8b 95 80 00 00 00 48 8b 8d 18 01 00 00 e8
0x00007fffb6e861f7:   16 c4 ff ff 33 d2 33 c9 e8 5c e1 ff ff 90 48 89
0x00007fffb6e86207:   54 24 10 55 48 83 ec 20 48 8b ea 48 b8 00 00 00
0x00007fffb6e86217:   00 00 00 00 00 48 83 c4 20 5d c3 cc 40 55 48 8b
0x00007fffb6e86227:   ea 48 8b 01 33 c9 81 38 05 00 00 c0 0f 94 c1 8b
0x00007fffb6e86237:   c1 5d c3 cc 40 55 48 83 ec 20 48 8b ea 8a 4d 40
0x00007fffb6e86247:   48 83 c4 20 5d e9 17 d3 ff ff cc 40 55 48 83 ec
0x00007fffb6e86257:   20 48 8b ea 8a 4d 20 e8 05 d3 ff ff 90 48 83 c4
0x00007fffb6e86267:   20 5d c3 cc 40 55 48 83 ec 20 48 8b ea 48 83 c4
0x00007fffb6e86277:   20 5d e9 66 d1 ff ff cc 40 55 48 83 ec 30 48 8b
0x00007fffb6e86287:   ea 48 8b 01 8b 10 48 89 4c 24 28 89 54 24 20 4c
0x00007fffb6e86297:   8d 0d 07 d6 ff ff 4c 8b 45 70 8b 55 68 48 8b 4d
0x00007fffb6e862a7:   60 e8 a7 d0 ff ff 90 48 83 c4 30 5d c3 cc cc cc
0x00007fffb6e862b7:   cc cc cc cc cc cc cc cc cc 40 53 48 83 ec 20 48
0x00007fffb6e862c7:   8b 1d bb 36 01 00 48 85 db 74 16 e8 59 8b ff ff
0x00007fffb6e862d7:   4c 8b 00 48 8b d3 48 8b c8 41 ff 90 b0 00 00 00
0x00007fffb6e862e7:   90 48 83 c4 20 5b c3 cc cc 40 53 48 83 ec 20 48
0x00007fffb6e862f7:   8b 1d 2b 38 01 00 48 85 db 74 57 b8 ff ff ff ff
0x00007fffb6e86307:   f0 0f c1 43 10 83 f8 01 75 3d 48 85 db 74 38 48
0x00007fffb6e86317:   8b 0b 48 85 c9 74 0d ff 15 84 0f 00 00 48 c7 03
0x00007fffb6e86327:   00 00 00 00 48 8b 4b 08 48 85 c9 74 0d e8 d3 cd
0x00007fffb6e86337:   ff ff 48 c7 43 08 00 00 00 00 ba 18 00 00 00 48
0x00007fffb6e86347:   8b cb e8 be cd ff ff 48 c7 05 cf 37 01 00 00 00
0x00007fffb6e86357:   00 00 48 83 c4 20 5b c3 cc 40 53 48 83 ec 20 48
0x00007fffb6e86367:   8b 1d 9b 37 01 00 48 85 db 74 57 b8 ff ff ff ff
0x00007fffb6e86377:   f0 0f c1 43 10 83 f8 01 75 3d 48 85 db 74 38 48
0x00007fffb6e86387:   8b 0b 48 85 c9 74 0d ff 15 14 0f 00 00 48 c7 03
0x00007fffb6e86397:   00 00 00 00 48 8b 4b 08 48 85 c9 74 0d e8 63 cd
0x00007fffb6e863a7:   ff ff 48 c7 43 08 00 00 00 00 ba 18 00 00 00 48
0x00007fffb6e863b7:   8b cb e8 4e cd ff ff 48 c7 05 3f 37 01 00 00 00
0x00007fffb6e863c7:   00 00 48 83 c4 20 5b c3 cc 40 53 48 83 ec 20 48 


Stack slot to memory mapping:
stack at sp + 0 slots: 0x0 is NULL
stack at sp + 1 slots: 0x000000c742efef28 points into unknown readable memory: 0x000000c742efef10 | 10 ef ef 42 c7 00 00 00
stack at sp + 2 slots: 0x00007fff76390c00 jvm.dll
stack at sp + 3 slots: 0x00007fffb6e83bc4 glass.dll
stack at sp + 4 slots: 0x0000027b2d0e1948 points into unknown readable memory: 0x0000441c1b71db37 | 37 db 71 1b 1c 44 00 00
stack at sp + 5 slots: 0x00007ffff57c3a83 ucrtbase.dll
stack at sp + 6 slots: 0x0000027b2d0e1940 points into unknown readable memory: 0x6e004423e4aaaf2c | 2c af aa e4 23 44 00 6e
stack at sp + 7 slots: 0x0000027b00000000 points into unknown readable memory: 0x00010000cafedada | da da fe ca 00 00 01 00

VM_Operation (0x000000c743afeed0): Exit, mode: safepoint, requested by thread 0x0000027b32421e00


---------------  P R O C E S S  ---------------

Threads class SMR info:
_java_thread_list=0x0000027b2c98e950, length=21, elements={
0x0000027b7ab007d0, 0x0000027b7e28b840, 0x0000027b7e28c1e0, 0x0000027b7e2abab0,
0x0000027b7e2ae460, 0x0000027b7e2b2300, 0x0000027b7e2b2fd0, 0x0000027b7e2b49c0,
0x0000027b2c808070, 0x0000027b7e274d00, 0x0000027b2c891990, 0x0000027b2cf9f010,
0x0000027b2cc43210, 0x0000027b2d0e3f80, 0x0000027b2d11ca30, 0x0000027b2d33c540,
0x0000027b2d31a5e0, 0x0000027b32423610, 0x0000027b32422c70, 0x0000027b32423fb0,
0x0000027b32421e00
}

Java Threads: ( => current thread )
  0x0000027b7ab007d0 JavaThread "main" [_thread_blocked, id=28232, stack(0x000000c742800000,0x000000c742900000)]
  0x0000027b7e28b840 JavaThread "Reference Handler" daemon [_thread_blocked, id=9664, stack(0x000000c742f00000,0x000000c743000000)]
  0x0000027b7e28c1e0 JavaThread "Finalizer" daemon [_thread_blocked, id=28264, stack(0x000000c743000000,0x000000c743100000)]
  0x0000027b7e2abab0 JavaThread "Attach Listener" daemon [_thread_blocked, id=4936, stack(0x000000c743200000,0x000000c743300000)]
  0x0000027b7e2ae460 JavaThread "Service Thread" daemon [_thread_blocked, id=22504, stack(0x000000c743300000,0x000000c743400000)]
  0x0000027b7e2b2300 JavaThread "Monitor Deflation Thread" daemon [_thread_blocked, id=14976, stack(0x000000c743400000,0x000000c743500000)]
  0x0000027b7e2b2fd0 JavaThread "C2 CompilerThread0" daemon [_thread_blocked, id=17476, stack(0x000000c743500000,0x000000c743600000)]
  0x0000027b7e2b49c0 JavaThread "C1 CompilerThread0" daemon [_thread_blocked, id=18820, stack(0x000000c743600000,0x000000c743700000)]
  0x0000027b2c808070 JavaThread "Sweeper thread" daemon [_thread_blocked, id=15828, stack(0x000000c743700000,0x000000c743800000)]
  0x0000027b7e274d00 JavaThread "Common-Cleaner" daemon [_thread_blocked, id=5904, stack(0x000000c743800000,0x000000c743900000)]
  0x0000027b2c891990 JavaThread "Monitor Ctrl-Break" daemon [_thread_in_native, id=13952, stack(0x000000c743b00000,0x000000c743c00000)]
  0x0000027b2cf9f010 JavaThread "Notification Thread" daemon [_thread_blocked, id=27540, stack(0x000000c743c00000,0x000000c743d00000)]
  0x0000027b2cc43210 JavaThread "QuantumRenderer-0" daemon [_thread_blocked, id=18532, stack(0x000000c743e00000,0x000000c743f00000)]
  0x0000027b2d0e3f80 JavaThread "InvokeLaterDispatcher" daemon [_thread_blocked, id=18384, stack(0x000000c743f00000,0x000000c744000000)]
  0x0000027b2d11ca30 JavaThread "JavaFX Application Thread" [_thread_in_native, id=18624, stack(0x000000c744000000,0x000000c744100000)]
  0x0000027b2d33c540 JavaThread "Thread-1" daemon [_thread_in_native, id=26764, stack(0x000000c744400000,0x000000c744500000)]
  0x0000027b2d31a5e0 JavaThread "JavaFX-Launcher" [_thread_blocked, id=24172, stack(0x000000c744500000,0x000000c744600000)]
  0x0000027b32423610 JavaThread "Prism Font Disposer" daemon [_thread_blocked, id=13104, stack(0x000000c745200000,0x000000c745300000)]
  0x0000027b32422c70 JavaThread "Cleaner-0" daemon [_thread_blocked, id=7172, stack(0x000000c745300000,0x000000c745400000)]
  0x0000027b32423fb0 JavaThread "mysql-cj-abandoned-connection-cleanup" daemon [_thread_blocked, id=152, stack(0x000000c743900000,0x000000c743a00000)]
  0x0000027b32421e00 JavaThread "SIGINT handler" daemon [_thread_blocked, id=25064, stack(0x000000c743a00000,0x000000c743b00000)]

Other Threads:
=>0x0000027b7e288fe0 VMThread "VM Thread" [stack: 0x000000c742e00000,0x000000c742f00000] [id=1524]
  0x0000027b7abb1050 WorkerThread "GC Thread#0" [stack: 0x000000c742900000,0x000000c742a00000] [id=19768]
  0x0000027b2d2de350 WorkerThread "GC Thread#1" [stack: 0x000000c744600000,0x000000c744700000] [id=26116]
  0x0000027b2d2dd390 WorkerThread "GC Thread#2" [stack: 0x000000c744700000,0x000000c744800000] [id=14256]
  0x0000027b2d2dd0f0 WorkerThread "GC Thread#3" [stack: 0x000000c744800000,0x000000c744900000] [id=1372]
  0x0000027b2d2dd630 WorkerThread "GC Thread#4" [stack: 0x000000c744900000,0x000000c744a00000] [id=7332]
  0x0000027b2d3ee850 WorkerThread "GC Thread#5" [stack: 0x000000c744a00000,0x000000c744b00000] [id=18000]
  0x0000027b2d3ec8d0 WorkerThread "GC Thread#6" [stack: 0x000000c744b00000,0x000000c744c00000] [id=3472]
  0x0000027b2d3ef030 WorkerThread "GC Thread#7" [stack: 0x000000c744c00000,0x000000c744d00000] [id=28272]
  0x0000027b2d3ed890 WorkerThread "GC Thread#8" [stack: 0x000000c744d00000,0x000000c744e00000] [id=4764]
  0x0000027b2d3efab0 WorkerThread "GC Thread#9" [stack: 0x000000c744e00000,0x000000c744f00000] [id=16364]
  0x0000027b7e0e4020 ConcurrentGCThread "G1 Main Marker" terminated
  0x0000027b7e0e4a10 WorkerThread "G1 Conc#0" [stack: 0x000000c742b00000,0x000000c742c00000] [id=26192]
  0x0000027b7e13d130 ConcurrentGCThread "G1 Refine#0" terminated
  0x0000027b7e13ea50 ConcurrentGCThread "G1 Service" terminated

Threads with active compile tasks:

VM state: at safepoint (shutting down)

VM Mutex/Monitor currently owned by a thread:  ([mutex/lock_event])
[0x0000027b7aafcc90] Threads_lock - owner thread: 0x0000027b7e288fe0
[0x0000027b7aafc0c0] Heap_lock - owner thread: 0x0000027b32421e00

Heap address: 0x0000000603400000, size: 8140 MB, Compressed Oops mode: Zero based, Oop shift amount: 3

CDS archive(s) mapped at: [0x0000000800000000-0x0000000800ba0000-0x0000000800ba0000), size 12189696, SharedBaseAddress: 0x0000000800000000, ArchiveRelocationMode: 0.
Compressed class space mapped at: 0x0000000800c00000-0x0000000840c00000, reserved size: 1073741824
Narrow klass base: 0x0000000800000000, Narrow klass shift: 0, Narrow klass range: 0x100000000

GC Precious Log:
 CardTable entry size: 512
 Card Set container configuration: InlinePtr #cards 4 size 8 Array Of Cards #cards 32 size 80 Howl #buckets 8 coarsen threshold 7372 Howl Bitmap #cards 1024 size 144 coarsen threshold 921 Card regions per heap region 1 cards per card region 8192
 CPUs: 12 total, 12 available
 Memory: 32547M
 Large Page Support: Disabled
 NUMA Support: Disabled
 Compressed Oops: Enabled (Zero based)
 Heap Region Size: 4M
 Heap Min Capacity: 8M
 Heap Initial Capacity: 512M
 Heap Max Capacity: 8140M
 Pre-touch: Disabled
 Parallel Workers: 10
 Concurrent Workers: 3
 Concurrent Refinement Workers: 10
 Periodic GC: Disabled

Heap:
 garbage-first heap   total 524288K, used 17606K [0x0000000603400000, 0x0000000800000000)
  region size 4096K, 5 young (20480K), 2 survivors (8192K)
 Metaspace       used 18395K, committed 18688K, reserved 1114112K
  class space    used 2426K, committed 2560K, reserved 1048576K

Heap Regions: E=young(eden), S=young(survivor), O=old, HS=humongous(starts), HC=humongous(continues), CS=collection set, F=free, OA=open archive, CA=closed archive, TAMS=top-at-mark-start (previous, next)
|   0|0x0000000603400000, 0x0000000603531a00, 0x0000000603800000| 29%| O|  |TAMS 0x0000000603400000, 0x0000000603400000| Untracked 
|   1|0x0000000603800000, 0x0000000603800000, 0x0000000603c00000|  0%| F|  |TAMS 0x0000000603800000, 0x0000000603800000| Untracked 
|   2|0x0000000603c00000, 0x0000000603c00000, 0x0000000604000000|  0%| F|  |TAMS 0x0000000603c00000, 0x0000000603c00000| Untracked 
|   3|0x0000000604000000, 0x0000000604000000, 0x0000000604400000|  0%| F|  |TAMS 0x0000000604000000, 0x0000000604000000| Untracked 
|   4|0x0000000604400000, 0x0000000604400000, 0x0000000604800000|  0%| F|  |TAMS 0x0000000604400000, 0x0000000604400000| Untracked 
|   5|0x0000000604800000, 0x0000000604800000, 0x0000000604c00000|  0%| F|  |TAMS 0x0000000604800000, 0x0000000604800000| Untracked 
|   6|0x0000000604c00000, 0x0000000604c00000, 0x0000000605000000|  0%| F|  |TAMS 0x0000000604c00000, 0x0000000604c00000| Untracked 
|   7|0x0000000605000000, 0x0000000605000000, 0x0000000605400000|  0%| F|  |TAMS 0x0000000605000000, 0x0000000605000000| Untracked 
|   8|0x0000000605400000, 0x0000000605400000, 0x0000000605800000|  0%| F|  |TAMS 0x0000000605400000, 0x0000000605400000| Untracked 
|   9|0x0000000605800000, 0x0000000605800000, 0x0000000605c00000|  0%| F|  |TAMS 0x0000000605800000, 0x0000000605800000| Untracked 
|  10|0x0000000605c00000, 0x0000000605c00000, 0x0000000606000000|  0%| F|  |TAMS 0x0000000605c00000, 0x0000000605c00000| Untracked 
|  11|0x0000000606000000, 0x0000000606000000, 0x0000000606400000|  0%| F|  |TAMS 0x0000000606000000, 0x0000000606000000| Untracked 
|  12|0x0000000606400000, 0x0000000606400000, 0x0000000606800000|  0%| F|  |TAMS 0x0000000606400000, 0x0000000606400000| Untracked 
|  13|0x0000000606800000, 0x0000000606800000, 0x0000000606c00000|  0%| F|  |TAMS 0x0000000606800000, 0x0000000606800000| Untracked 
|  14|0x0000000606c00000, 0x0000000606c00000, 0x0000000607000000|  0%| F|  |TAMS 0x0000000606c00000, 0x0000000606c00000| Untracked 
|  15|0x0000000607000000, 0x0000000607000000, 0x0000000607400000|  0%| F|  |TAMS 0x0000000607000000, 0x0000000607000000| Untracked 
|  16|0x0000000607400000, 0x0000000607400000, 0x0000000607800000|  0%| F|  |TAMS 0x0000000607400000, 0x0000000607400000| Untracked 
|  17|0x0000000607800000, 0x0000000607800000, 0x0000000607c00000|  0%| F|  |TAMS 0x0000000607800000, 0x0000000607800000| Untracked 
|  18|0x0000000607c00000, 0x0000000607c00000, 0x0000000608000000|  0%| F|  |TAMS 0x0000000607c00000, 0x0000000607c00000| Untracked 
|  19|0x0000000608000000, 0x0000000608000000, 0x0000000608400000|  0%| F|  |TAMS 0x0000000608000000, 0x0000000608000000| Untracked 
|  20|0x0000000608400000, 0x0000000608400000, 0x0000000608800000|  0%| F|  |TAMS 0x0000000608400000, 0x0000000608400000| Untracked 
|  21|0x0000000608800000, 0x0000000608800000, 0x0000000608c00000|  0%| F|  |TAMS 0x0000000608800000, 0x0000000608800000| Untracked 
|  22|0x0000000608c00000, 0x0000000608c00000, 0x0000000609000000|  0%| F|  |TAMS 0x0000000608c00000, 0x0000000608c00000| Untracked 
|  23|0x0000000609000000, 0x0000000609000000, 0x0000000609400000|  0%| F|  |TAMS 0x0000000609000000, 0x0000000609000000| Untracked 
|  24|0x0000000609400000, 0x0000000609400000, 0x0000000609800000|  0%| F|  |TAMS 0x0000000609400000, 0x0000000609400000| Untracked 
|  25|0x0000000609800000, 0x0000000609800000, 0x0000000609c00000|  0%| F|  |TAMS 0x0000000609800000, 0x0000000609800000| Untracked 
|  26|0x0000000609c00000, 0x0000000609c00000, 0x000000060a000000|  0%| F|  |TAMS 0x0000000609c00000, 0x0000000609c00000| Untracked 
|  27|0x000000060a000000, 0x000000060a000000, 0x000000060a400000|  0%| F|  |TAMS 0x000000060a000000, 0x000000060a000000| Untracked 
|  28|0x000000060a400000, 0x000000060a400000, 0x000000060a800000|  0%| F|  |TAMS 0x000000060a400000, 0x000000060a400000| Untracked 
|  29|0x000000060a800000, 0x000000060a800000, 0x000000060ac00000|  0%| F|  |TAMS 0x000000060a800000, 0x000000060a800000| Untracked 
|  30|0x000000060ac00000, 0x000000060ac00000, 0x000000060b000000|  0%| F|  |TAMS 0x000000060ac00000, 0x000000060ac00000| Untracked 
|  31|0x000000060b000000, 0x000000060b000000, 0x000000060b400000|  0%| F|  |TAMS 0x000000060b000000, 0x000000060b000000| Untracked 
|  32|0x000000060b400000, 0x000000060b400000, 0x000000060b800000|  0%| F|  |TAMS 0x000000060b400000, 0x000000060b400000| Untracked 
|  33|0x000000060b800000, 0x000000060b800000, 0x000000060bc00000|  0%| F|  |TAMS 0x000000060b800000, 0x000000060b800000| Untracked 
|  34|0x000000060bc00000, 0x000000060bc00000, 0x000000060c000000|  0%| F|  |TAMS 0x000000060bc00000, 0x000000060bc00000| Untracked 
|  35|0x000000060c000000, 0x000000060c000000, 0x000000060c400000|  0%| F|  |TAMS 0x000000060c000000, 0x000000060c000000| Untracked 
|  36|0x000000060c400000, 0x000000060c400000, 0x000000060c800000|  0%| F|  |TAMS 0x000000060c400000, 0x000000060c400000| Untracked 
|  37|0x000000060c800000, 0x000000060c800000, 0x000000060cc00000|  0%| F|  |TAMS 0x000000060c800000, 0x000000060c800000| Untracked 
|  38|0x000000060cc00000, 0x000000060cc00000, 0x000000060d000000|  0%| F|  |TAMS 0x000000060cc00000, 0x000000060cc00000| Untracked 
|  39|0x000000060d000000, 0x000000060d000000, 0x000000060d400000|  0%| F|  |TAMS 0x000000060d000000, 0x000000060d000000| Untracked 
|  40|0x000000060d400000, 0x000000060d400000, 0x000000060d800000|  0%| F|  |TAMS 0x000000060d400000, 0x000000060d400000| Untracked 
|  41|0x000000060d800000, 0x000000060d800000, 0x000000060dc00000|  0%| F|  |TAMS 0x000000060d800000, 0x000000060d800000| Untracked 
|  42|0x000000060dc00000, 0x000000060dc00000, 0x000000060e000000|  0%| F|  |TAMS 0x000000060dc00000, 0x000000060dc00000| Untracked 
|  43|0x000000060e000000, 0x000000060e000000, 0x000000060e400000|  0%| F|  |TAMS 0x000000060e000000, 0x000000060e000000| Untracked 
|  44|0x000000060e400000, 0x000000060e400000, 0x000000060e800000|  0%| F|  |TAMS 0x000000060e400000, 0x000000060e400000| Untracked 
|  45|0x000000060e800000, 0x000000060e800000, 0x000000060ec00000|  0%| F|  |TAMS 0x000000060e800000, 0x000000060e800000| Untracked 
|  46|0x000000060ec00000, 0x000000060ec00000, 0x000000060f000000|  0%| F|  |TAMS 0x000000060ec00000, 0x000000060ec00000| Untracked 
|  47|0x000000060f000000, 0x000000060f000000, 0x000000060f400000|  0%| F|  |TAMS 0x000000060f000000, 0x000000060f000000| Untracked 
|  48|0x000000060f400000, 0x000000060f400000, 0x000000060f800000|  0%| F|  |TAMS 0x000000060f400000, 0x000000060f400000| Untracked 
|  49|0x000000060f800000, 0x000000060f800000, 0x000000060fc00000|  0%| F|  |TAMS 0x000000060f800000, 0x000000060f800000| Untracked 
|  50|0x000000060fc00000, 0x000000060fc00000, 0x0000000610000000|  0%| F|  |TAMS 0x000000060fc00000, 0x000000060fc00000| Untracked 
|  51|0x0000000610000000, 0x0000000610000000, 0x0000000610400000|  0%| F|  |TAMS 0x0000000610000000, 0x0000000610000000| Untracked 
|  52|0x0000000610400000, 0x0000000610400000, 0x0000000610800000|  0%| F|  |TAMS 0x0000000610400000, 0x0000000610400000| Untracked 
|  53|0x0000000610800000, 0x0000000610800000, 0x0000000610c00000|  0%| F|  |TAMS 0x0000000610800000, 0x0000000610800000| Untracked 
|  54|0x0000000610c00000, 0x0000000610c00000, 0x0000000611000000|  0%| F|  |TAMS 0x0000000610c00000, 0x0000000610c00000| Untracked 
|  55|0x0000000611000000, 0x0000000611000000, 0x0000000611400000|  0%| F|  |TAMS 0x0000000611000000, 0x0000000611000000| Untracked 
|  56|0x0000000611400000, 0x0000000611400000, 0x0000000611800000|  0%| F|  |TAMS 0x0000000611400000, 0x0000000611400000| Untracked 
|  57|0x0000000611800000, 0x0000000611800000, 0x0000000611c00000|  0%| F|  |TAMS 0x0000000611800000, 0x0000000611800000| Untracked 
|  58|0x0000000611c00000, 0x0000000611c00000, 0x0000000612000000|  0%| F|  |TAMS 0x0000000611c00000, 0x0000000611c00000| Untracked 
|  59|0x0000000612000000, 0x0000000612000000, 0x0000000612400000|  0%| F|  |TAMS 0x0000000612000000, 0x0000000612000000| Untracked 
|  60|0x0000000612400000, 0x0000000612400000, 0x0000000612800000|  0%| F|  |TAMS 0x0000000612400000, 0x0000000612400000| Untracked 
|  61|0x0000000612800000, 0x0000000612800000, 0x0000000612c00000|  0%| F|  |TAMS 0x0000000612800000, 0x0000000612800000| Untracked 
|  62|0x0000000612c00000, 0x0000000612c00000, 0x0000000613000000|  0%| F|  |TAMS 0x0000000612c00000, 0x0000000612c00000| Untracked 
|  63|0x0000000613000000, 0x0000000613000000, 0x0000000613400000|  0%| F|  |TAMS 0x0000000613000000, 0x0000000613000000| Untracked 
|  64|0x0000000613400000, 0x0000000613400000, 0x0000000613800000|  0%| F|  |TAMS 0x0000000613400000, 0x0000000613400000| Untracked 
|  65|0x0000000613800000, 0x0000000613800000, 0x0000000613c00000|  0%| F|  |TAMS 0x0000000613800000, 0x0000000613800000| Untracked 
|  66|0x0000000613c00000, 0x0000000613c00000, 0x0000000614000000|  0%| F|  |TAMS 0x0000000613c00000, 0x0000000613c00000| Untracked 
|  67|0x0000000614000000, 0x0000000614000000, 0x0000000614400000|  0%| F|  |TAMS 0x0000000614000000, 0x0000000614000000| Untracked 
|  68|0x0000000614400000, 0x0000000614400000, 0x0000000614800000|  0%| F|  |TAMS 0x0000000614400000, 0x0000000614400000| Untracked 
|  69|0x0000000614800000, 0x0000000614800000, 0x0000000614c00000|  0%| F|  |TAMS 0x0000000614800000, 0x0000000614800000| Untracked 
|  70|0x0000000614c00000, 0x0000000614c00000, 0x0000000615000000|  0%| F|  |TAMS 0x0000000614c00000, 0x0000000614c00000| Untracked 
|  71|0x0000000615000000, 0x0000000615000000, 0x0000000615400000|  0%| F|  |TAMS 0x0000000615000000, 0x0000000615000000| Untracked 
|  72|0x0000000615400000, 0x0000000615400000, 0x0000000615800000|  0%| F|  |TAMS 0x0000000615400000, 0x0000000615400000| Untracked 
|  73|0x0000000615800000, 0x0000000615800000, 0x0000000615c00000|  0%| F|  |TAMS 0x0000000615800000, 0x0000000615800000| Untracked 
|  74|0x0000000615c00000, 0x0000000615c00000, 0x0000000616000000|  0%| F|  |TAMS 0x0000000615c00000, 0x0000000615c00000| Untracked 
|  75|0x0000000616000000, 0x0000000616000000, 0x0000000616400000|  0%| F|  |TAMS 0x0000000616000000, 0x0000000616000000| Untracked 
|  76|0x0000000616400000, 0x0000000616400000, 0x0000000616800000|  0%| F|  |TAMS 0x0000000616400000, 0x0000000616400000| Untracked 
|  77|0x0000000616800000, 0x0000000616800000, 0x0000000616c00000|  0%| F|  |TAMS 0x0000000616800000, 0x0000000616800000| Untracked 
|  78|0x0000000616c00000, 0x0000000616c00000, 0x0000000617000000|  0%| F|  |TAMS 0x0000000616c00000, 0x0000000616c00000| Untracked 
|  79|0x0000000617000000, 0x0000000617000000, 0x0000000617400000|  0%| F|  |TAMS 0x0000000617000000, 0x0000000617000000| Untracked 
|  80|0x0000000617400000, 0x0000000617400000, 0x0000000617800000|  0%| F|  |TAMS 0x0000000617400000, 0x0000000617400000| Untracked 
|  81|0x0000000617800000, 0x0000000617800000, 0x0000000617c00000|  0%| F|  |TAMS 0x0000000617800000, 0x0000000617800000| Untracked 
|  82|0x0000000617c00000, 0x0000000617c00000, 0x0000000618000000|  0%| F|  |TAMS 0x0000000617c00000, 0x0000000617c00000| Untracked 
|  83|0x0000000618000000, 0x0000000618000000, 0x0000000618400000|  0%| F|  |TAMS 0x0000000618000000, 0x0000000618000000| Untracked 
|  84|0x0000000618400000, 0x0000000618400000, 0x0000000618800000|  0%| F|  |TAMS 0x0000000618400000, 0x0000000618400000| Untracked 
|  85|0x0000000618800000, 0x0000000618800000, 0x0000000618c00000|  0%| F|  |TAMS 0x0000000618800000, 0x0000000618800000| Untracked 
|  86|0x0000000618c00000, 0x0000000618c00000, 0x0000000619000000|  0%| F|  |TAMS 0x0000000618c00000, 0x0000000618c00000| Untracked 
|  87|0x0000000619000000, 0x0000000619000000, 0x0000000619400000|  0%| F|  |TAMS 0x0000000619000000, 0x0000000619000000| Untracked 
|  88|0x0000000619400000, 0x0000000619400000, 0x0000000619800000|  0%| F|  |TAMS 0x0000000619400000, 0x0000000619400000| Untracked 
|  89|0x0000000619800000, 0x0000000619800000, 0x0000000619c00000|  0%| F|  |TAMS 0x0000000619800000, 0x0000000619800000| Untracked 
|  90|0x0000000619c00000, 0x0000000619c00000, 0x000000061a000000|  0%| F|  |TAMS 0x0000000619c00000, 0x0000000619c00000| Untracked 
|  91|0x000000061a000000, 0x000000061a000000, 0x000000061a400000|  0%| F|  |TAMS 0x000000061a000000, 0x000000061a000000| Untracked 
|  92|0x000000061a400000, 0x000000061a400000, 0x000000061a800000|  0%| F|  |TAMS 0x000000061a400000, 0x000000061a400000| Untracked 
|  93|0x000000061a800000, 0x000000061a800000, 0x000000061ac00000|  0%| F|  |TAMS 0x000000061a800000, 0x000000061a800000| Untracked 
|  94|0x000000061ac00000, 0x000000061ac00000, 0x000000061b000000|  0%| F|  |TAMS 0x000000061ac00000, 0x000000061ac00000| Untracked 
|  95|0x000000061b000000, 0x000000061b000000, 0x000000061b400000|  0%| F|  |TAMS 0x000000061b000000, 0x000000061b000000| Untracked 
|  96|0x000000061b400000, 0x000000061b400000, 0x000000061b800000|  0%| F|  |TAMS 0x000000061b400000, 0x000000061b400000| Untracked 
|  97|0x000000061b800000, 0x000000061b800000, 0x000000061bc00000|  0%| F|  |TAMS 0x000000061b800000, 0x000000061b800000| Untracked 
|  98|0x000000061bc00000, 0x000000061bc00000, 0x000000061c000000|  0%| F|  |TAMS 0x000000061bc00000, 0x000000061bc00000| Untracked 
|  99|0x000000061c000000, 0x000000061c000000, 0x000000061c400000|  0%| F|  |TAMS 0x000000061c000000, 0x000000061c000000| Untracked 
| 100|0x000000061c400000, 0x000000061c400000, 0x000000061c800000|  0%| F|  |TAMS 0x000000061c400000, 0x000000061c400000| Untracked 
| 101|0x000000061c800000, 0x000000061c800000, 0x000000061cc00000|  0%| F|  |TAMS 0x000000061c800000, 0x000000061c800000| Untracked 
| 102|0x000000061cc00000, 0x000000061cc00000, 0x000000061d000000|  0%| F|  |TAMS 0x000000061cc00000, 0x000000061cc00000| Untracked 
| 103|0x000000061d000000, 0x000000061d000000, 0x000000061d400000|  0%| F|  |TAMS 0x000000061d000000, 0x000000061d000000| Untracked 
| 104|0x000000061d400000, 0x000000061d400000, 0x000000061d800000|  0%| F|  |TAMS 0x000000061d400000, 0x000000061d400000| Untracked 
| 105|0x000000061d800000, 0x000000061d800000, 0x000000061dc00000|  0%| F|  |TAMS 0x000000061d800000, 0x000000061d800000| Untracked 
| 106|0x000000061dc00000, 0x000000061dc00000, 0x000000061e000000|  0%| F|  |TAMS 0x000000061dc00000, 0x000000061dc00000| Untracked 
| 107|0x000000061e000000, 0x000000061e000000, 0x000000061e400000|  0%| F|  |TAMS 0x000000061e000000, 0x000000061e000000| Untracked 
| 108|0x000000061e400000, 0x000000061e400000, 0x000000061e800000|  0%| F|  |TAMS 0x000000061e400000, 0x000000061e400000| Untracked 
| 109|0x000000061e800000, 0x000000061e800000, 0x000000061ec00000|  0%| F|  |TAMS 0x000000061e800000, 0x000000061e800000| Untracked 
| 110|0x000000061ec00000, 0x000000061ec00000, 0x000000061f000000|  0%| F|  |TAMS 0x000000061ec00000, 0x000000061ec00000| Untracked 
| 111|0x000000061f000000, 0x000000061f000000, 0x000000061f400000|  0%| F|  |TAMS 0x000000061f000000, 0x000000061f000000| Untracked 
| 112|0x000000061f400000, 0x000000061f400000, 0x000000061f800000|  0%| F|  |TAMS 0x000000061f400000, 0x000000061f400000| Untracked 
| 113|0x000000061f800000, 0x000000061f800000, 0x000000061fc00000|  0%| F|  |TAMS 0x000000061f800000, 0x000000061f800000| Untracked 
| 114|0x000000061fc00000, 0x000000061fc00000, 0x0000000620000000|  0%| F|  |TAMS 0x000000061fc00000, 0x000000061fc00000| Untracked 
| 115|0x0000000620000000, 0x0000000620400000, 0x0000000620400000|100%| S|CS|TAMS 0x0000000620000000, 0x0000000620000000| Complete 
| 116|0x0000000620400000, 0x0000000620800000, 0x0000000620800000|100%| S|CS|TAMS 0x0000000620400000, 0x0000000620400000| Complete 
| 117|0x0000000620800000, 0x0000000620800000, 0x0000000620c00000|  0%| F|  |TAMS 0x0000000620800000, 0x0000000620800000| Untracked 
| 118|0x0000000620c00000, 0x0000000620c00000, 0x0000000621000000|  0%| F|  |TAMS 0x0000000620c00000, 0x0000000620c00000| Untracked 
| 119|0x0000000621000000, 0x0000000621000000, 0x0000000621400000|  0%| F|  |TAMS 0x0000000621000000, 0x0000000621000000| Untracked 
| 120|0x0000000621400000, 0x0000000621400000, 0x0000000621800000|  0%| F|  |TAMS 0x0000000621400000, 0x0000000621400000| Untracked 
| 121|0x0000000621800000, 0x0000000621800000, 0x0000000621c00000|  0%| F|  |TAMS 0x0000000621800000, 0x0000000621800000| Untracked 
| 122|0x0000000621c00000, 0x0000000621c00000, 0x0000000622000000|  0%| F|  |TAMS 0x0000000621c00000, 0x0000000621c00000| Untracked 
| 123|0x0000000622000000, 0x0000000622000000, 0x0000000622400000|  0%| F|  |TAMS 0x0000000622000000, 0x0000000622000000| Untracked 
| 124|0x0000000622400000, 0x0000000622400000, 0x0000000622800000|  0%| F|  |TAMS 0x0000000622400000, 0x0000000622400000| Untracked 
| 125|0x0000000622800000, 0x0000000622b53528, 0x0000000622c00000| 83%| E|  |TAMS 0x0000000622800000, 0x0000000622800000| Complete 
| 126|0x0000000622c00000, 0x0000000623000000, 0x0000000623000000|100%| E|CS|TAMS 0x0000000622c00000, 0x0000000622c00000| Complete 
| 127|0x0000000623000000, 0x0000000623400000, 0x0000000623400000|100%| E|CS|TAMS 0x0000000623000000, 0x0000000623000000| Complete 

Card table byte_map: [0x0000027b7c100000,0x0000027b7d0f0000] _byte_map_base: 0x0000027b790e6000

Marking Bits (Prev, Next): (CMBitMap*) 0x0000027b7abb1650, (CMBitMap*) 0x0000027b7abb1690
 Prev Bits: [0x0000027b16870000, 0x0000027b1e7a0000)
 Next Bits: [0x0000027b1e7a0000, 0x0000027b266d0000)

Polling page: 0x0000027b7a2c0000

Metaspace:

Usage:
  Non-class:     15.59 MB used.
      Class:      2.37 MB used.
       Both:     17.96 MB used.

Virtual space:
  Non-class space:       64.00 MB reserved,      15.75 MB ( 25%) committed,  1 nodes.
      Class space:        1.00 GB reserved,       2.50 MB ( <1%) committed,  1 nodes.
             Both:        1.06 GB reserved,      18.25 MB (  2%) committed. 

Chunk freelists:
   Non-Class:  16.00 KB
       Class:  1.54 MB
        Both:  1.56 MB

MaxMetaspaceSize: unlimited
CompressedClassSpaceSize: 1.00 GB
Initial GC threshold: 21.00 MB
Current GC threshold: 21.00 MB
CDS: on
MetaspaceReclaimPolicy: balanced
 - commit_granule_bytes: 65536.
 - commit_granule_words: 8192.
 - virtual_space_node_default_size: 8388608.
 - enlarge_chunks_in_place: 1.
 - new_chunks_are_fully_committed: 0.
 - uncommit_free_chunks: 1.
 - use_allocation_guard: 0.


Internal statistics:

num_allocs_failed_limit: 0.
num_arena_births: 312.
num_arena_deaths: 0.
num_vsnodes_births: 2.
num_vsnodes_deaths: 0.
num_space_committed: 292.
num_space_uncommitted: 0.
num_chunks_returned_to_freelist: 0.
num_chunks_taken_from_freelist: 879.
num_chunk_merges: 0.
num_chunk_splits: 616.
num_chunks_enlarged: 473.
num_inconsistent_stats: 0.

CodeHeap 'non-profiled nmethods': size=120000Kb used=1170Kb max_used=1170Kb free=118829Kb
 bounds [0x0000027b0f340000, 0x0000027b0f5b0000, 0x0000027b16870000]
CodeHeap 'profiled nmethods': size=120000Kb used=5960Kb max_used=5960Kb free=114040Kb
 bounds [0x0000027b07e10000, 0x0000027b083f0000, 0x0000027b0f340000]
CodeHeap 'non-nmethods': size=5760Kb used=1472Kb max_used=1504Kb free=4287Kb
 bounds [0x0000027b07870000, 0x0000027b07ae0000, 0x0000027b07e10000]
 total_blobs=3890 nmethods=3071 adapters=730
 compilation: enabled
              stopped_count=0, restarted_count=0
 full_count=0

Compilation events (20 events):
Event: 18.948 Thread 0x0000027b7e2b49c0 nmethod 3061 0x0000027b083d5490 code [0x0000027b083d5d20, 0x0000027b083da688]
Event: 18.951 Thread 0x0000027b7e2b49c0 3063       3       com.sun.javafx.text.PrismTextLayout::reset (27 bytes)
Event: 18.951 Thread 0x0000027b7e2b49c0 nmethod 3063 0x0000027b083dbd90 code [0x0000027b083dbf40, 0x0000027b083dc0e8]
Event: 18.951 Thread 0x0000027b7e2b49c0 3064       3       javafx.scene.control.skin.LabeledSkinBase::getCleanText (64 bytes)
Event: 18.952 Thread 0x0000027b7e2b49c0 nmethod 3064 0x0000027b083dc190 code [0x0000027b083dc3e0, 0x0000027b083dcec8]
Event: 18.952 Thread 0x0000027b7e2b49c0 3065       3       javafx.scene.control.Labeled::getText (20 bytes)
Event: 18.952 Thread 0x0000027b7e2b49c0 nmethod 3065 0x0000027b083dd190 code [0x0000027b083dd340, 0x0000027b083dd748]
Event: 18.952 Thread 0x0000027b7e2b49c0 3066       3       javafx.scene.control.Labeled::isMnemonicParsing (19 bytes)
Event: 18.952 Thread 0x0000027b7e2b49c0 nmethod 3066 0x0000027b083dd890 code [0x0000027b083dda40, 0x0000027b083dddc8]
Event: 18.954 Thread 0x0000027b7e2b49c0 3067       3       com.sun.prism.d3d.D3DTexture::update (425 bytes)
Event: 18.955 Thread 0x0000027b7e2b49c0 nmethod 3067 0x0000027b083ddf10 code [0x0000027b083de1e0, 0x0000027b083dfb28]
Event: 18.955 Thread 0x0000027b7e2b49c0 3068       3       com.sun.prism.impl.BaseTexture::checkUpdateParams (322 bytes)
Event: 18.955 Thread 0x0000027b7e2b49c0 nmethod 3068 0x0000027b083e0110 code [0x0000027b083e0460, 0x0000027b083e1798]
Event: 18.957 Thread 0x0000027b7e2b2fd0 nmethod 3060 0x0000027b0f45fe10 code [0x0000027b0f460060, 0x0000027b0f4609a0]
Event: 20.416 Thread 0x0000027b7e2b2fd0 3069       4       com.sun.javafx.geom.PickRay::setOrigin (12 bytes)
Event: 20.416 Thread 0x0000027b7e2b2fd0 nmethod 3069 0x0000027b0f461490 code [0x0000027b0f461600, 0x0000027b0f4616b8]
Event: 25.493 Thread 0x0000027b7e2b2fd0 3070       4       com.sun.glass.ui.Application::checkEventThread (35 bytes)
Event: 25.493 Thread 0x0000027b7e2b2fd0 nmethod 3070 0x0000027b0f461790 code [0x0000027b0f461900, 0x0000027b0f461998]
Event: 25.657 Thread 0x0000027b7e2b2fd0 3071   !   4       javafx.scene.Node::intersectsBounds (1005 bytes)
Event: 25.668 Thread 0x0000027b7e2b2fd0 nmethod 3071 0x0000027b0f461a90 code [0x0000027b0f461d80, 0x0000027b0f463060]

GC Heap History (4 events):
Event: 0.466 GC heap before
{Heap before GC invocations=0 (full 0):
 garbage-first heap   total 524288K, used 24576K [0x0000000603400000, 0x0000000800000000)
  region size 4096K, 6 young (24576K), 0 survivors (0K)
 Metaspace       used 5731K, committed 5952K, reserved 1114112K
  class space    used 654K, committed 768K, reserved 1048576K
}
Event: 0.472 GC heap after
{Heap after GC invocations=1 (full 0):
 garbage-first heap   total 524288K, used 3218K [0x0000000603400000, 0x0000000800000000)
  region size 4096K, 1 young (4096K), 1 survivors (4096K)
 Metaspace       used 5731K, committed 5952K, reserved 1114112K
  class space    used 654K, committed 768K, reserved 1048576K
}
Event: 9.506 GC heap before
{Heap before GC invocations=1 (full 0):
 garbage-first heap   total 524288K, used 40082K [0x0000000603400000, 0x0000000800000000)
  region size 4096K, 11 young (45056K), 1 survivors (4096K)
 Metaspace       used 16051K, committed 16320K, reserved 1114112K
  class space    used 2180K, committed 2304K, reserved 1048576K
}
Event: 9.510 GC heap after
{Heap after GC invocations=2 (full 0):
 garbage-first heap   total 524288K, used 9414K [0x0000000603400000, 0x0000000800000000)
  region size 4096K, 2 young (8192K), 2 survivors (8192K)
 Metaspace       used 16051K, committed 16320K, reserved 1114112K
  class space    used 2180K, committed 2304K, reserved 1048576K
}

Deoptimization events (20 events):
Event: 9.490 Thread 0x0000027b2d11ca30 DEOPT PACKING pc=0x0000027b0805fcd6 sp=0x000000c7440f96f0
Event: 9.490 Thread 0x0000027b2d11ca30 DEOPT UNPACKING pc=0x0000027b078c6763 sp=0x000000c7440f8b90 mode 0
Event: 9.491 Thread 0x0000027b2d11ca30 DEOPT PACKING pc=0x0000027b0805fcd6 sp=0x000000c7440f96f0
Event: 9.491 Thread 0x0000027b2d11ca30 DEOPT UNPACKING pc=0x0000027b078c6763 sp=0x000000c7440f8b90 mode 0
Event: 9.491 Thread 0x0000027b2d11ca30 DEOPT PACKING pc=0x0000027b0805fcd6 sp=0x000000c7440f96f0
Event: 9.491 Thread 0x0000027b2d11ca30 DEOPT UNPACKING pc=0x0000027b078c6763 sp=0x000000c7440f8b90 mode 0
Event: 9.561 Thread 0x0000027b2d11ca30 Uncommon trap: trap_request=0xffffff45 fr.pc=0x0000027b0f37e9c0 relative=0x00000000000000a0
Event: 9.561 Thread 0x0000027b2d11ca30 Uncommon trap: reason=unstable_if action=reinterpret pc=0x0000027b0f37e9c0 method=jdk.internal.misc.Unsafe.convEndian(ZI)I @ 4 c2
Event: 9.561 Thread 0x0000027b2d11ca30 DEOPT PACKING pc=0x0000027b0f37e9c0 sp=0x000000c7440fbda0
Event: 9.561 Thread 0x0000027b2d11ca30 DEOPT UNPACKING pc=0x0000027b078c5c23 sp=0x000000c7440fbc38 mode 2
Event: 9.594 Thread 0x0000027b2d11ca30 DEOPT PACKING pc=0x0000027b07f0e33e sp=0x000000c7440fc630
Event: 9.594 Thread 0x0000027b2d11ca30 DEOPT UNPACKING pc=0x0000027b078c6763 sp=0x000000c7440fbad0 mode 0
Event: 13.772 Thread 0x0000027b2cc43210 DEOPT PACKING pc=0x0000027b08177e42 sp=0x000000c743efe0f0
Event: 13.772 Thread 0x0000027b2cc43210 DEOPT UNPACKING pc=0x0000027b078c6763 sp=0x000000c743efd580 mode 0
Event: 14.490 Thread 0x0000027b2d11ca30 Uncommon trap: trap_request=0xffffff45 fr.pc=0x0000027b0f422e5c relative=0x000000000000005c
Event: 14.490 Thread 0x0000027b2d11ca30 Uncommon trap: reason=unstable_if action=reinterpret pc=0x0000027b0f422e5c method=javafx.scene.Node.updateLocalToParentTransform()V @ 4 c2
Event: 14.490 Thread 0x0000027b2d11ca30 DEOPT PACKING pc=0x0000027b0f422e5c sp=0x000000c7440fc450
Event: 14.490 Thread 0x0000027b2d11ca30 DEOPT UNPACKING pc=0x0000027b078c5c23 sp=0x000000c7440fc3a8 mode 2
Event: 16.476 Thread 0x0000027b2cc43210 DEOPT PACKING pc=0x0000027b082d73ec sp=0x000000c743efd240
Event: 16.476 Thread 0x0000027b2cc43210 DEOPT UNPACKING pc=0x0000027b078c6763 sp=0x000000c743efc678 mode 0

Classes loaded (20 events):
Event: 14.516 Loading class sun/text/resources/BreakIteratorResources
Event: 14.516 Loading class sun/util/resources/BreakIteratorResourceBundle
Event: 14.516 Loading class sun/util/resources/BreakIteratorResourceBundle done
Event: 14.516 Loading class sun/text/resources/BreakIteratorResources done
Event: 14.516 Loading class sun/text/RuleBasedBreakIterator
Event: 14.516 Loading class sun/text/RuleBasedBreakIterator done
Event: 14.517 Loading class sun/text/CompactByteArray
Event: 14.517 Loading class sun/text/CompactByteArray done
Event: 14.517 Loading class sun/text/SupplementaryCharacterData
Event: 14.517 Loading class sun/text/SupplementaryCharacterData done
Event: 14.517 Loading class java/text/BreakIterator$BreakIteratorCache
Event: 14.517 Loading class java/text/BreakIterator$BreakIteratorCache done
Event: 18.893 Loading class sun/security/provider/SHA2$SHA256
Event: 18.893 Loading class sun/security/provider/SHA2
Event: 18.893 Loading class sun/security/provider/SHA2 done
Event: 18.893 Loading class sun/security/provider/SHA2$SHA256 done
Event: 18.893 Loading class java/lang/Byte$ByteCache
Event: 18.893 Loading class java/lang/Byte$ByteCache done
Event: 40.630 Loading class jdk/internal/misc/Signal$1
Event: 40.630 Loading class jdk/internal/misc/Signal$1 done

Classes unloaded (0 events):
No events

Classes redefined (0 events):
No events

Internal exceptions (20 events):
Event: 0.737 Thread 0x0000027b2d11ca30 Implicit null exception at 0x0000027b0f3b70b4 to 0x0000027b0f3b73a8
Event: 0.814 Thread 0x0000027b2d11ca30 Exception <a 'java/lang/ClassNotFoundException'{0x0000000621f60828}: com/sun/javafx/scene/control/skin/resources/controls> (0x0000000621f60828) 
thrown [s\open\src\hotspot\share\prims\jni.cpp, line 535]
Event: 0.815 Thread 0x0000027b2d11ca30 Exception <a 'java/lang/ClassNotFoundException'{0x0000000621f6ea10}: com/sun/javafx/scene/control/skin/resources/controls_ru> (0x0000000621f6ea10) 
thrown [s\open\src\hotspot\share\prims\jni.cpp, line 535]
Event: 0.815 Thread 0x0000027b2d11ca30 Exception <a 'java/lang/ClassNotFoundException'{0x0000000621f6f9a8}: com/sun/javafx/scene/control/skin/resources/controls_ru_RU> (0x0000000621f6f9a8) 
thrown [s\open\src\hotspot\share\prims\jni.cpp, line 535]
Event: 0.842 Thread 0x0000027b2d11ca30 Exception <a 'java/lang/NoSuchMethodError'{0x0000000621593d88}: 'void java.lang.invoke.DirectMethodHandle$Holder.invokeSpecial(java.lang.Object, java.lang.Object, java.lang.Object, java.lang.Object, java.lang.Object, java.lang.Object)'> (0x0000000621593d88) 
thrown [s\open\src\hotspot\share\interpreter\linkResolver.cpp, line 759]
Event: 0.845 Thread 0x0000027b2d11ca30 Exception <a 'java/lang/NoSuchMethodError'{0x00000006215b4940}: 'java.lang.Object java.lang.invoke.DirectMethodHandle$Holder.invokeInterface(java.lang.Object, java.lang.Object, java.lang.Object)'> (0x00000006215b4940) 
thrown [s\open\src\hotspot\share\interpreter\linkResolver.cpp, line 759]
Event: 0.845 Thread 0x0000027b2d11ca30 Exception <a 'java/lang/IncompatibleClassChangeError'{0x00000006215b82c0}: Found class java.lang.Object, but interface was expected> (0x00000006215b82c0) 
thrown [s\open\src\hotspot\share\interpreter\linkResolver.cpp, line 826]
Event: 0.905 Thread 0x0000027b2d11ca30 Exception <a 'java/lang/NoSuchMethodError'{0x0000000621241098}: 'int java.lang.invoke.DirectMethodHandle$Holder.invokeSpecial(java.lang.Object, java.lang.Object, int)'> (0x0000000621241098) 
thrown [s\open\src\hotspot\share\interpreter\linkResolver.cpp, line 759]
Event: 0.913 Thread 0x0000027b2d11ca30 Exception <a 'java/lang/NoSuchMethodError'{0x000000062127ac78}: 'java.lang.Object java.lang.invoke.DirectMethodHandle$Holder.newInvokeSpecial(java.lang.Object, java.lang.Object, int)'> (0x000000062127ac78) 
thrown [s\open\src\hotspot\share\interpreter\linkResolver.cpp, line 759]
Event: 0.929 Thread 0x0000027b2cc43210 Exception <a 'java/lang/NoSuchMethodError'{0x000000062134bbc0}: 'int java.lang.invoke.DirectMethodHandle$Holder.invokeStaticInit(java.lang.Object, java.lang.Object)'> (0x000000062134bbc0) 
thrown [s\open\src\hotspot\share\interpreter\linkResolver.cpp, line 759]
Event: 0.940 Thread 0x0000027b2d11ca30 Exception <a 'java/lang/NoSuchMethodError'{0x0000000621387f90}: 'long java.lang.invoke.DirectMethodHandle$Holder.invokeStatic(java.lang.Object, java.lang.Object, java.lang.Object)'> (0x0000000621387f90) 
thrown [s\open\src\hotspot\share\interpreter\linkResolver.cpp, line 759]
Event: 0.940 Thread 0x0000027b2d11ca30 Exception <a 'java/lang/NoSuchMethodError'{0x000000062138b730}: 'long java.lang.invoke.DirectMethodHandle$Holder.invokeStaticInit(java.lang.Object, java.lang.Object, java.lang.Object)'> (0x000000062138b730) 
thrown [s\open\src\hotspot\share\interpreter\linkResolver.cpp, line 759]
Event: 0.942 Thread 0x0000027b2d11ca30 Exception <a 'java/lang/NoSuchMethodError'{0x00000006213a3d78}: 'java.lang.Object java.lang.invoke.DirectMethodHandle$Holder.newInvokeSpecial(java.lang.Object, java.lang.Object, long)'> (0x00000006213a3d78) 
thrown [s\open\src\hotspot\share\interpreter\linkResolver.cpp, line 759]
Event: 0.942 Thread 0x0000027b2d11ca30 Exception <a 'java/lang/NoSuchMethodError'{0x0000000620cb78a8}: 'java.lang.Object java.lang.invoke.Invokers$Holder.linkToTargetMethod(java.lang.Object, long, java.lang.Object)'> (0x0000000620cb78a8) 
thrown [s\open\src\hotspot\share\interpreter\linkResolver.cpp, line 759]
Event: 9.476 Thread 0x0000027b2d11ca30 Exception <a 'sun/nio/fs/WindowsException'{0x00000006209d37f0}> (0x00000006209d37f0) 
thrown [s\open\src\hotspot\share\prims\jni.cpp, line 516]
Event: 9.494 Thread 0x0000027b2d11ca30 Exception <a 'java/lang/NoSuchMethodError'{0x0000000620b132c0}: 'java.lang.Object java.lang.invoke.DirectMethodHandle$Holder.invokeVirtual(java.lang.Object, java.lang.Object, java.lang.Object)'> (0x0000000620b132c0) 
thrown [s\open\src\hotspot\share\interpreter\linkResolver.cpp, line 759]
Event: 9.534 Thread 0x0000027b2d11ca30 Exception <a 'sun/nio/fs/WindowsException'{0x00000006232a8ba0}> (0x00000006232a8ba0) 
thrown [s\open\src\hotspot\share\prims\jni.cpp, line 516]
Event: 9.594 Thread 0x0000027b2d11ca30 Exception <a 'java/lang/NullPointerException'{0x0000000622d4d588}> (0x0000000622d4d588) 
thrown [s\open\src\hotspot\share\interpreter\linkResolver.cpp, line 1433]
Event: 10.231 Thread 0x0000027b2d11ca30 Exception <a 'java/lang/NullPointerException'{0x0000000622e079d0}> (0x0000000622e079d0) 
thrown [s\open\src\hotspot\share\interpreter\linkResolver.cpp, line 1433]
Event: 11.530 Thread 0x0000027b2d11ca30 Exception <a 'java/lang/NullPointerException'{0x0000000622e4a360}> (0x0000000622e4a360) 
thrown [s\open\src\hotspot\share\interpreter\linkResolver.cpp, line 1433]

VM Operations (20 events):
Event: 9.561 Executing VM operation: HandshakeAllThreads done
Event: 9.567 Executing VM operation: HandshakeAllThreads
Event: 9.567 Executing VM operation: HandshakeAllThreads done
Event: 10.567 Executing VM operation: Cleanup
Event: 10.567 Executing VM operation: Cleanup done
Event: 11.568 Executing VM operation: Cleanup
Event: 11.568 Executing VM operation: Cleanup done
Event: 14.569 Executing VM operation: Cleanup
Event: 14.569 Executing VM operation: Cleanup done
Event: 15.570 Executing VM operation: Cleanup
Event: 15.570 Executing VM operation: Cleanup done
Event: 16.570 Executing VM operation: Cleanup
Event: 16.571 Executing VM operation: Cleanup done
Event: 17.572 Executing VM operation: Cleanup
Event: 17.572 Executing VM operation: Cleanup done
Event: 18.572 Executing VM operation: Cleanup
Event: 18.572 Executing VM operation: Cleanup done
Event: 20.573 Executing VM operation: Cleanup
Event: 20.573 Executing VM operation: Cleanup done
Event: 40.633 Executing VM operation: Exit

Events (20 events):
Event: 0.362 Loaded shared library C:\Users\mikza\.openjfx\cache\18.0.1+2\glass.dll
Event: 0.365 Thread 0x0000027b2d0e3f80 Thread added: 0x0000027b2d0e3f80
Event: 0.367 Thread 0x0000027b2d11ca30 Thread added: 0x0000027b2d11ca30
Event: 0.427 Thread 0x0000027b2d33c540 Thread added: 0x0000027b2d33c540
Event: 0.429 Thread 0x0000027b2d31a5e0 Thread added: 0x0000027b2d31a5e0
Event: 0.447 Loaded shared library C:\Users\mikza\.jdks\openjdk-18.0.2.1\bin\jimage.dll
Event: 0.562 Loaded shared library C:\Users\mikza\.openjfx\cache\18.0.1+2\javafx_font.dll
Event: 0.852 Thread 0x0000027b32423610 Thread added: 0x0000027b32423610
Event: 0.942 Thread 0x0000027b32422c70 Thread added: 0x0000027b32422c70
Event: 1.112 Thread 0x0000027b2c96b720 Thread exited: 0x0000027b2c96b720
Event: 1.186 Thread 0x0000027b2c9a8920 Thread exited: 0x0000027b2c9a8920
Event: 9.475 Thread 0x0000027b32423fb0 Thread added: 0x0000027b32423fb0
Event: 9.567 Thread 0x0000027b2c83b4e0 Thread added: 0x0000027b2c83b4e0
Event: 9.997 Thread 0x0000027b2c83b4e0 Thread exited: 0x0000027b2c83b4e0
Event: 40.631 Thread 0x0000027b32421e00 Thread added: 0x0000027b32421e00
Event: 40.632 Thread 0x0000027b324222d0 Thread added: 0x0000027b324222d0
Event: 40.633 Thread 0x0000027b32423140 Thread added: 0x0000027b32423140
Event: 40.633 Thread 0x0000027b32423140 Thread exited: 0x0000027b32423140
Event: 40.633 Thread 0x0000027b324222d0 Thread exited: 0x0000027b324222d0
Event: 40.633 Thread 0x0000027b7e2ab110 Thread exited: 0x0000027b7e2ab110


Dynamic libraries:
0x00007ff7ed7a0000 - 0x00007ff7ed7ae000 	C:\Users\mikza\.jdks\openjdk-18.0.2.1\bin\java.exe
0x00007ffff7d90000 - 0x00007ffff7fa4000 	C:\WINDOWS\SYSTEM32\ntdll.dll
0x00007ffff60a0000 - 0x00007ffff6164000 	C:\WINDOWS\System32\KERNEL32.DLL
0x00007ffff5190000 - 0x00007ffff5534000 	C:\WINDOWS\System32\KERNELBASE.dll
0x00007ffff5770000 - 0x00007ffff5881000 	C:\WINDOWS\System32\ucrtbase.dll
0x00007fffe6770000 - 0x00007fffe6787000 	C:\Users\mikza\.jdks\openjdk-18.0.2.1\bin\jli.dll
0x00007fffe6830000 - 0x00007fffe684a000 	C:\Users\mikza\.jdks\openjdk-18.0.2.1\bin\VCRUNTIME140.dll
0x00007ffff5ec0000 - 0x00007ffff606e000 	C:\WINDOWS\System32\USER32.dll
0x00007fffdc610000 - 0x00007fffdc8a3000 	C:\WINDOWS\WinSxS\amd64_microsoft.windows.common-controls_6595b64144ccf1df_6.0.22621.2215_none_270d72677387dfc3\COMCTL32.dll
0x00007ffff5ac0000 - 0x00007ffff5ae6000 	C:\WINDOWS\System32\win32u.dll
0x00007ffff6e50000 - 0x00007ffff6ef7000 	C:\WINDOWS\System32\msvcrt.dll
0x00007ffff6070000 - 0x00007ffff6099000 	C:\WINDOWS\System32\GDI32.dll
0x00007ffff5930000 - 0x00007ffff5a48000 	C:\WINDOWS\System32\gdi32full.dll
0x00007ffff5890000 - 0x00007ffff592a000 	C:\WINDOWS\System32\msvcp_win.dll
0x00007ffff5af0000 - 0x00007ffff5b21000 	C:\WINDOWS\System32\IMM32.DLL
0x00007fffe6820000 - 0x00007fffe682c000 	C:\Users\mikza\.jdks\openjdk-18.0.2.1\bin\vcruntime140_1.dll
0x00007fffcb240000 - 0x00007fffcb2cd000 	C:\Users\mikza\.jdks\openjdk-18.0.2.1\bin\msvcp140.dll
0x00007fff75820000 - 0x00007fff76431000 	C:\Users\mikza\.jdks\openjdk-18.0.2.1\bin\server\jvm.dll
0x00007ffff6f00000 - 0x00007ffff6fb0000 	C:\WINDOWS\System32\ADVAPI32.dll
0x00007ffff6fb0000 - 0x00007ffff7056000 	C:\WINDOWS\System32\sechost.dll
0x00007ffff5da0000 - 0x00007ffff5eb7000 	C:\WINDOWS\System32\RPCRT4.dll
0x00007ffff5d90000 - 0x00007ffff5d98000 	C:\WINDOWS\System32\PSAPI.DLL
0x00007ffff1fb0000 - 0x00007ffff1fb9000 	C:\WINDOWS\SYSTEM32\WSOCK32.dll
0x00007fffe9400000 - 0x00007fffe9434000 	C:\WINDOWS\SYSTEM32\WINMM.dll
0x00007fffecb40000 - 0x00007fffecb4a000 	C:\WINDOWS\SYSTEM32\VERSION.dll
0x00007ffff5d10000 - 0x00007ffff5d81000 	C:\WINDOWS\System32\WS2_32.dll
0x00007ffff41c0000 - 0x00007ffff41d8000 	C:\WINDOWS\SYSTEM32\kernel.appcore.dll
0x00007fffe6760000 - 0x00007fffe676a000 	C:\Users\mikza\.jdks\openjdk-18.0.2.1\bin\jimage.dll
0x00007ffff2580000 - 0x00007ffff27ae000 	C:\WINDOWS\SYSTEM32\DBGHELP.DLL
0x00007ffff7180000 - 0x00007ffff750a000 	C:\WINDOWS\System32\combase.dll
0x00007ffff5b30000 - 0x00007ffff5c07000 	C:\WINDOWS\System32\OLEAUT32.dll
0x00007fffd72e0000 - 0x00007fffd7312000 	C:\WINDOWS\SYSTEM32\dbgcore.DLL
0x00007ffff5110000 - 0x00007ffff518a000 	C:\WINDOWS\System32\bcryptPrimitives.dll
0x00007ffff2050000 - 0x00007ffff205e000 	C:\Users\mikza\.jdks\openjdk-18.0.2.1\bin\instrument.dll
0x00007fffe6710000 - 0x00007fffe6735000 	C:\Users\mikza\.jdks\openjdk-18.0.2.1\bin\java.dll
0x00007fffb2ee0000 - 0x00007fffb2fb6000 	C:\Users\mikza\.jdks\openjdk-18.0.2.1\bin\jsvml.dll
0x00007ffff6310000 - 0x00007ffff6b33000 	C:\WINDOWS\System32\SHELL32.dll
0x00007ffff3050000 - 0x00007ffff393a000 	C:\WINDOWS\SYSTEM32\windows.storage.dll
0x00007ffff2f10000 - 0x00007ffff304e000 	C:\WINDOWS\SYSTEM32\wintypes.dll
0x00007ffff5c10000 - 0x00007ffff5d03000 	C:\WINDOWS\System32\SHCORE.dll
0x00007ffff7510000 - 0x00007ffff756e000 	C:\WINDOWS\System32\shlwapi.dll
0x00007ffff5040000 - 0x00007ffff5066000 	C:\WINDOWS\SYSTEM32\profapi.dll
0x00007fffe6470000 - 0x00007fffe6483000 	C:\Users\mikza\.jdks\openjdk-18.0.2.1\bin\net.dll
0x00007fffed020000 - 0x00007fffed157000 	C:\WINDOWS\SYSTEM32\WINHTTP.dll
0x00007ffff4680000 - 0x00007ffff46e9000 	C:\WINDOWS\system32\mswsock.dll
0x00007fffdde20000 - 0x00007fffdde36000 	C:\Users\mikza\.jdks\openjdk-18.0.2.1\bin\nio.dll
0x00007fffe65e0000 - 0x00007fffe65f8000 	C:\Users\mikza\.jdks\openjdk-18.0.2.1\bin\zip.dll
0x00007fffe68b0000 - 0x00007fffe68ca000 	C:\Program Files\JetBrains\IntelliJ IDEA Community Edition 2022.2.2\bin\breakgen64.dll
0x0000027b2d400000 - 0x0000027b2d403000 	C:\Users\mikza\.openjfx\cache\18.0.1+2\api-ms-win-core-console-l1-1-0.dll
0x0000027b2d410000 - 0x0000027b2d413000 	C:\Users\mikza\.openjfx\cache\18.0.1+2\api-ms-win-core-console-l1-2-0.dll
0x0000027b2d420000 - 0x0000027b2d423000 	C:\Users\mikza\.openjfx\cache\18.0.1+2\api-ms-win-core-datetime-l1-1-0.dll
0x0000027b2d430000 - 0x0000027b2d433000 	C:\Users\mikza\.openjfx\cache\18.0.1+2\api-ms-win-core-debug-l1-1-0.dll
0x0000027b2d440000 - 0x0000027b2d443000 	C:\Users\mikza\.openjfx\cache\18.0.1+2\api-ms-win-core-errorhandling-l1-1-0.dll
0x0000027b2d450000 - 0x0000027b2d454000 	C:\Users\mikza\.openjfx\cache\18.0.1+2\api-ms-win-core-file-l1-1-0.dll
0x0000027b2d460000 - 0x0000027b2d463000 	C:\Users\mikza\.openjfx\cache\18.0.1+2\api-ms-win-core-file-l1-2-0.dll
0x0000027b2d470000 - 0x0000027b2d473000 	C:\Users\mikza\.openjfx\cache\18.0.1+2\api-ms-win-core-file-l2-1-0.dll
0x0000027b2d480000 - 0x0000027b2d483000 	C:\Users\mikza\.openjfx\cache\18.0.1+2\api-ms-win-core-handle-l1-1-0.dll
0x0000027b2d490000 - 0x0000027b2d493000 	C:\Users\mikza\.openjfx\cache\18.0.1+2\api-ms-win-core-heap-l1-1-0.dll
0x0000027b2d4a0000 - 0x0000027b2d4a3000 	C:\Users\mikza\.openjfx\cache\18.0.1+2\api-ms-win-core-interlocked-l1-1-0.dll
0x0000027b2d4b0000 - 0x0000027b2d4b3000 	C:\Users\mikza\.openjfx\cache\18.0.1+2\api-ms-win-core-libraryloader-l1-1-0.dll
0x0000027b2d4c0000 - 0x0000027b2d4c3000 	C:\Users\mikza\.openjfx\cache\18.0.1+2\api-ms-win-core-localization-l1-2-0.dll
0x0000027b2d4d0000 - 0x0000027b2d4d3000 	C:\Users\mikza\.openjfx\cache\18.0.1+2\api-ms-win-core-memory-l1-1-0.dll
0x0000027b2d4e0000 - 0x0000027b2d4e3000 	C:\Users\mikza\.openjfx\cache\18.0.1+2\api-ms-win-core-namedpipe-l1-1-0.dll
0x0000027b2d4f0000 - 0x0000027b2d4f3000 	C:\Users\mikza\.openjfx\cache\18.0.1+2\api-ms-win-core-processenvironment-l1-1-0.dll
0x0000027b2d500000 - 0x0000027b2d503000 	C:\Users\mikza\.openjfx\cache\18.0.1+2\api-ms-win-core-processthreads-l1-1-0.dll
0x0000027b2d510000 - 0x0000027b2d513000 	C:\Users\mikza\.openjfx\cache\18.0.1+2\api-ms-win-core-processthreads-l1-1-1.dll
0x0000027b2d520000 - 0x0000027b2d523000 	C:\Users\mikza\.openjfx\cache\18.0.1+2\api-ms-win-core-profile-l1-1-0.dll
0x0000027b2d530000 - 0x0000027b2d533000 	C:\Users\mikza\.openjfx\cache\18.0.1+2\api-ms-win-core-rtlsupport-l1-1-0.dll
0x0000027b2d540000 - 0x0000027b2d543000 	C:\Users\mikza\.openjfx\cache\18.0.1+2\api-ms-win-core-string-l1-1-0.dll
0x0000027b2d550000 - 0x0000027b2d553000 	C:\Users\mikza\.openjfx\cache\18.0.1+2\api-ms-win-core-synch-l1-1-0.dll
0x0000027b2d560000 - 0x0000027b2d563000 	C:\Users\mikza\.openjfx\cache\18.0.1+2\api-ms-win-core-synch-l1-2-0.dll
0x0000027b2d570000 - 0x0000027b2d573000 	C:\Users\mikza\.openjfx\cache\18.0.1+2\api-ms-win-core-sysinfo-l1-1-0.dll
0x0000027b2d580000 - 0x0000027b2d583000 	C:\Users\mikza\.openjfx\cache\18.0.1+2\api-ms-win-core-timezone-l1-1-0.dll
0x0000027b2d590000 - 0x0000027b2d593000 	C:\Users\mikza\.openjfx\cache\18.0.1+2\api-ms-win-core-util-l1-1-0.dll
0x0000027b2d5a0000 - 0x0000027b2d5a3000 	C:\Users\mikza\.openjfx\cache\18.0.1+2\api-ms-win-crt-conio-l1-1-0.dll
0x0000027b2d5b0000 - 0x0000027b2d5b4000 	C:\Users\mikza\.openjfx\cache\18.0.1+2\api-ms-win-crt-convert-l1-1-0.dll
0x0000027b2d5c0000 - 0x0000027b2d5c3000 	C:\Users\mikza\.openjfx\cache\18.0.1+2\api-ms-win-crt-environment-l1-1-0.dll
0x0000027b2d5d0000 - 0x0000027b2d5d3000 	C:\Users\mikza\.openjfx\cache\18.0.1+2\api-ms-win-crt-filesystem-l1-1-0.dll
0x0000027b2d5e0000 - 0x0000027b2d5e3000 	C:\Users\mikza\.openjfx\cache\18.0.1+2\api-ms-win-crt-heap-l1-1-0.dll
0x0000027b2d5f0000 - 0x0000027b2d5f3000 	C:\Users\mikza\.openjfx\cache\18.0.1+2\api-ms-win-crt-locale-l1-1-0.dll
0x0000027b2d600000 - 0x0000027b2d605000 	C:\Users\mikza\.openjfx\cache\18.0.1+2\api-ms-win-crt-math-l1-1-0.dll
0x0000027b2d610000 - 0x0000027b2d615000 	C:\Users\mikza\.openjfx\cache\18.0.1+2\api-ms-win-crt-multibyte-l1-1-0.dll
0x0000027b2d620000 - 0x0000027b2d630000 	C:\Users\mikza\.openjfx\cache\18.0.1+2\api-ms-win-crt-private-l1-1-0.dll
0x0000027b2d630000 - 0x0000027b2d633000 	C:\Users\mikza\.openjfx\cache\18.0.1+2\api-ms-win-crt-process-l1-1-0.dll
0x0000027b2d640000 - 0x0000027b2d644000 	C:\Users\mikza\.openjfx\cache\18.0.1+2\api-ms-win-crt-runtime-l1-1-0.dll
0x0000027b2d650000 - 0x0000027b2d654000 	C:\Users\mikza\.openjfx\cache\18.0.1+2\api-ms-win-crt-stdio-l1-1-0.dll
0x0000027b2d660000 - 0x0000027b2d664000 	C:\Users\mikza\.openjfx\cache\18.0.1+2\api-ms-win-crt-string-l1-1-0.dll
0x0000027b2d670000 - 0x0000027b2d673000 	C:\Users\mikza\.openjfx\cache\18.0.1+2\api-ms-win-crt-time-l1-1-0.dll
0x0000027b2d680000 - 0x0000027b2d683000 	C:\Users\mikza\.openjfx\cache\18.0.1+2\api-ms-win-crt-utility-l1-1-0.dll
0x00007fffbda10000 - 0x00007fffbdb0c000 	C:\Users\mikza\.openjfx\cache\18.0.1+2\ucrtbase.dll
0x00007fffdda70000 - 0x00007fffdda8a000 	C:\Users\mikza\.openjfx\cache\18.0.1+2\vcruntime140.dll
0x00007fffed6c0000 - 0x00007fffed6cc000 	C:\Users\mikza\.openjfx\cache\18.0.1+2\vcruntime140_1.dll
0x00007fffbd980000 - 0x00007fffbda0d000 	C:\Users\mikza\.openjfx\cache\18.0.1+2\msvcp140.dll
0x00007fffd7f70000 - 0x00007fffd7f9c000 	C:\Users\mikza\.openjfx\cache\18.0.1+2\prism_d3d.dll
0x00007fffe6dd0000 - 0x00007fffe6f79000 	C:\WINDOWS\system32\d3d9.dll
0x00007ffff27c0000 - 0x00007ffff27eb000 	C:\WINDOWS\SYSTEM32\dwmapi.dll
0x00007ffff2440000 - 0x00007ffff2478000 	C:\WINDOWS\SYSTEM32\dxcore.dll
0x00007ffff2290000 - 0x00007ffff233b000 	C:\WINDOWS\system32\uxtheme.dll
0x00007fff7c3e0000 - 0x00007fff7c54c000 	C:\WINDOWS\System32\DriverStore\FileRepository\iigd_dch.inf_amd64_5802b1615520e41c\igdumdim64.dll
0x00007ffff6b40000 - 0x00007ffff6cde000 	C:\WINDOWS\System32\ole32.dll
0x00007fff39dd0000 - 0x00007fff3d9d6000 	C:\WINDOWS\System32\DriverStore\FileRepository\iigd_dch.inf_amd64_5802b1615520e41c\igd9dxva64.dll
0x00007ffff7580000 - 0x00007ffff79f4000 	C:\WINDOWS\System32\SETUPAPI.dll
0x00007ffff4e00000 - 0x00007ffff4e4e000 	C:\WINDOWS\SYSTEM32\cfgmgr32.dll
0x00007fffe9030000 - 0x00007fffe93f7000 	C:\WINDOWS\System32\DriverStore\FileRepository\iigd_dch.inf_amd64_5802b1615520e41c\igdgmm64.dll
0x00007fffef390000 - 0x00007fffef3da000 	C:\WINDOWS\SYSTEM32\directxdatabasehelper.dll
0x00007fffb6e60000 - 0x00007fffb6ea2000 	C:\Users\mikza\.openjfx\cache\18.0.1+2\glass.dll
0x00007ffff7060000 - 0x00007ffff7159000 	C:\WINDOWS\System32\COMDLG32.dll
0x00007ffff6ce0000 - 0x00007ffff6e29000 	C:\WINDOWS\System32\MSCTF.dll
0x00007fffa4ec0000 - 0x00007fffa4ee7000 	C:\WINDOWS\System32\DriverStore\FileRepository\iigd_dch.inf_amd64_5802b1615520e41c\igdinfo64.dll
0x00007fffe1d80000 - 0x00007fffe5391000 	C:\WINDOWS\System32\DriverStore\FileRepository\iigd_dch.inf_amd64_5802b1615520e41c\igc64.dll
0x00007fffdd7a0000 - 0x00007fffdd7b4000 	C:\Users\mikza\.openjfx\cache\18.0.1+2\javafx_font.dll
0x00007ffff0bd0000 - 0x00007ffff0e37000 	C:\WINDOWS\SYSTEM32\dwrite.dll
0x00007ffff6190000 - 0x00007ffff6240000 	C:\WINDOWS\System32\clbcatq.dll
0x00007ffff0a20000 - 0x00007ffff0bd0000 	C:\WINDOWS\SYSTEM32\WindowsCodecs.dll
0x00007fffd8110000 - 0x00007fffd816e000 	C:\WINDOWS\system32\dataexchange.dll
0x00007fffebb10000 - 0x00007fffebd92000 	C:\WINDOWS\system32\twinapi.appcore.dll
0x00007fffd7b60000 - 0x00007fffd7b92000 	C:\Program Files\Common Files\Microsoft Shared\Ink\rtscom.dll
0x00007fffdb1a0000 - 0x00007fffdb2e4000 	C:\WINDOWS\SYSTEM32\textinputframework.dll
0x00007ffff1cf0000 - 0x00007ffff1e23000 	C:\WINDOWS\SYSTEM32\CoreMessaging.dll
0x00007fffee9f0000 - 0x00007fffeed5c000 	C:\WINDOWS\SYSTEM32\CoreUIComponents.dll
0x00007ffff4980000 - 0x00007ffff498c000 	C:\WINDOWS\SYSTEM32\CRYPTBASE.DLL
0x00007ffff3c80000 - 0x00007ffff3d72000 	C:\WINDOWS\SYSTEM32\DNSAPI.dll
0x00007ffff3c10000 - 0x00007ffff3c3d000 	C:\WINDOWS\SYSTEM32\IPHLPAPI.DLL
0x00007ffff6e40000 - 0x00007ffff6e49000 	C:\WINDOWS\System32\NSI.dll
0x00007fffe5de0000 - 0x00007fffe5dea000 	C:\Windows\System32\rasadhlp.dll
0x00007fffec2c0000 - 0x00007fffec344000 	C:\WINDOWS\System32\fwpuclnt.dll

dbghelp: loaded successfully - version: 4.0.5 - missing functions: none
symbol engine: initialized successfully - sym options: 0x614 - pdb path: .;C:\Users\mikza\.jdks\openjdk-18.0.2.1\bin;C:\WINDOWS\SYSTEM32;C:\WINDOWS\WinSxS\amd64_microsoft.windows.common-controls_6595b64144ccf1df_6.0.22621.2215_none_270d72677387dfc3;C:\Users\mikza\.jdks\openjdk-18.0.2.1\bin\server;C:\Program Files\JetBrains\IntelliJ IDEA Community Edition 2022.2.2\bin;C:\Users\mikza\.openjfx\cache\18.0.1+2;C:\WINDOWS\System32\DriverStore\FileRepository\iigd_dch.inf_amd64_5802b1615520e41c;C:\Program Files\Common Files\Microsoft Shared\Ink

VM Arguments:
jvm_args: -javaagent:C:\Program Files\JetBrains\IntelliJ IDEA Community Edition 2022.2.2\lib\idea_rt.jar=63666:C:\Program Files\JetBrains\IntelliJ IDEA Community Edition 2022.2.2\bin -Dfile.encoding=UTF-8 -Dsun.stdout.encoding=UTF-8 -Dsun.stderr.encoding=UTF-8 --module-path=C:\Users\mikza\.m2\repository\org\openjfx\javafx-graphics\18.0.1\javafx-graphics-18.0.1-win.jar;C:\Users\mikza\.m2\repository\org\openjfx\javafx-base\18.0.1\javafx-base-18.0.1-win.jar;C:\Users\mikza\.m2\repository\org\openjfx\javafx-fxml\18.0.1\javafx-fxml-18.0.1-win.jar;E:\Учёба\#Основы Программирования\2 семестр\Курсовая\Kursovaya\target\classes;C:\Users\mikza\.m2\repository\mysql\mysql-connector-java\8.0.25\mysql-connector-java-8.0.25.jar;C:\Users\mikza\.m2\repository\org\openjfx\javafx-controls\18.0.1\javafx-controls-18.0.1-win.jar -Djdk.module.main=com.example.kursovaya 
java_command: com.example.kursovaya/com.example.kursovaya.main
java_class_path (initial): C:\Users\mikza\.m2\repository\com\google\protobuf\protobuf-java\3.11.4\protobuf-java-3.11.4.jar;C:\Users\mikza\.m2\repository\org\openjfx\javafx-controls\18.0.1\javafx-controls-18.0.1.jar;C:\Users\mikza\.m2\repository\org\openjfx\javafx-graphics\18.0.1\javafx-graphics-18.0.1.jar;C:\Users\mikza\.m2\repository\org\openjfx\javafx-base\18.0.1\javafx-base-18.0.1.jar;C:\Users\mikza\.m2\repository\org\openjfx\javafx-fxml\18.0.1\javafx-fxml-18.0.1.jar
Launcher Type: SUN_STANDARD

[Global flags]
     intx CICompilerCount                          = 4                                         {product} {ergonomic}
     uint ConcGCThreads                            = 3                                         {product} {ergonomic}
     uint G1ConcRefinementThreads                  = 10                                        {product} {ergonomic}
   size_t G1HeapRegionSize                         = 4194304                                   {product} {ergonomic}
    uintx GCDrainStackTargetSize                   = 64                                        {product} {ergonomic}
   size_t InitialHeapSize                          = 536870912                                 {product} {ergonomic}
   size_t MarkStackSize                            = 4194304                                   {product} {ergonomic}
   size_t MaxHeapSize                              = 8535408640                                {product} {ergonomic}
   size_t MaxNewSize                               = 5121245184                                {product} {ergonomic}
   size_t MinHeapDeltaBytes                        = 4194304                                   {product} {ergonomic}
   size_t MinHeapSize                              = 8388608                                   {product} {ergonomic}
    uintx NonNMethodCodeHeapSize                   = 5839372                                {pd product} {ergonomic}
    uintx NonProfiledCodeHeapSize                  = 122909434                              {pd product} {ergonomic}
    uintx ProfiledCodeHeapSize                     = 122909434                              {pd product} {ergonomic}
    uintx ReservedCodeCacheSize                    = 251658240                              {pd product} {ergonomic}
     bool SegmentedCodeCache                       = true                                      {product} {ergonomic}
   size_t SoftMaxHeapSize                          = 8535408640                             {manageable} {ergonomic}
     bool UseCompressedClassPointers               = true                           {product lp64_product} {ergonomic}
     bool UseCompressedOops                        = true                           {product lp64_product} {ergonomic}
     bool UseG1GC                                  = true                                      {product} {ergonomic}
     bool UseLargePagesIndividualAllocation        = false                                  {pd product} {ergonomic}

Logging:
Log output configuration:
 #0: stdout all=off uptime,level,tags foldmultilines=false
 #1: stderr all=off uptime,level,tags foldmultilines=false

Environment Variables:
PATH=C:\Program Files\Common Files\Oracle\Java\javapath;C:\Program Files (x86)\Common Files\Oracle\Java\javapath;C:\Windows\system32;C:\Windows;C:\Windows\System32\Wbem;C:\Windows\System32\WindowsPowerShell\v1.0\;C:\Windows\System32\OpenSSH\;C:\Program Files (x86)\NVIDIA Corporation\PhysX\Common;C:\Program Files\NVIDIA Corporation\NVIDIA NvDLISR;C:\WINDOWS\system32;C:\WINDOWS;C:\WINDOWS\System32\Wbem;C:\WINDOWS\System32\WindowsPowerShell\v1.0\;C:\WINDOWS\System32\OpenSSH\;C:\Program Files (x86)\dotnet\;C:\Program Files\Docker\Docker\resources\bin;C:\Program Files\Git\cmd;C:\Users\mikza\AppData\Local\Programs\Python\Python310\Scripts\;C:\Users\mikza\AppData\Local\Programs\Python\Python310\;C:\Users\mikza\AppData\Local\Microsoft\WindowsApps;C:\Program Files\JetBrains\PyCharm Community Edition 2022.2.1\bin;;C:\Program Files\JetBrains\IntelliJ IDEA Community Edition 2022.2.2\bin;;C:\Users\mikza\AppData\Local\Programs\Microsoft VS Code\bin;C:\Users\mikza\AppData\Local\GitHubDesktop\bin
USERNAME=mikza
OS=Windows_NT
PROCESSOR_IDENTIFIER=Intel64 Family 6 Model 141 Stepping 1, GenuineIntel



---------------  S Y S T E M  ---------------

OS:
 Windows 11 , 64 bit Build 22621 (10.0.22621.2215)
OS uptime: 4 days 11:55 hours
Hyper-V role detected

CPU: total 12 (initial active 12) (6 cores per cpu, 2 threads per core) family 6 model 141 stepping 1 microcode 0x3c, cx8, cmov, fxsr, ht, mmx, 3dnowpref, sse, sse2, sse3, ssse3, sse4.1, sse4.2, popcnt, lzcnt, tsc, tscinvbit, avx, avx2, aes, erms, clmul, bmi1, bmi2, adx, avx512f, avx512dq, avx512cd, avx512bw, avx512vl, sha, fma, vzeroupper, avx512_vpopcntdq, avx512_vpclmulqdq, avx512_vaes, avx512_vnni, clflush, clflushopt, clwb, avx512_vbmi2, avx512_vbmi, hv

Memory: 4k page, system-wide physical 32547M (17136M free)
TotalPageFile size 37411M (AvailPageFile size 18553M)
current process WorkingSet (physical memory assigned to process): 175M, peak: 189M
current process commit charge ("private bytes"): 688M, peak: 702M

vm_info: OpenJDK 64-Bit Server VM (18.0.2.1+1-1) for windows-amd64 JRE (18.0.2.1+1-1), built on Aug 16 2022 01:44:29 by "mach5one" with MS VC++ 16.8 / 16.9 (VS2019)

END.
