#
# A fatal error has been detected by the Java Runtime Environment:
#
#  EXCEPTION_ACCESS_VIOLATION (0xc0000005) at pc=0x00007fffa94862d7, pid=19272, tid=3040
#
# JRE version: OpenJDK Runtime Environment (18.0.2.1+1) (build 18.0.2.1+1-1)
# Java VM: OpenJDK 64-Bit Server VM (18.0.2.1+1-1, mixed mode, sharing, tiered, compressed oops, compressed class ptrs, g1 gc, windows-amd64)
# Problematic frame:
# C  [glass.dll+0x262d7]
#
# No core dump will be written. Minidumps are not enabled by default on client versions of Windows
#
# If you would like to submit a bug report, please visit:
#   https://bugreport.java.com/bugreport/crash.jsp
#

---------------  S U M M A R Y ------------

Command Line: -javaagent:C:\Program Files\JetBrains\IntelliJ IDEA Community Edition 2022.2.2\lib\idea_rt.jar=56733:C:\Program Files\JetBrains\IntelliJ IDEA Community Edition 2022.2.2\bin -Dfile.encoding=UTF-8 -Dsun.stdout.encoding=UTF-8 -Dsun.stderr.encoding=UTF-8 --module-path=C:\Users\mikza\.m2\repository\org\openjfx\javafx-graphics\18.0.1\javafx-graphics-18.0.1-win.jar;E:\Учёба\#Основы Программирования\2 семестр\Курсовая\Kursovaya\target\classes;C:\Users\mikza\.m2\repository\mysql\mysql-connector-java\8.0.25\mysql-connector-java-8.0.25.jar;C:\Users\mikza\.m2\repository\org\openjfx\javafx-base\18.0.1\javafx-base-18.0.1-win.jar;C:\Users\mikza\.m2\repository\org\openjfx\javafx-fxml\18.0.1\javafx-fxml-18.0.1-win.jar;C:\Users\mikza\.m2\repository\org\openjfx\javafx-controls\18.0.1\javafx-controls-18.0.1-win.jar -Djdk.module.main=com.example.kursovaya com.example.kursovaya/com.example.kursovaya.main

Host: 11th Gen Intel(R) Core(TM) i5-11400H @ 2.70GHz, 12 cores, 31G,  Windows 11 , 64 bit Build 22621 (10.0.22621.2215)
Time: Sat Sep 23 18:31:20 2023 RTZ 2 (s 11 , 64 bit Build 22621 (10.0.22621.2215) elapsed time: 96.836894 seconds (0d 0h 1m 36s)

---------------  T H R E A D  ---------------

Current thread (0x000001f47f0b7f40):  VMThread "VM Thread" [stack: 0x0000009350900000,0x0000009350a00000] [id=3040]

Stack: [0x0000009350900000,0x0000009350a00000],  sp=0x00000093509ff2f0,  free space=1020k
Native frames: (J=compiled Java code, j=interpreted, Vv=VM code, C=native code)
C  [glass.dll+0x262d7]


siginfo: EXCEPTION_ACCESS_VIOLATION (0xc0000005), reading address 0x0000000000000000


Register to memory mapping:

RIP=0x00007fffa94862d7 glass.dll
RAX=0x0 is NULL
RBX=0x000001f47f0c00e8 is a global jni handle
RCX=0x000001f47f0b7f40 points into unknown readable memory: 0x00007fff761cea28 | 28 ea 1c 76 ff 7f 00 00
RDX=0x00000093509ff2f0 points into unknown readable memory: 0x0000000000000000 | 00 00 00 00 00 00 00 00
RSP=0x00000093509ff2f0 points into unknown readable memory: 0x0000000000000000 | 00 00 00 00 00 00 00 00
RBP=0x000001f416848af8 points into unknown readable memory: 0x000044603adf30c6 | c6 30 df 3a 60 44 00 00
RSI=0x00000093509ff3f8 points into unknown readable memory: 0x00000093509ff3e0 | e0 f3 9f 50 93 00 00 00
RDI=0x000001f416848ad0 points into unknown readable memory: 0x001fbb8a68d287c6 | c6 87 d2 68 8a bb 1f 00
R8 =0x0000000000010002 is an unknown value
R9 =0x000001f416848ad0 points into unknown readable memory: 0x001fbb8a68d287c6 | c6 87 d2 68 8a bb 1f 00
R10=0x85f13e9656da4870 is an unknown value
R11=0x00000093509ff280 points into unknown readable memory: 0x000001f416848ad0 | d0 8a 84 16 f4 01 00 00
R12=0x00007fffa9483bc4 glass.dll
R13=0x00007fff76390c00 jvm.dll
R14=0x000044603adf30c6 is an unknown value
R15=0x000001f416848ad0 points into unknown readable memory: 0x001fbb8a68d287c6 | c6 87 d2 68 8a bb 1f 00


Registers:
RAX=0x0000000000000000, RBX=0x000001f47f0c00e8, RCX=0x000001f47f0b7f40, RDX=0x00000093509ff2f0
RSP=0x00000093509ff2f0, RBP=0x000001f416848af8, RSI=0x00000093509ff3f8, RDI=0x000001f416848ad0
R8 =0x0000000000010002, R9 =0x000001f416848ad0, R10=0x85f13e9656da4870, R11=0x00000093509ff280
R12=0x00007fffa9483bc4, R13=0x00007fff76390c00, R14=0x000044603adf30c6, R15=0x000001f416848ad0
RIP=0x00007fffa94862d7, EFLAGS=0x0000000000010206

Top of Stack: (sp=0x00000093509ff2f0)
0x00000093509ff2f0:   0000000000000000 00000093509ff3f8
0x00000093509ff300:   00007fff76390c00 00007fffa9483bc4
0x00000093509ff310:   000001f416848ad8 00007ffff57c3a83
0x00000093509ff320:   000001f416848ad0 000001f400000000
0x00000093509ff330:   000001f416848af8 00000093509ff3f8
0x00000093509ff340:   fffffffffffffffe 0000000000000000
0x00000093509ff350:   0000000000000001 00007fffa9460000
0x00000093509ff360:   00000093509ff3e8 00007ffff579006e
0x00000093509ff370:   0000000000000000 00000093509ff3f8
0x00000093509ff380:   00000093509ff6e0 0000000000000001
0x00000093509ff390:   0000000000000001 00007ffff578da1d
0x00000093509ff3a0:   0000000000000000 00007fffa94833bd
0x00000093509ff3b0:   0000000000000000 00000093509ff3e8
0x00000093509ff3c0:   fffffffffffffffe 00000093509ff600
0x00000093509ff3d0:   0000000000000000 00007fffa9483a51
0x00000093509ff3e0:   00007fffa9499f88 00007fff00000002 

Instructions: (pc=0x00007fffa94862d7)
0x00007fffa94861d7:   8b 4d 58 e8 2d cf ff ff 48 8b 4d 60 e8 24 cf ff
0x00007fffa94861e7:   ff 48 8b 95 80 00 00 00 48 8b 8d 18 01 00 00 e8
0x00007fffa94861f7:   16 c4 ff ff 33 d2 33 c9 e8 5c e1 ff ff 90 48 89
0x00007fffa9486207:   54 24 10 55 48 83 ec 20 48 8b ea 48 b8 00 00 00
0x00007fffa9486217:   00 00 00 00 00 48 83 c4 20 5d c3 cc 40 55 48 8b
0x00007fffa9486227:   ea 48 8b 01 33 c9 81 38 05 00 00 c0 0f 94 c1 8b
0x00007fffa9486237:   c1 5d c3 cc 40 55 48 83 ec 20 48 8b ea 8a 4d 40
0x00007fffa9486247:   48 83 c4 20 5d e9 17 d3 ff ff cc 40 55 48 83 ec
0x00007fffa9486257:   20 48 8b ea 8a 4d 20 e8 05 d3 ff ff 90 48 83 c4
0x00007fffa9486267:   20 5d c3 cc 40 55 48 83 ec 20 48 8b ea 48 83 c4
0x00007fffa9486277:   20 5d e9 66 d1 ff ff cc 40 55 48 83 ec 30 48 8b
0x00007fffa9486287:   ea 48 8b 01 8b 10 48 89 4c 24 28 89 54 24 20 4c
0x00007fffa9486297:   8d 0d 07 d6 ff ff 4c 8b 45 70 8b 55 68 48 8b 4d
0x00007fffa94862a7:   60 e8 a7 d0 ff ff 90 48 83 c4 30 5d c3 cc cc cc
0x00007fffa94862b7:   cc cc cc cc cc cc cc cc cc 40 53 48 83 ec 20 48
0x00007fffa94862c7:   8b 1d bb 36 01 00 48 85 db 74 16 e8 59 8b ff ff
0x00007fffa94862d7:   4c 8b 00 48 8b d3 48 8b c8 41 ff 90 b0 00 00 00
0x00007fffa94862e7:   90 48 83 c4 20 5b c3 cc cc 40 53 48 83 ec 20 48
0x00007fffa94862f7:   8b 1d 2b 38 01 00 48 85 db 74 57 b8 ff ff ff ff
0x00007fffa9486307:   f0 0f c1 43 10 83 f8 01 75 3d 48 85 db 74 38 48
0x00007fffa9486317:   8b 0b 48 85 c9 74 0d ff 15 84 0f 00 00 48 c7 03
0x00007fffa9486327:   00 00 00 00 48 8b 4b 08 48 85 c9 74 0d e8 d3 cd
0x00007fffa9486337:   ff ff 48 c7 43 08 00 00 00 00 ba 18 00 00 00 48
0x00007fffa9486347:   8b cb e8 be cd ff ff 48 c7 05 cf 37 01 00 00 00
0x00007fffa9486357:   00 00 48 83 c4 20 5b c3 cc 40 53 48 83 ec 20 48
0x00007fffa9486367:   8b 1d 9b 37 01 00 48 85 db 74 57 b8 ff ff ff ff
0x00007fffa9486377:   f0 0f c1 43 10 83 f8 01 75 3d 48 85 db 74 38 48
0x00007fffa9486387:   8b 0b 48 85 c9 74 0d ff 15 14 0f 00 00 48 c7 03
0x00007fffa9486397:   00 00 00 00 48 8b 4b 08 48 85 c9 74 0d e8 63 cd
0x00007fffa94863a7:   ff ff 48 c7 43 08 00 00 00 00 ba 18 00 00 00 48
0x00007fffa94863b7:   8b cb e8 4e cd ff ff 48 c7 05 3f 37 01 00 00 00
0x00007fffa94863c7:   00 00 48 83 c4 20 5b c3 cc 40 53 48 83 ec 20 48 


Stack slot to memory mapping:
stack at sp + 0 slots: 0x0 is NULL
stack at sp + 1 slots: 0x00000093509ff3f8 points into unknown readable memory: 0x00000093509ff3e0 | e0 f3 9f 50 93 00 00 00
stack at sp + 2 slots: 0x00007fff76390c00 jvm.dll
stack at sp + 3 slots: 0x00007fffa9483bc4 glass.dll
stack at sp + 4 slots: 0x000001f416848ad8 points into unknown readable memory: 0x000044603adf30c6 | c6 30 df 3a 60 44 00 00
stack at sp + 5 slots: 0x00007ffff57c3a83 ucrtbase.dll
stack at sp + 6 slots: 0x000001f416848ad0 points into unknown readable memory: 0x001fbb8a68d287c6 | c6 87 d2 68 8a bb 1f 00
stack at sp + 7 slots: 0x000001f400000000 points into unknown readable memory: 0x0000000000000000 | 00 00 00 00 00 00 00 00

VM_Operation (0x00000093500ff3e0): Exit, mode: safepoint, requested by thread 0x000001f41be1afa0


---------------  P R O C E S S  ---------------

Threads class SMR info:
_java_thread_list=0x000001f41c36a550, length=21, elements={
0x000001f4650c19f0, 0x000001f47f0ba7a0, 0x000001f47f0bb140, 0x000001f47f0d8990,
0x000001f47f0d9330, 0x000001f47f0dd1d0, 0x000001f47f0ddea0, 0x000001f47f0e78a0,
0x000001f416010060, 0x000001f47f0a5d60, 0x000001f4165e48e0, 0x000001f41643f170,
0x000001f4167dd9a0, 0x000001f416843c80, 0x000001f41684b230, 0x000001f416ac01f0,
0x000001f416b06490, 0x000001f41be1b940, 0x000001f41be1aad0, 0x000001f41be1cc80,
0x000001f41be1afa0
}

Java Threads: ( => current thread )
  0x000001f4650c19f0 JavaThread "main" [_thread_blocked, id=14288, stack(0x0000009350300000,0x0000009350400000)]
  0x000001f47f0ba7a0 JavaThread "Reference Handler" daemon [_thread_blocked, id=15528, stack(0x0000009350a00000,0x0000009350b00000)]
  0x000001f47f0bb140 JavaThread "Finalizer" daemon [_thread_blocked, id=20044, stack(0x0000009350b00000,0x0000009350c00000)]
  0x000001f47f0d8990 JavaThread "Attach Listener" daemon [_thread_blocked, id=13816, stack(0x0000009350d00000,0x0000009350e00000)]
  0x000001f47f0d9330 JavaThread "Service Thread" daemon [_thread_blocked, id=18760, stack(0x0000009350e00000,0x0000009350f00000)]
  0x000001f47f0dd1d0 JavaThread "Monitor Deflation Thread" daemon [_thread_blocked, id=7952, stack(0x0000009350f00000,0x0000009351000000)]
  0x000001f47f0ddea0 JavaThread "C2 CompilerThread0" daemon [_thread_blocked, id=29376, stack(0x0000009351000000,0x0000009351100000)]
  0x000001f47f0e78a0 JavaThread "C1 CompilerThread0" daemon [_thread_blocked, id=4684, stack(0x0000009351100000,0x0000009351200000)]
  0x000001f416010060 JavaThread "Sweeper thread" daemon [_thread_blocked, id=25068, stack(0x0000009351200000,0x0000009351300000)]
  0x000001f47f0a5d60 JavaThread "Common-Cleaner" daemon [_thread_blocked, id=20820, stack(0x0000009351300000,0x0000009351400000)]
  0x000001f4165e48e0 JavaThread "Monitor Ctrl-Break" daemon [_thread_in_native, id=23544, stack(0x0000009351600000,0x0000009351700000)]
  0x000001f41643f170 JavaThread "Notification Thread" daemon [_thread_blocked, id=13120, stack(0x0000009351700000,0x0000009351800000)]
  0x000001f4167dd9a0 JavaThread "QuantumRenderer-0" daemon [_thread_blocked, id=24736, stack(0x0000009351900000,0x0000009351a00000)]
  0x000001f416843c80 JavaThread "InvokeLaterDispatcher" daemon [_thread_blocked, id=20024, stack(0x0000009351a00000,0x0000009351b00000)]
  0x000001f41684b230 JavaThread "JavaFX Application Thread" [_thread_in_native, id=18800, stack(0x0000009351b00000,0x0000009351c00000)]
  0x000001f416ac01f0 JavaThread "JavaFX-Launcher" [_thread_blocked, id=9196, stack(0x0000009352000000,0x0000009352100000)]
  0x000001f416b06490 JavaThread "Thread-2" daemon [_thread_in_native, id=10660, stack(0x0000009351f00000,0x0000009352000000)]
  0x000001f41be1b940 JavaThread "Prism Font Disposer" daemon [_thread_blocked, id=18164, stack(0x0000009352d00000,0x0000009352e00000)]
  0x000001f41be1aad0 JavaThread "Cleaner-0" daemon [_thread_blocked, id=29476, stack(0x0000009352e00000,0x0000009352f00000)]
  0x000001f41be1cc80 JavaThread "mysql-cj-abandoned-connection-cleanup" daemon [_thread_blocked, id=15228, stack(0x0000009351400000,0x0000009351500000)]
  0x000001f41be1afa0 JavaThread "SIGINT handler" daemon [_thread_blocked, id=29544, stack(0x0000009350000000,0x0000009350100000)]

Other Threads:
=>0x000001f47f0b7f40 VMThread "VM Thread" [stack: 0x0000009350900000,0x0000009350a00000] [id=3040]
  0x000001f465172230 WorkerThread "GC Thread#0" [stack: 0x0000009350400000,0x0000009350500000] [id=24908]
  0x000001f416997fc0 WorkerThread "GC Thread#1" [stack: 0x0000009352100000,0x0000009352200000] [id=17296]
  0x000001f416999760 WorkerThread "GC Thread#2" [stack: 0x0000009352200000,0x0000009352300000] [id=29280]
  0x000001f416998500 WorkerThread "GC Thread#3" [stack: 0x0000009352300000,0x0000009352400000] [id=8292]
  0x000001f416999220 WorkerThread "GC Thread#4" [stack: 0x0000009352400000,0x0000009352500000] [id=24012]
  0x000001f41ba60b90 WorkerThread "GC Thread#5" [stack: 0x0000009352500000,0x0000009352600000] [id=5748]
  0x000001f41ba61df0 WorkerThread "GC Thread#6" [stack: 0x0000009352600000,0x0000009352700000] [id=7720]
  0x000001f41ba63ad0 WorkerThread "GC Thread#7" [stack: 0x0000009352700000,0x0000009352800000] [id=21524]
  0x000001f41ba60e30 WorkerThread "GC Thread#8" [stack: 0x0000009352800000,0x0000009352900000] [id=27864]
  0x000001f41ba60110 WorkerThread "GC Thread#9" [stack: 0x0000009352900000,0x0000009352a00000] [id=20032]
  0x000001f47ef17fc0 ConcurrentGCThread "G1 Main Marker" terminated
  0x000001f47ef189b0 WorkerThread "G1 Conc#0" [stack: 0x0000009350600000,0x0000009350700000] [id=29624]
  0x000001f47ef6e250 ConcurrentGCThread "G1 Refine#0" terminated
  0x000001f47ef6fb70 ConcurrentGCThread "G1 Service" terminated

Threads with active compile tasks:

VM state: at safepoint (shutting down)

VM Mutex/Monitor currently owned by a thread:  ([mutex/lock_event])
[0x000001f4650bdac0] Threads_lock - owner thread: 0x000001f47f0b7f40
[0x000001f4650bd9a0] Heap_lock - owner thread: 0x000001f41be1afa0

Heap address: 0x0000000603400000, size: 8140 MB, Compressed Oops mode: Zero based, Oop shift amount: 3

CDS archive(s) mapped at: [0x0000000800000000-0x0000000800ba0000-0x0000000800ba0000), size 12189696, SharedBaseAddress: 0x0000000800000000, ArchiveRelocationMode: 0.
Compressed class space mapped at: 0x0000000800c00000-0x0000000840c00000, reserved size: 1073741824
Narrow klass base: 0x0000000800000000, Narrow klass shift: 0, Narrow klass range: 0x100000000

GC Precious Log:
 CardTable entry size: 512
 Card Set container configuration: InlinePtr #cards 4 size 8 Array Of Cards #cards 32 size 80 Howl #buckets 8 coarsen threshold 7372 Howl Bitmap #cards 1024 size 144 coarsen threshold 921 Card regions per heap region 1 cards per card region 8192
 CPUs: 12 total, 12 available
 Memory: 32547M
 Large Page Support: Disabled
 NUMA Support: Disabled
 Compressed Oops: Enabled (Zero based)
 Heap Region Size: 4M
 Heap Min Capacity: 8M
 Heap Initial Capacity: 512M
 Heap Max Capacity: 8140M
 Pre-touch: Disabled
 Parallel Workers: 10
 Concurrent Workers: 3
 Concurrent Refinement Workers: 10
 Periodic GC: Disabled

Heap:
 garbage-first heap   total 524288K, used 21856K [0x0000000603400000, 0x0000000800000000)
  region size 4096K, 6 young (24576K), 2 survivors (8192K)
 Metaspace       used 19004K, committed 19264K, reserved 1114112K
  class space    used 2453K, committed 2560K, reserved 1048576K

Heap Regions: E=young(eden), S=young(survivor), O=old, HS=humongous(starts), HC=humongous(continues), CS=collection set, F=free, OA=open archive, CA=closed archive, TAMS=top-at-mark-start (previous, next)
|   0|0x0000000603400000, 0x0000000603558000, 0x0000000603800000| 33%| O|  |TAMS 0x0000000603400000, 0x0000000603400000| Untracked 
|   1|0x0000000603800000, 0x0000000603800000, 0x0000000603c00000|  0%| F|  |TAMS 0x0000000603800000, 0x0000000603800000| Untracked 
|   2|0x0000000603c00000, 0x0000000603c00000, 0x0000000604000000|  0%| F|  |TAMS 0x0000000603c00000, 0x0000000603c00000| Untracked 
|   3|0x0000000604000000, 0x0000000604000000, 0x0000000604400000|  0%| F|  |TAMS 0x0000000604000000, 0x0000000604000000| Untracked 
|   4|0x0000000604400000, 0x0000000604400000, 0x0000000604800000|  0%| F|  |TAMS 0x0000000604400000, 0x0000000604400000| Untracked 
|   5|0x0000000604800000, 0x0000000604800000, 0x0000000604c00000|  0%| F|  |TAMS 0x0000000604800000, 0x0000000604800000| Untracked 
|   6|0x0000000604c00000, 0x0000000604c00000, 0x0000000605000000|  0%| F|  |TAMS 0x0000000604c00000, 0x0000000604c00000| Untracked 
|   7|0x0000000605000000, 0x0000000605000000, 0x0000000605400000|  0%| F|  |TAMS 0x0000000605000000, 0x0000000605000000| Untracked 
|   8|0x0000000605400000, 0x0000000605400000, 0x0000000605800000|  0%| F|  |TAMS 0x0000000605400000, 0x0000000605400000| Untracked 
|   9|0x0000000605800000, 0x0000000605800000, 0x0000000605c00000|  0%| F|  |TAMS 0x0000000605800000, 0x0000000605800000| Untracked 
|  10|0x0000000605c00000, 0x0000000605c00000, 0x0000000606000000|  0%| F|  |TAMS 0x0000000605c00000, 0x0000000605c00000| Untracked 
|  11|0x0000000606000000, 0x0000000606000000, 0x0000000606400000|  0%| F|  |TAMS 0x0000000606000000, 0x0000000606000000| Untracked 
|  12|0x0000000606400000, 0x0000000606400000, 0x0000000606800000|  0%| F|  |TAMS 0x0000000606400000, 0x0000000606400000| Untracked 
|  13|0x0000000606800000, 0x0000000606800000, 0x0000000606c00000|  0%| F|  |TAMS 0x0000000606800000, 0x0000000606800000| Untracked 
|  14|0x0000000606c00000, 0x0000000606c00000, 0x0000000607000000|  0%| F|  |TAMS 0x0000000606c00000, 0x0000000606c00000| Untracked 
|  15|0x0000000607000000, 0x0000000607000000, 0x0000000607400000|  0%| F|  |TAMS 0x0000000607000000, 0x0000000607000000| Untracked 
|  16|0x0000000607400000, 0x0000000607400000, 0x0000000607800000|  0%| F|  |TAMS 0x0000000607400000, 0x0000000607400000| Untracked 
|  17|0x0000000607800000, 0x0000000607800000, 0x0000000607c00000|  0%| F|  |TAMS 0x0000000607800000, 0x0000000607800000| Untracked 
|  18|0x0000000607c00000, 0x0000000607c00000, 0x0000000608000000|  0%| F|  |TAMS 0x0000000607c00000, 0x0000000607c00000| Untracked 
|  19|0x0000000608000000, 0x0000000608000000, 0x0000000608400000|  0%| F|  |TAMS 0x0000000608000000, 0x0000000608000000| Untracked 
|  20|0x0000000608400000, 0x0000000608400000, 0x0000000608800000|  0%| F|  |TAMS 0x0000000608400000, 0x0000000608400000| Untracked 
|  21|0x0000000608800000, 0x0000000608800000, 0x0000000608c00000|  0%| F|  |TAMS 0x0000000608800000, 0x0000000608800000| Untracked 
|  22|0x0000000608c00000, 0x0000000608c00000, 0x0000000609000000|  0%| F|  |TAMS 0x0000000608c00000, 0x0000000608c00000| Untracked 
|  23|0x0000000609000000, 0x0000000609000000, 0x0000000609400000|  0%| F|  |TAMS 0x0000000609000000, 0x0000000609000000| Untracked 
|  24|0x0000000609400000, 0x0000000609400000, 0x0000000609800000|  0%| F|  |TAMS 0x0000000609400000, 0x0000000609400000| Untracked 
|  25|0x0000000609800000, 0x0000000609800000, 0x0000000609c00000|  0%| F|  |TAMS 0x0000000609800000, 0x0000000609800000| Untracked 
|  26|0x0000000609c00000, 0x0000000609c00000, 0x000000060a000000|  0%| F|  |TAMS 0x0000000609c00000, 0x0000000609c00000| Untracked 
|  27|0x000000060a000000, 0x000000060a000000, 0x000000060a400000|  0%| F|  |TAMS 0x000000060a000000, 0x000000060a000000| Untracked 
|  28|0x000000060a400000, 0x000000060a400000, 0x000000060a800000|  0%| F|  |TAMS 0x000000060a400000, 0x000000060a400000| Untracked 
|  29|0x000000060a800000, 0x000000060a800000, 0x000000060ac00000|  0%| F|  |TAMS 0x000000060a800000, 0x000000060a800000| Untracked 
|  30|0x000000060ac00000, 0x000000060ac00000, 0x000000060b000000|  0%| F|  |TAMS 0x000000060ac00000, 0x000000060ac00000| Untracked 
|  31|0x000000060b000000, 0x000000060b000000, 0x000000060b400000|  0%| F|  |TAMS 0x000000060b000000, 0x000000060b000000| Untracked 
|  32|0x000000060b400000, 0x000000060b400000, 0x000000060b800000|  0%| F|  |TAMS 0x000000060b400000, 0x000000060b400000| Untracked 
|  33|0x000000060b800000, 0x000000060b800000, 0x000000060bc00000|  0%| F|  |TAMS 0x000000060b800000, 0x000000060b800000| Untracked 
|  34|0x000000060bc00000, 0x000000060bc00000, 0x000000060c000000|  0%| F|  |TAMS 0x000000060bc00000, 0x000000060bc00000| Untracked 
|  35|0x000000060c000000, 0x000000060c000000, 0x000000060c400000|  0%| F|  |TAMS 0x000000060c000000, 0x000000060c000000| Untracked 
|  36|0x000000060c400000, 0x000000060c400000, 0x000000060c800000|  0%| F|  |TAMS 0x000000060c400000, 0x000000060c400000| Untracked 
|  37|0x000000060c800000, 0x000000060c800000, 0x000000060cc00000|  0%| F|  |TAMS 0x000000060c800000, 0x000000060c800000| Untracked 
|  38|0x000000060cc00000, 0x000000060cc00000, 0x000000060d000000|  0%| F|  |TAMS 0x000000060cc00000, 0x000000060cc00000| Untracked 
|  39|0x000000060d000000, 0x000000060d000000, 0x000000060d400000|  0%| F|  |TAMS 0x000000060d000000, 0x000000060d000000| Untracked 
|  40|0x000000060d400000, 0x000000060d400000, 0x000000060d800000|  0%| F|  |TAMS 0x000000060d400000, 0x000000060d400000| Untracked 
|  41|0x000000060d800000, 0x000000060d800000, 0x000000060dc00000|  0%| F|  |TAMS 0x000000060d800000, 0x000000060d800000| Untracked 
|  42|0x000000060dc00000, 0x000000060dc00000, 0x000000060e000000|  0%| F|  |TAMS 0x000000060dc00000, 0x000000060dc00000| Untracked 
|  43|0x000000060e000000, 0x000000060e000000, 0x000000060e400000|  0%| F|  |TAMS 0x000000060e000000, 0x000000060e000000| Untracked 
|  44|0x000000060e400000, 0x000000060e400000, 0x000000060e800000|  0%| F|  |TAMS 0x000000060e400000, 0x000000060e400000| Untracked 
|  45|0x000000060e800000, 0x000000060e800000, 0x000000060ec00000|  0%| F|  |TAMS 0x000000060e800000, 0x000000060e800000| Untracked 
|  46|0x000000060ec00000, 0x000000060ec00000, 0x000000060f000000|  0%| F|  |TAMS 0x000000060ec00000, 0x000000060ec00000| Untracked 
|  47|0x000000060f000000, 0x000000060f000000, 0x000000060f400000|  0%| F|  |TAMS 0x000000060f000000, 0x000000060f000000| Untracked 
|  48|0x000000060f400000, 0x000000060f400000, 0x000000060f800000|  0%| F|  |TAMS 0x000000060f400000, 0x000000060f400000| Untracked 
|  49|0x000000060f800000, 0x000000060f800000, 0x000000060fc00000|  0%| F|  |TAMS 0x000000060f800000, 0x000000060f800000| Untracked 
|  50|0x000000060fc00000, 0x000000060fc00000, 0x0000000610000000|  0%| F|  |TAMS 0x000000060fc00000, 0x000000060fc00000| Untracked 
|  51|0x0000000610000000, 0x0000000610000000, 0x0000000610400000|  0%| F|  |TAMS 0x0000000610000000, 0x0000000610000000| Untracked 
|  52|0x0000000610400000, 0x0000000610400000, 0x0000000610800000|  0%| F|  |TAMS 0x0000000610400000, 0x0000000610400000| Untracked 
|  53|0x0000000610800000, 0x0000000610800000, 0x0000000610c00000|  0%| F|  |TAMS 0x0000000610800000, 0x0000000610800000| Untracked 
|  54|0x0000000610c00000, 0x0000000610c00000, 0x0000000611000000|  0%| F|  |TAMS 0x0000000610c00000, 0x0000000610c00000| Untracked 
|  55|0x0000000611000000, 0x0000000611000000, 0x0000000611400000|  0%| F|  |TAMS 0x0000000611000000, 0x0000000611000000| Untracked 
|  56|0x0000000611400000, 0x0000000611400000, 0x0000000611800000|  0%| F|  |TAMS 0x0000000611400000, 0x0000000611400000| Untracked 
|  57|0x0000000611800000, 0x0000000611800000, 0x0000000611c00000|  0%| F|  |TAMS 0x0000000611800000, 0x0000000611800000| Untracked 
|  58|0x0000000611c00000, 0x0000000611c00000, 0x0000000612000000|  0%| F|  |TAMS 0x0000000611c00000, 0x0000000611c00000| Untracked 
|  59|0x0000000612000000, 0x0000000612000000, 0x0000000612400000|  0%| F|  |TAMS 0x0000000612000000, 0x0000000612000000| Untracked 
|  60|0x0000000612400000, 0x0000000612400000, 0x0000000612800000|  0%| F|  |TAMS 0x0000000612400000, 0x0000000612400000| Untracked 
|  61|0x0000000612800000, 0x0000000612800000, 0x0000000612c00000|  0%| F|  |TAMS 0x0000000612800000, 0x0000000612800000| Untracked 
|  62|0x0000000612c00000, 0x0000000612c00000, 0x0000000613000000|  0%| F|  |TAMS 0x0000000612c00000, 0x0000000612c00000| Untracked 
|  63|0x0000000613000000, 0x0000000613000000, 0x0000000613400000|  0%| F|  |TAMS 0x0000000613000000, 0x0000000613000000| Untracked 
|  64|0x0000000613400000, 0x0000000613400000, 0x0000000613800000|  0%| F|  |TAMS 0x0000000613400000, 0x0000000613400000| Untracked 
|  65|0x0000000613800000, 0x0000000613800000, 0x0000000613c00000|  0%| F|  |TAMS 0x0000000613800000, 0x0000000613800000| Untracked 
|  66|0x0000000613c00000, 0x0000000613c00000, 0x0000000614000000|  0%| F|  |TAMS 0x0000000613c00000, 0x0000000613c00000| Untracked 
|  67|0x0000000614000000, 0x0000000614000000, 0x0000000614400000|  0%| F|  |TAMS 0x0000000614000000, 0x0000000614000000| Untracked 
|  68|0x0000000614400000, 0x0000000614400000, 0x0000000614800000|  0%| F|  |TAMS 0x0000000614400000, 0x0000000614400000| Untracked 
|  69|0x0000000614800000, 0x0000000614800000, 0x0000000614c00000|  0%| F|  |TAMS 0x0000000614800000, 0x0000000614800000| Untracked 
|  70|0x0000000614c00000, 0x0000000614c00000, 0x0000000615000000|  0%| F|  |TAMS 0x0000000614c00000, 0x0000000614c00000| Untracked 
|  71|0x0000000615000000, 0x0000000615000000, 0x0000000615400000|  0%| F|  |TAMS 0x0000000615000000, 0x0000000615000000| Untracked 
|  72|0x0000000615400000, 0x0000000615400000, 0x0000000615800000|  0%| F|  |TAMS 0x0000000615400000, 0x0000000615400000| Untracked 
|  73|0x0000000615800000, 0x0000000615800000, 0x0000000615c00000|  0%| F|  |TAMS 0x0000000615800000, 0x0000000615800000| Untracked 
|  74|0x0000000615c00000, 0x0000000615c00000, 0x0000000616000000|  0%| F|  |TAMS 0x0000000615c00000, 0x0000000615c00000| Untracked 
|  75|0x0000000616000000, 0x0000000616000000, 0x0000000616400000|  0%| F|  |TAMS 0x0000000616000000, 0x0000000616000000| Untracked 
|  76|0x0000000616400000, 0x0000000616400000, 0x0000000616800000|  0%| F|  |TAMS 0x0000000616400000, 0x0000000616400000| Untracked 
|  77|0x0000000616800000, 0x0000000616800000, 0x0000000616c00000|  0%| F|  |TAMS 0x0000000616800000, 0x0000000616800000| Untracked 
|  78|0x0000000616c00000, 0x0000000616c00000, 0x0000000617000000|  0%| F|  |TAMS 0x0000000616c00000, 0x0000000616c00000| Untracked 
|  79|0x0000000617000000, 0x0000000617000000, 0x0000000617400000|  0%| F|  |TAMS 0x0000000617000000, 0x0000000617000000| Untracked 
|  80|0x0000000617400000, 0x0000000617400000, 0x0000000617800000|  0%| F|  |TAMS 0x0000000617400000, 0x0000000617400000| Untracked 
|  81|0x0000000617800000, 0x0000000617800000, 0x0000000617c00000|  0%| F|  |TAMS 0x0000000617800000, 0x0000000617800000| Untracked 
|  82|0x0000000617c00000, 0x0000000617c00000, 0x0000000618000000|  0%| F|  |TAMS 0x0000000617c00000, 0x0000000617c00000| Untracked 
|  83|0x0000000618000000, 0x0000000618000000, 0x0000000618400000|  0%| F|  |TAMS 0x0000000618000000, 0x0000000618000000| Untracked 
|  84|0x0000000618400000, 0x0000000618400000, 0x0000000618800000|  0%| F|  |TAMS 0x0000000618400000, 0x0000000618400000| Untracked 
|  85|0x0000000618800000, 0x0000000618800000, 0x0000000618c00000|  0%| F|  |TAMS 0x0000000618800000, 0x0000000618800000| Untracked 
|  86|0x0000000618c00000, 0x0000000618c00000, 0x0000000619000000|  0%| F|  |TAMS 0x0000000618c00000, 0x0000000618c00000| Untracked 
|  87|0x0000000619000000, 0x0000000619000000, 0x0000000619400000|  0%| F|  |TAMS 0x0000000619000000, 0x0000000619000000| Untracked 
|  88|0x0000000619400000, 0x0000000619400000, 0x0000000619800000|  0%| F|  |TAMS 0x0000000619400000, 0x0000000619400000| Untracked 
|  89|0x0000000619800000, 0x0000000619800000, 0x0000000619c00000|  0%| F|  |TAMS 0x0000000619800000, 0x0000000619800000| Untracked 
|  90|0x0000000619c00000, 0x0000000619c00000, 0x000000061a000000|  0%| F|  |TAMS 0x0000000619c00000, 0x0000000619c00000| Untracked 
|  91|0x000000061a000000, 0x000000061a000000, 0x000000061a400000|  0%| F|  |TAMS 0x000000061a000000, 0x000000061a000000| Untracked 
|  92|0x000000061a400000, 0x000000061a400000, 0x000000061a800000|  0%| F|  |TAMS 0x000000061a400000, 0x000000061a400000| Untracked 
|  93|0x000000061a800000, 0x000000061a800000, 0x000000061ac00000|  0%| F|  |TAMS 0x000000061a800000, 0x000000061a800000| Untracked 
|  94|0x000000061ac00000, 0x000000061ac00000, 0x000000061b000000|  0%| F|  |TAMS 0x000000061ac00000, 0x000000061ac00000| Untracked 
|  95|0x000000061b000000, 0x000000061b000000, 0x000000061b400000|  0%| F|  |TAMS 0x000000061b000000, 0x000000061b000000| Untracked 
|  96|0x000000061b400000, 0x000000061b400000, 0x000000061b800000|  0%| F|  |TAMS 0x000000061b400000, 0x000000061b400000| Untracked 
|  97|0x000000061b800000, 0x000000061b800000, 0x000000061bc00000|  0%| F|  |TAMS 0x000000061b800000, 0x000000061b800000| Untracked 
|  98|0x000000061bc00000, 0x000000061bc00000, 0x000000061c000000|  0%| F|  |TAMS 0x000000061bc00000, 0x000000061bc00000| Untracked 
|  99|0x000000061c000000, 0x000000061c000000, 0x000000061c400000|  0%| F|  |TAMS 0x000000061c000000, 0x000000061c000000| Untracked 
| 100|0x000000061c400000, 0x000000061c400000, 0x000000061c800000|  0%| F|  |TAMS 0x000000061c400000, 0x000000061c400000| Untracked 
| 101|0x000000061c800000, 0x000000061c800000, 0x000000061cc00000|  0%| F|  |TAMS 0x000000061c800000, 0x000000061c800000| Untracked 
| 102|0x000000061cc00000, 0x000000061cc00000, 0x000000061d000000|  0%| F|  |TAMS 0x000000061cc00000, 0x000000061cc00000| Untracked 
| 103|0x000000061d000000, 0x000000061d000000, 0x000000061d400000|  0%| F|  |TAMS 0x000000061d000000, 0x000000061d000000| Untracked 
| 104|0x000000061d400000, 0x000000061d400000, 0x000000061d800000|  0%| F|  |TAMS 0x000000061d400000, 0x000000061d400000| Untracked 
| 105|0x000000061d800000, 0x000000061d800000, 0x000000061dc00000|  0%| F|  |TAMS 0x000000061d800000, 0x000000061d800000| Untracked 
| 106|0x000000061dc00000, 0x000000061dc00000, 0x000000061e000000|  0%| F|  |TAMS 0x000000061dc00000, 0x000000061dc00000| Untracked 
| 107|0x000000061e000000, 0x000000061e000000, 0x000000061e400000|  0%| F|  |TAMS 0x000000061e000000, 0x000000061e000000| Untracked 
| 108|0x000000061e400000, 0x000000061e400000, 0x000000061e800000|  0%| F|  |TAMS 0x000000061e400000, 0x000000061e400000| Untracked 
| 109|0x000000061e800000, 0x000000061e800000, 0x000000061ec00000|  0%| F|  |TAMS 0x000000061e800000, 0x000000061e800000| Untracked 
| 110|0x000000061ec00000, 0x000000061ec00000, 0x000000061f000000|  0%| F|  |TAMS 0x000000061ec00000, 0x000000061ec00000| Untracked 
| 111|0x000000061f000000, 0x000000061f000000, 0x000000061f400000|  0%| F|  |TAMS 0x000000061f000000, 0x000000061f000000| Untracked 
| 112|0x000000061f400000, 0x000000061f400000, 0x000000061f800000|  0%| F|  |TAMS 0x000000061f400000, 0x000000061f400000| Untracked 
| 113|0x000000061f800000, 0x000000061f800000, 0x000000061fc00000|  0%| F|  |TAMS 0x000000061f800000, 0x000000061f800000| Untracked 
| 114|0x000000061fc00000, 0x000000061fc00000, 0x0000000620000000|  0%| F|  |TAMS 0x000000061fc00000, 0x000000061fc00000| Untracked 
| 115|0x0000000620000000, 0x0000000620400000, 0x0000000620400000|100%| S|CS|TAMS 0x0000000620000000, 0x0000000620000000| Complete 
| 116|0x0000000620400000, 0x0000000620800000, 0x0000000620800000|100%| S|CS|TAMS 0x0000000620400000, 0x0000000620400000| Complete 
| 117|0x0000000620800000, 0x0000000620800000, 0x0000000620c00000|  0%| F|  |TAMS 0x0000000620800000, 0x0000000620800000| Untracked 
| 118|0x0000000620c00000, 0x0000000620c00000, 0x0000000621000000|  0%| F|  |TAMS 0x0000000620c00000, 0x0000000620c00000| Untracked 
| 119|0x0000000621000000, 0x0000000621000000, 0x0000000621400000|  0%| F|  |TAMS 0x0000000621000000, 0x0000000621000000| Untracked 
| 120|0x0000000621400000, 0x0000000621400000, 0x0000000621800000|  0%| F|  |TAMS 0x0000000621400000, 0x0000000621400000| Untracked 
| 121|0x0000000621800000, 0x0000000621800000, 0x0000000621c00000|  0%| F|  |TAMS 0x0000000621800000, 0x0000000621800000| Untracked 
| 122|0x0000000621c00000, 0x0000000621c00000, 0x0000000622000000|  0%| F|  |TAMS 0x0000000621c00000, 0x0000000621c00000| Untracked 
| 123|0x0000000622000000, 0x0000000622000000, 0x0000000622400000|  0%| F|  |TAMS 0x0000000622000000, 0x0000000622000000| Untracked 
| 124|0x0000000622400000, 0x00000006224890d0, 0x0000000622800000| 13%| E|  |TAMS 0x0000000622400000, 0x0000000622400000| Complete 
| 125|0x0000000622800000, 0x0000000622c00000, 0x0000000622c00000|100%| E|CS|TAMS 0x0000000622800000, 0x0000000622800000| Complete 
| 126|0x0000000622c00000, 0x0000000623000000, 0x0000000623000000|100%| E|CS|TAMS 0x0000000622c00000, 0x0000000622c00000| Complete 
| 127|0x0000000623000000, 0x0000000623400000, 0x0000000623400000|100%| E|CS|TAMS 0x0000000623000000, 0x0000000623000000| Complete 

Card table byte_map: [0x000001f47cf30000,0x000001f47df20000] _byte_map_base: 0x000001f479f16000

Marking Bits (Prev, Next): (CMBitMap*) 0x000001f465172830, (CMBitMap*) 0x000001f465172870
 Prev Bits: [0x000001f400000000, 0x000001f407f30000)
 Next Bits: [0x000001f407f30000, 0x000001f40fe60000)

Polling page: 0x000001f464880000

Metaspace:

Usage:
  Non-class:     16.16 MB used.
      Class:      2.40 MB used.
       Both:     18.56 MB used.

Virtual space:
  Non-class space:       64.00 MB reserved,      16.31 MB ( 25%) committed,  1 nodes.
      Class space:        1.00 GB reserved,       2.50 MB ( <1%) committed,  1 nodes.
             Both:        1.06 GB reserved,      18.81 MB (  2%) committed. 

Chunk freelists:
   Non-Class:  3.73 MB
       Class:  1.50 MB
        Both:  5.23 MB

MaxMetaspaceSize: unlimited
CompressedClassSpaceSize: 1.00 GB
Initial GC threshold: 21.00 MB
Current GC threshold: 21.00 MB
CDS: on
MetaspaceReclaimPolicy: balanced
 - commit_granule_bytes: 65536.
 - commit_granule_words: 8192.
 - virtual_space_node_default_size: 8388608.
 - enlarge_chunks_in_place: 1.
 - new_chunks_are_fully_committed: 0.
 - uncommit_free_chunks: 1.
 - use_allocation_guard: 0.


Internal statistics:

num_allocs_failed_limit: 0.
num_arena_births: 316.
num_arena_deaths: 0.
num_vsnodes_births: 2.
num_vsnodes_deaths: 0.
num_space_committed: 301.
num_space_uncommitted: 0.
num_chunks_returned_to_freelist: 0.
num_chunks_taken_from_freelist: 914.
num_chunk_merges: 0.
num_chunk_splits: 638.
num_chunks_enlarged: 488.
num_inconsistent_stats: 0.

CodeHeap 'non-profiled nmethods': size=120000Kb used=1242Kb max_used=1242Kb free=118757Kb
 bounds [0x000001f4744c0000, 0x000001f474730000, 0x000001f47b9f0000]
CodeHeap 'profiled nmethods': size=120000Kb used=6538Kb max_used=6538Kb free=113462Kb
 bounds [0x000001f46cf90000, 0x000001f46d600000, 0x000001f4744c0000]
CodeHeap 'non-nmethods': size=5760Kb used=1479Kb max_used=1497Kb free=4280Kb
 bounds [0x000001f46c9f0000, 0x000001f46cc60000, 0x000001f46cf90000]
 total_blobs=4238 nmethods=3413 adapters=737
 compilation: enabled
              stopped_count=0, restarted_count=0
 full_count=0

Compilation events (20 events):
Event: 26.293 Thread 0x000001f47f0ddea0 nmethod 3400 0x000001f4745f4510 code [0x000001f4745f4680, 0x000001f4745f4758]
Event: 26.293 Thread 0x000001f47f0e78a0 nmethod 3405 0x000001f46d5eb190 code [0x000001f46d5eb380, 0x000001f46d5eb8e8]
Event: 26.293 Thread 0x000001f47f0e78a0 3404   !   3       com.sun.javafx.font.OpenTypeGlyphMapper::getGlyphCode (19 bytes)
Event: 26.293 Thread 0x000001f47f0e78a0 nmethod 3404 0x000001f46d5ebc10 code [0x000001f46d5ebdc0, 0x000001f46d5ec0c8]
Event: 26.293 Thread 0x000001f47f0e78a0 3406       3       java.lang.StringUTF16::indexOf (43 bytes)
Event: 26.293 Thread 0x000001f47f0e78a0 nmethod 3406 0x000001f46d5ec210 code [0x000001f46d5ec420, 0x000001f46d5eca98]
Event: 26.306 Thread 0x000001f47f0e78a0 3407       3       com.sun.javafx.font.PrismCompositeFontResource::getSlotResource (31 bytes)
Event: 26.307 Thread 0x000001f47f0e78a0 nmethod 3407 0x000001f46d5ecd10 code [0x000001f46d5ecec0, 0x000001f46d5ed108]
Event: 26.664 Thread 0x000001f47f0e78a0 3408       3       javafx.scene.Node::preprocessMouseEvent (114 bytes)
Event: 26.665 Thread 0x000001f47f0e78a0 nmethod 3408 0x000001f46d5ed210 code [0x000001f46d5ed5e0, 0x000001f46d5ef6a8]
Event: 26.739 Thread 0x000001f47f0e78a0 3409       3       javafx.scene.input.PickResult::<init> (53 bytes)
Event: 26.739 Thread 0x000001f47f0e78a0 nmethod 3409 0x000001f46d5eff10 code [0x000001f46d5f0120, 0x000001f46d5f0938]
Event: 26.866 Thread 0x000001f47f0ddea0 3410       4       javafx.scene.input.MouseEvent::getEventType (5 bytes)
Event: 26.867 Thread 0x000001f47f0ddea0 nmethod 3410 0x000001f4745f4890 code [0x000001f4745f4a00, 0x000001f4745f4a78]
Event: 84.911 Thread 0x000001f47f0ddea0 3411       4       com.sun.javafx.tk.quantum.QuantumToolkit::postPulse (133 bytes)
Event: 84.923 Thread 0x000001f47f0ddea0 nmethod 3411 0x000001f4745f4b90 code [0x000001f4745f4d80, 0x000001f4745f5e78]
Event: 86.427 Thread 0x000001f47f0ddea0 3412       4       com.sun.javafx.tk.quantum.QuantumToolkit$$Lambda$102/0x0000000800c39270::run (8 bytes)
Event: 86.428 Thread 0x000001f47f0ddea0 nmethod 3412 0x000001f4745f6710 code [0x000001f4745f68a0, 0x000001f4745f6998]
Event: 91.173 Thread 0x000001f47f0e78a0 3413  s!   3       jdk.internal.loader.URLClassPath::getLoader (194 bytes)
Event: 91.174 Thread 0x000001f47f0e78a0 nmethod 3413 0x000001f46d5f0b10 code [0x000001f46d5f0e00, 0x000001f46d5f2098]

GC Heap History (4 events):
Event: 0.454 GC heap before
{Heap before GC invocations=0 (full 0):
 garbage-first heap   total 524288K, used 24576K [0x0000000603400000, 0x0000000800000000)
  region size 4096K, 6 young (24576K), 0 survivors (0K)
 Metaspace       used 5731K, committed 5952K, reserved 1114112K
  class space    used 653K, committed 768K, reserved 1048576K
}
Event: 0.460 GC heap after
{Heap after GC invocations=1 (full 0):
 garbage-first heap   total 524288K, used 3259K [0x0000000603400000, 0x0000000800000000)
  region size 4096K, 1 young (4096K), 1 survivors (4096K)
 Metaspace       used 5731K, committed 5952K, reserved 1114112K
  class space    used 653K, committed 768K, reserved 1048576K
}
Event: 9.782 GC heap before
{Heap before GC invocations=1 (full 0):
 garbage-first heap   total 524288K, used 40123K [0x0000000603400000, 0x0000000800000000)
  region size 4096K, 11 young (45056K), 1 survivors (4096K)
 Metaspace       used 15693K, committed 15936K, reserved 1114112K
  class space    used 2148K, committed 2240K, reserved 1048576K
}
Event: 9.786 GC heap after
{Heap after GC invocations=2 (full 0):
 garbage-first heap   total 524288K, used 9568K [0x0000000603400000, 0x0000000800000000)
  region size 4096K, 2 young (8192K), 2 survivors (8192K)
 Metaspace       used 15693K, committed 15936K, reserved 1114112K
  class space    used 2148K, committed 2240K, reserved 1048576K
}

Deoptimization events (20 events):
Event: 26.114 Thread 0x000001f41684b230 DEOPT PACKING pc=0x000001f46d1d1fd6 sp=0x0000009351bf7a30
Event: 26.114 Thread 0x000001f41684b230 DEOPT UNPACKING pc=0x000001f46ca46763 sp=0x0000009351bf6ed0 mode 0
Event: 26.114 Thread 0x000001f41684b230 DEOPT PACKING pc=0x000001f46d1d1fd6 sp=0x0000009351bf7a30
Event: 26.114 Thread 0x000001f41684b230 DEOPT UNPACKING pc=0x000001f46ca46763 sp=0x0000009351bf6ed0 mode 0
Event: 26.114 Thread 0x000001f41684b230 DEOPT PACKING pc=0x000001f46d1d1fd6 sp=0x0000009351bf7a30
Event: 26.114 Thread 0x000001f41684b230 DEOPT UNPACKING pc=0x000001f46ca46763 sp=0x0000009351bf6ed0 mode 0
Event: 26.115 Thread 0x000001f41684b230 DEOPT PACKING pc=0x000001f46d1d1fd6 sp=0x0000009351bf7a30
Event: 26.115 Thread 0x000001f41684b230 DEOPT UNPACKING pc=0x000001f46ca46763 sp=0x0000009351bf6ed0 mode 0
Event: 26.115 Thread 0x000001f41684b230 DEOPT PACKING pc=0x000001f46d1d1fd6 sp=0x0000009351bf7a30
Event: 26.115 Thread 0x000001f41684b230 DEOPT UNPACKING pc=0x000001f46ca46763 sp=0x0000009351bf6ed0 mode 0
Event: 26.215 Thread 0x000001f41684b230 Uncommon trap: trap_request=0xffffff45 fr.pc=0x000001f47450e258 relative=0x0000000000000718
Event: 26.215 Thread 0x000001f41684b230 Uncommon trap: reason=unstable_if action=reinterpret pc=0x000001f47450e258 method=java.lang.AbstractStringBuilder.append(Ljava/lang/String;)Ljava/lang/AbstractStringBuilder; @ 1 c2
Event: 26.215 Thread 0x000001f41684b230 DEOPT PACKING pc=0x000001f47450e258 sp=0x0000009351bfa630
Event: 26.215 Thread 0x000001f41684b230 DEOPT UNPACKING pc=0x000001f46ca45c23 sp=0x0000009351bfa5b0 mode 2
Event: 26.215 Thread 0x000001f41684b230 Uncommon trap: trap_request=0xffffff45 fr.pc=0x000001f474517d54 relative=0x0000000000000714
Event: 26.215 Thread 0x000001f41684b230 Uncommon trap: reason=unstable_if action=reinterpret pc=0x000001f474517d54 method=java.lang.AbstractStringBuilder.append(Ljava/lang/String;)Ljava/lang/AbstractStringBuilder; @ 1 c2
Event: 26.215 Thread 0x000001f41684b230 DEOPT PACKING pc=0x000001f474517d54 sp=0x0000009351bfa5d0
Event: 26.215 Thread 0x000001f41684b230 DEOPT UNPACKING pc=0x000001f46ca45c23 sp=0x0000009351bfa5b8 mode 2
Event: 26.249 Thread 0x000001f41684b230 DEOPT PACKING pc=0x000001f46d08abbe sp=0x0000009351bfa900
Event: 26.249 Thread 0x000001f41684b230 DEOPT UNPACKING pc=0x000001f46ca46763 sp=0x0000009351bf9da0 mode 0

Classes loaded (20 events):
Event: 26.237 Loading class java/util/RegularEnumSet$EnumSetIterator
Event: 26.237 Loading class java/util/RegularEnumSet$EnumSetIterator done
Event: 26.238 Loading class java/time/OffsetTime
Event: 26.239 Loading class java/time/OffsetTime done
Event: 26.239 Loading class java/time/OffsetDateTime
Event: 26.239 Loading class java/time/OffsetDateTime done
Event: 26.248 Loading class java/util/concurrent/atomic/AtomicReferenceFieldUpdater
Event: 26.248 Loading class java/util/concurrent/atomic/AtomicReferenceFieldUpdater done
Event: 26.248 Loading class java/util/concurrent/atomic/AtomicReferenceFieldUpdater$AtomicReferenceFieldUpdaterImpl
Event: 26.248 Loading class java/util/concurrent/atomic/AtomicReferenceFieldUpdater$AtomicReferenceFieldUpdaterImpl done
Event: 26.248 Loading class java/util/concurrent/atomic/AtomicReferenceFieldUpdater$AtomicReferenceFieldUpdaterImpl$1
Event: 26.248 Loading class java/util/concurrent/atomic/AtomicReferenceFieldUpdater$AtomicReferenceFieldUpdaterImpl$1 done
Event: 26.248 Loading class sun/reflect/misc/ReflectUtil
Event: 26.248 Loading class sun/reflect/misc/ReflectUtil done
Event: 26.248 Loading class java/lang/Throwable$WrappedPrintStream
Event: 26.248 Loading class java/lang/Throwable$PrintStreamOrWriter
Event: 26.248 Loading class java/lang/Throwable$PrintStreamOrWriter done
Event: 26.248 Loading class java/lang/Throwable$WrappedPrintStream done
Event: 96.323 Loading class jdk/internal/misc/Signal$1
Event: 96.323 Loading class jdk/internal/misc/Signal$1 done

Classes unloaded (0 events):
No events

Classes redefined (0 events):
No events

Internal exceptions (20 events):
Event: 0.666 Thread 0x000001f41684b230 Exception <a 'java/lang/NoSuchMethodError'{0x0000000622741dd0}: 'int java.lang.invoke.DirectMethodHandle$Holder.invokeSpecial(java.lang.Object, java.lang.Object, java.lang.Object)'> (0x0000000622741dd0) 
thrown [s\open\src\hotspot\share\interpreter\linkResolver.cpp, line 759]
Event: 0.709 Thread 0x000001f41684b230 Implicit null exception at 0x000001f47452eeb4 to 0x000001f47452f1b8
Event: 0.792 Thread 0x000001f41684b230 Exception <a 'java/lang/ClassNotFoundException'{0x0000000621f5d580}: com/sun/javafx/scene/control/skin/resources/controls> (0x0000000621f5d580) 
thrown [s\open\src\hotspot\share\prims\jni.cpp, line 535]
Event: 0.792 Thread 0x000001f41684b230 Exception <a 'java/lang/ClassNotFoundException'{0x0000000621f6d9b8}: com/sun/javafx/scene/control/skin/resources/controls_ru> (0x0000000621f6d9b8) 
thrown [s\open\src\hotspot\share\prims\jni.cpp, line 535]
Event: 0.792 Thread 0x000001f41684b230 Exception <a 'java/lang/ClassNotFoundException'{0x0000000621f6e950}: com/sun/javafx/scene/control/skin/resources/controls_ru_RU> (0x0000000621f6e950) 
thrown [s\open\src\hotspot\share\prims\jni.cpp, line 535]
Event: 0.818 Thread 0x000001f41684b230 Exception <a 'java/lang/NoSuchMethodError'{0x0000000621591dd0}: 'void java.lang.invoke.DirectMethodHandle$Holder.invokeSpecial(java.lang.Object, java.lang.Object, java.lang.Object, java.lang.Object, java.lang.Object, java.lang.Object)'> (0x0000000621591dd0) 
thrown [s\open\src\hotspot\share\interpreter\linkResolver.cpp, line 759]
Event: 0.819 Thread 0x000001f41684b230 Exception <a 'java/lang/NoSuchMethodError'{0x00000006215b2988}: 'java.lang.Object java.lang.invoke.DirectMethodHandle$Holder.invokeInterface(java.lang.Object, java.lang.Object, java.lang.Object)'> (0x00000006215b2988) 
thrown [s\open\src\hotspot\share\interpreter\linkResolver.cpp, line 759]
Event: 0.820 Thread 0x000001f41684b230 Exception <a 'java/lang/IncompatibleClassChangeError'{0x00000006215b6308}: Found class java.lang.Object, but interface was expected> (0x00000006215b6308) 
thrown [s\open\src\hotspot\share\interpreter\linkResolver.cpp, line 826]
Event: 0.876 Thread 0x000001f41684b230 Exception <a 'java/lang/NoSuchMethodError'{0x000000062123f800}: 'int java.lang.invoke.DirectMethodHandle$Holder.invokeSpecial(java.lang.Object, java.lang.Object, int)'> (0x000000062123f800) 
thrown [s\open\src\hotspot\share\interpreter\linkResolver.cpp, line 759]
Event: 0.884 Thread 0x000001f41684b230 Exception <a 'java/lang/NoSuchMethodError'{0x00000006212793e8}: 'java.lang.Object java.lang.invoke.DirectMethodHandle$Holder.newInvokeSpecial(java.lang.Object, java.lang.Object, int)'> (0x00000006212793e8) 
thrown [s\open\src\hotspot\share\interpreter\linkResolver.cpp, line 759]
Event: 0.903 Thread 0x000001f4167dd9a0 Exception <a 'java/lang/NoSuchMethodError'{0x000000062134cea0}: 'int java.lang.invoke.DirectMethodHandle$Holder.invokeStaticInit(java.lang.Object, java.lang.Object)'> (0x000000062134cea0) 
thrown [s\open\src\hotspot\share\interpreter\linkResolver.cpp, line 759]
Event: 0.904 Thread 0x000001f41684b230 Exception <a 'java/lang/NoSuchMethodError'{0x00000006213745e8}: 'long java.lang.invoke.DirectMethodHandle$Holder.invokeStatic(java.lang.Object, java.lang.Object, java.lang.Object)'> (0x00000006213745e8) 
thrown [s\open\src\hotspot\share\interpreter\linkResolver.cpp, line 759]
Event: 0.904 Thread 0x000001f41684b230 Exception <a 'java/lang/NoSuchMethodError'{0x0000000621377d88}: 'long java.lang.invoke.DirectMethodHandle$Holder.invokeStaticInit(java.lang.Object, java.lang.Object, java.lang.Object)'> (0x0000000621377d88) 
thrown [s\open\src\hotspot\share\interpreter\linkResolver.cpp, line 759]
Event: 0.906 Thread 0x000001f41684b230 Exception <a 'java/lang/NoSuchMethodError'{0x00000006213903d0}: 'java.lang.Object java.lang.invoke.DirectMethodHandle$Holder.newInvokeSpecial(java.lang.Object, java.lang.Object, long)'> (0x00000006213903d0) 
thrown [s\open\src\hotspot\share\interpreter\linkResolver.cpp, line 759]
Event: 0.906 Thread 0x000001f41684b230 Exception <a 'java/lang/NoSuchMethodError'{0x0000000621393f48}: 'java.lang.Object java.lang.invoke.Invokers$Holder.linkToTargetMethod(java.lang.Object, long, java.lang.Object)'> (0x0000000621393f48) 
thrown [s\open\src\hotspot\share\interpreter\linkResolver.cpp, line 759]
Event: 26.101 Thread 0x000001f41684b230 Exception <a 'sun/nio/fs/WindowsException'{0x00000006232b77e8}> (0x00000006232b77e8) 
thrown [s\open\src\hotspot\share\prims\jni.cpp, line 516]
Event: 26.119 Thread 0x000001f41684b230 Exception <a 'java/lang/NoSuchMethodError'{0x0000000622c1be78}: 'java.lang.Object java.lang.invoke.DirectMethodHandle$Holder.invokeVirtual(java.lang.Object, java.lang.Object, java.lang.Object)'> (0x0000000622c1be78) 
thrown [s\open\src\hotspot\share\interpreter\linkResolver.cpp, line 759]
Event: 26.156 Thread 0x000001f41684b230 Exception <a 'sun/nio/fs/WindowsException'{0x0000000622f7a940}> (0x0000000622f7a940) 
thrown [s\open\src\hotspot\share\prims\jni.cpp, line 516]
Event: 26.215 Thread 0x000001f41684b230 Implicit null exception at 0x000001f47450db72 to 0x000001f47450e240
Event: 26.215 Thread 0x000001f41684b230 Implicit null exception at 0x000001f474517672 to 0x000001f474517d3c

VM Operations (20 events):
Event: 23.794 Executing VM operation: Cleanup done
Event: 24.795 Executing VM operation: Cleanup
Event: 24.795 Executing VM operation: Cleanup done
Event: 25.795 Executing VM operation: Cleanup
Event: 25.795 Executing VM operation: Cleanup done
Event: 26.095 Executing VM operation: HandshakeAllThreads
Event: 26.095 Executing VM operation: HandshakeAllThreads done
Event: 26.100 Executing VM operation: HandshakeAllThreads
Event: 26.100 Executing VM operation: HandshakeAllThreads done
Event: 26.104 Executing VM operation: HandshakeAllThreads
Event: 26.104 Executing VM operation: HandshakeAllThreads done
Event: 26.104 Executing VM operation: HandshakeAllThreads
Event: 26.104 Executing VM operation: HandshakeAllThreads done
Event: 26.162 Executing VM operation: HandshakeAllThreads
Event: 26.162 Executing VM operation: HandshakeAllThreads done
Event: 26.187 Executing VM operation: HandshakeAllThreads
Event: 26.187 Executing VM operation: HandshakeAllThreads done
Event: 27.188 Executing VM operation: Cleanup
Event: 27.188 Executing VM operation: Cleanup done
Event: 96.326 Executing VM operation: Exit

Events (20 events):
Event: 0.361 Loaded shared library C:\Users\mikza\.openjfx\cache\18.0.1+2\glass.dll
Event: 0.363 Thread 0x000001f416843c80 Thread added: 0x000001f416843c80
Event: 0.366 Thread 0x000001f41684b230 Thread added: 0x000001f41684b230
Event: 0.419 Thread 0x000001f416ac01f0 Thread added: 0x000001f416ac01f0
Event: 0.422 Thread 0x000001f416b06490 Thread added: 0x000001f416b06490
Event: 0.437 Loaded shared library C:\Users\mikza\.jdks\openjdk-18.0.2.1\bin\jimage.dll
Event: 0.546 Loaded shared library C:\Users\mikza\.openjfx\cache\18.0.1+2\javafx_font.dll
Event: 0.827 Thread 0x000001f41be1b940 Thread added: 0x000001f41be1b940
Event: 0.917 Thread 0x000001f41be1aad0 Thread added: 0x000001f41be1aad0
Event: 1.042 Thread 0x000001f4161df3b0 Thread exited: 0x000001f4161df3b0
Event: 1.062 Thread 0x000001f4161e7f10 Thread exited: 0x000001f4161e7f10
Event: 26.101 Thread 0x000001f41be1cc80 Thread added: 0x000001f41be1cc80
Event: 26.195 Thread 0x000001f41640fb90 Thread added: 0x000001f41640fb90
Event: 26.664 Thread 0x000001f41640fb90 Thread exited: 0x000001f41640fb90
Event: 96.324 Thread 0x000001f41be1afa0 Thread added: 0x000001f41be1afa0
Event: 96.325 Thread 0x000001f41be1d150 Thread added: 0x000001f41be1d150
Event: 96.326 Thread 0x000001f41be1b470 Thread added: 0x000001f41be1b470
Event: 96.326 Thread 0x000001f41be1b470 Thread exited: 0x000001f41be1b470
Event: 96.326 Thread 0x000001f41be1d150 Thread exited: 0x000001f41be1d150
Event: 96.326 Thread 0x000001f47f0d7ff0 Thread exited: 0x000001f47f0d7ff0


Dynamic libraries:
0x00007ff7ed7a0000 - 0x00007ff7ed7ae000 	C:\Users\mikza\.jdks\openjdk-18.0.2.1\bin\java.exe
0x00007ffff7d90000 - 0x00007ffff7fa4000 	C:\WINDOWS\SYSTEM32\ntdll.dll
0x00007ffff60a0000 - 0x00007ffff6164000 	C:\WINDOWS\System32\KERNEL32.DLL
0x00007ffff5190000 - 0x00007ffff5534000 	C:\WINDOWS\System32\KERNELBASE.dll
0x00007ffff5770000 - 0x00007ffff5881000 	C:\WINDOWS\System32\ucrtbase.dll
0x00007fffed6c0000 - 0x00007fffed6d7000 	C:\Users\mikza\.jdks\openjdk-18.0.2.1\bin\jli.dll
0x00007fffed3c0000 - 0x00007fffed3da000 	C:\Users\mikza\.jdks\openjdk-18.0.2.1\bin\VCRUNTIME140.dll
0x00007ffff5ec0000 - 0x00007ffff606e000 	C:\WINDOWS\System32\USER32.dll
0x00007fffdc610000 - 0x00007fffdc8a3000 	C:\WINDOWS\WinSxS\amd64_microsoft.windows.common-controls_6595b64144ccf1df_6.0.22621.2215_none_270d72677387dfc3\COMCTL32.dll
0x00007ffff5ac0000 - 0x00007ffff5ae6000 	C:\WINDOWS\System32\win32u.dll
0x00007ffff6e50000 - 0x00007ffff6ef7000 	C:\WINDOWS\System32\msvcrt.dll
0x00007ffff6070000 - 0x00007ffff6099000 	C:\WINDOWS\System32\GDI32.dll
0x00007ffff5930000 - 0x00007ffff5a48000 	C:\WINDOWS\System32\gdi32full.dll
0x00007ffff5890000 - 0x00007ffff592a000 	C:\WINDOWS\System32\msvcp_win.dll
0x00007ffff5af0000 - 0x00007ffff5b21000 	C:\WINDOWS\System32\IMM32.DLL
0x00007fffef100000 - 0x00007fffef10c000 	C:\Users\mikza\.jdks\openjdk-18.0.2.1\bin\vcruntime140_1.dll
0x00007fffcb240000 - 0x00007fffcb2cd000 	C:\Users\mikza\.jdks\openjdk-18.0.2.1\bin\msvcp140.dll
0x00007fff75820000 - 0x00007fff76431000 	C:\Users\mikza\.jdks\openjdk-18.0.2.1\bin\server\jvm.dll
0x00007ffff6f00000 - 0x00007ffff6fb0000 	C:\WINDOWS\System32\ADVAPI32.dll
0x00007ffff6fb0000 - 0x00007ffff7056000 	C:\WINDOWS\System32\sechost.dll
0x00007ffff5da0000 - 0x00007ffff5eb7000 	C:\WINDOWS\System32\RPCRT4.dll
0x00007ffff5d90000 - 0x00007ffff5d98000 	C:\WINDOWS\System32\PSAPI.DLL
0x00007ffff1fb0000 - 0x00007ffff1fb9000 	C:\WINDOWS\SYSTEM32\WSOCK32.dll
0x00007fffe9400000 - 0x00007fffe9434000 	C:\WINDOWS\SYSTEM32\WINMM.dll
0x00007fffecb40000 - 0x00007fffecb4a000 	C:\WINDOWS\SYSTEM32\VERSION.dll
0x00007ffff5d10000 - 0x00007ffff5d81000 	C:\WINDOWS\System32\WS2_32.dll
0x00007ffff41c0000 - 0x00007ffff41d8000 	C:\WINDOWS\SYSTEM32\kernel.appcore.dll
0x00007fffee400000 - 0x00007fffee40a000 	C:\Users\mikza\.jdks\openjdk-18.0.2.1\bin\jimage.dll
0x00007ffff2580000 - 0x00007ffff27ae000 	C:\WINDOWS\SYSTEM32\DBGHELP.DLL
0x00007ffff7180000 - 0x00007ffff750a000 	C:\WINDOWS\System32\combase.dll
0x00007ffff5b30000 - 0x00007ffff5c07000 	C:\WINDOWS\System32\OLEAUT32.dll
0x00007fffd72e0000 - 0x00007fffd7312000 	C:\WINDOWS\SYSTEM32\dbgcore.DLL
0x00007ffff5110000 - 0x00007ffff518a000 	C:\WINDOWS\System32\bcryptPrimitives.dll
0x00007fffde7c0000 - 0x00007fffde7ce000 	C:\Users\mikza\.jdks\openjdk-18.0.2.1\bin\instrument.dll
0x00007fffe6820000 - 0x00007fffe6845000 	C:\Users\mikza\.jdks\openjdk-18.0.2.1\bin\java.dll
0x00007fffb7630000 - 0x00007fffb7706000 	C:\Users\mikza\.jdks\openjdk-18.0.2.1\bin\jsvml.dll
0x00007ffff6310000 - 0x00007ffff6b33000 	C:\WINDOWS\System32\SHELL32.dll
0x00007ffff3050000 - 0x00007ffff393a000 	C:\WINDOWS\SYSTEM32\windows.storage.dll
0x00007ffff2f10000 - 0x00007ffff304e000 	C:\WINDOWS\SYSTEM32\wintypes.dll
0x00007ffff5c10000 - 0x00007ffff5d03000 	C:\WINDOWS\System32\SHCORE.dll
0x00007ffff7510000 - 0x00007ffff756e000 	C:\WINDOWS\System32\shlwapi.dll
0x00007ffff5040000 - 0x00007ffff5066000 	C:\WINDOWS\SYSTEM32\profapi.dll
0x00007fffe6770000 - 0x00007fffe6783000 	C:\Users\mikza\.jdks\openjdk-18.0.2.1\bin\net.dll
0x00007fffed020000 - 0x00007fffed157000 	C:\WINDOWS\SYSTEM32\WINHTTP.dll
0x00007ffff4680000 - 0x00007ffff46e9000 	C:\WINDOWS\system32\mswsock.dll
0x00007fffe6720000 - 0x00007fffe6736000 	C:\Users\mikza\.jdks\openjdk-18.0.2.1\bin\nio.dll
0x00007fffe6700000 - 0x00007fffe6718000 	C:\Users\mikza\.jdks\openjdk-18.0.2.1\bin\zip.dll
0x00007fffb37c0000 - 0x00007fffb37da000 	C:\Program Files\JetBrains\IntelliJ IDEA Community Edition 2022.2.2\bin\breakgen64.dll
0x000001f411f90000 - 0x000001f411f93000 	C:\Users\mikza\.openjfx\cache\18.0.1+2\api-ms-win-core-console-l1-1-0.dll
0x000001f411fa0000 - 0x000001f411fa3000 	C:\Users\mikza\.openjfx\cache\18.0.1+2\api-ms-win-core-console-l1-2-0.dll
0x000001f411fb0000 - 0x000001f411fb3000 	C:\Users\mikza\.openjfx\cache\18.0.1+2\api-ms-win-core-datetime-l1-1-0.dll
0x000001f411fc0000 - 0x000001f411fc3000 	C:\Users\mikza\.openjfx\cache\18.0.1+2\api-ms-win-core-debug-l1-1-0.dll
0x000001f411fd0000 - 0x000001f411fd3000 	C:\Users\mikza\.openjfx\cache\18.0.1+2\api-ms-win-core-errorhandling-l1-1-0.dll
0x000001f411fe0000 - 0x000001f411fe4000 	C:\Users\mikza\.openjfx\cache\18.0.1+2\api-ms-win-core-file-l1-1-0.dll
0x000001f411ff0000 - 0x000001f411ff3000 	C:\Users\mikza\.openjfx\cache\18.0.1+2\api-ms-win-core-file-l1-2-0.dll
0x000001f416c00000 - 0x000001f416c03000 	C:\Users\mikza\.openjfx\cache\18.0.1+2\api-ms-win-core-file-l2-1-0.dll
0x000001f416c10000 - 0x000001f416c13000 	C:\Users\mikza\.openjfx\cache\18.0.1+2\api-ms-win-core-handle-l1-1-0.dll
0x000001f416c20000 - 0x000001f416c23000 	C:\Users\mikza\.openjfx\cache\18.0.1+2\api-ms-win-core-heap-l1-1-0.dll
0x000001f416c30000 - 0x000001f416c33000 	C:\Users\mikza\.openjfx\cache\18.0.1+2\api-ms-win-core-interlocked-l1-1-0.dll
0x000001f416c40000 - 0x000001f416c43000 	C:\Users\mikza\.openjfx\cache\18.0.1+2\api-ms-win-core-libraryloader-l1-1-0.dll
0x000001f416c50000 - 0x000001f416c53000 	C:\Users\mikza\.openjfx\cache\18.0.1+2\api-ms-win-core-localization-l1-2-0.dll
0x000001f416c60000 - 0x000001f416c63000 	C:\Users\mikza\.openjfx\cache\18.0.1+2\api-ms-win-core-memory-l1-1-0.dll
0x000001f416c70000 - 0x000001f416c73000 	C:\Users\mikza\.openjfx\cache\18.0.1+2\api-ms-win-core-namedpipe-l1-1-0.dll
0x000001f416c80000 - 0x000001f416c83000 	C:\Users\mikza\.openjfx\cache\18.0.1+2\api-ms-win-core-processenvironment-l1-1-0.dll
0x000001f416c90000 - 0x000001f416c93000 	C:\Users\mikza\.openjfx\cache\18.0.1+2\api-ms-win-core-processthreads-l1-1-0.dll
0x000001f416ca0000 - 0x000001f416ca3000 	C:\Users\mikza\.openjfx\cache\18.0.1+2\api-ms-win-core-processthreads-l1-1-1.dll
0x000001f416cb0000 - 0x000001f416cb3000 	C:\Users\mikza\.openjfx\cache\18.0.1+2\api-ms-win-core-profile-l1-1-0.dll
0x000001f416cc0000 - 0x000001f416cc3000 	C:\Users\mikza\.openjfx\cache\18.0.1+2\api-ms-win-core-rtlsupport-l1-1-0.dll
0x000001f416cd0000 - 0x000001f416cd3000 	C:\Users\mikza\.openjfx\cache\18.0.1+2\api-ms-win-core-string-l1-1-0.dll
0x000001f416ce0000 - 0x000001f416ce3000 	C:\Users\mikza\.openjfx\cache\18.0.1+2\api-ms-win-core-synch-l1-1-0.dll
0x000001f416cf0000 - 0x000001f416cf3000 	C:\Users\mikza\.openjfx\cache\18.0.1+2\api-ms-win-core-synch-l1-2-0.dll
0x000001f416d00000 - 0x000001f416d03000 	C:\Users\mikza\.openjfx\cache\18.0.1+2\api-ms-win-core-sysinfo-l1-1-0.dll
0x000001f416d10000 - 0x000001f416d13000 	C:\Users\mikza\.openjfx\cache\18.0.1+2\api-ms-win-core-timezone-l1-1-0.dll
0x000001f416d20000 - 0x000001f416d23000 	C:\Users\mikza\.openjfx\cache\18.0.1+2\api-ms-win-core-util-l1-1-0.dll
0x000001f416d30000 - 0x000001f416d33000 	C:\Users\mikza\.openjfx\cache\18.0.1+2\api-ms-win-crt-conio-l1-1-0.dll
0x000001f416d40000 - 0x000001f416d44000 	C:\Users\mikza\.openjfx\cache\18.0.1+2\api-ms-win-crt-convert-l1-1-0.dll
0x000001f416d50000 - 0x000001f416d53000 	C:\Users\mikza\.openjfx\cache\18.0.1+2\api-ms-win-crt-environment-l1-1-0.dll
0x000001f416d60000 - 0x000001f416d63000 	C:\Users\mikza\.openjfx\cache\18.0.1+2\api-ms-win-crt-filesystem-l1-1-0.dll
0x000001f416d70000 - 0x000001f416d73000 	C:\Users\mikza\.openjfx\cache\18.0.1+2\api-ms-win-crt-heap-l1-1-0.dll
0x000001f416d80000 - 0x000001f416d83000 	C:\Users\mikza\.openjfx\cache\18.0.1+2\api-ms-win-crt-locale-l1-1-0.dll
0x000001f416d90000 - 0x000001f416d95000 	C:\Users\mikza\.openjfx\cache\18.0.1+2\api-ms-win-crt-math-l1-1-0.dll
0x000001f416da0000 - 0x000001f416da5000 	C:\Users\mikza\.openjfx\cache\18.0.1+2\api-ms-win-crt-multibyte-l1-1-0.dll
0x000001f416db0000 - 0x000001f416dc0000 	C:\Users\mikza\.openjfx\cache\18.0.1+2\api-ms-win-crt-private-l1-1-0.dll
0x000001f416dc0000 - 0x000001f416dc3000 	C:\Users\mikza\.openjfx\cache\18.0.1+2\api-ms-win-crt-process-l1-1-0.dll
0x000001f416dd0000 - 0x000001f416dd4000 	C:\Users\mikza\.openjfx\cache\18.0.1+2\api-ms-win-crt-runtime-l1-1-0.dll
0x000001f416de0000 - 0x000001f416de4000 	C:\Users\mikza\.openjfx\cache\18.0.1+2\api-ms-win-crt-stdio-l1-1-0.dll
0x000001f416df0000 - 0x000001f416df4000 	C:\Users\mikza\.openjfx\cache\18.0.1+2\api-ms-win-crt-string-l1-1-0.dll
0x000001f416e00000 - 0x000001f416e03000 	C:\Users\mikza\.openjfx\cache\18.0.1+2\api-ms-win-crt-time-l1-1-0.dll
0x000001f416e10000 - 0x000001f416e13000 	C:\Users\mikza\.openjfx\cache\18.0.1+2\api-ms-win-crt-utility-l1-1-0.dll
0x00007fff9edc0000 - 0x00007fff9eebc000 	C:\Users\mikza\.openjfx\cache\18.0.1+2\ucrtbase.dll
0x00007fffb2fe0000 - 0x00007fffb2ffa000 	C:\Users\mikza\.openjfx\cache\18.0.1+2\vcruntime140.dll
0x00007fffca2c0000 - 0x00007fffca2cc000 	C:\Users\mikza\.openjfx\cache\18.0.1+2\vcruntime140_1.dll
0x00007fffa3b50000 - 0x00007fffa3bdd000 	C:\Users\mikza\.openjfx\cache\18.0.1+2\msvcp140.dll
0x00007fffac3c0000 - 0x00007fffac3ec000 	C:\Users\mikza\.openjfx\cache\18.0.1+2\prism_d3d.dll
0x00007fffe6dd0000 - 0x00007fffe6f79000 	C:\WINDOWS\system32\d3d9.dll
0x00007ffff27c0000 - 0x00007ffff27eb000 	C:\WINDOWS\SYSTEM32\dwmapi.dll
0x00007ffff2440000 - 0x00007ffff2478000 	C:\WINDOWS\SYSTEM32\dxcore.dll
0x00007ffff2290000 - 0x00007ffff233b000 	C:\WINDOWS\system32\uxtheme.dll
0x00007fff7c3e0000 - 0x00007fff7c54c000 	C:\WINDOWS\System32\DriverStore\FileRepository\iigd_dch.inf_amd64_5802b1615520e41c\igdumdim64.dll
0x00007ffff6b40000 - 0x00007ffff6cde000 	C:\WINDOWS\System32\ole32.dll
0x00007fff39dd0000 - 0x00007fff3d9d6000 	C:\WINDOWS\System32\DriverStore\FileRepository\iigd_dch.inf_amd64_5802b1615520e41c\igd9dxva64.dll
0x00007ffff7580000 - 0x00007ffff79f4000 	C:\WINDOWS\System32\SETUPAPI.dll
0x00007ffff4e00000 - 0x00007ffff4e4e000 	C:\WINDOWS\SYSTEM32\cfgmgr32.dll
0x00007fffe9030000 - 0x00007fffe93f7000 	C:\WINDOWS\System32\DriverStore\FileRepository\iigd_dch.inf_amd64_5802b1615520e41c\igdgmm64.dll
0x00007fffef390000 - 0x00007fffef3da000 	C:\WINDOWS\SYSTEM32\directxdatabasehelper.dll
0x00007fffa9460000 - 0x00007fffa94a2000 	C:\Users\mikza\.openjfx\cache\18.0.1+2\glass.dll
0x00007ffff7060000 - 0x00007ffff7159000 	C:\WINDOWS\System32\COMDLG32.dll
0x00007ffff6ce0000 - 0x00007ffff6e29000 	C:\WINDOWS\System32\MSCTF.dll
0x00007fffa4ec0000 - 0x00007fffa4ee7000 	C:\WINDOWS\System32\DriverStore\FileRepository\iigd_dch.inf_amd64_5802b1615520e41c\igdinfo64.dll
0x00007fffe1d80000 - 0x00007fffe5391000 	C:\WINDOWS\System32\DriverStore\FileRepository\iigd_dch.inf_amd64_5802b1615520e41c\igc64.dll
0x00007fffac3a0000 - 0x00007fffac3b4000 	C:\Users\mikza\.openjfx\cache\18.0.1+2\javafx_font.dll
0x00007ffff0bd0000 - 0x00007ffff0e37000 	C:\WINDOWS\SYSTEM32\dwrite.dll
0x00007ffff6190000 - 0x00007ffff6240000 	C:\WINDOWS\System32\clbcatq.dll
0x00007ffff0a20000 - 0x00007ffff0bd0000 	C:\WINDOWS\SYSTEM32\WindowsCodecs.dll
0x00007fffd8110000 - 0x00007fffd816e000 	C:\WINDOWS\system32\dataexchange.dll
0x00007fffebb10000 - 0x00007fffebd92000 	C:\WINDOWS\system32\twinapi.appcore.dll
0x00007fffb3360000 - 0x00007fffb3392000 	C:\Program Files\Common Files\Microsoft Shared\Ink\rtscom.dll
0x00007fffdb1a0000 - 0x00007fffdb2e4000 	C:\WINDOWS\SYSTEM32\textinputframework.dll
0x00007ffff1cf0000 - 0x00007ffff1e23000 	C:\WINDOWS\SYSTEM32\CoreMessaging.dll
0x00007fffee9f0000 - 0x00007fffeed5c000 	C:\WINDOWS\SYSTEM32\CoreUIComponents.dll
0x00007ffff4980000 - 0x00007ffff498c000 	C:\WINDOWS\SYSTEM32\CRYPTBASE.DLL
0x00007ffff3c80000 - 0x00007ffff3d72000 	C:\WINDOWS\SYSTEM32\DNSAPI.dll
0x00007ffff3c10000 - 0x00007ffff3c3d000 	C:\WINDOWS\SYSTEM32\IPHLPAPI.DLL
0x00007ffff6e40000 - 0x00007ffff6e49000 	C:\WINDOWS\System32\NSI.dll
0x00007fffe5de0000 - 0x00007fffe5dea000 	C:\Windows\System32\rasadhlp.dll
0x00007fffec2c0000 - 0x00007fffec344000 	C:\WINDOWS\System32\fwpuclnt.dll

dbghelp: loaded successfully - version: 4.0.5 - missing functions: none
symbol engine: initialized successfully - sym options: 0x614 - pdb path: .;C:\Users\mikza\.jdks\openjdk-18.0.2.1\bin;C:\WINDOWS\SYSTEM32;C:\WINDOWS\WinSxS\amd64_microsoft.windows.common-controls_6595b64144ccf1df_6.0.22621.2215_none_270d72677387dfc3;C:\Users\mikza\.jdks\openjdk-18.0.2.1\bin\server;C:\Program Files\JetBrains\IntelliJ IDEA Community Edition 2022.2.2\bin;C:\Users\mikza\.openjfx\cache\18.0.1+2;C:\WINDOWS\System32\DriverStore\FileRepository\iigd_dch.inf_amd64_5802b1615520e41c;C:\Program Files\Common Files\Microsoft Shared\Ink

VM Arguments:
jvm_args: -javaagent:C:\Program Files\JetBrains\IntelliJ IDEA Community Edition 2022.2.2\lib\idea_rt.jar=56733:C:\Program Files\JetBrains\IntelliJ IDEA Community Edition 2022.2.2\bin -Dfile.encoding=UTF-8 -Dsun.stdout.encoding=UTF-8 -Dsun.stderr.encoding=UTF-8 --module-path=C:\Users\mikza\.m2\repository\org\openjfx\javafx-graphics\18.0.1\javafx-graphics-18.0.1-win.jar;E:\Учёба\#Основы Программирования\2 семестр\Курсовая\Kursovaya\target\classes;C:\Users\mikza\.m2\repository\mysql\mysql-connector-java\8.0.25\mysql-connector-java-8.0.25.jar;C:\Users\mikza\.m2\repository\org\openjfx\javafx-base\18.0.1\javafx-base-18.0.1-win.jar;C:\Users\mikza\.m2\repository\org\openjfx\javafx-fxml\18.0.1\javafx-fxml-18.0.1-win.jar;C:\Users\mikza\.m2\repository\org\openjfx\javafx-controls\18.0.1\javafx-controls-18.0.1-win.jar -Djdk.module.main=com.example.kursovaya 
java_command: com.example.kursovaya/com.example.kursovaya.main
java_class_path (initial): C:\Users\mikza\.m2\repository\com\google\protobuf\protobuf-java\3.11.4\protobuf-java-3.11.4.jar;C:\Users\mikza\.m2\repository\org\openjfx\javafx-controls\18.0.1\javafx-controls-18.0.1.jar;C:\Users\mikza\.m2\repository\org\openjfx\javafx-graphics\18.0.1\javafx-graphics-18.0.1.jar;C:\Users\mikza\.m2\repository\org\openjfx\javafx-base\18.0.1\javafx-base-18.0.1.jar;C:\Users\mikza\.m2\repository\org\openjfx\javafx-fxml\18.0.1\javafx-fxml-18.0.1.jar
Launcher Type: SUN_STANDARD

[Global flags]
     intx CICompilerCount                          = 4                                         {product} {ergonomic}
     uint ConcGCThreads                            = 3                                         {product} {ergonomic}
     uint G1ConcRefinementThreads                  = 10                                        {product} {ergonomic}
   size_t G1HeapRegionSize                         = 4194304                                   {product} {ergonomic}
    uintx GCDrainStackTargetSize                   = 64                                        {product} {ergonomic}
   size_t InitialHeapSize                          = 536870912                                 {product} {ergonomic}
   size_t MarkStackSize                            = 4194304                                   {product} {ergonomic}
   size_t MaxHeapSize                              = 8535408640                                {product} {ergonomic}
   size_t MaxNewSize                               = 5121245184                                {product} {ergonomic}
   size_t MinHeapDeltaBytes                        = 4194304                                   {product} {ergonomic}
   size_t MinHeapSize                              = 8388608                                   {product} {ergonomic}
    uintx NonNMethodCodeHeapSize                   = 5839372                                {pd product} {ergonomic}
    uintx NonProfiledCodeHeapSize                  = 122909434                              {pd product} {ergonomic}
    uintx ProfiledCodeHeapSize                     = 122909434                              {pd product} {ergonomic}
    uintx ReservedCodeCacheSize                    = 251658240                              {pd product} {ergonomic}
     bool SegmentedCodeCache                       = true                                      {product} {ergonomic}
   size_t SoftMaxHeapSize                          = 8535408640                             {manageable} {ergonomic}
     bool UseCompressedClassPointers               = true                           {product lp64_product} {ergonomic}
     bool UseCompressedOops                        = true                           {product lp64_product} {ergonomic}
     bool UseG1GC                                  = true                                      {product} {ergonomic}
     bool UseLargePagesIndividualAllocation        = false                                  {pd product} {ergonomic}

Logging:
Log output configuration:
 #0: stdout all=off uptime,level,tags foldmultilines=false
 #1: stderr all=off uptime,level,tags foldmultilines=false

Environment Variables:
PATH=C:\Program Files\Common Files\Oracle\Java\javapath;C:\Program Files (x86)\Common Files\Oracle\Java\javapath;C:\Windows\system32;C:\Windows;C:\Windows\System32\Wbem;C:\Windows\System32\WindowsPowerShell\v1.0\;C:\Windows\System32\OpenSSH\;C:\Program Files (x86)\NVIDIA Corporation\PhysX\Common;C:\Program Files\NVIDIA Corporation\NVIDIA NvDLISR;C:\WINDOWS\system32;C:\WINDOWS;C:\WINDOWS\System32\Wbem;C:\WINDOWS\System32\WindowsPowerShell\v1.0\;C:\WINDOWS\System32\OpenSSH\;C:\Program Files (x86)\dotnet\;C:\Program Files\Docker\Docker\resources\bin;C:\Program Files\Git\cmd;C:\Users\mikza\AppData\Local\Programs\Python\Python310\Scripts\;C:\Users\mikza\AppData\Local\Programs\Python\Python310\;C:\Users\mikza\AppData\Local\Microsoft\WindowsApps;C:\Program Files\JetBrains\PyCharm Community Edition 2022.2.1\bin;;C:\Program Files\JetBrains\IntelliJ IDEA Community Edition 2022.2.2\bin;;C:\Users\mikza\AppData\Local\Programs\Microsoft VS Code\bin;C:\Users\mikza\AppData\Local\GitHubDesktop\bin
USERNAME=mikza
OS=Windows_NT
PROCESSOR_IDENTIFIER=Intel64 Family 6 Model 141 Stepping 1, GenuineIntel



---------------  S Y S T E M  ---------------

OS:
 Windows 11 , 64 bit Build 22621 (10.0.22621.2215)
OS uptime: 4 days 20:08 hours
Hyper-V role detected

CPU: total 12 (initial active 12) (6 cores per cpu, 2 threads per core) family 6 model 141 stepping 1 microcode 0x3c, cx8, cmov, fxsr, ht, mmx, 3dnowpref, sse, sse2, sse3, ssse3, sse4.1, sse4.2, popcnt, lzcnt, tsc, tscinvbit, avx, avx2, aes, erms, clmul, bmi1, bmi2, adx, avx512f, avx512dq, avx512cd, avx512bw, avx512vl, sha, fma, vzeroupper, avx512_vpopcntdq, avx512_vpclmulqdq, avx512_vaes, avx512_vnni, clflush, clflushopt, clwb, avx512_vbmi2, avx512_vbmi, hv

Memory: 4k page, system-wide physical 32547M (16305M free)
TotalPageFile size 37411M (AvailPageFile size 13480M)
current process WorkingSet (physical memory assigned to process): 179M, peak: 189M
current process commit charge ("private bytes"): 691M, peak: 702M

vm_info: OpenJDK 64-Bit Server VM (18.0.2.1+1-1) for windows-amd64 JRE (18.0.2.1+1-1), built on Aug 16 2022 01:44:29 by "mach5one" with MS VC++ 16.8 / 16.9 (VS2019)

END.
